#
# A fatal error has been detected by the Java Runtime Environment:
#
#  EXCEPTION_ACCESS_VIOLATION (0xc0000005) at pc=0x00007ffa49f3a762, pid=525352, tid=151820
#
# JRE version: Java(TM) SE Runtime Environment (17.0.2+8) (build 17.0.2+8-LTS-86)
# Java VM: Java HotSpot(TM) 64-Bit Server VM (17.0.2+8-LTS-86, mixed mode, sharing, tiered, compressed oops, compressed class ptrs, g1 gc, windows-amd64)
# Problematic frame:
# V  [jvm.dll+0x57a762]
#
# No core dump will be written. Minidumps are not enabled by default on client versions of Windows
#
# If you would like to submit a bug report, please visit:
#   https://bugreport.java.com/bugreport/crash.jsp
#

---------------  S U M M A R Y ------------

Command Line: -Dfile.encoding=Cp1255 -XX:+ShowCodeDetailsInExceptionMessages graphics.ZooFrame

Host: Intel(R) Core(TM) i7-1065G7 CPU @ 1.30GHz, 8 cores, 15G,  Windows 11 , 64 bit Build 22000 (10.0.22000.675)
Time: Sun May 22 10:54:14 2022  Windows 11 , 64 bit Build 22000 (10.0.22000.675) elapsed time: 13.746904 seconds (0d 0h 0m 13s)

---------------  T H R E A D  ---------------

Current thread (0x000002628a8e5120):  JavaThread "C2 CompilerThread0" daemon [_thread_in_native, id=151820, stack(0x0000008ea9700000,0x0000008ea9800000)]


Current CompileTask:
C2:  13746 1424  s    4       graphics.ZooPanel::manageZoo (296 bytes)

Stack: [0x0000008ea9700000,0x0000008ea9800000],  sp=0x0000008ea97fa400,  free space=1001k
Native frames: (J=compiled Java code, j=interpreted, Vv=VM code, C=native code)
V  [jvm.dll+0x57a762]
V  [jvm.dll+0x57a484]
V  [jvm.dll+0x5796f8]
V  [jvm.dll+0x21de3d]
V  [jvm.dll+0x21e21f]
V  [jvm.dll+0x217ae5]
V  [jvm.dll+0x214fab]
V  [jvm.dll+0x1a1bbd]
V  [jvm.dll+0x224908]
V  [jvm.dll+0x222a6c]
V  [jvm.dll+0x7859bb]
V  [jvm.dll+0x77ff7a]
V  [jvm.dll+0x66fa35]
C  [ucrtbase.dll+0x26c0c]
C  [KERNEL32.DLL+0x154e0]
C  [ntdll.dll+0x485b]


siginfo: EXCEPTION_ACCESS_VIOLATION (0xc0000005), reading address 0x0000000000000008


Register to memory mapping:

RIP=0x00007ffa49f3a762 jvm.dll
RAX=0x000002628c3d08e0 points into unknown readable memory: 0x0000000000000000 | 00 00 00 00 00 00 00 00
RBX=0x0 is NULL
RCX=0x0 is NULL
RDX=0x0000000000001000 is an unknown value
RSP=0x0000008ea97fa400 is pointing into the stack for thread: 0x000002628a8e5120
RBP=0x000002628b688550 points into unknown readable memory: 0x0000000000000000 | 00 00 00 00 00 00 00 00
RSI=0x000002628c493e60 points into unknown readable memory: 0x00007ffa4a273058 | 58 30 27 4a fa 7f 00 00
RDI=0x0000008ea97fa820 is pointing into the stack for thread: 0x000002628a8e5120
R8 =0x000002628c3d08e0 points into unknown readable memory: 0x0000000000000000 | 00 00 00 00 00 00 00 00
R9 =0x0 is NULL
R10=0xfefefefefefefeff is an unknown value
R11=0x8080808080808080 is an unknown value
R12=0x0000008ea97fa4f0 is pointing into the stack for thread: 0x000002628a8e5120
R13=0x0000008ea97fa4d0 is pointing into the stack for thread: 0x000002628a8e5120
R14=0x000002628cc61080 points into unknown readable memory: 0x00007ffa4a26eb10 | 10 eb 26 4a fa 7f 00 00
R15=0x000002628cc60748 points into unknown readable memory: 0x00007ffa4a273128 | 28 31 27 4a fa 7f 00 00


Registers:
RAX=0x000002628c3d08e0, RBX=0x0000000000000000, RCX=0x0000000000000000, RDX=0x0000000000001000
RSP=0x0000008ea97fa400, RBP=0x000002628b688550, RSI=0x000002628c493e60, RDI=0x0000008ea97fa820
R8 =0x000002628c3d08e0, R9 =0x0000000000000000, R10=0xfefefefefefefeff, R11=0x8080808080808080
R12=0x0000008ea97fa4f0, R13=0x0000008ea97fa4d0, R14=0x000002628cc61080, R15=0x000002628cc60748
RIP=0x00007ffa49f3a762, EFLAGS=0x0000000000010206

Top of Stack: (sp=0x0000008ea97fa400)
0x0000008ea97fa400:   00000000000001e1 0000008ea97fa820
0x0000008ea97fa410:   0000000000000001 000002628c493438
0x0000008ea97fa420:   0000000000000001 0000008ea97fa510
0x0000008ea97fa430:   000002628cadb630 00007ffa49f3a484
0x0000008ea97fa440:   0000000000000002 00000000000001e1
0x0000008ea97fa450:   000002628cc61080 0000026200000001
0x0000008ea97fa460:   0000000000000000 000002628a7571e8
0x0000008ea97fa470:   000002628b4a9af8 0000008ea97fa5a0
0x0000008ea97fa480:   0000000000038200 00000262e7bab0d0
0x0000008ea97fa490:   0000000000000001 00007ffa49f396f8
0x0000008ea97fa4a0:   0000008ea97fa820 0000008ea97fa820
0x0000008ea97fa4b0:   0000026200000001 0000008ea97fa510
0x0000008ea97fa4c0:   0000000000000001 000002628c545f60
0x0000008ea97fa4d0:   000002628a8b4de0 0000000000000200
0x0000008ea97fa4e0:   000002628cb66b90 00000000000001e2
0x0000008ea97fa4f0:   0000000000000080 000002628c951b30 

Instructions: (pc=0x00007ffa49f3a762)
0x00007ffa49f3a662:   8b 5e 28 3b 5f 28 72 0b 8b d3 48 8d 4f 20 e8 9b
0x00007ffa49f3a672:   4c 0d 00 48 8b 47 30 48 c7 04 d8 00 00 00 00 48
0x00007ffa49f3a682:   83 c4 20 41 5e 5f 5b c3 49 8b d6 4c 89 7c 24 50
0x00007ffa49f3a692:   48 8b cf e8 36 d0 fe ff 45 33 c9 4c 8b c0 49 8b
0x00007ffa49f3a6a2:   d6 48 8b cf 4c 8b f8 e8 92 12 00 00 41 8b 4e 2c
0x00007ffa49f3a6b2:   48 8b d8 83 e1 3f 80 f9 30 75 19 49 3b c7 74 14
0x00007ffa49f3a6c2:   4c 8b c8 4d 8b c7 49 8b d6 48 8b cf e8 7d 3a 00
0x00007ffa49f3a6d2:   00 48 8b d8 48 89 74 24 48 48 85 db 75 55 41 8b
0x00007ffa49f3a6e2:   5e 28 3b 5f 28 72 0b 8b d3 48 8d 4f 20 e8 1c 4c
0x00007ffa49f3a6f2:   0d 00 48 8b 47 30 48 c7 04 d8 00 00 00 00 8b 9f
0x00007ffa49f3a702:   d0 09 00 00 8d 43 01 89 87 d0 09 00 00 3b 9f c0
0x00007ffa49f3a712:   09 00 00 72 0e 8b d3 48 8d 8f b8 09 00 00 e8 eb
0x00007ffa49f3a722:   4b 0d 00 48 8b 87 c8 09 00 00 4c 89 34 d8 e9 38
0x00007ffa49f3a732:   02 00 00 48 89 6c 24 40 48 8b f3 4c 3b fb 0f 84
0x00007ffa49f3a742:   7d 01 00 00 8b 57 28 0f 1f 80 00 00 00 00 8b 4b
0x00007ffa49f3a752:   28 48 8b 87 f8 09 00 00 48 8b 1c c8 4c 8d 04 c8
0x00007ffa49f3a762:   48 8b 43 08 48 83 38 00 75 27 0f 1f 40 00 8b 43
0x00007ffa49f3a772:   28 3b c2 73 0c 8b c8 48 8b 47 30 48 8b 1c c8 eb
0x00007ffa49f3a782:   02 33 db 48 83 e3 fe 48 8b 43 08 48 83 38 00 74
0x00007ffa49f3a792:   dd 49 89 18 8b 43 28 8b 57 28 3b c2 73 0f 8b c8
0x00007ffa49f3a7a2:   48 8b 47 30 48 8b 2c c8 48 85 ed 75 07 48 8b af
0x00007ffa49f3a7b2:   90 09 00 00 48 85 f6 75 27 4c 8d 0d 1e f5 36 00
0x00007ffa49f3a7c2:   ba a9 03 00 00 4c 8d 05 22 f5 36 00 48 8d 0d 03
0x00007ffa49f3a7d2:   00 36 00 e8 d6 82 cc ff e8 41 5f 0f 00 8b 57 28
0x00007ffa49f3a7e2:   8b 46 28 3b c2 73 0f 8b c8 48 8b 47 30 4c 8b 04
0x00007ffa49f3a7f2:   c8 4d 85 c0 75 07 4c 8b 87 90 09 00 00 41 0f b7
0x00007ffa49f3a802:   40 58 48 8b cb 66 39 45 58 48 0f 43 ce 48 8b f1
0x00007ffa49f3a812:   4c 3b fb 0f 85 35 ff ff ff 49 3b cf 0f 84 9f 00
0x00007ffa49f3a822:   00 00 e8 57 63 0d 00 48 85 c0 0f 84 91 00 00 00
0x00007ffa49f3a832:   8b 48 2c 83 e1 7f 80 f9 60 0f 85 82 00 00 00 48
0x00007ffa49f3a842:   8b 40 08 48 3b 70 08 75 78 8b 46 2c 24 0f 3c 08
0x00007ffa49f3a852:   75 6f 33 d2 48 8b ce e8 f2 4c 0c 00 48 85 c0 74 


Stack slot to memory mapping:
stack at sp + 0 slots: 0x00000000000001e1 is an unknown value
stack at sp + 1 slots: 0x0000008ea97fa820 is pointing into the stack for thread: 0x000002628a8e5120
stack at sp + 2 slots: 0x0000000000000001 is an unknown value
stack at sp + 3 slots: 0x000002628c493438 points into unknown readable memory: 0x00007ffa4a273058 | 58 30 27 4a fa 7f 00 00
stack at sp + 4 slots: 0x0000000000000001 is an unknown value
stack at sp + 5 slots: 0x0000008ea97fa510 is pointing into the stack for thread: 0x000002628a8e5120
stack at sp + 6 slots: 0x000002628cadb630 points into unknown readable memory: 0x00007ffa4a272eb0 | b0 2e 27 4a fa 7f 00 00
stack at sp + 7 slots: 0x00007ffa49f3a484 jvm.dll


---------------  P R O C E S S  ---------------

Threads class SMR info:
_java_thread_list=0x000002628cb392c0, length=19, elements={
0x000002628a89cfb0, 0x000002628a89dd70, 0x000002628a8b0d20, 0x000002628a8b16d0,
0x000002628a8b50a0, 0x000002628a8c0e80, 0x000002628a8e5120, 0x000002628a8e6ef0,
0x000002628b408070, 0x000002628b52f6b0, 0x000002628b530050, 0x000002628b52e840,
0x000002628b5309f0, 0x000002628b531860, 0x000002628b530ec0, 0x000002628b531390,
0x000002628b531d30, 0x000002628c7d8df0, 0x000002628c7d4a90
}

Java Threads: ( => current thread )
  0x000002628a89cfb0 JavaThread "Reference Handler" daemon [_thread_blocked, id=492080, stack(0x0000008ea9100000,0x0000008ea9200000)]
  0x000002628a89dd70 JavaThread "Finalizer" daemon [_thread_blocked, id=436700, stack(0x0000008ea9200000,0x0000008ea9300000)]
  0x000002628a8b0d20 JavaThread "Signal Dispatcher" daemon [_thread_blocked, id=533556, stack(0x0000008ea9300000,0x0000008ea9400000)]
  0x000002628a8b16d0 JavaThread "Attach Listener" daemon [_thread_blocked, id=85072, stack(0x0000008ea9400000,0x0000008ea9500000)]
  0x000002628a8b50a0 JavaThread "Service Thread" daemon [_thread_blocked, id=471468, stack(0x0000008ea9500000,0x0000008ea9600000)]
  0x000002628a8c0e80 JavaThread "Monitor Deflation Thread" daemon [_thread_blocked, id=516444, stack(0x0000008ea9600000,0x0000008ea9700000)]
=>0x000002628a8e5120 JavaThread "C2 CompilerThread0" daemon [_thread_in_native, id=151820, stack(0x0000008ea9700000,0x0000008ea9800000)]
  0x000002628a8e6ef0 JavaThread "C1 CompilerThread0" daemon [_thread_blocked, id=88444, stack(0x0000008ea9800000,0x0000008ea9900000)]
  0x000002628b408070 JavaThread "Sweeper thread" daemon [_thread_blocked, id=496024, stack(0x0000008ea9900000,0x0000008ea9a00000)]
  0x000002628b52f6b0 JavaThread "Notification Thread" daemon [_thread_blocked, id=99008, stack(0x0000008ea9a00000,0x0000008ea9b00000)]
  0x000002628b530050 JavaThread "Common-Cleaner" daemon [_thread_blocked, id=328944, stack(0x0000008ea9c00000,0x0000008ea9d00000)]
  0x000002628b52e840 JavaThread "Java2D Disposer" daemon [_thread_blocked, id=384392, stack(0x0000008ea9d00000,0x0000008ea9e00000)]
  0x000002628b5309f0 JavaThread "AWT-Shutdown" [_thread_blocked, id=496872, stack(0x0000008ea9e00000,0x0000008ea9f00000)]
  0x000002628b531860 JavaThread "AWT-Windows" daemon [_thread_in_native, id=476912, stack(0x0000008ea9f00000,0x0000008eaa000000)]
  0x000002628b530ec0 JavaThread "Thread-0" [_thread_in_native, id=222424, stack(0x0000008eaa000000,0x0000008eaa100000)]
  0x000002628b531390 JavaThread "AWT-EventQueue-0" [_thread_blocked, id=435132, stack(0x0000008eaa300000,0x0000008eaa400000)]
  0x000002628b531d30 JavaThread "DestroyJavaVM" [_thread_blocked, id=258448, stack(0x0000008ea8a00000,0x0000008ea8b00000)]
  0x000002628c7d8df0 JavaThread "TimerQueue" daemon [_thread_blocked, id=334744, stack(0x0000008eaad00000,0x0000008eaae00000)]
  0x000002628c7d4a90 JavaThread "Thread-1" [_thread_blocked, id=192524, stack(0x0000008eaa100000,0x0000008eaa200000)]

Other Threads:
  0x000002628a899620 VMThread "VM Thread" [stack: 0x0000008ea9000000,0x0000008ea9100000] [id=232340]
  0x000002628b542c60 WatcherThread [stack: 0x0000008ea9b00000,0x0000008ea9c00000] [id=415640]
  0x00000262e7bf5610 GCTaskThread "GC Thread#0" [stack: 0x0000008ea8b00000,0x0000008ea8c00000] [id=166920]
  0x000002628c225bb0 GCTaskThread "GC Thread#1" [stack: 0x0000008eaa400000,0x0000008eaa500000] [id=121632]
  0x000002628c225e60 GCTaskThread "GC Thread#2" [stack: 0x0000008eaa500000,0x0000008eaa600000] [id=455092]
  0x000002628c339640 GCTaskThread "GC Thread#3" [stack: 0x0000008eaa600000,0x0000008eaa700000] [id=265664]
  0x000002628c3398f0 GCTaskThread "GC Thread#4" [stack: 0x0000008eaa700000,0x0000008eaa800000] [id=533464]
  0x000002628c339ba0 GCTaskThread "GC Thread#5" [stack: 0x0000008eaa800000,0x0000008eaa900000] [id=343520]
  0x000002628caf13e0 GCTaskThread "GC Thread#6" [stack: 0x0000008eaa900000,0x0000008eaaa00000] [id=522576]
  0x000002628caf1690 GCTaskThread "GC Thread#7" [stack: 0x0000008eaaa00000,0x0000008eaab00000] [id=253824]
  0x00000262e7c061b0 ConcurrentGCThread "G1 Main Marker" [stack: 0x0000008ea8c00000,0x0000008ea8d00000] [id=25832]
  0x00000262e7c08270 ConcurrentGCThread "G1 Conc#0" [stack: 0x0000008ea8d00000,0x0000008ea8e00000] [id=103092]
  0x00000262e7c7e270 ConcurrentGCThread "G1 Refine#0" [stack: 0x0000008ea8e00000,0x0000008ea8f00000] [id=487192]
  0x00000262e7c7eb90 ConcurrentGCThread "G1 Service" [stack: 0x0000008ea8f00000,0x0000008ea9000000] [id=83156]

Threads with active compile tasks:
C2 CompilerThread0    13842 1424  s    4       graphics.ZooPanel::manageZoo (296 bytes)

VM state: not at safepoint (normal execution)

VM Mutex/Monitor currently owned by a thread: None

Heap address: 0x0000000703600000, size: 4042 MB, Compressed Oops mode: Zero based, Oop shift amount: 3

CDS archive(s) mapped at: [0x0000000800000000-0x0000000800bc0000-0x0000000800bc0000), size 12320768, SharedBaseAddress: 0x0000000800000000, ArchiveRelocationMode: 0.
Compressed class space mapped at: 0x0000000800c00000-0x0000000840c00000, reserved size: 1073741824
Narrow klass base: 0x0000000800000000, Narrow klass shift: 0, Narrow klass range: 0x100000000

GC Precious Log:
 CPUs: 8 total, 8 available
 Memory: 16161M
 Large Page Support: Disabled
 NUMA Support: Disabled
 Compressed Oops: Enabled (Zero based)
 Heap Region Size: 2M
 Heap Min Capacity: 8M
 Heap Initial Capacity: 254M
 Heap Max Capacity: 4042M
 Pre-touch: Disabled
 Parallel Workers: 8
 Concurrent Workers: 2
 Concurrent Refinement Workers: 8
 Periodic GC: Disabled

Heap:
 garbage-first heap   total 260096K, used 61483K [0x0000000703600000, 0x0000000800000000)
  region size 2048K, 26 young (53248K), 2 survivors (4096K)
 Metaspace       used 10498K, committed 10688K, reserved 1064960K
  class space    used 1224K, committed 1344K, reserved 1048576K

Heap Regions: E=young(eden), S=young(survivor), O=old, HS=humongous(starts), HC=humongous(continues), CS=collection set, F=free, OA=open archive, CA=closed archive, TAMS=top-at-mark-start (previous, next)
|   0|0x0000000703600000, 0x0000000703800000, 0x0000000703800000|100%|HS|  |TAMS 0x0000000703600000, 0x0000000703600000| Complete 
|   1|0x0000000703800000, 0x0000000703a00000, 0x0000000703a00000|100%|HC|  |TAMS 0x0000000703800000, 0x0000000703800000| Complete 
|   2|0x0000000703a00000, 0x0000000703c00000, 0x0000000703c00000|100%|HC|  |TAMS 0x0000000703a00000, 0x0000000703a00000| Complete 
|   3|0x0000000703c00000, 0x0000000703e00000, 0x0000000703e00000|100%|HS|  |TAMS 0x0000000703c00000, 0x0000000703c00000| Complete 
|   4|0x0000000703e00000, 0x0000000704000000, 0x0000000704000000|100%|HC|  |TAMS 0x0000000703e00000, 0x0000000703e00000| Complete 
|   5|0x0000000704000000, 0x0000000704200000, 0x0000000704200000|100%|HC|  |TAMS 0x0000000704000000, 0x0000000704000000| Complete 
|   6|0x0000000704200000, 0x0000000704200000, 0x0000000704400000|  0%| F|  |TAMS 0x0000000704200000, 0x0000000704200000| Untracked 
|   7|0x0000000704400000, 0x0000000704400000, 0x0000000704600000|  0%| F|  |TAMS 0x0000000704400000, 0x0000000704400000| Untracked 
|   8|0x0000000704600000, 0x0000000704600000, 0x0000000704800000|  0%| F|  |TAMS 0x0000000704600000, 0x0000000704600000| Untracked 
|   9|0x0000000704800000, 0x0000000704800000, 0x0000000704a00000|  0%| F|  |TAMS 0x0000000704800000, 0x0000000704800000| Untracked 
|  10|0x0000000704a00000, 0x0000000704a00000, 0x0000000704c00000|  0%| F|  |TAMS 0x0000000704a00000, 0x0000000704a00000| Untracked 
|  11|0x0000000704c00000, 0x0000000704c00000, 0x0000000704e00000|  0%| F|  |TAMS 0x0000000704c00000, 0x0000000704c00000| Untracked 
|  12|0x0000000704e00000, 0x0000000704e00000, 0x0000000705000000|  0%| F|  |TAMS 0x0000000704e00000, 0x0000000704e00000| Untracked 
|  13|0x0000000705000000, 0x0000000705000000, 0x0000000705200000|  0%| F|  |TAMS 0x0000000705000000, 0x0000000705000000| Untracked 
|  14|0x0000000705200000, 0x0000000705200000, 0x0000000705400000|  0%| F|  |TAMS 0x0000000705200000, 0x0000000705200000| Untracked 
|  15|0x0000000705400000, 0x0000000705400000, 0x0000000705600000|  0%| F|  |TAMS 0x0000000705400000, 0x0000000705400000| Untracked 
|  16|0x0000000705600000, 0x0000000705600000, 0x0000000705800000|  0%| F|  |TAMS 0x0000000705600000, 0x0000000705600000| Untracked 
|  17|0x0000000705800000, 0x0000000705800000, 0x0000000705a00000|  0%| F|  |TAMS 0x0000000705800000, 0x0000000705800000| Untracked 
|  18|0x0000000705a00000, 0x0000000705a00000, 0x0000000705c00000|  0%| F|  |TAMS 0x0000000705a00000, 0x0000000705a00000| Untracked 
|  19|0x0000000705c00000, 0x0000000705c00000, 0x0000000705e00000|  0%| F|  |TAMS 0x0000000705c00000, 0x0000000705c00000| Untracked 
|  20|0x0000000705e00000, 0x0000000705e00000, 0x0000000706000000|  0%| F|  |TAMS 0x0000000705e00000, 0x0000000705e00000| Untracked 
|  21|0x0000000706000000, 0x0000000706000000, 0x0000000706200000|  0%| F|  |TAMS 0x0000000706000000, 0x0000000706000000| Untracked 
|  22|0x0000000706200000, 0x0000000706200000, 0x0000000706400000|  0%| F|  |TAMS 0x0000000706200000, 0x0000000706200000| Untracked 
|  23|0x0000000706400000, 0x0000000706400000, 0x0000000706600000|  0%| F|  |TAMS 0x0000000706400000, 0x0000000706400000| Untracked 
|  24|0x0000000706600000, 0x0000000706600000, 0x0000000706800000|  0%| F|  |TAMS 0x0000000706600000, 0x0000000706600000| Untracked 
|  25|0x0000000706800000, 0x0000000706800000, 0x0000000706a00000|  0%| F|  |TAMS 0x0000000706800000, 0x0000000706800000| Untracked 
|  26|0x0000000706a00000, 0x0000000706a00000, 0x0000000706c00000|  0%| F|  |TAMS 0x0000000706a00000, 0x0000000706a00000| Untracked 
|  27|0x0000000706c00000, 0x0000000706c00000, 0x0000000706e00000|  0%| F|  |TAMS 0x0000000706c00000, 0x0000000706c00000| Untracked 
|  28|0x0000000706e00000, 0x0000000706e00000, 0x0000000707000000|  0%| F|  |TAMS 0x0000000706e00000, 0x0000000706e00000| Untracked 
|  29|0x0000000707000000, 0x0000000707000000, 0x0000000707200000|  0%| F|  |TAMS 0x0000000707000000, 0x0000000707000000| Untracked 
|  30|0x0000000707200000, 0x0000000707200000, 0x0000000707400000|  0%| F|  |TAMS 0x0000000707200000, 0x0000000707200000| Untracked 
|  31|0x0000000707400000, 0x0000000707400000, 0x0000000707600000|  0%| F|  |TAMS 0x0000000707400000, 0x0000000707400000| Untracked 
|  32|0x0000000707600000, 0x0000000707600000, 0x0000000707800000|  0%| F|  |TAMS 0x0000000707600000, 0x0000000707600000| Untracked 
|  33|0x0000000707800000, 0x0000000707800000, 0x0000000707a00000|  0%| F|  |TAMS 0x0000000707800000, 0x0000000707800000| Untracked 
|  34|0x0000000707a00000, 0x0000000707a00000, 0x0000000707c00000|  0%| F|  |TAMS 0x0000000707a00000, 0x0000000707a00000| Untracked 
|  35|0x0000000707c00000, 0x0000000707c00000, 0x0000000707e00000|  0%| F|  |TAMS 0x0000000707c00000, 0x0000000707c00000| Untracked 
|  36|0x0000000707e00000, 0x0000000707e00000, 0x0000000708000000|  0%| F|  |TAMS 0x0000000707e00000, 0x0000000707e00000| Untracked 
|  37|0x0000000708000000, 0x0000000708000000, 0x0000000708200000|  0%| F|  |TAMS 0x0000000708000000, 0x0000000708000000| Untracked 
|  38|0x0000000708200000, 0x0000000708200000, 0x0000000708400000|  0%| F|  |TAMS 0x0000000708200000, 0x0000000708200000| Untracked 
|  39|0x0000000708400000, 0x0000000708400000, 0x0000000708600000|  0%| F|  |TAMS 0x0000000708400000, 0x0000000708400000| Untracked 
|  40|0x0000000708600000, 0x0000000708600000, 0x0000000708800000|  0%| F|  |TAMS 0x0000000708600000, 0x0000000708600000| Untracked 
|  41|0x0000000708800000, 0x0000000708800000, 0x0000000708a00000|  0%| F|  |TAMS 0x0000000708800000, 0x0000000708800000| Untracked 
|  42|0x0000000708a00000, 0x0000000708a00000, 0x0000000708c00000|  0%| F|  |TAMS 0x0000000708a00000, 0x0000000708a00000| Untracked 
|  43|0x0000000708c00000, 0x0000000708c00000, 0x0000000708e00000|  0%| F|  |TAMS 0x0000000708c00000, 0x0000000708c00000| Untracked 
|  44|0x0000000708e00000, 0x0000000708e00000, 0x0000000709000000|  0%| F|  |TAMS 0x0000000708e00000, 0x0000000708e00000| Untracked 
|  45|0x0000000709000000, 0x0000000709000000, 0x0000000709200000|  0%| F|  |TAMS 0x0000000709000000, 0x0000000709000000| Untracked 
|  46|0x0000000709200000, 0x0000000709200000, 0x0000000709400000|  0%| F|  |TAMS 0x0000000709200000, 0x0000000709200000| Untracked 
|  47|0x0000000709400000, 0x0000000709400000, 0x0000000709600000|  0%| F|  |TAMS 0x0000000709400000, 0x0000000709400000| Untracked 
|  48|0x0000000709600000, 0x0000000709600000, 0x0000000709800000|  0%| F|  |TAMS 0x0000000709600000, 0x0000000709600000| Untracked 
|  49|0x0000000709800000, 0x0000000709800000, 0x0000000709a00000|  0%| F|  |TAMS 0x0000000709800000, 0x0000000709800000| Untracked 
|  50|0x0000000709a00000, 0x0000000709a00000, 0x0000000709c00000|  0%| F|  |TAMS 0x0000000709a00000, 0x0000000709a00000| Untracked 
|  51|0x0000000709c00000, 0x0000000709c00000, 0x0000000709e00000|  0%| F|  |TAMS 0x0000000709c00000, 0x0000000709c00000| Untracked 
|  52|0x0000000709e00000, 0x0000000709e00000, 0x000000070a000000|  0%| F|  |TAMS 0x0000000709e00000, 0x0000000709e00000| Untracked 
|  53|0x000000070a000000, 0x000000070a000000, 0x000000070a200000|  0%| F|  |TAMS 0x000000070a000000, 0x000000070a000000| Untracked 
|  54|0x000000070a200000, 0x000000070a200000, 0x000000070a400000|  0%| F|  |TAMS 0x000000070a200000, 0x000000070a200000| Untracked 
|  55|0x000000070a400000, 0x000000070a400000, 0x000000070a600000|  0%| F|  |TAMS 0x000000070a400000, 0x000000070a400000| Untracked 
|  56|0x000000070a600000, 0x000000070a600000, 0x000000070a800000|  0%| F|  |TAMS 0x000000070a600000, 0x000000070a600000| Untracked 
|  57|0x000000070a800000, 0x000000070a800000, 0x000000070aa00000|  0%| F|  |TAMS 0x000000070a800000, 0x000000070a800000| Untracked 
|  58|0x000000070aa00000, 0x000000070aa00000, 0x000000070ac00000|  0%| F|  |TAMS 0x000000070aa00000, 0x000000070aa00000| Untracked 
|  59|0x000000070ac00000, 0x000000070ac00000, 0x000000070ae00000|  0%| F|  |TAMS 0x000000070ac00000, 0x000000070ac00000| Untracked 
|  60|0x000000070ae00000, 0x000000070ae00000, 0x000000070b000000|  0%| F|  |TAMS 0x000000070ae00000, 0x000000070ae00000| Untracked 
|  61|0x000000070b000000, 0x000000070b000000, 0x000000070b200000|  0%| F|  |TAMS 0x000000070b000000, 0x000000070b000000| Untracked 
|  62|0x000000070b200000, 0x000000070b200000, 0x000000070b400000|  0%| F|  |TAMS 0x000000070b200000, 0x000000070b200000| Untracked 
|  63|0x000000070b400000, 0x000000070b400000, 0x000000070b600000|  0%| F|  |TAMS 0x000000070b400000, 0x000000070b400000| Untracked 
|  64|0x000000070b600000, 0x000000070b600000, 0x000000070b800000|  0%| F|  |TAMS 0x000000070b600000, 0x000000070b600000| Untracked 
|  65|0x000000070b800000, 0x000000070b800000, 0x000000070ba00000|  0%| F|  |TAMS 0x000000070b800000, 0x000000070b800000| Untracked 
|  66|0x000000070ba00000, 0x000000070ba00000, 0x000000070bc00000|  0%| F|  |TAMS 0x000000070ba00000, 0x000000070ba00000| Untracked 
|  67|0x000000070bc00000, 0x000000070bc00000, 0x000000070be00000|  0%| F|  |TAMS 0x000000070bc00000, 0x000000070bc00000| Untracked 
|  68|0x000000070be00000, 0x000000070be00000, 0x000000070c000000|  0%| F|  |TAMS 0x000000070be00000, 0x000000070be00000| Untracked 
|  69|0x000000070c000000, 0x000000070c000000, 0x000000070c200000|  0%| F|  |TAMS 0x000000070c000000, 0x000000070c000000| Untracked 
|  70|0x000000070c200000, 0x000000070c200000, 0x000000070c400000|  0%| F|  |TAMS 0x000000070c200000, 0x000000070c200000| Untracked 
|  71|0x000000070c400000, 0x000000070c400000, 0x000000070c600000|  0%| F|  |TAMS 0x000000070c400000, 0x000000070c400000| Untracked 
|  72|0x000000070c600000, 0x000000070c600000, 0x000000070c800000|  0%| F|  |TAMS 0x000000070c600000, 0x000000070c600000| Untracked 
|  73|0x000000070c800000, 0x000000070c800000, 0x000000070ca00000|  0%| F|  |TAMS 0x000000070c800000, 0x000000070c800000| Untracked 
|  74|0x000000070ca00000, 0x000000070ca00000, 0x000000070cc00000|  0%| F|  |TAMS 0x000000070ca00000, 0x000000070ca00000| Untracked 
|  75|0x000000070cc00000, 0x000000070cc00000, 0x000000070ce00000|  0%| F|  |TAMS 0x000000070cc00000, 0x000000070cc00000| Untracked 
|  76|0x000000070ce00000, 0x000000070ce00000, 0x000000070d000000|  0%| F|  |TAMS 0x000000070ce00000, 0x000000070ce00000| Untracked 
|  77|0x000000070d000000, 0x000000070d000000, 0x000000070d200000|  0%| F|  |TAMS 0x000000070d000000, 0x000000070d000000| Untracked 
|  78|0x000000070d200000, 0x000000070d200000, 0x000000070d400000|  0%| F|  |TAMS 0x000000070d200000, 0x000000070d200000| Untracked 
|  79|0x000000070d400000, 0x000000070d400000, 0x000000070d600000|  0%| F|  |TAMS 0x000000070d400000, 0x000000070d400000| Untracked 
|  80|0x000000070d600000, 0x000000070d600000, 0x000000070d800000|  0%| F|  |TAMS 0x000000070d600000, 0x000000070d600000| Untracked 
|  81|0x000000070d800000, 0x000000070d800000, 0x000000070da00000|  0%| F|  |TAMS 0x000000070d800000, 0x000000070d800000| Untracked 
|  82|0x000000070da00000, 0x000000070da00000, 0x000000070dc00000|  0%| F|  |TAMS 0x000000070da00000, 0x000000070da00000| Untracked 
|  83|0x000000070dc00000, 0x000000070dc00000, 0x000000070de00000|  0%| F|  |TAMS 0x000000070dc00000, 0x000000070dc00000| Untracked 
|  84|0x000000070de00000, 0x000000070de00000, 0x000000070e000000|  0%| F|  |TAMS 0x000000070de00000, 0x000000070de00000| Untracked 
|  85|0x000000070e000000, 0x000000070e000000, 0x000000070e200000|  0%| F|  |TAMS 0x000000070e000000, 0x000000070e000000| Untracked 
|  86|0x000000070e200000, 0x000000070e200000, 0x000000070e400000|  0%| F|  |TAMS 0x000000070e200000, 0x000000070e200000| Untracked 
|  87|0x000000070e400000, 0x000000070e400000, 0x000000070e600000|  0%| F|  |TAMS 0x000000070e400000, 0x000000070e400000| Untracked 
|  88|0x000000070e600000, 0x000000070e600000, 0x000000070e800000|  0%| F|  |TAMS 0x000000070e600000, 0x000000070e600000| Untracked 
|  89|0x000000070e800000, 0x000000070e800000, 0x000000070ea00000|  0%| F|  |TAMS 0x000000070e800000, 0x000000070e800000| Untracked 
|  90|0x000000070ea00000, 0x000000070ea00000, 0x000000070ec00000|  0%| F|  |TAMS 0x000000070ea00000, 0x000000070ea00000| Untracked 
|  91|0x000000070ec00000, 0x000000070ec00000, 0x000000070ee00000|  0%| F|  |TAMS 0x000000070ec00000, 0x000000070ec00000| Untracked 
|  92|0x000000070ee00000, 0x000000070ee00000, 0x000000070f000000|  0%| F|  |TAMS 0x000000070ee00000, 0x000000070ee00000| Untracked 
|  93|0x000000070f000000, 0x000000070f000000, 0x000000070f200000|  0%| F|  |TAMS 0x000000070f000000, 0x000000070f000000| Untracked 
|  94|0x000000070f200000, 0x000000070f200000, 0x000000070f400000|  0%| F|  |TAMS 0x000000070f200000, 0x000000070f200000| Untracked 
|  95|0x000000070f400000, 0x000000070f400000, 0x000000070f600000|  0%| F|  |TAMS 0x000000070f400000, 0x000000070f400000| Untracked 
|  96|0x000000070f600000, 0x000000070f600000, 0x000000070f800000|  0%| F|  |TAMS 0x000000070f600000, 0x000000070f600000| Untracked 
|  97|0x000000070f800000, 0x000000070f800000, 0x000000070fa00000|  0%| F|  |TAMS 0x000000070f800000, 0x000000070f800000| Untracked 
|  98|0x000000070fa00000, 0x000000070fa00000, 0x000000070fc00000|  0%| F|  |TAMS 0x000000070fa00000, 0x000000070fa00000| Untracked 
|  99|0x000000070fc00000, 0x000000070fc00000, 0x000000070fe00000|  0%| F|  |TAMS 0x000000070fc00000, 0x000000070fc00000| Untracked 
| 100|0x000000070fe00000, 0x000000070fe00000, 0x0000000710000000|  0%| F|  |TAMS 0x000000070fe00000, 0x000000070fe00000| Untracked 
| 101|0x0000000710000000, 0x0000000710200000, 0x0000000710200000|100%| E|  |TAMS 0x0000000710000000, 0x0000000710000000| Complete 
| 102|0x0000000710200000, 0x0000000710400000, 0x0000000710400000|100%| E|CS|TAMS 0x0000000710200000, 0x0000000710200000| Complete 
| 103|0x0000000710400000, 0x0000000710600000, 0x0000000710600000|100%| E|CS|TAMS 0x0000000710400000, 0x0000000710400000| Complete 
| 104|0x0000000710600000, 0x0000000710800000, 0x0000000710800000|100%| E|CS|TAMS 0x0000000710600000, 0x0000000710600000| Complete 
| 105|0x0000000710800000, 0x0000000710a00000, 0x0000000710a00000|100%| E|CS|TAMS 0x0000000710800000, 0x0000000710800000| Complete 
| 106|0x0000000710a00000, 0x0000000710c00000, 0x0000000710c00000|100%| E|CS|TAMS 0x0000000710a00000, 0x0000000710a00000| Complete 
| 107|0x0000000710c00000, 0x0000000710c0ac98, 0x0000000710e00000|  2%| S|CS|TAMS 0x0000000710c00000, 0x0000000710c00000| Complete 
| 108|0x0000000710e00000, 0x0000000711000000, 0x0000000711000000|100%| S|CS|TAMS 0x0000000710e00000, 0x0000000710e00000| Complete 
| 109|0x0000000711000000, 0x0000000711200000, 0x0000000711200000|100%| E|CS|TAMS 0x0000000711000000, 0x0000000711000000| Complete 
| 110|0x0000000711200000, 0x0000000711400000, 0x0000000711400000|100%| E|CS|TAMS 0x0000000711200000, 0x0000000711200000| Complete 
| 111|0x0000000711400000, 0x0000000711600000, 0x0000000711600000|100%| E|CS|TAMS 0x0000000711400000, 0x0000000711400000| Complete 
| 112|0x0000000711600000, 0x0000000711800000, 0x0000000711800000|100%| E|CS|TAMS 0x0000000711600000, 0x0000000711600000| Complete 
| 113|0x0000000711800000, 0x0000000711a00000, 0x0000000711a00000|100%| E|CS|TAMS 0x0000000711800000, 0x0000000711800000| Complete 
| 114|0x0000000711a00000, 0x0000000711c00000, 0x0000000711c00000|100%| E|CS|TAMS 0x0000000711a00000, 0x0000000711a00000| Complete 
| 115|0x0000000711c00000, 0x0000000711e00000, 0x0000000711e00000|100%| E|CS|TAMS 0x0000000711c00000, 0x0000000711c00000| Complete 
| 116|0x0000000711e00000, 0x0000000712000000, 0x0000000712000000|100%| E|CS|TAMS 0x0000000711e00000, 0x0000000711e00000| Complete 
| 117|0x0000000712000000, 0x0000000712200000, 0x0000000712200000|100%| E|CS|TAMS 0x0000000712000000, 0x0000000712000000| Complete 
| 118|0x0000000712200000, 0x0000000712400000, 0x0000000712400000|100%| E|CS|TAMS 0x0000000712200000, 0x0000000712200000| Complete 
| 119|0x0000000712400000, 0x0000000712600000, 0x0000000712600000|100%| E|CS|TAMS 0x0000000712400000, 0x0000000712400000| Complete 
| 120|0x0000000712600000, 0x0000000712800000, 0x0000000712800000|100%| E|CS|TAMS 0x0000000712600000, 0x0000000712600000| Complete 
| 121|0x0000000712800000, 0x0000000712a00000, 0x0000000712a00000|100%| E|CS|TAMS 0x0000000712800000, 0x0000000712800000| Complete 
| 122|0x0000000712a00000, 0x0000000712c00000, 0x0000000712c00000|100%| E|CS|TAMS 0x0000000712a00000, 0x0000000712a00000| Complete 
| 123|0x0000000712c00000, 0x0000000712e00000, 0x0000000712e00000|100%| E|CS|TAMS 0x0000000712c00000, 0x0000000712c00000| Complete 
| 124|0x0000000712e00000, 0x0000000713000000, 0x0000000713000000|100%| E|CS|TAMS 0x0000000712e00000, 0x0000000712e00000| Complete 
| 125|0x0000000713000000, 0x0000000713200000, 0x0000000713200000|100%| E|CS|TAMS 0x0000000713000000, 0x0000000713000000| Complete 
| 126|0x0000000713200000, 0x0000000713400000, 0x0000000713400000|100%| E|CS|TAMS 0x0000000713200000, 0x0000000713200000| Complete 

Card table byte_map: [0x00000262fef20000,0x00000262ff710000] _byte_map_base: 0x00000262fb705000

Marking Bits (Prev, Next): (CMBitMap*) 0x00000262e7bf5b20, (CMBitMap*) 0x00000262e7bf5b60
 Prev Bits: [0x0000026280000000, 0x0000026283f28000)
 Next Bits: [0x0000026283f30000, 0x0000026287e58000)

Polling page: 0x00000262e7380000

Metaspace:

Usage:
  Non-class:      9.06 MB used.
      Class:      1.20 MB used.
       Both:     10.25 MB used.

Virtual space:
  Non-class space:       16.00 MB reserved,       9.12 MB ( 57%) committed,  2 nodes.
      Class space:        1.00 GB reserved,       1.31 MB ( <1%) committed,  1 nodes.
             Both:        1.02 GB reserved,      10.44 MB (  1%) committed. 

Chunk freelists:
   Non-Class:  2.45 MB
       Class:  2.73 MB
        Both:  5.19 MB

MaxMetaspaceSize: unlimited
CompressedClassSpaceSize: 1.00 GB
Initial GC threshold: 21.00 MB
Current GC threshold: 21.00 MB
CDS: on
MetaspaceReclaimPolicy: balanced
 - commit_granule_bytes: 65536.
 - commit_granule_words: 8192.
 - virtual_space_node_default_size: 1048576.
 - enlarge_chunks_in_place: 1.
 - new_chunks_are_fully_committed: 0.
 - uncommit_free_chunks: 1.
 - use_allocation_guard: 0.
 - handle_deallocations: 1.


Internal statistics:

num_allocs_failed_limit: 0.
num_arena_births: 118.
num_arena_deaths: 0.
num_vsnodes_births: 3.
num_vsnodes_deaths: 0.
num_space_committed: 167.
num_space_uncommitted: 0.
num_chunks_returned_to_freelist: 0.
num_chunks_taken_from_freelist: 179.
num_chunk_merges: 0.
num_chunk_splits: 101.
num_chunks_enlarged: 36.
num_purges: 0.
num_inconsistent_stats: 0.

CodeHeap 'non-profiled nmethods': size=120000Kb used=570Kb max_used=570Kb free=119429Kb
 bounds [0x00000262f6ed0000, 0x00000262f7140000, 0x00000262fe400000]
CodeHeap 'profiled nmethods': size=120000Kb used=2279Kb max_used=2279Kb free=117720Kb
 bounds [0x00000262ef9a0000, 0x00000262efc10000, 0x00000262f6ed0000]
CodeHeap 'non-nmethods': size=5760Kb used=1290Kb max_used=1308Kb free=4469Kb
 bounds [0x00000262ef400000, 0x00000262ef670000, 0x00000262ef9a0000]
 total_blobs=2054 nmethods=1449 adapters=518
 compilation: enabled
              stopped_count=0, restarted_count=0
 full_count=0

Compilation events (20 events):
Event: 13.667 Thread 0x000002628a8e5120 1424  s    4       graphics.ZooPanel::manageZoo (296 bytes)
Event: 13.673 Thread 0x000002628a8e6ef0 1426       3       sun.java2d.loops.CompositeType::equals (29 bytes)
Event: 13.673 Thread 0x000002628a8e6ef0 nmethod 1426 0x00000262efbccd10 code [0x00000262efbccec0, 0x00000262efbcd298]
Event: 13.675 Thread 0x000002628a8e6ef0 1427       3       java.util.IdentityHashMap::clear (39 bytes)
Event: 13.675 Thread 0x000002628a8e6ef0 nmethod 1427 0x00000262efbcd390 code [0x00000262efbcd540, 0x00000262efbcd8b8]
Event: 13.681 Thread 0x000002628cc0a960 nmethod 1419 0x00000262f6f59f90 code [0x00000262f6f5a1c0, 0x00000262f6f5b2b0]
Event: 13.681 Thread 0x000002628cc0a960 1420       4       javax.swing.JComponent::repaint (19 bytes)
Event: 13.689 Thread 0x000002628cc0a960 nmethod 1420 0x00000262f6f5be90 code [0x00000262f6f5c080, 0x00000262f6f5c888]
Event: 13.689 Thread 0x000002628cc0a960 1422       4       javax.swing.RepaintManager::addDirtyRegion (37 bytes)
Event: 13.690 Thread 0x000002628a8e6ef0 1428       3       sun.java2d.SunGraphics2D::setTransform (53 bytes)
Event: 13.690 Thread 0x000002628a8e6ef0 nmethod 1428 0x00000262efbcda10 code [0x00000262efbcdbe0, 0x00000262efbcde98]
Event: 13.690 Thread 0x000002628a8e6ef0 1429       3       java.awt.geom.AffineTransform::setToTranslation (66 bytes)
Event: 13.690 Thread 0x000002628a8e6ef0 nmethod 1429 0x00000262efbce010 code [0x00000262efbce1e0, 0x00000262efbce458]
Event: 13.690 Thread 0x000002628a8e6ef0 1430       3       java.awt.geom.AffineTransform::isIdentity (20 bytes)
Event: 13.691 Thread 0x000002628a8e6ef0 nmethod 1430 0x00000262efbce510 code [0x00000262efbce6c0, 0x00000262efbce948]
Event: 13.693 Thread 0x000002628cc0a960 nmethod 1422 0x00000262f6f5ce90 code [0x00000262f6f5d040, 0x00000262f6f5d498]
Event: 13.693 Thread 0x000002628cc0a960 1425       4       mobility.Mobile::calcDistance (43 bytes)
Event: 13.694 Thread 0x000002628cc0a960 nmethod 1425 0x00000262f6f5d890 code [0x00000262f6f5da00, 0x00000262f6f5dad8]
Event: 13.694 Thread 0x000002628cc0a960 1431       4       java.awt.Component::getParent (5 bytes)
Event: 13.694 Thread 0x000002628cc0a960 nmethod 1431 0x00000262f6f5db90 code [0x00000262f6f5dd00, 0x00000262f6f5dd78]

GC Heap History (4 events):
Event: 0.928 GC heap before
{Heap before GC invocations=0 (full 0):
 garbage-first heap   total 260096K, used 34816K [0x0000000703600000, 0x0000000800000000)
  region size 2048K, 11 young (22528K), 0 survivors (0K)
 Metaspace       used 7806K, committed 8000K, reserved 1056768K
  class space    used 867K, committed 960K, reserved 1048576K
}
Event: 0.931 GC heap after
{Heap after GC invocations=1 (full 0):
 garbage-first heap   total 260096K, used 14196K [0x0000000703600000, 0x0000000800000000)
  region size 2048K, 1 young (2048K), 1 survivors (2048K)
 Metaspace       used 7806K, committed 8000K, reserved 1056768K
  class space    used 867K, committed 960K, reserved 1048576K
}
Event: 2.975 GC heap before
{Heap before GC invocations=1 (full 0):
 garbage-first heap   total 260096K, used 49012K [0x0000000703600000, 0x0000000800000000)
  region size 2048K, 18 young (36864K), 1 survivors (2048K)
 Metaspace       used 9874K, committed 10112K, reserved 1064960K
  class space    used 1179K, committed 1280K, reserved 1048576K
}
Event: 2.977 GC heap after
{Heap after GC invocations=2 (full 0):
 garbage-first heap   total 260096K, used 14379K [0x0000000703600000, 0x0000000800000000)
  region size 2048K, 2 young (4096K), 2 survivors (4096K)
 Metaspace       used 9874K, committed 10112K, reserved 1064960K
  class space    used 1179K, committed 1280K, reserved 1048576K
}

Deoptimization events (20 events):
Event: 13.572 Thread 0x000002628b531390 DEOPT PACKING pc=0x00000262efba37db sp=0x0000008eaa3fcb00
Event: 13.572 Thread 0x000002628b531390 DEOPT UNPACKING pc=0x00000262ef456763 sp=0x0000008eaa3fbfc0 mode 0
Event: 13.572 Thread 0x000002628b531390 DEOPT PACKING pc=0x00000262efba37db sp=0x0000008eaa3fcb00
Event: 13.572 Thread 0x000002628b531390 DEOPT UNPACKING pc=0x00000262ef456763 sp=0x0000008eaa3fbfc0 mode 0
Event: 13.572 Thread 0x000002628b531390 DEOPT PACKING pc=0x00000262efba1638 sp=0x0000008eaa3fc900
Event: 13.572 Thread 0x000002628b531390 DEOPT UNPACKING pc=0x00000262ef456763 sp=0x0000008eaa3fbdd8 mode 0
Event: 13.572 Thread 0x000002628b531390 DEOPT PACKING pc=0x00000262efba1638 sp=0x0000008eaa3fc900
Event: 13.572 Thread 0x000002628b531390 DEOPT UNPACKING pc=0x00000262ef456763 sp=0x0000008eaa3fbdd8 mode 0
Event: 13.622 Thread 0x000002628b530ec0 Uncommon trap: trap_request=0xffffff45 fr.pc=0x00000262f6f2c620 relative=0x0000000000000200
Event: 13.622 Thread 0x000002628b530ec0 Uncommon trap: reason=unstable_if action=reinterpret pc=0x00000262f6f2c620 method=graphics.ZooPanel.isChange()Z @ 36 c2
Event: 13.622 Thread 0x000002628b530ec0 DEOPT PACKING pc=0x00000262f6f2c620 sp=0x0000008eaa0ff4b0
Event: 13.622 Thread 0x000002628b530ec0 DEOPT UNPACKING pc=0x00000262ef455c23 sp=0x0000008eaa0ff380 mode 2
Event: 13.622 Thread 0x000002628b530ec0 Uncommon trap: trap_request=0xffffff45 fr.pc=0x00000262f6f06610 relative=0x0000000000000190
Event: 13.622 Thread 0x000002628b530ec0 Uncommon trap: reason=unstable_if action=reinterpret pc=0x00000262f6f06610 method=graphics.ZooPanel.isChange()Z @ 36 c2
Event: 13.622 Thread 0x000002628b530ec0 DEOPT PACKING pc=0x00000262f6f06610 sp=0x0000008eaa0ff440
Event: 13.622 Thread 0x000002628b530ec0 DEOPT UNPACKING pc=0x00000262ef455c23 sp=0x0000008eaa0ff370 mode 2
Event: 13.622 Thread 0x000002628b530ec0 Uncommon trap: trap_request=0xffffff45 fr.pc=0x00000262f6f005f8 relative=0x0000000000000078
Event: 13.622 Thread 0x000002628b530ec0 Uncommon trap: reason=unstable_if action=reinterpret pc=0x00000262f6f005f8 method=graphics.ZooPanel.isChange()Z @ 36 c2
Event: 13.622 Thread 0x000002628b530ec0 DEOPT PACKING pc=0x00000262f6f005f8 sp=0x0000008eaa0ff3e0
Event: 13.622 Thread 0x000002628b530ec0 DEOPT UNPACKING pc=0x00000262ef455c23 sp=0x0000008eaa0ff370 mode 2

Classes unloaded (0 events):
No events

Classes redefined (0 events):
No events

Internal exceptions (20 events):
Event: 2.925 Thread 0x000002628b531390 Exception <a 'java/lang/NoSuchMethodError'{0x00000007110c8060}: 'int java.lang.invoke.DirectMethodHandle$Holder.invokeStatic(java.lang.Object)'> (0x00000007110c8060) 
thrown [t:\workspace\open\src\hotspot\share\interpreter\linkResolver.cpp, line 766]
Event: 13.590 Thread 0x000002628b531390 Exception <a 'java/lang/NullPointerException'{0x0000000710496a40}> (0x0000000710496a40) 
thrown [t:\workspace\open\src\hotspot\share\interpreter\linkResolver.cpp, line 1357]
Event: 13.624 Thread 0x000002628b531390 Exception <a 'java/lang/NullPointerException'{0x00000007104c36a0}> (0x00000007104c36a0) 
thrown [t:\workspace\open\src\hotspot\share\interpreter\linkResolver.cpp, line 1357]
Event: 13.628 Thread 0x000002628b531390 Exception <a 'java/lang/NullPointerException'{0x00000007104c4618}> (0x00000007104c4618) 
thrown [t:\workspace\open\src\hotspot\share\interpreter\linkResolver.cpp, line 1357]
Event: 13.635 Thread 0x000002628b531390 Exception <a 'java/lang/NullPointerException'{0x00000007104c5590}> (0x00000007104c5590) 
thrown [t:\workspace\open\src\hotspot\share\interpreter\linkResolver.cpp, line 1357]
Event: 13.639 Thread 0x000002628b531390 Exception <a 'java/lang/NullPointerException'{0x00000007104c6508}> (0x00000007104c6508) 
thrown [t:\workspace\open\src\hotspot\share\interpreter\linkResolver.cpp, line 1357]
Event: 13.642 Thread 0x000002628b531390 Exception <a 'java/lang/NullPointerException'{0x00000007104c7480}> (0x00000007104c7480) 
thrown [t:\workspace\open\src\hotspot\share\interpreter\linkResolver.cpp, line 1357]
Event: 13.646 Thread 0x000002628b531390 Exception <a 'java/lang/NullPointerException'{0x00000007104c83f8}> (0x00000007104c83f8) 
thrown [t:\workspace\open\src\hotspot\share\interpreter\linkResolver.cpp, line 1357]
Event: 13.650 Thread 0x000002628b531390 Exception <a 'java/lang/NullPointerException'{0x00000007104c9370}> (0x00000007104c9370) 
thrown [t:\workspace\open\src\hotspot\share\interpreter\linkResolver.cpp, line 1357]
Event: 13.655 Thread 0x000002628b531390 Exception <a 'java/lang/NullPointerException'{0x00000007104ca2e8}> (0x00000007104ca2e8) 
thrown [t:\workspace\open\src\hotspot\share\interpreter\linkResolver.cpp, line 1357]
Event: 13.659 Thread 0x000002628b531390 Exception <a 'java/lang/NullPointerException'{0x00000007104cb260}> (0x00000007104cb260) 
thrown [t:\workspace\open\src\hotspot\share\interpreter\linkResolver.cpp, line 1357]
Event: 13.663 Thread 0x000002628b531390 Exception <a 'java/lang/NullPointerException'{0x00000007104cc1d8}> (0x00000007104cc1d8) 
thrown [t:\workspace\open\src\hotspot\share\interpreter\linkResolver.cpp, line 1357]
Event: 13.668 Thread 0x000002628b531390 Exception <a 'java/lang/NullPointerException'{0x00000007104cd150}> (0x00000007104cd150) 
thrown [t:\workspace\open\src\hotspot\share\interpreter\linkResolver.cpp, line 1357]
Event: 13.673 Thread 0x000002628b531390 Exception <a 'java/lang/NullPointerException'{0x00000007104ce0c8}> (0x00000007104ce0c8) 
thrown [t:\workspace\open\src\hotspot\share\interpreter\linkResolver.cpp, line 1357]
Event: 13.677 Thread 0x000002628b531390 Exception <a 'java/lang/NullPointerException'{0x00000007104cf040}> (0x00000007104cf040) 
thrown [t:\workspace\open\src\hotspot\share\interpreter\linkResolver.cpp, line 1357]
Event: 13.681 Thread 0x000002628b531390 Exception <a 'java/lang/NullPointerException'{0x00000007104cffb8}> (0x00000007104cffb8) 
thrown [t:\workspace\open\src\hotspot\share\interpreter\linkResolver.cpp, line 1357]
Event: 13.686 Thread 0x000002628b531390 Exception <a 'java/lang/NullPointerException'{0x00000007104d0f30}> (0x00000007104d0f30) 
thrown [t:\workspace\open\src\hotspot\share\interpreter\linkResolver.cpp, line 1357]
Event: 13.691 Thread 0x000002628b531390 Exception <a 'java/lang/NullPointerException'{0x00000007104d1ea8}> (0x00000007104d1ea8) 
thrown [t:\workspace\open\src\hotspot\share\interpreter\linkResolver.cpp, line 1357]
Event: 13.695 Thread 0x000002628b531390 Exception <a 'java/lang/NullPointerException'{0x00000007104d2e20}> (0x00000007104d2e20) 
thrown [t:\workspace\open\src\hotspot\share\interpreter\linkResolver.cpp, line 1357]
Event: 13.699 Thread 0x000002628b531390 Exception <a 'java/lang/NullPointerException'{0x00000007104d3d98}> (0x00000007104d3d98) 
thrown [t:\workspace\open\src\hotspot\share\interpreter\linkResolver.cpp, line 1357]

VM Operations (20 events):
Event: 2.975 Executing VM operation: G1CollectForAllocation
Event: 2.977 Executing VM operation: G1CollectForAllocation done
Event: 3.985 Executing VM operation: Cleanup
Event: 3.985 Executing VM operation: Cleanup done
Event: 4.994 Executing VM operation: Cleanup
Event: 4.994 Executing VM operation: Cleanup done
Event: 5.997 Executing VM operation: Cleanup
Event: 5.997 Executing VM operation: Cleanup done
Event: 7.004 Executing VM operation: Cleanup
Event: 7.004 Executing VM operation: Cleanup done
Event: 8.008 Executing VM operation: Cleanup
Event: 8.008 Executing VM operation: Cleanup done
Event: 9.017 Executing VM operation: Cleanup
Event: 9.017 Executing VM operation: Cleanup done
Event: 10.027 Executing VM operation: Cleanup
Event: 10.027 Executing VM operation: Cleanup done
Event: 11.034 Executing VM operation: Cleanup
Event: 11.035 Executing VM operation: Cleanup done
Event: 13.046 Executing VM operation: Cleanup
Event: 13.046 Executing VM operation: Cleanup done

Events (20 events):
Event: 13.534 loading class java/io/SequenceInputStream
Event: 13.534 loading class java/io/SequenceInputStream done
Event: 13.534 loading class com/sun/imageio/plugins/common/SubImageInputStream
Event: 13.534 loading class com/sun/imageio/plugins/common/SubImageInputStream done
Event: 13.534 loading class com/sun/imageio/plugins/common/InputStreamAdapter
Event: 13.534 loading class com/sun/imageio/plugins/common/InputStreamAdapter done
Event: 13.535 loading class javax/imageio/ImageTypeSpecifier$Packed
Event: 13.535 loading class javax/imageio/ImageTypeSpecifier$Packed done
Event: 13.535 loading class com/sun/imageio/plugins/common/ReaderUtil
Event: 13.536 loading class com/sun/imageio/plugins/common/ReaderUtil done
Event: 13.573 Thread 0x000002628c7d4a90 Thread added: 0x000002628c7d4a90
Event: 13.573 loading class java/awt/Window$1DisposeAction
Event: 13.573 loading class java/awt/Window$1DisposeAction done
Event: 13.574 loading class java/awt/KeyboardFocusManager$2
Event: 13.574 loading class java/awt/KeyboardFocusManager$2 done
Event: 13.574 loading class sun/awt/SunToolkit$1
Event: 13.574 loading class sun/awt/SunToolkit$1 done
Event: 13.589 loading class sun/awt/image/BufImgSurfaceManager
Event: 13.589 loading class sun/awt/image/BufImgSurfaceManager done
Event: 13.659 Thread 0x000002628cc0a960 Thread added: 0x000002628cc0a960


Dynamic libraries:
0x00007ff6fb150000 - 0x00007ff6fb160000 	C:\Program Files\Java\jdk-17.0.2\bin\javaw.exe
0x00007ffafe400000 - 0x00007ffafe609000 	C:\WINDOWS\SYSTEM32\ntdll.dll
0x00007ffac1df0000 - 0x00007ffac1e06000 	C:\Program Files\AVG\Antivirus\aswhook.dll
0x00007ffafd950000 - 0x00007ffafda0d000 	C:\WINDOWS\System32\KERNEL32.DLL
0x00007ffafb8f0000 - 0x00007ffafbc69000 	C:\WINDOWS\System32\KERNELBASE.dll
0x00007ffafbf20000 - 0x00007ffafc031000 	C:\WINDOWS\System32\ucrtbase.dll
0x00007ffae4e00000 - 0x00007ffae4e18000 	C:\Program Files\Java\jdk-17.0.2\bin\jli.dll
0x00007ffadce20000 - 0x00007ffadce3a000 	C:\Program Files\Java\jdk-17.0.2\bin\VCRUNTIME140.dll
0x00007ffafddf0000 - 0x00007ffafde9e000 	C:\WINDOWS\System32\ADVAPI32.dll
0x00007ffafda10000 - 0x00007ffafdab3000 	C:\WINDOWS\System32\msvcrt.dll
0x00007ffafd4e0000 - 0x00007ffafd57e000 	C:\WINDOWS\System32\sechost.dll
0x00007ffafca50000 - 0x00007ffafcb70000 	C:\WINDOWS\System32\RPCRT4.dll
0x00007ffafdac0000 - 0x00007ffafdc6c000 	C:\WINDOWS\System32\USER32.dll
0x00007ffafc270000 - 0x00007ffafc296000 	C:\WINDOWS\System32\win32u.dll
0x00007ffafd920000 - 0x00007ffafd949000 	C:\WINDOWS\System32\GDI32.dll
0x00007ffadfd30000 - 0x00007ffadffd5000 	C:\WINDOWS\WinSxS\amd64_microsoft.windows.common-controls_6595b64144ccf1df_6.0.22000.120_none_9d947278b86cc467\COMCTL32.dll
0x00007ffafbe00000 - 0x00007ffafbf12000 	C:\WINDOWS\System32\gdi32full.dll
0x00007ffafbc70000 - 0x00007ffafbd0d000 	C:\WINDOWS\System32\msvcp_win.dll
0x00007ffaf10e0000 - 0x00007ffaf10ea000 	C:\WINDOWS\SYSTEM32\VERSION.dll
0x00007ffafc480000 - 0x00007ffafc4b1000 	C:\WINDOWS\System32\IMM32.DLL
0x00007ffaf7e80000 - 0x00007ffaf7e8c000 	C:\Program Files\Java\jdk-17.0.2\bin\vcruntime140_1.dll
0x00007ffabcd10000 - 0x00007ffabcd9d000 	C:\Program Files\Java\jdk-17.0.2\bin\msvcp140.dll
0x00007ffa499c0000 - 0x00007ffa4a581000 	C:\Program Files\Java\jdk-17.0.2\bin\server\jvm.dll
0x00007ffafca40000 - 0x00007ffafca48000 	C:\WINDOWS\System32\PSAPI.DLL
0x00007ffaf1540000 - 0x00007ffaf1573000 	C:\WINDOWS\SYSTEM32\WINMM.dll
0x00007ffadb400000 - 0x00007ffadb409000 	C:\WINDOWS\SYSTEM32\WSOCK32.dll
0x00007ffafdd20000 - 0x00007ffafdd8f000 	C:\WINDOWS\System32\WS2_32.dll
0x00007ffafaae0000 - 0x00007ffafaaf8000 	C:\WINDOWS\SYSTEM32\kernel.appcore.dll
0x00007ffaf1660000 - 0x00007ffaf166a000 	C:\Program Files\Java\jdk-17.0.2\bin\jimage.dll
0x00007ffaf9450000 - 0x00007ffaf9671000 	C:\WINDOWS\SYSTEM32\DBGHELP.DLL
0x00007ffae4af0000 - 0x00007ffae4b21000 	C:\WINDOWS\SYSTEM32\dbgcore.DLL
0x00007ffafbd10000 - 0x00007ffafbd8f000 	C:\WINDOWS\System32\bcryptPrimitives.dll
0x00007ffad98e0000 - 0x00007ffad9905000 	C:\Program Files\Java\jdk-17.0.2\bin\java.dll
0x00007ffa8f0c0000 - 0x00007ffa8f196000 	C:\Program Files\Java\jdk-17.0.2\bin\jsvml.dll
0x00007ffafcb70000 - 0x00007ffafd31f000 	C:\WINDOWS\System32\SHELL32.dll
0x00007ffaf9a60000 - 0x00007ffafa2c8000 	C:\WINDOWS\SYSTEM32\windows.storage.dll
0x00007ffafdf20000 - 0x00007ffafe298000 	C:\WINDOWS\System32\combase.dll
0x00007ffaf98f0000 - 0x00007ffaf9a56000 	C:\WINDOWS\SYSTEM32\wintypes.dll
0x00007ffafc2a0000 - 0x00007ffafc38a000 	C:\WINDOWS\System32\SHCORE.dll
0x00007ffafdec0000 - 0x00007ffafdf1d000 	C:\WINDOWS\System32\shlwapi.dll
0x00007ffafb820000 - 0x00007ffafb841000 	C:\WINDOWS\SYSTEM32\profapi.dll
0x00007ffaaa900000 - 0x00007ffaaaa8f000 	C:\Program Files\Java\jdk-17.0.2\bin\awt.dll
0x00007ffafd620000 - 0x00007ffafd6f6000 	C:\WINDOWS\System32\OLEAUT32.dll
0x00007ffaf8ac0000 - 0x00007ffaf8b51000 	C:\WINDOWS\SYSTEM32\apphelp.dll
0x00007ffaf9010000 - 0x00007ffaf903f000 	C:\WINDOWS\system32\DWMAPI.DLL
0x00007ffaf8c70000 - 0x00007ffaf8d1c000 	C:\WINDOWS\system32\uxtheme.dll
0x00007ffabb0a0000 - 0x00007ffabb1a1000 	C:\WINDOWS\system32\opengl32.dll
0x00007ffabb070000 - 0x00007ffabb09d000 	C:\WINDOWS\SYSTEM32\GLU32.dll
0x00007ffaf8d70000 - 0x00007ffaf8da8000 	C:\WINDOWS\SYSTEM32\dxcore.dll
0x00007ffafe2a0000 - 0x00007ffafe3be000 	C:\WINDOWS\System32\MSCTF.dll
0x00007ffafd700000 - 0x00007ffafd89a000 	C:\WINDOWS\System32\ole32.dll
0x00007ffad9840000 - 0x00007ffad986d000 	C:\Program Files\Java\jdk-17.0.2\bin\javajpeg.dll
0x00007ffaca7e0000 - 0x00007ffaca7f8000 	C:\Program Files\Java\jdk-17.0.2\bin\zip.dll
0x00007ffab4e70000 - 0x00007ffab4ef9000 	C:\Program Files\Java\jdk-17.0.2\bin\freetype.dll
0x00007ffaa9930000 - 0x00007ffaa99d8000 	C:\Program Files\Java\jdk-17.0.2\bin\fontmanager.dll
0x00007ffad98c0000 - 0x00007ffad98d9000 	C:\Program Files\Java\jdk-17.0.2\bin\net.dll
0x00007ffaf02c0000 - 0x00007ffaf03cc000 	C:\WINDOWS\SYSTEM32\WINHTTP.dll
0x00007ffafaf10000 - 0x00007ffafaf77000 	C:\WINDOWS\system32\mswsock.dll
0x00007ffacdfa0000 - 0x00007ffacdfb6000 	C:\Program Files\Java\jdk-17.0.2\bin\nio.dll
0x00007ffae12f0000 - 0x00007ffae141d000 	C:\WINDOWS\SYSTEM32\textinputframework.dll
0x00007ffaf87d0000 - 0x00007ffaf8902000 	C:\WINDOWS\SYSTEM32\CoreMessaging.dll
0x00007ffaf5d80000 - 0x00007ffaf60ed000 	C:\WINDOWS\SYSTEM32\CoreUIComponents.dll
0x00007ffafb170000 - 0x00007ffafb17c000 	C:\WINDOWS\SYSTEM32\CRYPTBASE.DLL
0x00007ffafdc70000 - 0x00007ffafdd1f000 	C:\WINDOWS\System32\clbcatq.dll
0x00007ffaf11e0000 - 0x00007ffaf138e000 	C:\WINDOWS\SYSTEM32\WindowsCodecs.dll
0x00007ffac2060000 - 0x00007ffac20bd000 	C:\WINDOWS\system32\dataexchange.dll
0x00007ffaeff20000 - 0x00007ffaf0186000 	C:\WINDOWS\system32\twinapi.appcore.dll

dbghelp: loaded successfully - version: 4.0.5 - missing functions: none
symbol engine: initialized successfully - sym options: 0x614 - pdb path: .;C:\Program Files\Java\jdk-17.0.2\bin;C:\WINDOWS\SYSTEM32;C:\Program Files\AVG\Antivirus;C:\WINDOWS\WinSxS\amd64_microsoft.windows.common-controls_6595b64144ccf1df_6.0.22000.120_none_9d947278b86cc467;C:\Program Files\Java\jdk-17.0.2\bin\server

VM Arguments:
jvm_args: -Dfile.encoding=Cp1255 -XX:+ShowCodeDetailsInExceptionMessages 
java_command: graphics.ZooFrame
java_class_path (initial): C:\Users\omerh\OneDrive\ \  \ \  \Home Work\HW1\HW1\bin
Launcher Type: SUN_STANDARD

[Global flags]
     intx CICompilerCount                          = 4                                         {product} {ergonomic}
     uint ConcGCThreads                            = 2                                         {product} {ergonomic}
     uint G1ConcRefinementThreads                  = 8                                         {product} {ergonomic}
   size_t G1HeapRegionSize                         = 2097152                                   {product} {ergonomic}
    uintx GCDrainStackTargetSize                   = 64                                        {product} {ergonomic}
   size_t InitialHeapSize                          = 266338304                                 {product} {ergonomic}
   size_t MarkStackSize                            = 4194304                                   {product} {ergonomic}
   size_t MaxHeapSize                              = 4238344192                                {product} {ergonomic}
   size_t MaxNewSize                               = 2541748224                                {product} {ergonomic}
   size_t MinHeapDeltaBytes                        = 2097152                                   {product} {ergonomic}
   size_t MinHeapSize                              = 8388608                                   {product} {ergonomic}
    uintx NonNMethodCodeHeapSize                   = 5839372                                {pd product} {ergonomic}
    uintx NonProfiledCodeHeapSize                  = 122909434                              {pd product} {ergonomic}
    uintx ProfiledCodeHeapSize                     = 122909434                              {pd product} {ergonomic}
    uintx ReservedCodeCacheSize                    = 251658240                              {pd product} {ergonomic}
     bool SegmentedCodeCache                       = true                                      {product} {ergonomic}
     bool ShowCodeDetailsInExceptionMessages       = true                                   {manageable} {command line}
   size_t SoftMaxHeapSize                          = 4238344192                             {manageable} {ergonomic}
     bool UseCompressedClassPointers               = true                           {product lp64_product} {ergonomic}
     bool UseCompressedOops                        = true                           {product lp64_product} {ergonomic}
     bool UseG1GC                                  = true                                      {product} {ergonomic}
     bool UseLargePagesIndividualAllocation        = false                                  {pd product} {ergonomic}

Logging:
Log output configuration:
 #0: stdout all=warning uptime,level,tags
 #1: stderr all=off uptime,level,tags

Environment Variables:
PATH=C:/Program Files/Java/jdk-17.0.2/bin/server;C:/Program Files/Java/jdk-17.0.2/bin;C:\Program Files\Common Files\Oracle\Java\javapath;C:\Program Files (x86)\Common Files\Oracle\Java\javapath;C:\windows\system32;C:\windows;C:\windows\System32\Wbem;C:\windows\System32\WindowsPowerShell\v1.0\;C:\windows\System32\OpenSSH\;C:\Program Files (x86)\NVIDIA Corporation\PhysX\Common;C:\Program Files\NVIDIA Corporation\NVIDIA NvDLISR;C:\WINDOWS\system32;C:\WINDOWS;C:\WINDOWS\System32\Wbem;C:\WINDOWS\System32\WindowsPowerShell\v1.0\;C:\WINDOWS\System32\OpenSSH\;C:\Program Files\Git\cmd;C:\Users\omerh\AppData\Local\Microsoft\WindowsApps;C:\Users\omerh\AppData\Local\GitHubDesktop\bin;C:\Users\omerh\AppData\Local\gitkraken\bin;C:\Users\omerh\OneDrive\ ;
USERNAME=omerh
OS=Windows_NT
PROCESSOR_IDENTIFIER=Intel64 Family 6 Model 126 Stepping 5, GenuineIntel



---------------  S Y S T E M  ---------------

OS:
 Windows 11 , 64 bit Build 22000 (10.0.22000.675)
OS uptime: 2 days 14:38 hours

CPU: total 8 (initial active 8) (4 cores per cpu, 2 threads per core) family 6 model 126 stepping 5 microcode 0xa0, cx8, cmov, fxsr, ht, mmx, 3dnowpref, sse, sse2, sse3, ssse3, sse4.1, sse4.2, popcnt, lzcnt, tsc, tscinvbit, avx, avx2, aes, erms, clmul, bmi1, bmi2, adx, avx512f, avx512dq, avx512cd, avx512bw, avx512vl, sha, fma, vzeroupper, avx512_vpopcntdq, avx512_vpclmulqdq, avx512_vaes, avx512_vnni, clflush, clflushopt, avx512_vbmi2, avx512_vbmi

Memory: 4k page, system-wide physical 16161M (9264M free)
TotalPageFile size 18593M (AvailPageFile size 8318M)
current process WorkingSet (physical memory assigned to process): 126M, peak: 126M
current process commit charge ("private bytes"): 371M, peak: 373M

vm_info: Java HotSpot(TM) 64-Bit Server VM (17.0.2+8-LTS-86) for windows-amd64 JRE (17.0.2+8-LTS-86), built on Dec  7 2021 21:51:03 by "mach5one" with MS VC++ 16.8 / 16.9 (VS2019)

END.
