#
# A fatal error has been detected by the Java Runtime Environment:
#
#  EXCEPTION_ACCESS_VIOLATION (0xc0000005) at pc=0x00007ffa49f3a762, pid=271048, tid=62300
#
# JRE version: Java(TM) SE Runtime Environment (17.0.2+8) (build 17.0.2+8-LTS-86)
# Java VM: Java HotSpot(TM) 64-Bit Server VM (17.0.2+8-LTS-86, mixed mode, sharing, tiered, compressed oops, compressed class ptrs, g1 gc, windows-amd64)
# Problematic frame:
# V  [jvm.dll+0x57a762]
#
# No core dump will be written. Minidumps are not enabled by default on client versions of Windows
#
# If you would like to submit a bug report, please visit:
#   https://bugreport.java.com/bugreport/crash.jsp
#

---------------  S U M M A R Y ------------

Command Line: -Dfile.encoding=Cp1255 -XX:+ShowCodeDetailsInExceptionMessages graphics.ZooFrame

Host: Intel(R) Core(TM) i7-1065G7 CPU @ 1.30GHz, 8 cores, 15G,  Windows 11 , 64 bit Build 22000 (10.0.22000.675)
Time: Sun May 22 11:44:20 2022  Windows 11 , 64 bit Build 22000 (10.0.22000.675) elapsed time: 10.390773 seconds (0d 0h 0m 10s)

---------------  T H R E A D  ---------------

Current thread (0x0000025447bd67c0):  JavaThread "C2 CompilerThread0" daemon [_thread_in_native, id=62300, stack(0x00000090eda00000,0x00000090edb00000)]


Current CompileTask:
C2:  10390 1298  s    4       graphics.ZooPanel::manageZoo (260 bytes)

Stack: [0x00000090eda00000,0x00000090edb00000],  sp=0x00000090edafa700,  free space=1001k
Native frames: (J=compiled Java code, j=interpreted, Vv=VM code, C=native code)
V  [jvm.dll+0x57a762]
V  [jvm.dll+0x57a484]
V  [jvm.dll+0x5796f8]
V  [jvm.dll+0x21de3d]
V  [jvm.dll+0x21e21f]
V  [jvm.dll+0x217ae5]
V  [jvm.dll+0x214fab]
V  [jvm.dll+0x1a1bbd]
V  [jvm.dll+0x224908]
V  [jvm.dll+0x222a6c]
V  [jvm.dll+0x7859bb]
V  [jvm.dll+0x77ff7a]
V  [jvm.dll+0x66fa35]
C  [ucrtbase.dll+0x26c0c]
C  [KERNEL32.DLL+0x154e0]
C  [ntdll.dll+0x485b]


siginfo: EXCEPTION_ACCESS_VIOLATION (0xc0000005), reading address 0x0000000000000008


Register to memory mapping:

RIP=0x00007ffa49f3a762 jvm.dll
RAX=0x0000025449c36970 points into unknown readable memory: 0x0000000000000000 | 00 00 00 00 00 00 00 00
RBX=0x0 is NULL
RCX=0x0 is NULL
RDX=0x0000000000001000 is an unknown value
RSP=0x00000090edafa700 is pointing into the stack for thread: 0x0000025447bd67c0
RBP=0x00000254499bb410 points into unknown readable memory: 0x0000000000000000 | 00 00 00 00 00 00 00 00
RSI=0x0000025449a37628 points into unknown readable memory: 0x00007ffa4a273058 | 58 30 27 4a fa 7f 00 00
RDI=0x00000090edafab20 is pointing into the stack for thread: 0x0000025447bd67c0
R8 =0x0000025449c36970 points into unknown readable memory: 0x0000000000000000 | 00 00 00 00 00 00 00 00
R9 =0x0 is NULL
R10=0xfefefefefefefeff is an unknown value
R11=0x8080808080808080 is an unknown value
R12=0x00000090edafa7f0 is pointing into the stack for thread: 0x0000025447bd67c0
R13=0x00000090edafa7d0 is pointing into the stack for thread: 0x0000025447bd67c0
R14=0x00000254496ec4c8 points into unknown readable memory: 0x00007ffa4a26eb10 | 10 eb 26 4a fa 7f 00 00
R15=0x00000254496ea5d0 points into unknown readable memory: 0x00007ffa4a273128 | 28 31 27 4a fa 7f 00 00


Registers:
RAX=0x0000025449c36970, RBX=0x0000000000000000, RCX=0x0000000000000000, RDX=0x0000000000001000
RSP=0x00000090edafa700, RBP=0x00000254499bb410, RSI=0x0000025449a37628, RDI=0x00000090edafab20
R8 =0x0000025449c36970, R9 =0x0000000000000000, R10=0xfefefefefefefeff, R11=0x8080808080808080
R12=0x00000090edafa7f0, R13=0x00000090edafa7d0, R14=0x00000254496ec4c8, R15=0x00000254496ea5d0
RIP=0x00007ffa49f3a762, EFLAGS=0x0000000000010202

Top of Stack: (sp=0x00000090edafa700)
0x00000090edafa700:   000000000000018c 00000090edafab20
0x00000090edafa710:   0000000000000001 0000025449a36c00
0x00000090edafa720:   0000000000000001 00000090edafa810
0x00000090edafa730:   000002544971fab0 00007ffa49f3a484
0x00000090edafa740:   000000000000000b 000000000000018c
0x00000090edafa750:   00000254496ec4c8 0000025400000001
0x00000090edafa760:   0000000000000000 0000025447a73428
0x00000090edafa770:   0000025447bdc3d8 00000090edafa8a0
0x00000090edafa780:   0000000000028300 0000025423019fd0
0x00000090edafa790:   0000000000000001 00007ffa49f396f8
0x00000090edafa7a0:   00000090edafab20 00000090edafab20
0x00000090edafa7b0:   0000025400000001 00000090edafa810
0x00000090edafa7c0:   0000000000000001 0000025449b94620
0x00000090edafa7d0:   0000025447bc8660 0000000000000200
0x00000090edafa7e0:   00000254496df0e0 000000000000018d
0x00000090edafa7f0:   0000000000000080 000002544870be60 

Instructions: (pc=0x00007ffa49f3a762)
0x00007ffa49f3a662:   8b 5e 28 3b 5f 28 72 0b 8b d3 48 8d 4f 20 e8 9b
0x00007ffa49f3a672:   4c 0d 00 48 8b 47 30 48 c7 04 d8 00 00 00 00 48
0x00007ffa49f3a682:   83 c4 20 41 5e 5f 5b c3 49 8b d6 4c 89 7c 24 50
0x00007ffa49f3a692:   48 8b cf e8 36 d0 fe ff 45 33 c9 4c 8b c0 49 8b
0x00007ffa49f3a6a2:   d6 48 8b cf 4c 8b f8 e8 92 12 00 00 41 8b 4e 2c
0x00007ffa49f3a6b2:   48 8b d8 83 e1 3f 80 f9 30 75 19 49 3b c7 74 14
0x00007ffa49f3a6c2:   4c 8b c8 4d 8b c7 49 8b d6 48 8b cf e8 7d 3a 00
0x00007ffa49f3a6d2:   00 48 8b d8 48 89 74 24 48 48 85 db 75 55 41 8b
0x00007ffa49f3a6e2:   5e 28 3b 5f 28 72 0b 8b d3 48 8d 4f 20 e8 1c 4c
0x00007ffa49f3a6f2:   0d 00 48 8b 47 30 48 c7 04 d8 00 00 00 00 8b 9f
0x00007ffa49f3a702:   d0 09 00 00 8d 43 01 89 87 d0 09 00 00 3b 9f c0
0x00007ffa49f3a712:   09 00 00 72 0e 8b d3 48 8d 8f b8 09 00 00 e8 eb
0x00007ffa49f3a722:   4b 0d 00 48 8b 87 c8 09 00 00 4c 89 34 d8 e9 38
0x00007ffa49f3a732:   02 00 00 48 89 6c 24 40 48 8b f3 4c 3b fb 0f 84
0x00007ffa49f3a742:   7d 01 00 00 8b 57 28 0f 1f 80 00 00 00 00 8b 4b
0x00007ffa49f3a752:   28 48 8b 87 f8 09 00 00 48 8b 1c c8 4c 8d 04 c8
0x00007ffa49f3a762:   48 8b 43 08 48 83 38 00 75 27 0f 1f 40 00 8b 43
0x00007ffa49f3a772:   28 3b c2 73 0c 8b c8 48 8b 47 30 48 8b 1c c8 eb
0x00007ffa49f3a782:   02 33 db 48 83 e3 fe 48 8b 43 08 48 83 38 00 74
0x00007ffa49f3a792:   dd 49 89 18 8b 43 28 8b 57 28 3b c2 73 0f 8b c8
0x00007ffa49f3a7a2:   48 8b 47 30 48 8b 2c c8 48 85 ed 75 07 48 8b af
0x00007ffa49f3a7b2:   90 09 00 00 48 85 f6 75 27 4c 8d 0d 1e f5 36 00
0x00007ffa49f3a7c2:   ba a9 03 00 00 4c 8d 05 22 f5 36 00 48 8d 0d 03
0x00007ffa49f3a7d2:   00 36 00 e8 d6 82 cc ff e8 41 5f 0f 00 8b 57 28
0x00007ffa49f3a7e2:   8b 46 28 3b c2 73 0f 8b c8 48 8b 47 30 4c 8b 04
0x00007ffa49f3a7f2:   c8 4d 85 c0 75 07 4c 8b 87 90 09 00 00 41 0f b7
0x00007ffa49f3a802:   40 58 48 8b cb 66 39 45 58 48 0f 43 ce 48 8b f1
0x00007ffa49f3a812:   4c 3b fb 0f 85 35 ff ff ff 49 3b cf 0f 84 9f 00
0x00007ffa49f3a822:   00 00 e8 57 63 0d 00 48 85 c0 0f 84 91 00 00 00
0x00007ffa49f3a832:   8b 48 2c 83 e1 7f 80 f9 60 0f 85 82 00 00 00 48
0x00007ffa49f3a842:   8b 40 08 48 3b 70 08 75 78 8b 46 2c 24 0f 3c 08
0x00007ffa49f3a852:   75 6f 33 d2 48 8b ce e8 f2 4c 0c 00 48 85 c0 74 


Stack slot to memory mapping:
stack at sp + 0 slots: 0x000000000000018c is an unknown value
stack at sp + 1 slots: 0x00000090edafab20 is pointing into the stack for thread: 0x0000025447bd67c0
stack at sp + 2 slots: 0x0000000000000001 is an unknown value
stack at sp + 3 slots: 0x0000025449a36c00 points into unknown readable memory: 0x00007ffa4a273058 | 58 30 27 4a fa 7f 00 00
stack at sp + 4 slots: 0x0000000000000001 is an unknown value
stack at sp + 5 slots: 0x00000090edafa810 is pointing into the stack for thread: 0x0000025447bd67c0
stack at sp + 6 slots: 0x000002544971fab0 points into unknown readable memory: 0x00007ffa4a272eb0 | b0 2e 27 4a fa 7f 00 00
stack at sp + 7 slots: 0x00007ffa49f3a484 jvm.dll


---------------  P R O C E S S  ---------------

Threads class SMR info:
_java_thread_list=0x0000025449956600, length=21, elements={
0x0000025447bac650, 0x0000025447baf010, 0x0000025447bc43e0, 0x0000025447bc4d90,
0x0000025447bc8760, 0x0000025447bc9110, 0x0000025447bd67c0, 0x0000025447bd81c0,
0x0000025447bd9ad0, 0x0000025448613650, 0x0000025448626380, 0x0000025448816ea0,
0x0000025448860730, 0x0000025448863a10, 0x00000254488f8210, 0x00000254488fc1e0,
0x0000025423015230, 0x00000254495c0490, 0x00000254495bf150, 0x00000254487ced00,
0x00000254499fd8b0
}

Java Threads: ( => current thread )
  0x0000025447bac650 JavaThread "Reference Handler" daemon [_thread_blocked, id=24268, stack(0x00000090ed400000,0x00000090ed500000)]
  0x0000025447baf010 JavaThread "Finalizer" daemon [_thread_blocked, id=23404, stack(0x00000090ed500000,0x00000090ed600000)]
  0x0000025447bc43e0 JavaThread "Signal Dispatcher" daemon [_thread_blocked, id=405120, stack(0x00000090ed600000,0x00000090ed700000)]
  0x0000025447bc4d90 JavaThread "Attach Listener" daemon [_thread_blocked, id=92184, stack(0x00000090ed700000,0x00000090ed800000)]
  0x0000025447bc8760 JavaThread "Service Thread" daemon [_thread_blocked, id=113288, stack(0x00000090ed800000,0x00000090ed900000)]
  0x0000025447bc9110 JavaThread "Monitor Deflation Thread" daemon [_thread_blocked, id=107020, stack(0x00000090ed900000,0x00000090eda00000)]
=>0x0000025447bd67c0 JavaThread "C2 CompilerThread0" daemon [_thread_in_native, id=62300, stack(0x00000090eda00000,0x00000090edb00000)]
  0x0000025447bd81c0 JavaThread "C1 CompilerThread0" daemon [_thread_blocked, id=117304, stack(0x00000090edb00000,0x00000090edc00000)]
  0x0000025447bd9ad0 JavaThread "Sweeper thread" daemon [_thread_blocked, id=142580, stack(0x00000090edc00000,0x00000090edd00000)]
  0x0000025448613650 JavaThread "Notification Thread" daemon [_thread_blocked, id=31128, stack(0x00000090edd00000,0x00000090ede00000)]
  0x0000025448626380 JavaThread "Common-Cleaner" daemon [_thread_blocked, id=275336, stack(0x00000090edf00000,0x00000090ee000000)]
  0x0000025448816ea0 JavaThread "Java2D Disposer" daemon [_thread_blocked, id=273028, stack(0x00000090ee000000,0x00000090ee100000)]
  0x0000025448860730 JavaThread "AWT-Shutdown" [_thread_blocked, id=25400, stack(0x00000090ee100000,0x00000090ee200000)]
  0x0000025448863a10 JavaThread "AWT-Windows" daemon [_thread_in_native, id=362776, stack(0x00000090ee200000,0x00000090ee300000)]
  0x00000254488f8210 JavaThread "Thread-0" [_thread_in_Java, id=398008, stack(0x00000090ee300000,0x00000090ee400000)]
  0x00000254488fc1e0 JavaThread "AWT-EventQueue-0" [_thread_in_Java, id=198288, stack(0x00000090ee500000,0x00000090ee600000)]
  0x0000025423015230 JavaThread "DestroyJavaVM" [_thread_blocked, id=30700, stack(0x00000090ecd00000,0x00000090ece00000)]
  0x00000254495c0490 JavaThread "TimerQueue" daemon [_thread_blocked, id=2428, stack(0x00000090ee900000,0x00000090eea00000)]
  0x00000254495bf150 JavaThread "Thread-1" [_thread_blocked, id=168720, stack(0x00000090ee400000,0x00000090ee500000)]
  0x00000254487ced00 JavaThread "C2 CompilerThread1" daemon [_thread_blocked, id=154300, stack(0x00000090eea00000,0x00000090eeb00000)]
  0x00000254499fd8b0 JavaThread "C2 CompilerThread2" daemon [_thread_blocked, id=227104, stack(0x00000090eeb00000,0x00000090eec00000)]

Other Threads:
  0x0000025447ba9cc0 VMThread "VM Thread" [stack: 0x00000090ed300000,0x00000090ed400000] [id=146564]
  0x0000025423084160 WatcherThread [stack: 0x00000090ede00000,0x00000090edf00000] [id=403300]
  0x0000025423064730 GCTaskThread "GC Thread#0" [stack: 0x00000090ece00000,0x00000090ecf00000] [id=128332]
  0x000002544948b460 GCTaskThread "GC Thread#1" [stack: 0x00000090eec00000,0x00000090eed00000] [id=241708]
  0x000002544999ae10 GCTaskThread "GC Thread#2" [stack: 0x00000090eed00000,0x00000090eee00000] [id=428892]
  0x000002544999b0c0 GCTaskThread "GC Thread#3" [stack: 0x00000090eee00000,0x00000090eef00000] [id=269052]
  0x00000254499689c0 GCTaskThread "GC Thread#4" [stack: 0x00000090eef00000,0x00000090ef000000] [id=425920]
  0x000002544968e710 GCTaskThread "GC Thread#5" [stack: 0x00000090ef000000,0x00000090ef100000] [id=75672]
  0x000002544968e9c0 GCTaskThread "GC Thread#6" [stack: 0x00000090ef100000,0x00000090ef200000] [id=408432]
  0x0000025449b880d0 GCTaskThread "GC Thread#7" [stack: 0x00000090ef200000,0x00000090ef300000] [id=332612]
  0x00000254230752d0 ConcurrentGCThread "G1 Main Marker" [stack: 0x00000090ecf00000,0x00000090ed000000] [id=341040]
  0x0000025423077390 ConcurrentGCThread "G1 Conc#0" [stack: 0x00000090ed000000,0x00000090ed100000] [id=161176]
  0x00000254230ed950 ConcurrentGCThread "G1 Refine#0" [stack: 0x00000090ed100000,0x00000090ed200000] [id=413128]
  0x00000254230ee270 ConcurrentGCThread "G1 Service" [stack: 0x00000090ed200000,0x00000090ed300000] [id=245904]

Threads with active compile tasks:
C2 CompilerThread0    10474 1298  s    4       graphics.ZooPanel::manageZoo (260 bytes)

VM state: not at safepoint (normal execution)

VM Mutex/Monitor currently owned by a thread: None

Heap address: 0x0000000703600000, size: 4042 MB, Compressed Oops mode: Zero based, Oop shift amount: 3

CDS archive(s) mapped at: [0x0000000800000000-0x0000000800bc0000-0x0000000800bc0000), size 12320768, SharedBaseAddress: 0x0000000800000000, ArchiveRelocationMode: 0.
Compressed class space mapped at: 0x0000000800c00000-0x0000000840c00000, reserved size: 1073741824
Narrow klass base: 0x0000000800000000, Narrow klass shift: 0, Narrow klass range: 0x100000000

GC Precious Log:
 CPUs: 8 total, 8 available
 Memory: 16161M
 Large Page Support: Disabled
 NUMA Support: Disabled
 Compressed Oops: Enabled (Zero based)
 Heap Region Size: 2M
 Heap Min Capacity: 8M
 Heap Initial Capacity: 254M
 Heap Max Capacity: 4042M
 Pre-touch: Disabled
 Parallel Workers: 8
 Concurrent Workers: 2
 Concurrent Refinement Workers: 8
 Periodic GC: Disabled

Heap:
 garbage-first heap   total 260096K, used 21846K [0x0000000703600000, 0x0000000800000000)
  region size 2048K, 6 young (12288K), 2 survivors (4096K)
 Metaspace       used 10489K, committed 10688K, reserved 1064960K
  class space    used 1223K, committed 1344K, reserved 1048576K

Heap Regions: E=young(eden), S=young(survivor), O=old, HS=humongous(starts), HC=humongous(continues), CS=collection set, F=free, OA=open archive, CA=closed archive, TAMS=top-at-mark-start (previous, next)
|   0|0x0000000703600000, 0x0000000703800000, 0x0000000703800000|100%|HS|  |TAMS 0x0000000703600000, 0x0000000703600000| Complete 
|   1|0x0000000703800000, 0x0000000703a00000, 0x0000000703a00000|100%|HC|  |TAMS 0x0000000703800000, 0x0000000703800000| Complete 
|   2|0x0000000703a00000, 0x0000000703c00000, 0x0000000703c00000|100%|HC|  |TAMS 0x0000000703a00000, 0x0000000703a00000| Complete 
|   3|0x0000000703c00000, 0x0000000703e00000, 0x0000000703e00000|100%|HS|  |TAMS 0x0000000703c00000, 0x0000000703c00000| Complete 
|   4|0x0000000703e00000, 0x0000000704000000, 0x0000000704000000|100%|HC|  |TAMS 0x0000000703e00000, 0x0000000703e00000| Complete 
|   5|0x0000000704000000, 0x0000000704200000, 0x0000000704200000|100%|HC|  |TAMS 0x0000000704000000, 0x0000000704000000| Complete 
|   6|0x0000000704200000, 0x0000000704200000, 0x0000000704400000|  0%| F|  |TAMS 0x0000000704200000, 0x0000000704200000| Untracked 
|   7|0x0000000704400000, 0x0000000704400000, 0x0000000704600000|  0%| F|  |TAMS 0x0000000704400000, 0x0000000704400000| Untracked 
|   8|0x0000000704600000, 0x0000000704600000, 0x0000000704800000|  0%| F|  |TAMS 0x0000000704600000, 0x0000000704600000| Untracked 
|   9|0x0000000704800000, 0x0000000704800000, 0x0000000704a00000|  0%| F|  |TAMS 0x0000000704800000, 0x0000000704800000| Untracked 
|  10|0x0000000704a00000, 0x0000000704a00000, 0x0000000704c00000|  0%| F|  |TAMS 0x0000000704a00000, 0x0000000704a00000| Untracked 
|  11|0x0000000704c00000, 0x0000000704c00000, 0x0000000704e00000|  0%| F|  |TAMS 0x0000000704c00000, 0x0000000704c00000| Untracked 
|  12|0x0000000704e00000, 0x0000000704e00000, 0x0000000705000000|  0%| F|  |TAMS 0x0000000704e00000, 0x0000000704e00000| Untracked 
|  13|0x0000000705000000, 0x0000000705000000, 0x0000000705200000|  0%| F|  |TAMS 0x0000000705000000, 0x0000000705000000| Untracked 
|  14|0x0000000705200000, 0x0000000705200000, 0x0000000705400000|  0%| F|  |TAMS 0x0000000705200000, 0x0000000705200000| Untracked 
|  15|0x0000000705400000, 0x0000000705400000, 0x0000000705600000|  0%| F|  |TAMS 0x0000000705400000, 0x0000000705400000| Untracked 
|  16|0x0000000705600000, 0x0000000705600000, 0x0000000705800000|  0%| F|  |TAMS 0x0000000705600000, 0x0000000705600000| Untracked 
|  17|0x0000000705800000, 0x0000000705800000, 0x0000000705a00000|  0%| F|  |TAMS 0x0000000705800000, 0x0000000705800000| Untracked 
|  18|0x0000000705a00000, 0x0000000705a00000, 0x0000000705c00000|  0%| F|  |TAMS 0x0000000705a00000, 0x0000000705a00000| Untracked 
|  19|0x0000000705c00000, 0x0000000705c00000, 0x0000000705e00000|  0%| F|  |TAMS 0x0000000705c00000, 0x0000000705c00000| Untracked 
|  20|0x0000000705e00000, 0x0000000705e00000, 0x0000000706000000|  0%| F|  |TAMS 0x0000000705e00000, 0x0000000705e00000| Untracked 
|  21|0x0000000706000000, 0x0000000706000000, 0x0000000706200000|  0%| F|  |TAMS 0x0000000706000000, 0x0000000706000000| Untracked 
|  22|0x0000000706200000, 0x0000000706200000, 0x0000000706400000|  0%| F|  |TAMS 0x0000000706200000, 0x0000000706200000| Untracked 
|  23|0x0000000706400000, 0x0000000706400000, 0x0000000706600000|  0%| F|  |TAMS 0x0000000706400000, 0x0000000706400000| Untracked 
|  24|0x0000000706600000, 0x0000000706600000, 0x0000000706800000|  0%| F|  |TAMS 0x0000000706600000, 0x0000000706600000| Untracked 
|  25|0x0000000706800000, 0x0000000706800000, 0x0000000706a00000|  0%| F|  |TAMS 0x0000000706800000, 0x0000000706800000| Untracked 
|  26|0x0000000706a00000, 0x0000000706a00000, 0x0000000706c00000|  0%| F|  |TAMS 0x0000000706a00000, 0x0000000706a00000| Untracked 
|  27|0x0000000706c00000, 0x0000000706c00000, 0x0000000706e00000|  0%| F|  |TAMS 0x0000000706c00000, 0x0000000706c00000| Untracked 
|  28|0x0000000706e00000, 0x0000000706e00000, 0x0000000707000000|  0%| F|  |TAMS 0x0000000706e00000, 0x0000000706e00000| Untracked 
|  29|0x0000000707000000, 0x0000000707000000, 0x0000000707200000|  0%| F|  |TAMS 0x0000000707000000, 0x0000000707000000| Untracked 
|  30|0x0000000707200000, 0x0000000707200000, 0x0000000707400000|  0%| F|  |TAMS 0x0000000707200000, 0x0000000707200000| Untracked 
|  31|0x0000000707400000, 0x0000000707400000, 0x0000000707600000|  0%| F|  |TAMS 0x0000000707400000, 0x0000000707400000| Untracked 
|  32|0x0000000707600000, 0x0000000707600000, 0x0000000707800000|  0%| F|  |TAMS 0x0000000707600000, 0x0000000707600000| Untracked 
|  33|0x0000000707800000, 0x0000000707800000, 0x0000000707a00000|  0%| F|  |TAMS 0x0000000707800000, 0x0000000707800000| Untracked 
|  34|0x0000000707a00000, 0x0000000707a00000, 0x0000000707c00000|  0%| F|  |TAMS 0x0000000707a00000, 0x0000000707a00000| Untracked 
|  35|0x0000000707c00000, 0x0000000707c00000, 0x0000000707e00000|  0%| F|  |TAMS 0x0000000707c00000, 0x0000000707c00000| Untracked 
|  36|0x0000000707e00000, 0x0000000707e00000, 0x0000000708000000|  0%| F|  |TAMS 0x0000000707e00000, 0x0000000707e00000| Untracked 
|  37|0x0000000708000000, 0x0000000708000000, 0x0000000708200000|  0%| F|  |TAMS 0x0000000708000000, 0x0000000708000000| Untracked 
|  38|0x0000000708200000, 0x0000000708200000, 0x0000000708400000|  0%| F|  |TAMS 0x0000000708200000, 0x0000000708200000| Untracked 
|  39|0x0000000708400000, 0x0000000708400000, 0x0000000708600000|  0%| F|  |TAMS 0x0000000708400000, 0x0000000708400000| Untracked 
|  40|0x0000000708600000, 0x0000000708600000, 0x0000000708800000|  0%| F|  |TAMS 0x0000000708600000, 0x0000000708600000| Untracked 
|  41|0x0000000708800000, 0x0000000708800000, 0x0000000708a00000|  0%| F|  |TAMS 0x0000000708800000, 0x0000000708800000| Untracked 
|  42|0x0000000708a00000, 0x0000000708a00000, 0x0000000708c00000|  0%| F|  |TAMS 0x0000000708a00000, 0x0000000708a00000| Untracked 
|  43|0x0000000708c00000, 0x0000000708c00000, 0x0000000708e00000|  0%| F|  |TAMS 0x0000000708c00000, 0x0000000708c00000| Untracked 
|  44|0x0000000708e00000, 0x0000000708e00000, 0x0000000709000000|  0%| F|  |TAMS 0x0000000708e00000, 0x0000000708e00000| Untracked 
|  45|0x0000000709000000, 0x0000000709000000, 0x0000000709200000|  0%| F|  |TAMS 0x0000000709000000, 0x0000000709000000| Untracked 
|  46|0x0000000709200000, 0x0000000709200000, 0x0000000709400000|  0%| F|  |TAMS 0x0000000709200000, 0x0000000709200000| Untracked 
|  47|0x0000000709400000, 0x0000000709400000, 0x0000000709600000|  0%| F|  |TAMS 0x0000000709400000, 0x0000000709400000| Untracked 
|  48|0x0000000709600000, 0x0000000709600000, 0x0000000709800000|  0%| F|  |TAMS 0x0000000709600000, 0x0000000709600000| Untracked 
|  49|0x0000000709800000, 0x0000000709800000, 0x0000000709a00000|  0%| F|  |TAMS 0x0000000709800000, 0x0000000709800000| Untracked 
|  50|0x0000000709a00000, 0x0000000709a00000, 0x0000000709c00000|  0%| F|  |TAMS 0x0000000709a00000, 0x0000000709a00000| Untracked 
|  51|0x0000000709c00000, 0x0000000709c00000, 0x0000000709e00000|  0%| F|  |TAMS 0x0000000709c00000, 0x0000000709c00000| Untracked 
|  52|0x0000000709e00000, 0x0000000709e00000, 0x000000070a000000|  0%| F|  |TAMS 0x0000000709e00000, 0x0000000709e00000| Untracked 
|  53|0x000000070a000000, 0x000000070a000000, 0x000000070a200000|  0%| F|  |TAMS 0x000000070a000000, 0x000000070a000000| Untracked 
|  54|0x000000070a200000, 0x000000070a200000, 0x000000070a400000|  0%| F|  |TAMS 0x000000070a200000, 0x000000070a200000| Untracked 
|  55|0x000000070a400000, 0x000000070a400000, 0x000000070a600000|  0%| F|  |TAMS 0x000000070a400000, 0x000000070a400000| Untracked 
|  56|0x000000070a600000, 0x000000070a600000, 0x000000070a800000|  0%| F|  |TAMS 0x000000070a600000, 0x000000070a600000| Untracked 
|  57|0x000000070a800000, 0x000000070a800000, 0x000000070aa00000|  0%| F|  |TAMS 0x000000070a800000, 0x000000070a800000| Untracked 
|  58|0x000000070aa00000, 0x000000070aa00000, 0x000000070ac00000|  0%| F|  |TAMS 0x000000070aa00000, 0x000000070aa00000| Untracked 
|  59|0x000000070ac00000, 0x000000070ac00000, 0x000000070ae00000|  0%| F|  |TAMS 0x000000070ac00000, 0x000000070ac00000| Untracked 
|  60|0x000000070ae00000, 0x000000070ae00000, 0x000000070b000000|  0%| F|  |TAMS 0x000000070ae00000, 0x000000070ae00000| Untracked 
|  61|0x000000070b000000, 0x000000070b000000, 0x000000070b200000|  0%| F|  |TAMS 0x000000070b000000, 0x000000070b000000| Untracked 
|  62|0x000000070b200000, 0x000000070b200000, 0x000000070b400000|  0%| F|  |TAMS 0x000000070b200000, 0x000000070b200000| Untracked 
|  63|0x000000070b400000, 0x000000070b400000, 0x000000070b600000|  0%| F|  |TAMS 0x000000070b400000, 0x000000070b400000| Untracked 
|  64|0x000000070b600000, 0x000000070b600000, 0x000000070b800000|  0%| F|  |TAMS 0x000000070b600000, 0x000000070b600000| Untracked 
|  65|0x000000070b800000, 0x000000070b800000, 0x000000070ba00000|  0%| F|  |TAMS 0x000000070b800000, 0x000000070b800000| Untracked 
|  66|0x000000070ba00000, 0x000000070ba00000, 0x000000070bc00000|  0%| F|  |TAMS 0x000000070ba00000, 0x000000070ba00000| Untracked 
|  67|0x000000070bc00000, 0x000000070bc00000, 0x000000070be00000|  0%| F|  |TAMS 0x000000070bc00000, 0x000000070bc00000| Untracked 
|  68|0x000000070be00000, 0x000000070be00000, 0x000000070c000000|  0%| F|  |TAMS 0x000000070be00000, 0x000000070be00000| Untracked 
|  69|0x000000070c000000, 0x000000070c000000, 0x000000070c200000|  0%| F|  |TAMS 0x000000070c000000, 0x000000070c000000| Untracked 
|  70|0x000000070c200000, 0x000000070c200000, 0x000000070c400000|  0%| F|  |TAMS 0x000000070c200000, 0x000000070c200000| Untracked 
|  71|0x000000070c400000, 0x000000070c400000, 0x000000070c600000|  0%| F|  |TAMS 0x000000070c400000, 0x000000070c400000| Untracked 
|  72|0x000000070c600000, 0x000000070c600000, 0x000000070c800000|  0%| F|  |TAMS 0x000000070c600000, 0x000000070c600000| Untracked 
|  73|0x000000070c800000, 0x000000070c800000, 0x000000070ca00000|  0%| F|  |TAMS 0x000000070c800000, 0x000000070c800000| Untracked 
|  74|0x000000070ca00000, 0x000000070ca00000, 0x000000070cc00000|  0%| F|  |TAMS 0x000000070ca00000, 0x000000070ca00000| Untracked 
|  75|0x000000070cc00000, 0x000000070cc00000, 0x000000070ce00000|  0%| F|  |TAMS 0x000000070cc00000, 0x000000070cc00000| Untracked 
|  76|0x000000070ce00000, 0x000000070ce00000, 0x000000070d000000|  0%| F|  |TAMS 0x000000070ce00000, 0x000000070ce00000| Untracked 
|  77|0x000000070d000000, 0x000000070d000000, 0x000000070d200000|  0%| F|  |TAMS 0x000000070d000000, 0x000000070d000000| Untracked 
|  78|0x000000070d200000, 0x000000070d200000, 0x000000070d400000|  0%| F|  |TAMS 0x000000070d200000, 0x000000070d200000| Untracked 
|  79|0x000000070d400000, 0x000000070d400000, 0x000000070d600000|  0%| F|  |TAMS 0x000000070d400000, 0x000000070d400000| Untracked 
|  80|0x000000070d600000, 0x000000070d600000, 0x000000070d800000|  0%| F|  |TAMS 0x000000070d600000, 0x000000070d600000| Untracked 
|  81|0x000000070d800000, 0x000000070d800000, 0x000000070da00000|  0%| F|  |TAMS 0x000000070d800000, 0x000000070d800000| Untracked 
|  82|0x000000070da00000, 0x000000070da00000, 0x000000070dc00000|  0%| F|  |TAMS 0x000000070da00000, 0x000000070da00000| Untracked 
|  83|0x000000070dc00000, 0x000000070dc00000, 0x000000070de00000|  0%| F|  |TAMS 0x000000070dc00000, 0x000000070dc00000| Untracked 
|  84|0x000000070de00000, 0x000000070de00000, 0x000000070e000000|  0%| F|  |TAMS 0x000000070de00000, 0x000000070de00000| Untracked 
|  85|0x000000070e000000, 0x000000070e000000, 0x000000070e200000|  0%| F|  |TAMS 0x000000070e000000, 0x000000070e000000| Untracked 
|  86|0x000000070e200000, 0x000000070e200000, 0x000000070e400000|  0%| F|  |TAMS 0x000000070e200000, 0x000000070e200000| Untracked 
|  87|0x000000070e400000, 0x000000070e400000, 0x000000070e600000|  0%| F|  |TAMS 0x000000070e400000, 0x000000070e400000| Untracked 
|  88|0x000000070e600000, 0x000000070e600000, 0x000000070e800000|  0%| F|  |TAMS 0x000000070e600000, 0x000000070e600000| Untracked 
|  89|0x000000070e800000, 0x000000070e800000, 0x000000070ea00000|  0%| F|  |TAMS 0x000000070e800000, 0x000000070e800000| Untracked 
|  90|0x000000070ea00000, 0x000000070ea00000, 0x000000070ec00000|  0%| F|  |TAMS 0x000000070ea00000, 0x000000070ea00000| Untracked 
|  91|0x000000070ec00000, 0x000000070ec00000, 0x000000070ee00000|  0%| F|  |TAMS 0x000000070ec00000, 0x000000070ec00000| Untracked 
|  92|0x000000070ee00000, 0x000000070ee00000, 0x000000070f000000|  0%| F|  |TAMS 0x000000070ee00000, 0x000000070ee00000| Untracked 
|  93|0x000000070f000000, 0x000000070f000000, 0x000000070f200000|  0%| F|  |TAMS 0x000000070f000000, 0x000000070f000000| Untracked 
|  94|0x000000070f200000, 0x000000070f200000, 0x000000070f400000|  0%| F|  |TAMS 0x000000070f200000, 0x000000070f200000| Untracked 
|  95|0x000000070f400000, 0x000000070f400000, 0x000000070f600000|  0%| F|  |TAMS 0x000000070f400000, 0x000000070f400000| Untracked 
|  96|0x000000070f600000, 0x000000070f600000, 0x000000070f800000|  0%| F|  |TAMS 0x000000070f600000, 0x000000070f600000| Untracked 
|  97|0x000000070f800000, 0x000000070f800000, 0x000000070fa00000|  0%| F|  |TAMS 0x000000070f800000, 0x000000070f800000| Untracked 
|  98|0x000000070fa00000, 0x000000070fa00000, 0x000000070fc00000|  0%| F|  |TAMS 0x000000070fa00000, 0x000000070fa00000| Untracked 
|  99|0x000000070fc00000, 0x000000070fc00000, 0x000000070fe00000|  0%| F|  |TAMS 0x000000070fc00000, 0x000000070fc00000| Untracked 
| 100|0x000000070fe00000, 0x000000070fe00000, 0x0000000710000000|  0%| F|  |TAMS 0x000000070fe00000, 0x000000070fe00000| Untracked 
| 101|0x0000000710000000, 0x0000000710000000, 0x0000000710200000|  0%| F|  |TAMS 0x0000000710000000, 0x0000000710000000| Untracked 
| 102|0x0000000710200000, 0x0000000710200000, 0x0000000710400000|  0%| F|  |TAMS 0x0000000710200000, 0x0000000710200000| Untracked 
| 103|0x0000000710400000, 0x0000000710400000, 0x0000000710600000|  0%| F|  |TAMS 0x0000000710400000, 0x0000000710400000| Untracked 
| 104|0x0000000710600000, 0x0000000710600000, 0x0000000710800000|  0%| F|  |TAMS 0x0000000710600000, 0x0000000710600000| Untracked 
| 105|0x0000000710800000, 0x0000000710800000, 0x0000000710a00000|  0%| F|  |TAMS 0x0000000710800000, 0x0000000710800000| Untracked 
| 106|0x0000000710a00000, 0x0000000710a00000, 0x0000000710c00000|  0%| F|  |TAMS 0x0000000710a00000, 0x0000000710a00000| Untracked 
| 107|0x0000000710c00000, 0x0000000710c00000, 0x0000000710e00000|  0%| F|  |TAMS 0x0000000710c00000, 0x0000000710c00000| Untracked 
| 108|0x0000000710e00000, 0x0000000710e00000, 0x0000000711000000|  0%| F|  |TAMS 0x0000000710e00000, 0x0000000710e00000| Untracked 
| 109|0x0000000711000000, 0x0000000711000000, 0x0000000711200000|  0%| F|  |TAMS 0x0000000711000000, 0x0000000711000000| Untracked 
| 110|0x0000000711200000, 0x0000000711200000, 0x0000000711400000|  0%| F|  |TAMS 0x0000000711200000, 0x0000000711200000| Untracked 
| 111|0x0000000711400000, 0x0000000711400000, 0x0000000711600000|  0%| F|  |TAMS 0x0000000711400000, 0x0000000711400000| Untracked 
| 112|0x0000000711600000, 0x0000000711600000, 0x0000000711800000|  0%| F|  |TAMS 0x0000000711600000, 0x0000000711600000| Untracked 
| 113|0x0000000711800000, 0x0000000711800000, 0x0000000711a00000|  0%| F|  |TAMS 0x0000000711800000, 0x0000000711800000| Untracked 
| 114|0x0000000711a00000, 0x0000000711b55810, 0x0000000711c00000| 66%| S|CS|TAMS 0x0000000711a00000, 0x0000000711a00000| Complete 
| 115|0x0000000711c00000, 0x0000000711e00000, 0x0000000711e00000|100%| S|CS|TAMS 0x0000000711c00000, 0x0000000711c00000| Complete 
| 116|0x0000000711e00000, 0x0000000711e00000, 0x0000000712000000|  0%| F|  |TAMS 0x0000000711e00000, 0x0000000711e00000| Untracked 
| 117|0x0000000712000000, 0x0000000712000000, 0x0000000712200000|  0%| F|  |TAMS 0x0000000712000000, 0x0000000712000000| Untracked 
| 118|0x0000000712200000, 0x0000000712200000, 0x0000000712400000|  0%| F|  |TAMS 0x0000000712200000, 0x0000000712200000| Untracked 
| 119|0x0000000712400000, 0x0000000712400000, 0x0000000712600000|  0%| F|  |TAMS 0x0000000712400000, 0x0000000712400000| Untracked 
| 120|0x0000000712600000, 0x0000000712600000, 0x0000000712800000|  0%| F|  |TAMS 0x0000000712600000, 0x0000000712600000| Untracked 
| 121|0x0000000712800000, 0x0000000712800000, 0x0000000712a00000|  0%| F|  |TAMS 0x0000000712800000, 0x0000000712800000| Untracked 
| 122|0x0000000712a00000, 0x0000000712a00000, 0x0000000712c00000|  0%| F|  |TAMS 0x0000000712a00000, 0x0000000712a00000| Untracked 
| 123|0x0000000712c00000, 0x0000000712d843d0, 0x0000000712e00000| 75%| E|  |TAMS 0x0000000712c00000, 0x0000000712c00000| Complete 
| 124|0x0000000712e00000, 0x0000000713000000, 0x0000000713000000|100%| E|CS|TAMS 0x0000000712e00000, 0x0000000712e00000| Complete 
| 125|0x0000000713000000, 0x0000000713200000, 0x0000000713200000|100%| E|CS|TAMS 0x0000000713000000, 0x0000000713000000| Complete 
| 126|0x0000000713200000, 0x0000000713400000, 0x0000000713400000|100%| E|CS|TAMS 0x0000000713200000, 0x0000000713200000| Complete 

Card table byte_map: [0x000002543c2a0000,0x000002543ca90000] _byte_map_base: 0x0000025438a85000

Marking Bits (Prev, Next): (CMBitMap*) 0x0000025423064c40, (CMBitMap*) 0x0000025423064c80
 Prev Bits: [0x000002543d280000, 0x00000254411a8000)
 Next Bits: [0x00000254411b0000, 0x00000254450d8000)

Polling page: 0x000002542c020000

Metaspace:

Usage:
  Non-class:      9.05 MB used.
      Class:      1.19 MB used.
       Both:     10.24 MB used.

Virtual space:
  Non-class space:       16.00 MB reserved,       9.12 MB ( 57%) committed,  2 nodes.
      Class space:        1.00 GB reserved,       1.31 MB ( <1%) committed,  1 nodes.
             Both:        1.02 GB reserved,      10.44 MB (  1%) committed. 

Chunk freelists:
   Non-Class:  2.45 MB
       Class:  2.73 MB
        Both:  5.19 MB

MaxMetaspaceSize: unlimited
CompressedClassSpaceSize: 1.00 GB
Initial GC threshold: 21.00 MB
Current GC threshold: 21.00 MB
CDS: on
MetaspaceReclaimPolicy: balanced
 - commit_granule_bytes: 65536.
 - commit_granule_words: 8192.
 - virtual_space_node_default_size: 1048576.
 - enlarge_chunks_in_place: 1.
 - new_chunks_are_fully_committed: 0.
 - uncommit_free_chunks: 1.
 - use_allocation_guard: 0.
 - handle_deallocations: 1.


Internal statistics:

num_allocs_failed_limit: 0.
num_arena_births: 118.
num_arena_deaths: 0.
num_vsnodes_births: 3.
num_vsnodes_deaths: 0.
num_space_committed: 167.
num_space_uncommitted: 0.
num_chunks_returned_to_freelist: 0.
num_chunks_taken_from_freelist: 179.
num_chunk_merges: 0.
num_chunk_splits: 101.
num_chunks_enlarged: 36.
num_purges: 0.
num_inconsistent_stats: 0.

CodeHeap 'non-profiled nmethods': size=120000Kb used=388Kb max_used=388Kb free=119611Kb
 bounds [0x0000025433b10000, 0x0000025433d80000, 0x000002543b040000]
CodeHeap 'profiled nmethods': size=120000Kb used=2312Kb max_used=2312Kb free=117687Kb
 bounds [0x000002542c5e0000, 0x000002542c850000, 0x0000025433b10000]
CodeHeap 'non-nmethods': size=5760Kb used=1290Kb max_used=1319Kb free=4469Kb
 bounds [0x000002542c040000, 0x000002542c2b0000, 0x000002542c5e0000]
 total_blobs=1949 nmethods=1344 adapters=518
 compilation: enabled
              stopped_count=0, restarted_count=0
 full_count=0

Compilation events (20 events):
Event: 10.332 Thread 0x0000025447bd81c0 nmethod 1308 0x000002542c814210 code [0x000002542c814400, 0x000002542c814be8]
Event: 10.333 Thread 0x00000254499fd8b0 nmethod 1293 0x0000025433b69410 code [0x0000025433b695a0, 0x0000025433b69668]
Event: 10.333 Thread 0x00000254499fd8b0 1291       4       com.sun.java.swing.SwingUtilities3::getDelegateRepaintManager (73 bytes)
Event: 10.334 Thread 0x0000025447bd81c0 1309       3       javax.swing.JComponent::isDoubleBuffered (6 bytes)
Event: 10.334 Thread 0x0000025447bd81c0 nmethod 1309 0x000002542c814e90 code [0x000002542c815020, 0x000002542c8151f8]
Event: 10.334 Thread 0x0000025447bd81c0 1310       3       sun.java2d.SunGraphics2D::getCompClip (19 bytes)
Event: 10.335 Thread 0x0000025447bd81c0 nmethod 1310 0x000002542c815290 code [0x000002542c815440, 0x000002542c815608]
Event: 10.342 Thread 0x0000025447bd81c0 1311       3       sun.java2d.SunGraphics2D::constrain (216 bytes)
Event: 10.342 Thread 0x00000254499fd8b0 nmethod 1291 0x0000025433b69790 code [0x0000025433b69940, 0x0000025433b69c88]
Event: 10.342 Thread 0x00000254499fd8b0 1300       4       javax.swing.SwingUtilities::computeUnion (149 bytes)
Event: 10.343 Thread 0x00000254487ced00 nmethod 1231% 0x0000025433b69f10 code [0x0000025433b6a0a0, 0x0000025433b6a8b8]
Event: 10.343 Thread 0x00000254487ced00 1284       4       sun.awt.SunToolkit::getAppContext (42 bytes)
Event: 10.344 Thread 0x0000025447bd81c0 nmethod 1311 0x000002542c815710 code [0x000002542c8159a0, 0x000002542c816378]
Event: 10.344 Thread 0x0000025447bd81c0 1312       3       java.lang.ref.Reference::enqueueFromPending (19 bytes)
Event: 10.344 Thread 0x0000025447bd81c0 nmethod 1312 0x000002542c816790 code [0x000002542c816940, 0x000002542c816b68]
Event: 10.344 Thread 0x00000254499fd8b0 nmethod 1300 0x0000025433b6aa10 code [0x0000025433b6ab80, 0x0000025433b6acb8]
Event: 10.344 Thread 0x0000025447bd81c0 1313   !   3       java.lang.ref.ReferenceQueue::enqueue (119 bytes)
Event: 10.344 Thread 0x00000254499fd8b0 1295       4       javax.swing.JComponent::repaint (19 bytes)
Event: 10.344 Thread 0x00000254487ced00 nmethod 1284 0x0000025433b6ae10 code [0x0000025433b6afa0, 0x0000025433b6b078]
Event: 10.344 Thread 0x00000254487ced00 1296       4       javax.swing.RepaintManager::addDirtyRegion (37 bytes)

GC Heap History (2 events):
Event: 10.337 GC heap before
{Heap before GC invocations=0 (full 0):
 garbage-first heap   total 260096K, used 34816K [0x0000000703600000, 0x0000000800000000)
  region size 2048K, 11 young (22528K), 0 survivors (0K)
 Metaspace       used 10465K, committed 10688K, reserved 1064960K
  class space    used 1223K, committed 1344K, reserved 1048576K
}
Event: 10.342 GC heap after
{Heap after GC invocations=1 (full 0):
 garbage-first heap   total 260096K, used 15702K [0x0000000703600000, 0x0000000800000000)
  region size 2048K, 2 young (4096K), 2 survivors (4096K)
 Metaspace       used 10465K, committed 10688K, reserved 1064960K
  class space    used 1223K, committed 1344K, reserved 1048576K
}

Deoptimization events (20 events):
Event: 10.268 Thread 0x00000254488f8210 DEOPT PACKING pc=0x0000025433b33010 sp=0x00000090ee3ff5e0
Event: 10.268 Thread 0x00000254488f8210 DEOPT UNPACKING pc=0x000002542c095c23 sp=0x00000090ee3ff510 mode 2
Event: 10.268 Thread 0x00000254488f8210 Uncommon trap: trap_request=0xffffff45 fr.pc=0x0000025433b32bf8 relative=0x0000000000000078
Event: 10.268 Thread 0x00000254488f8210 Uncommon trap: reason=unstable_if action=reinterpret pc=0x0000025433b32bf8 method=graphics.ZooPanel.isChange()Z @ 36 c2
Event: 10.268 Thread 0x00000254488f8210 DEOPT PACKING pc=0x0000025433b32bf8 sp=0x00000090ee3ff580
Event: 10.268 Thread 0x00000254488f8210 DEOPT UNPACKING pc=0x000002542c095c23 sp=0x00000090ee3ff510 mode 2
Event: 10.294 Thread 0x00000254488f8210 Uncommon trap: trap_request=0xffffff45 fr.pc=0x0000025433b619d8 relative=0x0000000000000338
Event: 10.294 Thread 0x00000254488f8210 Uncommon trap: reason=unstable_if action=reinterpret pc=0x0000025433b619d8 method=graphics.ZooPanel.isChange()Z @ 25 c2
Event: 10.294 Thread 0x00000254488f8210 DEOPT PACKING pc=0x0000025433b619d8 sp=0x00000090ee3ff5d0
Event: 10.294 Thread 0x00000254488f8210 DEOPT UNPACKING pc=0x000002542c095c23 sp=0x00000090ee3ff508 mode 2
Event: 10.294 Thread 0x00000254488f8210 Uncommon trap: trap_request=0xffffff45 fr.pc=0x0000025433b60b24 relative=0x0000000000000204
Event: 10.294 Thread 0x00000254488f8210 Uncommon trap: reason=unstable_if action=reinterpret pc=0x0000025433b60b24 method=graphics.ZooPanel.isChange()Z @ 25 c2
Event: 10.294 Thread 0x00000254488f8210 DEOPT PACKING pc=0x0000025433b60b24 sp=0x00000090ee3ff560
Event: 10.294 Thread 0x00000254488f8210 DEOPT UNPACKING pc=0x000002542c095c23 sp=0x00000090ee3ff500 mode 2
Event: 10.310 Thread 0x00000254488f8210 DEOPT PACKING pc=0x000002542c7f4a00 sp=0x00000090ee3ff640
Event: 10.310 Thread 0x00000254488f8210 DEOPT UNPACKING pc=0x000002542c096763 sp=0x00000090ee3feb18 mode 0
Event: 10.311 Thread 0x00000254488f8210 Uncommon trap: trap_request=0xffffff45 fr.pc=0x0000025433b64760 relative=0x0000000000000340
Event: 10.311 Thread 0x00000254488f8210 Uncommon trap: reason=unstable_if action=reinterpret pc=0x0000025433b64760 method=graphics.ZooPanel.isChange()Z @ 25 c2
Event: 10.311 Thread 0x00000254488f8210 DEOPT PACKING pc=0x0000025433b64760 sp=0x00000090ee3ff640
Event: 10.311 Thread 0x00000254488f8210 DEOPT UNPACKING pc=0x000002542c095c23 sp=0x00000090ee3ff520 mode 2

Classes unloaded (0 events):
No events

Classes redefined (0 events):
No events

Internal exceptions (20 events):
Event: 0.219 Thread 0x0000025423015230 Exception <a 'java/lang/NoSuchMethodError'{0x000000071315e508}: 'java.lang.Object java.lang.invoke.DirectMethodHandle$Holder.newInvokeSpecial(java.lang.Object, java.lang.Object, java.lang.Object, java.lang.Object, java.lang.Object)'> (0x000000071315e508) 
thrown [t:\workspace\open\src\hotspot\share\interpreter\linkResolver.cpp, line 766]
Event: 0.220 Thread 0x0000025423015230 Exception <a 'java/lang/NoSuchMethodError'{0x0000000713169ed0}: 'java.lang.Object java.lang.invoke.DirectMethodHandle$Holder.invokeStatic(java.lang.Object, int, java.lang.Object, java.lang.Object, java.lang.Object, java.lang.Object)'> (0x0000000713169ed0) 
thrown [t:\workspace\open\src\hotspot\share\interpreter\linkResolver.cpp, line 766]
Event: 0.225 Thread 0x0000025423015230 Exception <a 'java/lang/NoSuchMethodError'{0x000000071318f690}: 'java.lang.Object java.lang.invoke.DirectMethodHandle$Holder.invokeStatic(java.lang.Object, int, java.lang.Object)'> (0x000000071318f690) 
thrown [t:\workspace\open\src\hotspot\share\interpreter\linkResolver.cpp, line 766]
Event: 0.249 Thread 0x0000025423015230 Exception <a 'java/lang/ClassNotFoundException'{0x0000000712e478d0}: com/sun/swing/internal/plaf/metal/resources/spi/metalProvider> (0x0000000712e478d0) 
thrown [t:\workspace\open\src\hotspot\share\classfile\systemDictionary.cpp, line 256]
Event: 0.250 Thread 0x0000025423015230 Exception <a 'java/lang/ClassNotFoundException'{0x0000000712e4b758}: com/sun/swing/internal/plaf/basic/resources/spi/basicProvider> (0x0000000712e4b758) 
thrown [t:\workspace\open\src\hotspot\share\classfile\systemDictionary.cpp, line 256]
Event: 0.326 Thread 0x00000254488fb370 Exception <a 'java/lang/NoSuchMethodError'{0x0000000712810830}: 'java.lang.Object java.lang.invoke.DirectMethodHandle$Holder.newInvokeSpecial(java.lang.Object, java.lang.Object, java.lang.Object, int, int, int, int, int)'> (0x0000000712810830) 
thrown [t:\workspace\open\src\hotspot\share\interpreter\linkResolver.cpp, line 766]
Event: 0.350 Thread 0x0000025448863a10 Exception <a 'java/lang/NoSuchMethodError'{0x00000007130f1278}: 'void java.lang.invoke.DirectMethodHandle$Holder.invokeVirtual(java.lang.Object, java.lang.Object)'> (0x00000007130f1278) 
thrown [t:\workspace\open\src\hotspot\share\interpreter\linkResolver.cpp, line 766]
Event: 0.360 Thread 0x0000025423015230 Exception <a 'java/lang/NoSuchMethodError'{0x0000000712b29470}: 'void java.lang.invoke.DirectMethodHandle$Holder.invokeStaticInit(java.lang.Object)'> (0x0000000712b29470) 
thrown [t:\workspace\open\src\hotspot\share\interpreter\linkResolver.cpp, line 766]
Event: 0.550 Thread 0x00000254488fc1e0 Exception <a 'java/lang/NullPointerException'{0x00000007128c3af8}> (0x00000007128c3af8) 
thrown [t:\workspace\open\src\hotspot\share\interpreter\linkResolver.cpp, line 1357]
Event: 2.258 Thread 0x00000254488fc1e0 Exception <a 'java/lang/NoSuchMethodError'{0x00000007126c1068}: 'int java.lang.invoke.DirectMethodHandle$Holder.invokeStatic(java.lang.Object)'> (0x00000007126c1068) 
thrown [t:\workspace\open\src\hotspot\share\interpreter\linkResolver.cpp, line 766]
Event: 10.283 Thread 0x00000254488fc1e0 Exception <a 'java/lang/NullPointerException'{0x0000000712000d30}> (0x0000000712000d30) 
thrown [t:\workspace\open\src\hotspot\share\interpreter\linkResolver.cpp, line 1357]
Event: 10.296 Thread 0x00000254488fc1e0 Exception <a 'java/lang/NullPointerException'{0x000000071201f680}> (0x000000071201f680) 
thrown [t:\workspace\open\src\hotspot\share\interpreter\linkResolver.cpp, line 1357]
Event: 10.301 Thread 0x00000254488fc1e0 Exception <a 'java/lang/NullPointerException'{0x00000007120205f8}> (0x00000007120205f8) 
thrown [t:\workspace\open\src\hotspot\share\interpreter\linkResolver.cpp, line 1357]
Event: 10.305 Thread 0x00000254488fc1e0 Exception <a 'java/lang/NullPointerException'{0x0000000712021570}> (0x0000000712021570) 
thrown [t:\workspace\open\src\hotspot\share\interpreter\linkResolver.cpp, line 1357]
Event: 10.309 Thread 0x00000254488fc1e0 Exception <a 'java/lang/NullPointerException'{0x00000007120224e8}> (0x00000007120224e8) 
thrown [t:\workspace\open\src\hotspot\share\interpreter\linkResolver.cpp, line 1357]
Event: 10.313 Thread 0x00000254488fc1e0 Exception <a 'java/lang/NullPointerException'{0x00000007120234a8}> (0x00000007120234a8) 
thrown [t:\workspace\open\src\hotspot\share\interpreter\linkResolver.cpp, line 1357]
Event: 10.320 Thread 0x00000254488fc1e0 Exception <a 'java/lang/NullPointerException'{0x0000000712024a00}> (0x0000000712024a00) 
thrown [t:\workspace\open\src\hotspot\share\interpreter\linkResolver.cpp, line 1357]
Event: 10.328 Thread 0x00000254488fc1e0 Exception <a 'java/lang/NullPointerException'{0x00000007120337b8}> (0x00000007120337b8) 
thrown [t:\workspace\open\src\hotspot\share\interpreter\linkResolver.cpp, line 1357]
Event: 10.331 Thread 0x00000254488fc1e0 Exception <a 'java/lang/NullPointerException'{0x0000000712034730}> (0x0000000712034730) 
thrown [t:\workspace\open\src\hotspot\share\interpreter\linkResolver.cpp, line 1357]
Event: 10.335 Thread 0x00000254488fc1e0 Exception <a 'java/lang/NullPointerException'{0x00000007120356a8}> (0x00000007120356a8) 
thrown [t:\workspace\open\src\hotspot\share\interpreter\linkResolver.cpp, line 1357]

VM Operations (20 events):
Event: 2.183 Executing VM operation: HandshakeAllThreads
Event: 2.183 Executing VM operation: HandshakeAllThreads done
Event: 2.186 Executing VM operation: HandshakeAllThreads
Event: 2.186 Executing VM operation: HandshakeAllThreads done
Event: 3.198 Executing VM operation: Cleanup
Event: 3.199 Executing VM operation: Cleanup done
Event: 4.202 Executing VM operation: Cleanup
Event: 4.203 Executing VM operation: Cleanup done
Event: 5.216 Executing VM operation: Cleanup
Event: 5.216 Executing VM operation: Cleanup done
Event: 7.230 Executing VM operation: Cleanup
Event: 7.230 Executing VM operation: Cleanup done
Event: 8.243 Executing VM operation: Cleanup
Event: 8.243 Executing VM operation: Cleanup done
Event: 9.252 Executing VM operation: Cleanup
Event: 9.252 Executing VM operation: Cleanup done
Event: 10.262 Executing VM operation: Cleanup
Event: 10.262 Executing VM operation: Cleanup done
Event: 10.337 Executing VM operation: G1CollectForAllocation
Event: 10.342 Executing VM operation: G1CollectForAllocation done

Events (20 events):
Event: 10.241 loading class java/io/SequenceInputStream done
Event: 10.241 loading class com/sun/imageio/plugins/common/SubImageInputStream
Event: 10.241 loading class com/sun/imageio/plugins/common/SubImageInputStream done
Event: 10.241 loading class com/sun/imageio/plugins/common/InputStreamAdapter
Event: 10.241 loading class com/sun/imageio/plugins/common/InputStreamAdapter done
Event: 10.241 loading class javax/imageio/ImageTypeSpecifier$Packed
Event: 10.241 loading class javax/imageio/ImageTypeSpecifier$Packed done
Event: 10.242 loading class com/sun/imageio/plugins/common/ReaderUtil
Event: 10.242 loading class com/sun/imageio/plugins/common/ReaderUtil done
Event: 10.268 Thread 0x00000254495bf150 Thread added: 0x00000254495bf150
Event: 10.268 loading class java/awt/Window$1DisposeAction
Event: 10.268 loading class java/awt/Window$1DisposeAction done
Event: 10.269 loading class java/awt/KeyboardFocusManager$2
Event: 10.269 loading class java/awt/KeyboardFocusManager$2 done
Event: 10.269 loading class sun/awt/SunToolkit$1
Event: 10.269 loading class sun/awt/SunToolkit$1 done
Event: 10.271 Thread 0x00000254487ced00 Thread added: 0x00000254487ced00
Event: 10.282 loading class sun/awt/image/BufImgSurfaceManager
Event: 10.282 loading class sun/awt/image/BufImgSurfaceManager done
Event: 10.305 Thread 0x00000254499fd8b0 Thread added: 0x00000254499fd8b0


Dynamic libraries:
0x00007ff6fb150000 - 0x00007ff6fb160000 	C:\Program Files\Java\jdk-17.0.2\bin\javaw.exe
0x00007ffafe400000 - 0x00007ffafe609000 	C:\WINDOWS\SYSTEM32\ntdll.dll
0x00007ffac1df0000 - 0x00007ffac1e06000 	C:\Program Files\AVG\Antivirus\aswhook.dll
0x00007ffafd950000 - 0x00007ffafda0d000 	C:\WINDOWS\System32\KERNEL32.DLL
0x00007ffafb8f0000 - 0x00007ffafbc69000 	C:\WINDOWS\System32\KERNELBASE.dll
0x00007ffafbf20000 - 0x00007ffafc031000 	C:\WINDOWS\System32\ucrtbase.dll
0x00007ffad9ae0000 - 0x00007ffad9afa000 	C:\Program Files\Java\jdk-17.0.2\bin\VCRUNTIME140.dll
0x00007ffad9aa0000 - 0x00007ffad9ab8000 	C:\Program Files\Java\jdk-17.0.2\bin\jli.dll
0x00007ffafddf0000 - 0x00007ffafde9e000 	C:\WINDOWS\System32\ADVAPI32.dll
0x00007ffafda10000 - 0x00007ffafdab3000 	C:\WINDOWS\System32\msvcrt.dll
0x00007ffafd4e0000 - 0x00007ffafd57e000 	C:\WINDOWS\System32\sechost.dll
0x00007ffafca50000 - 0x00007ffafcb70000 	C:\WINDOWS\System32\RPCRT4.dll
0x00007ffafdac0000 - 0x00007ffafdc6c000 	C:\WINDOWS\System32\USER32.dll
0x00007ffafc270000 - 0x00007ffafc296000 	C:\WINDOWS\System32\win32u.dll
0x00007ffadfd30000 - 0x00007ffadffd5000 	C:\WINDOWS\WinSxS\amd64_microsoft.windows.common-controls_6595b64144ccf1df_6.0.22000.120_none_9d947278b86cc467\COMCTL32.dll
0x00007ffafd920000 - 0x00007ffafd949000 	C:\WINDOWS\System32\GDI32.dll
0x00007ffafbe00000 - 0x00007ffafbf12000 	C:\WINDOWS\System32\gdi32full.dll
0x00007ffafbc70000 - 0x00007ffafbd0d000 	C:\WINDOWS\System32\msvcp_win.dll
0x00007ffaf10e0000 - 0x00007ffaf10ea000 	C:\WINDOWS\SYSTEM32\VERSION.dll
0x00007ffafc480000 - 0x00007ffafc4b1000 	C:\WINDOWS\System32\IMM32.DLL
0x00007ffaf7650000 - 0x00007ffaf765c000 	C:\Program Files\Java\jdk-17.0.2\bin\vcruntime140_1.dll
0x00007ffad9830000 - 0x00007ffad98bd000 	C:\Program Files\Java\jdk-17.0.2\bin\msvcp140.dll
0x00007ffa499c0000 - 0x00007ffa4a581000 	C:\Program Files\Java\jdk-17.0.2\bin\server\jvm.dll
0x00007ffafca40000 - 0x00007ffafca48000 	C:\WINDOWS\System32\PSAPI.DLL
0x00007ffadb400000 - 0x00007ffadb409000 	C:\WINDOWS\SYSTEM32\WSOCK32.dll
0x00007ffaf1540000 - 0x00007ffaf1573000 	C:\WINDOWS\SYSTEM32\WINMM.dll
0x00007ffafdd20000 - 0x00007ffafdd8f000 	C:\WINDOWS\System32\WS2_32.dll
0x00007ffafaae0000 - 0x00007ffafaaf8000 	C:\WINDOWS\SYSTEM32\kernel.appcore.dll
0x00007ffaf1660000 - 0x00007ffaf166a000 	C:\Program Files\Java\jdk-17.0.2\bin\jimage.dll
0x00007ffaf9450000 - 0x00007ffaf9671000 	C:\WINDOWS\SYSTEM32\DBGHELP.DLL
0x00007ffae4af0000 - 0x00007ffae4b21000 	C:\WINDOWS\SYSTEM32\dbgcore.DLL
0x00007ffafbd10000 - 0x00007ffafbd8f000 	C:\WINDOWS\System32\bcryptPrimitives.dll
0x00007ffad98e0000 - 0x00007ffad9905000 	C:\Program Files\Java\jdk-17.0.2\bin\java.dll
0x00007ffa8f0c0000 - 0x00007ffa8f196000 	C:\Program Files\Java\jdk-17.0.2\bin\jsvml.dll
0x00007ffafcb70000 - 0x00007ffafd31f000 	C:\WINDOWS\System32\SHELL32.dll
0x00007ffaf9a60000 - 0x00007ffafa2c8000 	C:\WINDOWS\SYSTEM32\windows.storage.dll
0x00007ffafdf20000 - 0x00007ffafe298000 	C:\WINDOWS\System32\combase.dll
0x00007ffaf98f0000 - 0x00007ffaf9a56000 	C:\WINDOWS\SYSTEM32\wintypes.dll
0x00007ffafc2a0000 - 0x00007ffafc38a000 	C:\WINDOWS\System32\SHCORE.dll
0x00007ffafdec0000 - 0x00007ffafdf1d000 	C:\WINDOWS\System32\shlwapi.dll
0x00007ffafb820000 - 0x00007ffafb841000 	C:\WINDOWS\SYSTEM32\profapi.dll
0x00007ffaaecb0000 - 0x00007ffaaee3f000 	C:\Program Files\Java\jdk-17.0.2\bin\awt.dll
0x00007ffafd620000 - 0x00007ffafd6f6000 	C:\WINDOWS\System32\OLEAUT32.dll
0x00007ffaf8ac0000 - 0x00007ffaf8b51000 	C:\WINDOWS\SYSTEM32\apphelp.dll
0x00007ffaf9010000 - 0x00007ffaf903f000 	C:\WINDOWS\system32\DWMAPI.DLL
0x00007ffaf8c70000 - 0x00007ffaf8d1c000 	C:\WINDOWS\system32\uxtheme.dll
0x00007ffabb0a0000 - 0x00007ffabb1a1000 	C:\WINDOWS\system32\opengl32.dll
0x00007ffabb070000 - 0x00007ffabb09d000 	C:\WINDOWS\SYSTEM32\GLU32.dll
0x00007ffaf8d70000 - 0x00007ffaf8da8000 	C:\WINDOWS\SYSTEM32\dxcore.dll
0x00007ffafe2a0000 - 0x00007ffafe3be000 	C:\WINDOWS\System32\MSCTF.dll
0x00007ffafd700000 - 0x00007ffafd89a000 	C:\WINDOWS\System32\ole32.dll
0x00007ffad3340000 - 0x00007ffad336d000 	C:\Program Files\Java\jdk-17.0.2\bin\javajpeg.dll
0x00007ffaca7e0000 - 0x00007ffaca7f8000 	C:\Program Files\Java\jdk-17.0.2\bin\zip.dll
0x00007ffac5bd0000 - 0x00007ffac5c59000 	C:\Program Files\Java\jdk-17.0.2\bin\freetype.dll
0x00007ffabccf0000 - 0x00007ffabcd98000 	C:\Program Files\Java\jdk-17.0.2\bin\fontmanager.dll
0x00007ffad98c0000 - 0x00007ffad98d9000 	C:\Program Files\Java\jdk-17.0.2\bin\net.dll
0x00007ffaf02c0000 - 0x00007ffaf03cc000 	C:\WINDOWS\SYSTEM32\WINHTTP.dll
0x00007ffafaf10000 - 0x00007ffafaf77000 	C:\WINDOWS\system32\mswsock.dll
0x00007ffacdfa0000 - 0x00007ffacdfb6000 	C:\Program Files\Java\jdk-17.0.2\bin\nio.dll
0x00007ffae12f0000 - 0x00007ffae141d000 	C:\WINDOWS\SYSTEM32\textinputframework.dll
0x00007ffaf87d0000 - 0x00007ffaf8902000 	C:\WINDOWS\SYSTEM32\CoreMessaging.dll
0x00007ffaf5d80000 - 0x00007ffaf60ed000 	C:\WINDOWS\SYSTEM32\CoreUIComponents.dll
0x00007ffafb170000 - 0x00007ffafb17c000 	C:\WINDOWS\SYSTEM32\CRYPTBASE.DLL
0x00007ffafdc70000 - 0x00007ffafdd1f000 	C:\WINDOWS\System32\clbcatq.dll
0x00007ffaf11e0000 - 0x00007ffaf138e000 	C:\WINDOWS\SYSTEM32\WindowsCodecs.dll
0x00007ffac2060000 - 0x00007ffac20bd000 	C:\WINDOWS\system32\dataexchange.dll
0x00007ffaeff20000 - 0x00007ffaf0186000 	C:\WINDOWS\system32\twinapi.appcore.dll

dbghelp: loaded successfully - version: 4.0.5 - missing functions: none
symbol engine: initialized successfully - sym options: 0x614 - pdb path: .;C:\Program Files\Java\jdk-17.0.2\bin;C:\WINDOWS\SYSTEM32;C:\Program Files\AVG\Antivirus;C:\WINDOWS\WinSxS\amd64_microsoft.windows.common-controls_6595b64144ccf1df_6.0.22000.120_none_9d947278b86cc467;C:\Program Files\Java\jdk-17.0.2\bin\server

VM Arguments:
jvm_args: -Dfile.encoding=Cp1255 -XX:+ShowCodeDetailsInExceptionMessages 
java_command: graphics.ZooFrame
java_class_path (initial): C:\Users\omerh\OneDrive\ \  \ \  \Home Work\HW1\HW1\bin
Launcher Type: SUN_STANDARD

[Global flags]
     intx CICompilerCount                          = 4                                         {product} {ergonomic}
     uint ConcGCThreads                            = 2                                         {product} {ergonomic}
     uint G1ConcRefinementThreads                  = 8                                         {product} {ergonomic}
   size_t G1HeapRegionSize                         = 2097152                                   {product} {ergonomic}
    uintx GCDrainStackTargetSize                   = 64                                        {product} {ergonomic}
   size_t InitialHeapSize                          = 266338304                                 {product} {ergonomic}
   size_t MarkStackSize                            = 4194304                                   {product} {ergonomic}
   size_t MaxHeapSize                              = 4238344192                                {product} {ergonomic}
   size_t MaxNewSize                               = 2541748224                                {product} {ergonomic}
   size_t MinHeapDeltaBytes                        = 2097152                                   {product} {ergonomic}
   size_t MinHeapSize                              = 8388608                                   {product} {ergonomic}
    uintx NonNMethodCodeHeapSize                   = 5839372                                {pd product} {ergonomic}
    uintx NonProfiledCodeHeapSize                  = 122909434                              {pd product} {ergonomic}
    uintx ProfiledCodeHeapSize                     = 122909434                              {pd product} {ergonomic}
    uintx ReservedCodeCacheSize                    = 251658240                              {pd product} {ergonomic}
     bool SegmentedCodeCache                       = true                                      {product} {ergonomic}
     bool ShowCodeDetailsInExceptionMessages       = true                                   {manageable} {command line}
   size_t SoftMaxHeapSize                          = 4238344192                             {manageable} {ergonomic}
     bool UseCompressedClassPointers               = true                           {product lp64_product} {ergonomic}
     bool UseCompressedOops                        = true                           {product lp64_product} {ergonomic}
     bool UseG1GC                                  = true                                      {product} {ergonomic}
     bool UseLargePagesIndividualAllocation        = false                                  {pd product} {ergonomic}

Logging:
Log output configuration:
 #0: stdout all=warning uptime,level,tags
 #1: stderr all=off uptime,level,tags

Environment Variables:
PATH=C:/Program Files/Java/jdk-17.0.2/bin/server;C:/Program Files/Java/jdk-17.0.2/bin;C:\Program Files\Common Files\Oracle\Java\javapath;C:\Program Files (x86)\Common Files\Oracle\Java\javapath;C:\windows\system32;C:\windows;C:\windows\System32\Wbem;C:\windows\System32\WindowsPowerShell\v1.0\;C:\windows\System32\OpenSSH\;C:\Program Files (x86)\NVIDIA Corporation\PhysX\Common;C:\Program Files\NVIDIA Corporation\NVIDIA NvDLISR;C:\WINDOWS\system32;C:\WINDOWS;C:\WINDOWS\System32\Wbem;C:\WINDOWS\System32\WindowsPowerShell\v1.0\;C:\WINDOWS\System32\OpenSSH\;C:\Program Files\Git\cmd;C:\Users\omerh\AppData\Local\Microsoft\WindowsApps;C:\Users\omerh\AppData\Local\GitHubDesktop\bin;C:\Users\omerh\AppData\Local\gitkraken\bin;C:\Users\omerh\OneDrive\ ;
USERNAME=omerh
OS=Windows_NT
PROCESSOR_IDENTIFIER=Intel64 Family 6 Model 126 Stepping 5, GenuineIntel



---------------  S Y S T E M  ---------------

OS:
 Windows 11 , 64 bit Build 22000 (10.0.22000.675)
OS uptime: 2 days 15:28 hours

CPU: total 8 (initial active 8) (4 cores per cpu, 2 threads per core) family 6 model 126 stepping 5 microcode 0xa0, cx8, cmov, fxsr, ht, mmx, 3dnowpref, sse, sse2, sse3, ssse3, sse4.1, sse4.2, popcnt, lzcnt, tsc, tscinvbit, avx, avx2, aes, erms, clmul, bmi1, bmi2, adx, avx512f, avx512dq, avx512cd, avx512bw, avx512vl, sha, fma, vzeroupper, avx512_vpopcntdq, avx512_vpclmulqdq, avx512_vaes, avx512_vnni, clflush, clflushopt, avx512_vbmi2, avx512_vbmi

Memory: 4k page, system-wide physical 16161M (7886M free)
TotalPageFile size 18593M (AvailPageFile size 7217M)
current process WorkingSet (physical memory assigned to process): 100M, peak: 100M
current process commit charge ("private bytes"): 370M, peak: 370M

vm_info: Java HotSpot(TM) 64-Bit Server VM (17.0.2+8-LTS-86) for windows-amd64 JRE (17.0.2+8-LTS-86), built on Dec  7 2021 21:51:03 by "mach5one" with MS VC++ 16.8 / 16.9 (VS2019)

END.
