#
# A fatal error has been detected by the Java Runtime Environment:
#
#  EXCEPTION_ACCESS_VIOLATION (0xc0000005) at pc=0x00007ffb6f0ea762, pid=18376, tid=13680
#
# JRE version: Java(TM) SE Runtime Environment (17.0.2+8) (build 17.0.2+8-LTS-86)
# Java VM: Java HotSpot(TM) 64-Bit Server VM (17.0.2+8-LTS-86, mixed mode, sharing, tiered, compressed oops, compressed class ptrs, g1 gc, windows-amd64)
# Problematic frame:
# V  [jvm.dll+0x57a762]
#
# No core dump will be written. Minidumps are not enabled by default on client versions of Windows
#
# If you would like to submit a bug report, please visit:
#   https://bugreport.java.com/bugreport/crash.jsp
#

---------------  S U M M A R Y ------------

Command Line: -Dfile.encoding=Cp1255 -XX:+ShowCodeDetailsInExceptionMessages graphics.ZooFrame

Host: Intel(R) Core(TM) i7-1065G7 CPU @ 1.30GHz, 8 cores, 15G,  Windows 11 , 64 bit Build 22000 (10.0.22000.613)
Time: Tue May 10 19:58:48 2022  Windows 11 , 64 bit Build 22000 (10.0.22000.613) elapsed time: 8.293653 seconds (0d 0h 0m 8s)

---------------  T H R E A D  ---------------

Current thread (0x00000231c6832dd0):  JavaThread "C2 CompilerThread1" daemon [_thread_in_native, id=13680, stack(0x00000098bb800000,0x00000098bb900000)]


Current CompileTask:
C2:   8294 1303 %     4       graphics.ZooPanel::run @ 3 (15 bytes)

Stack: [0x00000098bb800000,0x00000098bb900000],  sp=0x00000098bb8fa870,  free space=1002k
Native frames: (J=compiled Java code, j=interpreted, Vv=VM code, C=native code)
V  [jvm.dll+0x57a762]
V  [jvm.dll+0x57a484]
V  [jvm.dll+0x5796f8]
V  [jvm.dll+0x21de3d]
V  [jvm.dll+0x21e21f]
V  [jvm.dll+0x217ae5]
V  [jvm.dll+0x214fab]
V  [jvm.dll+0x1a1bbd]
V  [jvm.dll+0x224908]
V  [jvm.dll+0x222a6c]
V  [jvm.dll+0x7859bb]
V  [jvm.dll+0x77ff7a]
V  [jvm.dll+0x66fa35]
C  [ucrtbase.dll+0x26c0c]
C  [KERNEL32.DLL+0x154e0]
C  [ntdll.dll+0x485b]


siginfo: EXCEPTION_ACCESS_VIOLATION (0xc0000005), reading address 0x0000000000000008


Register to memory mapping:

RIP=0x00007ffb6f0ea762 jvm.dll
RAX=0x00000231c7afd730 points into unknown readable memory: 0x0000000000000000 | 00 00 00 00 00 00 00 00
RBX=0x0 is NULL
RCX=0x0 is NULL
RDX=0x0000000000001000 is an unknown value
RSP=0x00000098bb8fa870 is pointing into the stack for thread: 0x00000231c6832dd0
RBP=0x00000231c7ce4780 points into unknown readable memory: 0x0000000000000000 | 00 00 00 00 00 00 00 00
RSI=0x00000231c7d443a0 points into unknown readable memory: 0x00007ffb6f423058 | 58 30 42 6f fb 7f 00 00
RDI=0x00000098bb8fac90 is pointing into the stack for thread: 0x00000231c6832dd0
R8 =0x00000231c7afd730 points into unknown readable memory: 0x0000000000000000 | 00 00 00 00 00 00 00 00
R9 =0x0 is NULL
R10=0xfefefefefefefeff is an unknown value
R11=0x8080808080808080 is an unknown value
R12=0x00000098bb8fa960 is pointing into the stack for thread: 0x00000231c6832dd0
R13=0x00000098bb8fa940 is pointing into the stack for thread: 0x00000231c6832dd0
R14=0x00000231c9b38710 points into unknown readable memory: 0x00007ffb6f41eb10 | 10 eb 41 6f fb 7f 00 00
R15=0x00000231c7b2c2b8 points into unknown readable memory: 0x00007ffb6f423128 | 28 31 42 6f fb 7f 00 00


Registers:
RAX=0x00000231c7afd730, RBX=0x0000000000000000, RCX=0x0000000000000000, RDX=0x0000000000001000
RSP=0x00000098bb8fa870, RBP=0x00000231c7ce4780, RSI=0x00000231c7d443a0, RDI=0x00000098bb8fac90
R8 =0x00000231c7afd730, R9 =0x0000000000000000, R10=0xfefefefefefefeff, R11=0x8080808080808080
R12=0x00000098bb8fa960, R13=0x00000098bb8fa940, R14=0x00000231c9b38710, R15=0x00000231c7b2c2b8
RIP=0x00007ffb6f0ea762, EFLAGS=0x0000000000010206

Top of Stack: (sp=0x00000098bb8fa870)
0x00000098bb8fa870:   00000000000001d6 00000098bb8fac90
0x00000098bb8fa880:   0000000000000001 00000098bb8fac90
0x00000098bb8fa890:   0000000000000001 00000098bb8fa980
0x00000098bb8fa8a0:   00000231c76dfbe8 00007ffb6f0ea484
0x00000098bb8fa8b0:   000000000000001f 00000000000001d6
0x00000098bb8fa8c0:   00000231c9b38710 00000231c777ca68
0x00000098bb8fa8d0:   0000000000000000 00000231c777ca98
0x00000098bb8fa8e0:   00000231c69e9088 00000098bb8faa10
0x00000098bb8fa8f0:   0000000000028300 00000231a106a520
0x00000098bb8fa900:   0000000000000001 00007ffb6f0e96f8
0x00000098bb8fa910:   00000098bb8fac90 00000098bb8fac90
0x00000098bb8fa920:   0000023100000001 00000098bb8fa980
0x00000098bb8fa930:   0000000000000001 00000231c7ba6810
0x00000098bb8fa940:   00000231c77a85e0 0000000000000200
0x00000098bb8fa950:   00000231c7bd8c00 00000000000001d7
0x00000098bb8fa960:   0000000000000080 00000231c7bc71e0 

Instructions: (pc=0x00007ffb6f0ea762)
0x00007ffb6f0ea662:   8b 5e 28 3b 5f 28 72 0b 8b d3 48 8d 4f 20 e8 9b
0x00007ffb6f0ea672:   4c 0d 00 48 8b 47 30 48 c7 04 d8 00 00 00 00 48
0x00007ffb6f0ea682:   83 c4 20 41 5e 5f 5b c3 49 8b d6 4c 89 7c 24 50
0x00007ffb6f0ea692:   48 8b cf e8 36 d0 fe ff 45 33 c9 4c 8b c0 49 8b
0x00007ffb6f0ea6a2:   d6 48 8b cf 4c 8b f8 e8 92 12 00 00 41 8b 4e 2c
0x00007ffb6f0ea6b2:   48 8b d8 83 e1 3f 80 f9 30 75 19 49 3b c7 74 14
0x00007ffb6f0ea6c2:   4c 8b c8 4d 8b c7 49 8b d6 48 8b cf e8 7d 3a 00
0x00007ffb6f0ea6d2:   00 48 8b d8 48 89 74 24 48 48 85 db 75 55 41 8b
0x00007ffb6f0ea6e2:   5e 28 3b 5f 28 72 0b 8b d3 48 8d 4f 20 e8 1c 4c
0x00007ffb6f0ea6f2:   0d 00 48 8b 47 30 48 c7 04 d8 00 00 00 00 8b 9f
0x00007ffb6f0ea702:   d0 09 00 00 8d 43 01 89 87 d0 09 00 00 3b 9f c0
0x00007ffb6f0ea712:   09 00 00 72 0e 8b d3 48 8d 8f b8 09 00 00 e8 eb
0x00007ffb6f0ea722:   4b 0d 00 48 8b 87 c8 09 00 00 4c 89 34 d8 e9 38
0x00007ffb6f0ea732:   02 00 00 48 89 6c 24 40 48 8b f3 4c 3b fb 0f 84
0x00007ffb6f0ea742:   7d 01 00 00 8b 57 28 0f 1f 80 00 00 00 00 8b 4b
0x00007ffb6f0ea752:   28 48 8b 87 f8 09 00 00 48 8b 1c c8 4c 8d 04 c8
0x00007ffb6f0ea762:   48 8b 43 08 48 83 38 00 75 27 0f 1f 40 00 8b 43
0x00007ffb6f0ea772:   28 3b c2 73 0c 8b c8 48 8b 47 30 48 8b 1c c8 eb
0x00007ffb6f0ea782:   02 33 db 48 83 e3 fe 48 8b 43 08 48 83 38 00 74
0x00007ffb6f0ea792:   dd 49 89 18 8b 43 28 8b 57 28 3b c2 73 0f 8b c8
0x00007ffb6f0ea7a2:   48 8b 47 30 48 8b 2c c8 48 85 ed 75 07 48 8b af
0x00007ffb6f0ea7b2:   90 09 00 00 48 85 f6 75 27 4c 8d 0d 1e f5 36 00
0x00007ffb6f0ea7c2:   ba a9 03 00 00 4c 8d 05 22 f5 36 00 48 8d 0d 03
0x00007ffb6f0ea7d2:   00 36 00 e8 d6 82 cc ff e8 41 5f 0f 00 8b 57 28
0x00007ffb6f0ea7e2:   8b 46 28 3b c2 73 0f 8b c8 48 8b 47 30 4c 8b 04
0x00007ffb6f0ea7f2:   c8 4d 85 c0 75 07 4c 8b 87 90 09 00 00 41 0f b7
0x00007ffb6f0ea802:   40 58 48 8b cb 66 39 45 58 48 0f 43 ce 48 8b f1
0x00007ffb6f0ea812:   4c 3b fb 0f 85 35 ff ff ff 49 3b cf 0f 84 9f 00
0x00007ffb6f0ea822:   00 00 e8 57 63 0d 00 48 85 c0 0f 84 91 00 00 00
0x00007ffb6f0ea832:   8b 48 2c 83 e1 7f 80 f9 60 0f 85 82 00 00 00 48
0x00007ffb6f0ea842:   8b 40 08 48 3b 70 08 75 78 8b 46 2c 24 0f 3c 08
0x00007ffb6f0ea852:   75 6f 33 d2 48 8b ce e8 f2 4c 0c 00 48 85 c0 74 


Stack slot to memory mapping:
stack at sp + 0 slots: 0x00000000000001d6 is an unknown value
stack at sp + 1 slots: 0x00000098bb8fac90 is pointing into the stack for thread: 0x00000231c6832dd0
stack at sp + 2 slots: 0x0000000000000001 is an unknown value
stack at sp + 3 slots: 0x00000098bb8fac90 is pointing into the stack for thread: 0x00000231c6832dd0
stack at sp + 4 slots: 0x0000000000000001 is an unknown value
stack at sp + 5 slots: 0x00000098bb8fa980 is pointing into the stack for thread: 0x00000231c6832dd0
stack at sp + 6 slots: 0x00000231c76dfbe8 points into unknown readable memory: 0x00007ffb6f422eb0 | b0 2e 42 6f fb 7f 00 00
stack at sp + 7 slots: 0x00007ffb6f0ea484 jvm.dll


---------------  P R O C E S S  ---------------

Threads class SMR info:
_java_thread_list=0x00000231c6982d50, length=21, elements={
0x00000231c5beb490, 0x00000231c5bede50, 0x00000231c5bffe40, 0x00000231c5c007f0,
0x00000231c5c041c0, 0x00000231c5c0fa10, 0x00000231c5c194f0, 0x00000231c5c1cad0,
0x00000231c5c2cfc0, 0x00000231c6910890, 0x00000231c69103c0, 0x00000231c6910d60,
0x00000231c690dd40, 0x00000231c690f080, 0x00000231c690f550, 0x00000231c690e6e0,
0x00000231c690fa20, 0x00000231c77ba970, 0x00000231c77bae40, 0x00000231c6832dd0,
0x00000231c6831620
}

Java Threads: ( => current thread )
  0x00000231c5beb490 JavaThread "Reference Handler" daemon [_thread_blocked, id=5704, stack(0x00000098ba200000,0x00000098ba300000)]
  0x00000231c5bede50 JavaThread "Finalizer" daemon [_thread_blocked, id=16460, stack(0x00000098ba300000,0x00000098ba400000)]
  0x00000231c5bffe40 JavaThread "Signal Dispatcher" daemon [_thread_blocked, id=16612, stack(0x00000098ba400000,0x00000098ba500000)]
  0x00000231c5c007f0 JavaThread "Attach Listener" daemon [_thread_blocked, id=18148, stack(0x00000098ba500000,0x00000098ba600000)]
  0x00000231c5c041c0 JavaThread "Service Thread" daemon [_thread_blocked, id=16120, stack(0x00000098ba600000,0x00000098ba700000)]
  0x00000231c5c0fa10 JavaThread "Monitor Deflation Thread" daemon [_thread_blocked, id=9884, stack(0x00000098ba700000,0x00000098ba800000)]
  0x00000231c5c194f0 JavaThread "C2 CompilerThread0" daemon [_thread_blocked, id=8856, stack(0x00000098ba800000,0x00000098ba900000)]
  0x00000231c5c1cad0 JavaThread "C1 CompilerThread0" daemon [_thread_blocked, id=15012, stack(0x00000098ba900000,0x00000098baa00000)]
  0x00000231c5c2cfc0 JavaThread "Sweeper thread" daemon [_thread_blocked, id=12780, stack(0x00000098baa00000,0x00000098bab00000)]
  0x00000231c6910890 JavaThread "Notification Thread" daemon [_thread_blocked, id=2836, stack(0x00000098bab00000,0x00000098bac00000)]
  0x00000231c69103c0 JavaThread "Common-Cleaner" daemon [_thread_blocked, id=2996, stack(0x00000098bad00000,0x00000098bae00000)]
  0x00000231c6910d60 JavaThread "Java2D Disposer" daemon [_thread_blocked, id=17972, stack(0x00000098bae00000,0x00000098baf00000)]
  0x00000231c690dd40 JavaThread "AWT-Shutdown" [_thread_blocked, id=13072, stack(0x00000098baf00000,0x00000098bb000000)]
  0x00000231c690f080 JavaThread "AWT-Windows" daemon [_thread_in_native, id=9528, stack(0x00000098bb000000,0x00000098bb100000)]
  0x00000231c690f550 JavaThread "Thread-0" [_thread_in_Java, id=12364, stack(0x00000098bb100000,0x00000098bb200000)]
  0x00000231c690e6e0 JavaThread "AWT-EventQueue-0" [_thread_in_native, id=10868, stack(0x00000098bb300000,0x00000098bb400000)]
  0x00000231c690fa20 JavaThread "DestroyJavaVM" [_thread_blocked, id=6664, stack(0x00000098b9b00000,0x00000098b9c00000)]
  0x00000231c77ba970 JavaThread "TimerQueue" daemon [_thread_blocked, id=9068, stack(0x00000098bb700000,0x00000098bb800000)]
  0x00000231c77bae40 JavaThread "Thread-1" [_thread_blocked, id=16060, stack(0x00000098bb200000,0x00000098bb300000)]
=>0x00000231c6832dd0 JavaThread "C2 CompilerThread1" daemon [_thread_in_native, id=13680, stack(0x00000098bb800000,0x00000098bb900000)]
  0x00000231c6831620 JavaThread "C2 CompilerThread2" daemon [_thread_in_native, id=7684, stack(0x00000098bb900000,0x00000098bba00000)]

Other Threads:
  0x00000231c5be7b00 VMThread "VM Thread" [stack: 0x00000098ba100000,0x00000098ba200000] [id=16824]
  0x00000231c6917790 WatcherThread [stack: 0x00000098bac00000,0x00000098bad00000] [id=17364]
  0x00000231a10b4e00 GCTaskThread "GC Thread#0" [stack: 0x00000098b9c00000,0x00000098b9d00000] [id=940]
  0x00000231c7745c40 GCTaskThread "GC Thread#1" [stack: 0x00000098bba00000,0x00000098bbb00000] [id=5588]
  0x00000231c7892be0 GCTaskThread "GC Thread#2" [stack: 0x00000098bbb00000,0x00000098bbc00000] [id=15764]
  0x00000231c7892e90 GCTaskThread "GC Thread#3" [stack: 0x00000098bbc00000,0x00000098bbd00000] [id=15516]
  0x00000231c7bb7de0 GCTaskThread "GC Thread#4" [stack: 0x00000098bbd00000,0x00000098bbe00000] [id=18312]
  0x00000231c7bb8090 GCTaskThread "GC Thread#5" [stack: 0x00000098bbe00000,0x00000098bbf00000] [id=10876]
  0x00000231c7ae75e0 GCTaskThread "GC Thread#6" [stack: 0x00000098bbf00000,0x00000098bc000000] [id=13028]
  0x00000231c7ae7890 GCTaskThread "GC Thread#7" [stack: 0x00000098bc000000,0x00000098bc100000] [id=12776]
  0x00000231a10c6140 ConcurrentGCThread "G1 Main Marker" [stack: 0x00000098b9d00000,0x00000098b9e00000] [id=9316]
  0x00000231a10c6a50 ConcurrentGCThread "G1 Conc#0" [stack: 0x00000098b9e00000,0x00000098b9f00000] [id=10948]
  0x00000231a113e5d0 ConcurrentGCThread "G1 Refine#0" [stack: 0x00000098b9f00000,0x00000098ba000000] [id=15776]
  0x00000231c5aa40d0 ConcurrentGCThread "G1 Service" [stack: 0x00000098ba000000,0x00000098ba100000] [id=10100]

Threads with active compile tasks:
C2 CompilerThread1     8407 1303 %     4       graphics.ZooPanel::run @ 3 (15 bytes)
C2 CompilerThread2     8407 1337  s    4       graphics.ZooPanel::manageZoo (247 bytes)

VM state: not at safepoint (normal execution)

VM Mutex/Monitor currently owned by a thread: None

Heap address: 0x0000000703600000, size: 4042 MB, Compressed Oops mode: Zero based, Oop shift amount: 3

CDS archive(s) mapped at: [0x0000000800000000-0x0000000800bc0000-0x0000000800bc0000), size 12320768, SharedBaseAddress: 0x0000000800000000, ArchiveRelocationMode: 0.
Compressed class space mapped at: 0x0000000800c00000-0x0000000840c00000, reserved size: 1073741824
Narrow klass base: 0x0000000800000000, Narrow klass shift: 0, Narrow klass range: 0x100000000

GC Precious Log:
 CPUs: 8 total, 8 available
 Memory: 16161M
 Large Page Support: Disabled
 NUMA Support: Disabled
 Compressed Oops: Enabled (Zero based)
 Heap Region Size: 2M
 Heap Min Capacity: 8M
 Heap Initial Capacity: 254M
 Heap Max Capacity: 4042M
 Pre-touch: Disabled
 Parallel Workers: 8
 Concurrent Workers: 2
 Concurrent Refinement Workers: 8
 Periodic GC: Disabled

Heap:
 garbage-first heap   total 260096K, used 27304K [0x0000000703600000, 0x0000000800000000)
  region size 2048K, 9 young (18432K), 2 survivors (4096K)
 Metaspace       used 10625K, committed 10816K, reserved 1064960K
  class space    used 1238K, committed 1344K, reserved 1048576K

Heap Regions: E=young(eden), S=young(survivor), O=old, HS=humongous(starts), HC=humongous(continues), CS=collection set, F=free, OA=open archive, CA=closed archive, TAMS=top-at-mark-start (previous, next)
|   0|0x0000000703600000, 0x0000000703800000, 0x0000000703800000|100%|HS|  |TAMS 0x0000000703600000, 0x0000000703600000| Complete 
|   1|0x0000000703800000, 0x0000000703a00000, 0x0000000703a00000|100%|HC|  |TAMS 0x0000000703800000, 0x0000000703800000| Complete 
|   2|0x0000000703a00000, 0x0000000703c00000, 0x0000000703c00000|100%|HC|  |TAMS 0x0000000703a00000, 0x0000000703a00000| Complete 
|   3|0x0000000703c00000, 0x0000000703e00000, 0x0000000703e00000|100%|HS|  |TAMS 0x0000000703c00000, 0x0000000703c00000| Complete 
|   4|0x0000000703e00000, 0x0000000704000000, 0x0000000704000000|100%|HC|  |TAMS 0x0000000703e00000, 0x0000000703e00000| Complete 
|   5|0x0000000704000000, 0x0000000704200000, 0x0000000704200000|100%|HC|  |TAMS 0x0000000704000000, 0x0000000704000000| Complete 
|   6|0x0000000704200000, 0x0000000704200000, 0x0000000704400000|  0%| F|  |TAMS 0x0000000704200000, 0x0000000704200000| Untracked 
|   7|0x0000000704400000, 0x0000000704400000, 0x0000000704600000|  0%| F|  |TAMS 0x0000000704400000, 0x0000000704400000| Untracked 
|   8|0x0000000704600000, 0x0000000704600000, 0x0000000704800000|  0%| F|  |TAMS 0x0000000704600000, 0x0000000704600000| Untracked 
|   9|0x0000000704800000, 0x0000000704800000, 0x0000000704a00000|  0%| F|  |TAMS 0x0000000704800000, 0x0000000704800000| Untracked 
|  10|0x0000000704a00000, 0x0000000704a00000, 0x0000000704c00000|  0%| F|  |TAMS 0x0000000704a00000, 0x0000000704a00000| Untracked 
|  11|0x0000000704c00000, 0x0000000704c00000, 0x0000000704e00000|  0%| F|  |TAMS 0x0000000704c00000, 0x0000000704c00000| Untracked 
|  12|0x0000000704e00000, 0x0000000704e00000, 0x0000000705000000|  0%| F|  |TAMS 0x0000000704e00000, 0x0000000704e00000| Untracked 
|  13|0x0000000705000000, 0x0000000705000000, 0x0000000705200000|  0%| F|  |TAMS 0x0000000705000000, 0x0000000705000000| Untracked 
|  14|0x0000000705200000, 0x0000000705200000, 0x0000000705400000|  0%| F|  |TAMS 0x0000000705200000, 0x0000000705200000| Untracked 
|  15|0x0000000705400000, 0x0000000705400000, 0x0000000705600000|  0%| F|  |TAMS 0x0000000705400000, 0x0000000705400000| Untracked 
|  16|0x0000000705600000, 0x0000000705600000, 0x0000000705800000|  0%| F|  |TAMS 0x0000000705600000, 0x0000000705600000| Untracked 
|  17|0x0000000705800000, 0x0000000705800000, 0x0000000705a00000|  0%| F|  |TAMS 0x0000000705800000, 0x0000000705800000| Untracked 
|  18|0x0000000705a00000, 0x0000000705a00000, 0x0000000705c00000|  0%| F|  |TAMS 0x0000000705a00000, 0x0000000705a00000| Untracked 
|  19|0x0000000705c00000, 0x0000000705c00000, 0x0000000705e00000|  0%| F|  |TAMS 0x0000000705c00000, 0x0000000705c00000| Untracked 
|  20|0x0000000705e00000, 0x0000000705e00000, 0x0000000706000000|  0%| F|  |TAMS 0x0000000705e00000, 0x0000000705e00000| Untracked 
|  21|0x0000000706000000, 0x0000000706000000, 0x0000000706200000|  0%| F|  |TAMS 0x0000000706000000, 0x0000000706000000| Untracked 
|  22|0x0000000706200000, 0x0000000706200000, 0x0000000706400000|  0%| F|  |TAMS 0x0000000706200000, 0x0000000706200000| Untracked 
|  23|0x0000000706400000, 0x0000000706400000, 0x0000000706600000|  0%| F|  |TAMS 0x0000000706400000, 0x0000000706400000| Untracked 
|  24|0x0000000706600000, 0x0000000706600000, 0x0000000706800000|  0%| F|  |TAMS 0x0000000706600000, 0x0000000706600000| Untracked 
|  25|0x0000000706800000, 0x0000000706800000, 0x0000000706a00000|  0%| F|  |TAMS 0x0000000706800000, 0x0000000706800000| Untracked 
|  26|0x0000000706a00000, 0x0000000706a00000, 0x0000000706c00000|  0%| F|  |TAMS 0x0000000706a00000, 0x0000000706a00000| Untracked 
|  27|0x0000000706c00000, 0x0000000706c00000, 0x0000000706e00000|  0%| F|  |TAMS 0x0000000706c00000, 0x0000000706c00000| Untracked 
|  28|0x0000000706e00000, 0x0000000706e00000, 0x0000000707000000|  0%| F|  |TAMS 0x0000000706e00000, 0x0000000706e00000| Untracked 
|  29|0x0000000707000000, 0x0000000707000000, 0x0000000707200000|  0%| F|  |TAMS 0x0000000707000000, 0x0000000707000000| Untracked 
|  30|0x0000000707200000, 0x0000000707200000, 0x0000000707400000|  0%| F|  |TAMS 0x0000000707200000, 0x0000000707200000| Untracked 
|  31|0x0000000707400000, 0x0000000707400000, 0x0000000707600000|  0%| F|  |TAMS 0x0000000707400000, 0x0000000707400000| Untracked 
|  32|0x0000000707600000, 0x0000000707600000, 0x0000000707800000|  0%| F|  |TAMS 0x0000000707600000, 0x0000000707600000| Untracked 
|  33|0x0000000707800000, 0x0000000707800000, 0x0000000707a00000|  0%| F|  |TAMS 0x0000000707800000, 0x0000000707800000| Untracked 
|  34|0x0000000707a00000, 0x0000000707a00000, 0x0000000707c00000|  0%| F|  |TAMS 0x0000000707a00000, 0x0000000707a00000| Untracked 
|  35|0x0000000707c00000, 0x0000000707c00000, 0x0000000707e00000|  0%| F|  |TAMS 0x0000000707c00000, 0x0000000707c00000| Untracked 
|  36|0x0000000707e00000, 0x0000000707e00000, 0x0000000708000000|  0%| F|  |TAMS 0x0000000707e00000, 0x0000000707e00000| Untracked 
|  37|0x0000000708000000, 0x0000000708000000, 0x0000000708200000|  0%| F|  |TAMS 0x0000000708000000, 0x0000000708000000| Untracked 
|  38|0x0000000708200000, 0x0000000708200000, 0x0000000708400000|  0%| F|  |TAMS 0x0000000708200000, 0x0000000708200000| Untracked 
|  39|0x0000000708400000, 0x0000000708400000, 0x0000000708600000|  0%| F|  |TAMS 0x0000000708400000, 0x0000000708400000| Untracked 
|  40|0x0000000708600000, 0x0000000708600000, 0x0000000708800000|  0%| F|  |TAMS 0x0000000708600000, 0x0000000708600000| Untracked 
|  41|0x0000000708800000, 0x0000000708800000, 0x0000000708a00000|  0%| F|  |TAMS 0x0000000708800000, 0x0000000708800000| Untracked 
|  42|0x0000000708a00000, 0x0000000708a00000, 0x0000000708c00000|  0%| F|  |TAMS 0x0000000708a00000, 0x0000000708a00000| Untracked 
|  43|0x0000000708c00000, 0x0000000708c00000, 0x0000000708e00000|  0%| F|  |TAMS 0x0000000708c00000, 0x0000000708c00000| Untracked 
|  44|0x0000000708e00000, 0x0000000708e00000, 0x0000000709000000|  0%| F|  |TAMS 0x0000000708e00000, 0x0000000708e00000| Untracked 
|  45|0x0000000709000000, 0x0000000709000000, 0x0000000709200000|  0%| F|  |TAMS 0x0000000709000000, 0x0000000709000000| Untracked 
|  46|0x0000000709200000, 0x0000000709200000, 0x0000000709400000|  0%| F|  |TAMS 0x0000000709200000, 0x0000000709200000| Untracked 
|  47|0x0000000709400000, 0x0000000709400000, 0x0000000709600000|  0%| F|  |TAMS 0x0000000709400000, 0x0000000709400000| Untracked 
|  48|0x0000000709600000, 0x0000000709600000, 0x0000000709800000|  0%| F|  |TAMS 0x0000000709600000, 0x0000000709600000| Untracked 
|  49|0x0000000709800000, 0x0000000709800000, 0x0000000709a00000|  0%| F|  |TAMS 0x0000000709800000, 0x0000000709800000| Untracked 
|  50|0x0000000709a00000, 0x0000000709a00000, 0x0000000709c00000|  0%| F|  |TAMS 0x0000000709a00000, 0x0000000709a00000| Untracked 
|  51|0x0000000709c00000, 0x0000000709c00000, 0x0000000709e00000|  0%| F|  |TAMS 0x0000000709c00000, 0x0000000709c00000| Untracked 
|  52|0x0000000709e00000, 0x0000000709e00000, 0x000000070a000000|  0%| F|  |TAMS 0x0000000709e00000, 0x0000000709e00000| Untracked 
|  53|0x000000070a000000, 0x000000070a000000, 0x000000070a200000|  0%| F|  |TAMS 0x000000070a000000, 0x000000070a000000| Untracked 
|  54|0x000000070a200000, 0x000000070a200000, 0x000000070a400000|  0%| F|  |TAMS 0x000000070a200000, 0x000000070a200000| Untracked 
|  55|0x000000070a400000, 0x000000070a400000, 0x000000070a600000|  0%| F|  |TAMS 0x000000070a400000, 0x000000070a400000| Untracked 
|  56|0x000000070a600000, 0x000000070a600000, 0x000000070a800000|  0%| F|  |TAMS 0x000000070a600000, 0x000000070a600000| Untracked 
|  57|0x000000070a800000, 0x000000070a800000, 0x000000070aa00000|  0%| F|  |TAMS 0x000000070a800000, 0x000000070a800000| Untracked 
|  58|0x000000070aa00000, 0x000000070aa00000, 0x000000070ac00000|  0%| F|  |TAMS 0x000000070aa00000, 0x000000070aa00000| Untracked 
|  59|0x000000070ac00000, 0x000000070ac00000, 0x000000070ae00000|  0%| F|  |TAMS 0x000000070ac00000, 0x000000070ac00000| Untracked 
|  60|0x000000070ae00000, 0x000000070ae00000, 0x000000070b000000|  0%| F|  |TAMS 0x000000070ae00000, 0x000000070ae00000| Untracked 
|  61|0x000000070b000000, 0x000000070b000000, 0x000000070b200000|  0%| F|  |TAMS 0x000000070b000000, 0x000000070b000000| Untracked 
|  62|0x000000070b200000, 0x000000070b200000, 0x000000070b400000|  0%| F|  |TAMS 0x000000070b200000, 0x000000070b200000| Untracked 
|  63|0x000000070b400000, 0x000000070b400000, 0x000000070b600000|  0%| F|  |TAMS 0x000000070b400000, 0x000000070b400000| Untracked 
|  64|0x000000070b600000, 0x000000070b600000, 0x000000070b800000|  0%| F|  |TAMS 0x000000070b600000, 0x000000070b600000| Untracked 
|  65|0x000000070b800000, 0x000000070b800000, 0x000000070ba00000|  0%| F|  |TAMS 0x000000070b800000, 0x000000070b800000| Untracked 
|  66|0x000000070ba00000, 0x000000070ba00000, 0x000000070bc00000|  0%| F|  |TAMS 0x000000070ba00000, 0x000000070ba00000| Untracked 
|  67|0x000000070bc00000, 0x000000070bc00000, 0x000000070be00000|  0%| F|  |TAMS 0x000000070bc00000, 0x000000070bc00000| Untracked 
|  68|0x000000070be00000, 0x000000070be00000, 0x000000070c000000|  0%| F|  |TAMS 0x000000070be00000, 0x000000070be00000| Untracked 
|  69|0x000000070c000000, 0x000000070c000000, 0x000000070c200000|  0%| F|  |TAMS 0x000000070c000000, 0x000000070c000000| Untracked 
|  70|0x000000070c200000, 0x000000070c200000, 0x000000070c400000|  0%| F|  |TAMS 0x000000070c200000, 0x000000070c200000| Untracked 
|  71|0x000000070c400000, 0x000000070c400000, 0x000000070c600000|  0%| F|  |TAMS 0x000000070c400000, 0x000000070c400000| Untracked 
|  72|0x000000070c600000, 0x000000070c600000, 0x000000070c800000|  0%| F|  |TAMS 0x000000070c600000, 0x000000070c600000| Untracked 
|  73|0x000000070c800000, 0x000000070c800000, 0x000000070ca00000|  0%| F|  |TAMS 0x000000070c800000, 0x000000070c800000| Untracked 
|  74|0x000000070ca00000, 0x000000070ca00000, 0x000000070cc00000|  0%| F|  |TAMS 0x000000070ca00000, 0x000000070ca00000| Untracked 
|  75|0x000000070cc00000, 0x000000070cc00000, 0x000000070ce00000|  0%| F|  |TAMS 0x000000070cc00000, 0x000000070cc00000| Untracked 
|  76|0x000000070ce00000, 0x000000070ce00000, 0x000000070d000000|  0%| F|  |TAMS 0x000000070ce00000, 0x000000070ce00000| Untracked 
|  77|0x000000070d000000, 0x000000070d000000, 0x000000070d200000|  0%| F|  |TAMS 0x000000070d000000, 0x000000070d000000| Untracked 
|  78|0x000000070d200000, 0x000000070d200000, 0x000000070d400000|  0%| F|  |TAMS 0x000000070d200000, 0x000000070d200000| Untracked 
|  79|0x000000070d400000, 0x000000070d400000, 0x000000070d600000|  0%| F|  |TAMS 0x000000070d400000, 0x000000070d400000| Untracked 
|  80|0x000000070d600000, 0x000000070d600000, 0x000000070d800000|  0%| F|  |TAMS 0x000000070d600000, 0x000000070d600000| Untracked 
|  81|0x000000070d800000, 0x000000070d800000, 0x000000070da00000|  0%| F|  |TAMS 0x000000070d800000, 0x000000070d800000| Untracked 
|  82|0x000000070da00000, 0x000000070da00000, 0x000000070dc00000|  0%| F|  |TAMS 0x000000070da00000, 0x000000070da00000| Untracked 
|  83|0x000000070dc00000, 0x000000070dc00000, 0x000000070de00000|  0%| F|  |TAMS 0x000000070dc00000, 0x000000070dc00000| Untracked 
|  84|0x000000070de00000, 0x000000070de00000, 0x000000070e000000|  0%| F|  |TAMS 0x000000070de00000, 0x000000070de00000| Untracked 
|  85|0x000000070e000000, 0x000000070e000000, 0x000000070e200000|  0%| F|  |TAMS 0x000000070e000000, 0x000000070e000000| Untracked 
|  86|0x000000070e200000, 0x000000070e200000, 0x000000070e400000|  0%| F|  |TAMS 0x000000070e200000, 0x000000070e200000| Untracked 
|  87|0x000000070e400000, 0x000000070e400000, 0x000000070e600000|  0%| F|  |TAMS 0x000000070e400000, 0x000000070e400000| Untracked 
|  88|0x000000070e600000, 0x000000070e600000, 0x000000070e800000|  0%| F|  |TAMS 0x000000070e600000, 0x000000070e600000| Untracked 
|  89|0x000000070e800000, 0x000000070e800000, 0x000000070ea00000|  0%| F|  |TAMS 0x000000070e800000, 0x000000070e800000| Untracked 
|  90|0x000000070ea00000, 0x000000070ea00000, 0x000000070ec00000|  0%| F|  |TAMS 0x000000070ea00000, 0x000000070ea00000| Untracked 
|  91|0x000000070ec00000, 0x000000070ec00000, 0x000000070ee00000|  0%| F|  |TAMS 0x000000070ec00000, 0x000000070ec00000| Untracked 
|  92|0x000000070ee00000, 0x000000070ee00000, 0x000000070f000000|  0%| F|  |TAMS 0x000000070ee00000, 0x000000070ee00000| Untracked 
|  93|0x000000070f000000, 0x000000070f000000, 0x000000070f200000|  0%| F|  |TAMS 0x000000070f000000, 0x000000070f000000| Untracked 
|  94|0x000000070f200000, 0x000000070f200000, 0x000000070f400000|  0%| F|  |TAMS 0x000000070f200000, 0x000000070f200000| Untracked 
|  95|0x000000070f400000, 0x000000070f400000, 0x000000070f600000|  0%| F|  |TAMS 0x000000070f400000, 0x000000070f400000| Untracked 
|  96|0x000000070f600000, 0x000000070f600000, 0x000000070f800000|  0%| F|  |TAMS 0x000000070f600000, 0x000000070f600000| Untracked 
|  97|0x000000070f800000, 0x000000070f800000, 0x000000070fa00000|  0%| F|  |TAMS 0x000000070f800000, 0x000000070f800000| Untracked 
|  98|0x000000070fa00000, 0x000000070fa00000, 0x000000070fc00000|  0%| F|  |TAMS 0x000000070fa00000, 0x000000070fa00000| Untracked 
|  99|0x000000070fc00000, 0x000000070fc00000, 0x000000070fe00000|  0%| F|  |TAMS 0x000000070fc00000, 0x000000070fc00000| Untracked 
| 100|0x000000070fe00000, 0x000000070fe00000, 0x0000000710000000|  0%| F|  |TAMS 0x000000070fe00000, 0x000000070fe00000| Untracked 
| 101|0x0000000710000000, 0x0000000710000000, 0x0000000710200000|  0%| F|  |TAMS 0x0000000710000000, 0x0000000710000000| Untracked 
| 102|0x0000000710200000, 0x0000000710200000, 0x0000000710400000|  0%| F|  |TAMS 0x0000000710200000, 0x0000000710200000| Untracked 
| 103|0x0000000710400000, 0x0000000710400000, 0x0000000710600000|  0%| F|  |TAMS 0x0000000710400000, 0x0000000710400000| Untracked 
| 104|0x0000000710600000, 0x0000000710600000, 0x0000000710800000|  0%| F|  |TAMS 0x0000000710600000, 0x0000000710600000| Untracked 
| 105|0x0000000710800000, 0x0000000710800000, 0x0000000710a00000|  0%| F|  |TAMS 0x0000000710800000, 0x0000000710800000| Untracked 
| 106|0x0000000710a00000, 0x0000000710a00000, 0x0000000710c00000|  0%| F|  |TAMS 0x0000000710a00000, 0x0000000710a00000| Untracked 
| 107|0x0000000710c00000, 0x0000000710c00000, 0x0000000710e00000|  0%| F|  |TAMS 0x0000000710c00000, 0x0000000710c00000| Untracked 
| 108|0x0000000710e00000, 0x0000000710e00000, 0x0000000711000000|  0%| F|  |TAMS 0x0000000710e00000, 0x0000000710e00000| Untracked 
| 109|0x0000000711000000, 0x0000000711000000, 0x0000000711200000|  0%| F|  |TAMS 0x0000000711000000, 0x0000000711000000| Untracked 
| 110|0x0000000711200000, 0x0000000711200000, 0x0000000711400000|  0%| F|  |TAMS 0x0000000711200000, 0x0000000711200000| Untracked 
| 111|0x0000000711400000, 0x0000000711400000, 0x0000000711600000|  0%| F|  |TAMS 0x0000000711400000, 0x0000000711400000| Untracked 
| 112|0x0000000711600000, 0x0000000711600000, 0x0000000711800000|  0%| F|  |TAMS 0x0000000711600000, 0x0000000711600000| Untracked 
| 113|0x0000000711800000, 0x0000000711800000, 0x0000000711a00000|  0%| F|  |TAMS 0x0000000711800000, 0x0000000711800000| Untracked 
| 114|0x0000000711a00000, 0x0000000711aaa010, 0x0000000711c00000| 33%| S|CS|TAMS 0x0000000711a00000, 0x0000000711a00000| Complete 
| 115|0x0000000711c00000, 0x0000000711e00000, 0x0000000711e00000|100%| S|CS|TAMS 0x0000000711c00000, 0x0000000711c00000| Complete 
| 116|0x0000000711e00000, 0x0000000711e00000, 0x0000000712000000|  0%| F|  |TAMS 0x0000000711e00000, 0x0000000711e00000| Untracked 
| 117|0x0000000712000000, 0x0000000712000000, 0x0000000712200000|  0%| F|  |TAMS 0x0000000712000000, 0x0000000712000000| Untracked 
| 118|0x0000000712200000, 0x0000000712200000, 0x0000000712400000|  0%| F|  |TAMS 0x0000000712200000, 0x0000000712200000| Untracked 
| 119|0x0000000712400000, 0x0000000712400000, 0x0000000712600000|  0%| F|  |TAMS 0x0000000712400000, 0x0000000712400000| Untracked 
| 120|0x0000000712600000, 0x000000071273af18, 0x0000000712800000| 61%| E|  |TAMS 0x0000000712600000, 0x0000000712600000| Complete 
| 121|0x0000000712800000, 0x0000000712a00000, 0x0000000712a00000|100%| E|CS|TAMS 0x0000000712800000, 0x0000000712800000| Complete 
| 122|0x0000000712a00000, 0x0000000712c00000, 0x0000000712c00000|100%| E|CS|TAMS 0x0000000712a00000, 0x0000000712a00000| Complete 
| 123|0x0000000712c00000, 0x0000000712e00000, 0x0000000712e00000|100%| E|CS|TAMS 0x0000000712c00000, 0x0000000712c00000| Complete 
| 124|0x0000000712e00000, 0x0000000713000000, 0x0000000713000000|100%| E|CS|TAMS 0x0000000712e00000, 0x0000000712e00000| Complete 
| 125|0x0000000713000000, 0x0000000713200000, 0x0000000713200000|100%| E|CS|TAMS 0x0000000713000000, 0x0000000713000000| Complete 
| 126|0x0000000713200000, 0x0000000713400000, 0x0000000713400000|100%| E|CS|TAMS 0x0000000713200000, 0x0000000713200000| Complete 

Card table byte_map: [0x00000231ba2f0000,0x00000231baae0000] _byte_map_base: 0x00000231b6ad5000

Marking Bits (Prev, Next): (CMBitMap*) 0x00000231a10b5310, (CMBitMap*) 0x00000231a10b5350
 Prev Bits: [0x00000231bb2d0000, 0x00000231bf1f8000)
 Next Bits: [0x00000231bf200000, 0x00000231c3128000)

Polling page: 0x00000231a1140000

Metaspace:

Usage:
  Non-class:      9.17 MB used.
      Class:      1.21 MB used.
       Both:     10.38 MB used.

Virtual space:
  Non-class space:       16.00 MB reserved,       9.25 MB ( 58%) committed,  2 nodes.
      Class space:        1.00 GB reserved,       1.31 MB ( <1%) committed,  1 nodes.
             Both:        1.02 GB reserved,      10.56 MB (  1%) committed. 

Chunk freelists:
   Non-Class:  2.47 MB
       Class:  2.73 MB
        Both:  5.20 MB

MaxMetaspaceSize: unlimited
CompressedClassSpaceSize: 1.00 GB
Initial GC threshold: 21.00 MB
Current GC threshold: 21.00 MB
CDS: on
MetaspaceReclaimPolicy: balanced
 - commit_granule_bytes: 65536.
 - commit_granule_words: 8192.
 - virtual_space_node_default_size: 1048576.
 - enlarge_chunks_in_place: 1.
 - new_chunks_are_fully_committed: 0.
 - uncommit_free_chunks: 1.
 - use_allocation_guard: 0.
 - handle_deallocations: 1.


Internal statistics:

num_allocs_failed_limit: 0.
num_arena_births: 118.
num_arena_deaths: 0.
num_vsnodes_births: 3.
num_vsnodes_deaths: 0.
num_space_committed: 169.
num_space_uncommitted: 0.
num_chunks_returned_to_freelist: 0.
num_chunks_taken_from_freelist: 178.
num_chunk_merges: 0.
num_chunk_splits: 100.
num_chunks_enlarged: 36.
num_purges: 0.
num_inconsistent_stats: 0.

CodeHeap 'non-profiled nmethods': size=120000Kb used=373Kb max_used=373Kb free=119626Kb
 bounds [0x00000231b1b60000, 0x00000231b1dd0000, 0x00000231b9090000]
CodeHeap 'profiled nmethods': size=120000Kb used=2390Kb max_used=2390Kb free=117609Kb
 bounds [0x00000231aa630000, 0x00000231aa8a0000, 0x00000231b1b60000]
CodeHeap 'non-nmethods': size=5760Kb used=1289Kb max_used=1307Kb free=4470Kb
 bounds [0x00000231aa090000, 0x00000231aa300000, 0x00000231aa630000]
 total_blobs=1969 nmethods=1364 adapters=518
 compilation: enabled
              stopped_count=0, restarted_count=0
 full_count=0

Compilation events (20 events):
Event: 8.257 Thread 0x00000231c5c1cad0 1344       3       java.lang.ref.Reference::enqueueFromPending (19 bytes)
Event: 8.257 Thread 0x00000231c5c1cad0 nmethod 1344 0x00000231aa87bd10 code [0x00000231aa87bec0, 0x00000231aa87c0e8]
Event: 8.258 Thread 0x00000231c5c1cad0 1345   !   3       java.lang.ref.ReferenceQueue::enqueue (119 bytes)
Event: 8.258 Thread 0x00000231c6831620 nmethod 1336 0x00000231b1bb4990 code [0x00000231b1bb4b20, 0x00000231b1bb4e58]
Event: 8.258 Thread 0x00000231c6831620 1337  s    4       graphics.ZooPanel::manageZoo (247 bytes)
Event: 8.258 Thread 0x00000231c5c1cad0 nmethod 1345 0x00000231aa87c190 code [0x00000231aa87c380, 0x00000231aa87ca88]
Event: 8.259 Thread 0x00000231c5c1cad0 1346       3       java.lang.ref.Reference::clear (5 bytes)
Event: 8.259 Thread 0x00000231c5c1cad0 nmethod 1346 0x00000231aa87cc90 code [0x00000231aa87ce20, 0x00000231aa87cf68]
Event: 8.259 Thread 0x00000231c5c1cad0 1347   !   3       java.lang.ref.ReferenceQueue::remove (125 bytes)
Event: 8.260 Thread 0x00000231c5c1cad0 nmethod 1347 0x00000231aa87d010 code [0x00000231aa87d220, 0x00000231aa87d9b8]
Event: 8.260 Thread 0x00000231c5c1cad0 1348       1       java.awt.image.DataBuffer::getOffset (5 bytes)
Event: 8.260 Thread 0x00000231c5c1cad0 nmethod 1348 0x00000231b1bb5110 code [0x00000231b1bb52a0, 0x00000231b1bb5378]
Event: 8.262 Thread 0x00000231c5c1cad0 1350       3       sun.java2d.pipe.ValidatePipe::fillRect (25 bytes)
Event: 8.264 Thread 0x00000231c5c1cad0 nmethod 1350 0x00000231aa87dd10 code [0x00000231aa87df00, 0x00000231aa87e408]
Event: 8.265 Thread 0x00000231c5c1cad0 1351  s    3       sun.java2d.loops.RenderCache::get (100 bytes)
Event: 8.267 Thread 0x00000231c5c1cad0 nmethod 1351 0x00000231aa87e610 code [0x00000231aa87e800, 0x00000231aa87efe8]
Event: 8.270 Thread 0x00000231c5c1cad0 1352       3       java.util.HashMap::<init> (11 bytes)
Event: 8.270 Thread 0x00000231c5c1cad0 nmethod 1352 0x00000231aa87f290 code [0x00000231aa87f440, 0x00000231aa87f618]
Event: 8.273 Thread 0x00000231c5c1cad0 1353       3       sun.java2d.SunGraphics2D::getCompClip (19 bytes)
Event: 8.274 Thread 0x00000231c5c1cad0 nmethod 1353 0x00000231aa87f710 code [0x00000231aa87f8c0, 0x00000231aa87fa88]

GC Heap History (2 events):
Event: 8.244 GC heap before
{Heap before GC invocations=0 (full 0):
 garbage-first heap   total 260096K, used 34816K [0x0000000703600000, 0x0000000800000000)
  region size 2048K, 11 young (22528K), 0 survivors (0K)
 Metaspace       used 10609K, committed 10816K, reserved 1064960K
  class space    used 1238K, committed 1344K, reserved 1048576K
}
Event: 8.256 GC heap after
{Heap after GC invocations=1 (full 0):
 garbage-first heap   total 260096K, used 15016K [0x0000000703600000, 0x0000000800000000)
  region size 2048K, 2 young (4096K), 2 survivors (4096K)
 Metaspace       used 10609K, committed 10816K, reserved 1064960K
  class space    used 1238K, committed 1344K, reserved 1048576K
}

Deoptimization events (20 events):
Event: 8.177 Thread 0x00000231c690f550 Uncommon trap: trap_request=0xffffff45 fr.pc=0x00000231b1b845c4 relative=0x00000000000001c4
Event: 8.177 Thread 0x00000231c690f550 Uncommon trap: reason=unstable_if action=reinterpret pc=0x00000231b1b845c4 method=graphics.ZooPanel.isChange()Z @ 36 c2
Event: 8.177 Thread 0x00000231c690f550 DEOPT PACKING pc=0x00000231b1b845c4 sp=0x00000098bb1ff0b0
Event: 8.177 Thread 0x00000231c690f550 DEOPT UNPACKING pc=0x00000231aa0e5c23 sp=0x00000098bb1fef88 mode 2
Event: 8.177 Thread 0x00000231c690f550 Uncommon trap: trap_request=0xffffff45 fr.pc=0x00000231b1b82e10 relative=0x0000000000000190
Event: 8.177 Thread 0x00000231c690f550 Uncommon trap: reason=unstable_if action=reinterpret pc=0x00000231b1b82e10 method=graphics.ZooPanel.isChange()Z @ 36 c2
Event: 8.177 Thread 0x00000231c690f550 DEOPT PACKING pc=0x00000231b1b82e10 sp=0x00000098bb1ff040
Event: 8.177 Thread 0x00000231c690f550 DEOPT UNPACKING pc=0x00000231aa0e5c23 sp=0x00000098bb1fef78 mode 2
Event: 8.177 Thread 0x00000231c690f550 Uncommon trap: trap_request=0xffffff45 fr.pc=0x00000231b1b83178 relative=0x0000000000000078
Event: 8.177 Thread 0x00000231c690f550 Uncommon trap: reason=unstable_if action=reinterpret pc=0x00000231b1b83178 method=graphics.ZooPanel.isChange()Z @ 36 c2
Event: 8.177 Thread 0x00000231c690f550 DEOPT PACKING pc=0x00000231b1b83178 sp=0x00000098bb1feff0
Event: 8.177 Thread 0x00000231c690f550 DEOPT UNPACKING pc=0x00000231aa0e5c23 sp=0x00000098bb1fef80 mode 2
Event: 8.203 Thread 0x00000231c690f550 Uncommon trap: trap_request=0xffffff45 fr.pc=0x00000231b1bb1d50 relative=0x00000000000002b0
Event: 8.203 Thread 0x00000231c690f550 Uncommon trap: reason=unstable_if action=reinterpret pc=0x00000231b1bb1d50 method=graphics.ZooPanel.isChange()Z @ 25 c2
Event: 8.203 Thread 0x00000231c690f550 DEOPT PACKING pc=0x00000231b1bb1d50 sp=0x00000098bb1fef60
Event: 8.203 Thread 0x00000231c690f550 DEOPT UNPACKING pc=0x00000231aa0e5c23 sp=0x00000098bb1feef8 mode 2
Event: 8.213 Thread 0x00000231c690f550 Uncommon trap: trap_request=0xffffff45 fr.pc=0x00000231b1bb2690 relative=0x00000000000003f0
Event: 8.213 Thread 0x00000231c690f550 Uncommon trap: reason=unstable_if action=reinterpret pc=0x00000231b1bb2690 method=graphics.ZooPanel.isChange()Z @ 25 c2
Event: 8.213 Thread 0x00000231c690f550 DEOPT PACKING pc=0x00000231b1bb2690 sp=0x00000098bb1ff030
Event: 8.213 Thread 0x00000231c690f550 DEOPT UNPACKING pc=0x00000231aa0e5c23 sp=0x00000098bb1fef70 mode 2

Classes unloaded (0 events):
No events

Classes redefined (0 events):
No events

Internal exceptions (20 events):
Event: 0.225 Thread 0x00000231a10640e0 Exception <a 'java/lang/NoSuchMethodError'{0x0000000713079828}: 'java.lang.Object java.lang.invoke.DirectMethodHandle$Holder.invokeStaticInit(java.lang.Object)'> (0x0000000713079828) 
thrown [t:\workspace\open\src\hotspot\share\interpreter\linkResolver.cpp, line 766]
Event: 0.256 Thread 0x00000231a10640e0 Exception <a 'java/lang/NoSuchMethodError'{0x00000007130c3408}: 'void java.lang.invoke.DirectMethodHandle$Holder.invokeSpecial(java.lang.Object, java.lang.Object, java.lang.Object)'> (0x00000007130c3408) 
thrown [t:\workspace\open\src\hotspot\share\interpreter\linkResolver.cpp, line 766]
Event: 0.262 Thread 0x00000231a10640e0 Exception <a 'java/lang/NoSuchMethodError'{0x000000071315e220}: 'java.lang.Object java.lang.invoke.DirectMethodHandle$Holder.newInvokeSpecial(java.lang.Object, java.lang.Object, java.lang.Object, java.lang.Object, java.lang.Object)'> (0x000000071315e220) 
thrown [t:\workspace\open\src\hotspot\share\interpreter\linkResolver.cpp, line 766]
Event: 0.263 Thread 0x00000231a10640e0 Exception <a 'java/lang/NoSuchMethodError'{0x0000000713169be8}: 'java.lang.Object java.lang.invoke.DirectMethodHandle$Holder.invokeStatic(java.lang.Object, int, java.lang.Object, java.lang.Object, java.lang.Object, java.lang.Object)'> (0x0000000713169be8) 
thrown [t:\workspace\open\src\hotspot\share\interpreter\linkResolver.cpp, line 766]
Event: 0.268 Thread 0x00000231a10640e0 Exception <a 'java/lang/NoSuchMethodError'{0x000000071318f3a8}: 'java.lang.Object java.lang.invoke.DirectMethodHandle$Holder.invokeStatic(java.lang.Object, int, java.lang.Object)'> (0x000000071318f3a8) 
thrown [t:\workspace\open\src\hotspot\share\interpreter\linkResolver.cpp, line 766]
Event: 0.298 Thread 0x00000231a10640e0 Exception <a 'java/lang/ClassNotFoundException'{0x0000000712e47410}: com/sun/swing/internal/plaf/metal/resources/spi/metalProvider> (0x0000000712e47410) 
thrown [t:\workspace\open\src\hotspot\share\classfile\systemDictionary.cpp, line 256]
Event: 0.299 Thread 0x00000231a10640e0 Exception <a 'java/lang/ClassNotFoundException'{0x0000000712e4b298}: com/sun/swing/internal/plaf/basic/resources/spi/basicProvider> (0x0000000712e4b298) 
thrown [t:\workspace\open\src\hotspot\share\classfile\systemDictionary.cpp, line 256]
Event: 0.397 Thread 0x00000231c690e210 Exception <a 'java/lang/NoSuchMethodError'{0x00000007128f1db8}: 'java.lang.Object java.lang.invoke.DirectMethodHandle$Holder.newInvokeSpecial(java.lang.Object, java.lang.Object, java.lang.Object, int, int, int, int, int)'> (0x00000007128f1db8) 
thrown [t:\workspace\open\src\hotspot\share\interpreter\linkResolver.cpp, line 766]
Event: 0.426 Thread 0x00000231c690f080 Exception <a 'java/lang/NoSuchMethodError'{0x00000007130f12c8}: 'void java.lang.invoke.DirectMethodHandle$Holder.invokeVirtual(java.lang.Object, java.lang.Object)'> (0x00000007130f12c8) 
thrown [t:\workspace\open\src\hotspot\share\interpreter\linkResolver.cpp, line 766]
Event: 0.442 Thread 0x00000231a10640e0 Exception <a 'java/lang/NoSuchMethodError'{0x0000000712b26750}: 'void java.lang.invoke.DirectMethodHandle$Holder.invokeStaticInit(java.lang.Object)'> (0x0000000712b26750) 
thrown [t:\workspace\open\src\hotspot\share\interpreter\linkResolver.cpp, line 766]
Event: 0.592 Thread 0x00000231c690e6e0 Exception <a 'java/lang/NullPointerException'{0x00000007129a2fa8}> (0x00000007129a2fa8) 
thrown [t:\workspace\open\src\hotspot\share\interpreter\linkResolver.cpp, line 1357]
Event: 2.103 Thread 0x00000231c690e6e0 Exception <a 'java/lang/NoSuchMethodError'{0x00000007127bbf20}: 'int java.lang.invoke.DirectMethodHandle$Holder.invokeStatic(java.lang.Object)'> (0x00000007127bbf20) 
thrown [t:\workspace\open\src\hotspot\share\interpreter\linkResolver.cpp, line 766]
Event: 8.191 Thread 0x00000231c690e6e0 Exception <a 'java/lang/NullPointerException'{0x0000000712286430}> (0x0000000712286430) 
thrown [t:\workspace\open\src\hotspot\share\interpreter\linkResolver.cpp, line 1357]
Event: 8.206 Thread 0x00000231c690e6e0 Exception <a 'java/lang/NullPointerException'{0x00000007122a4d80}> (0x00000007122a4d80) 
thrown [t:\workspace\open\src\hotspot\share\interpreter\linkResolver.cpp, line 1357]
Event: 8.214 Thread 0x00000231c690e6e0 Exception <a 'java/lang/NullPointerException'{0x00000007122a5cf8}> (0x00000007122a5cf8) 
thrown [t:\workspace\open\src\hotspot\share\interpreter\linkResolver.cpp, line 1357]
Event: 8.220 Thread 0x00000231c690e6e0 Exception <a 'java/lang/NullPointerException'{0x00000007122a6c70}> (0x00000007122a6c70) 
thrown [t:\workspace\open\src\hotspot\share\interpreter\linkResolver.cpp, line 1357]
Event: 8.226 Thread 0x00000231c690e6e0 Exception <a 'java/lang/NullPointerException'{0x00000007122a7ea8}> (0x00000007122a7ea8) 
thrown [t:\workspace\open\src\hotspot\share\interpreter\linkResolver.cpp, line 1357]
Event: 8.238 Thread 0x00000231c690e6e0 Exception <a 'java/lang/NullPointerException'{0x00000007122a9400}> (0x00000007122a9400) 
thrown [t:\workspace\open\src\hotspot\share\interpreter\linkResolver.cpp, line 1357]
Event: 8.265 Thread 0x00000231c690e6e0 Exception <a 'java/lang/NullPointerException'{0x0000000713271870}> (0x0000000713271870) 
thrown [t:\workspace\open\src\hotspot\share\interpreter\linkResolver.cpp, line 1357]
Event: 8.272 Thread 0x00000231c690e6e0 Exception <a 'java/lang/NullPointerException'{0x00000007132727e8}> (0x00000007132727e8) 
thrown [t:\workspace\open\src\hotspot\share\interpreter\linkResolver.cpp, line 1357]

VM Operations (20 events):
Event: 2.047 Executing VM operation: HandshakeAllThreads
Event: 2.048 Executing VM operation: HandshakeAllThreads done
Event: 2.050 Executing VM operation: HandshakeAllThreads
Event: 2.050 Executing VM operation: HandshakeAllThreads done
Event: 2.062 Executing VM operation: HandshakeAllThreads
Event: 2.062 Executing VM operation: HandshakeAllThreads done
Event: 3.067 Executing VM operation: Cleanup
Event: 3.068 Executing VM operation: Cleanup done
Event: 3.537 Executing VM operation: HandshakeAllThreads
Event: 3.537 Executing VM operation: HandshakeAllThreads done
Event: 4.540 Executing VM operation: Cleanup
Event: 4.540 Executing VM operation: Cleanup done
Event: 5.552 Executing VM operation: Cleanup
Event: 5.552 Executing VM operation: Cleanup done
Event: 6.566 Executing VM operation: Cleanup
Event: 6.567 Executing VM operation: Cleanup done
Event: 7.567 Executing VM operation: Cleanup
Event: 7.568 Executing VM operation: Cleanup done
Event: 8.243 Executing VM operation: G1CollectForAllocation
Event: 8.256 Executing VM operation: G1CollectForAllocation done

Events (20 events):
Event: 8.154 loading class java/io/SequenceInputStream done
Event: 8.154 loading class com/sun/imageio/plugins/common/SubImageInputStream
Event: 8.154 loading class com/sun/imageio/plugins/common/SubImageInputStream done
Event: 8.154 loading class com/sun/imageio/plugins/common/InputStreamAdapter
Event: 8.155 loading class com/sun/imageio/plugins/common/InputStreamAdapter done
Event: 8.155 loading class javax/imageio/ImageTypeSpecifier$Packed
Event: 8.155 loading class javax/imageio/ImageTypeSpecifier$Packed done
Event: 8.155 loading class com/sun/imageio/plugins/common/ReaderUtil
Event: 8.155 loading class com/sun/imageio/plugins/common/ReaderUtil done
Event: 8.177 Thread 0x00000231c77bae40 Thread added: 0x00000231c77bae40
Event: 8.177 loading class java/awt/Window$1DisposeAction
Event: 8.177 loading class java/awt/Window$1DisposeAction done
Event: 8.177 loading class java/awt/KeyboardFocusManager$2
Event: 8.177 loading class java/awt/KeyboardFocusManager$2 done
Event: 8.177 loading class sun/awt/SunToolkit$1
Event: 8.177 loading class sun/awt/SunToolkit$1 done
Event: 8.179 Thread 0x00000231c6832dd0 Thread added: 0x00000231c6832dd0
Event: 8.189 loading class sun/awt/image/BufImgSurfaceManager
Event: 8.190 loading class sun/awt/image/BufImgSurfaceManager done
Event: 8.231 Thread 0x00000231c6831620 Thread added: 0x00000231c6831620


Dynamic libraries:
0x00007ff628bb0000 - 0x00007ff628bc0000 	C:\Program Files\Java\jdk-17.0.2\bin\javaw.exe
0x00007ffbcf3e0000 - 0x00007ffbcf5e9000 	C:\WINDOWS\SYSTEM32\ntdll.dll
0x00007ffb95400000 - 0x00007ffb95416000 	C:\Program Files\AVG\Antivirus\aswhook.dll
0x00007ffbce170000 - 0x00007ffbce22d000 	C:\WINDOWS\System32\KERNEL32.DLL
0x00007ffbccc90000 - 0x00007ffbcd004000 	C:\WINDOWS\System32\KERNELBASE.dll
0x00007ffbcd010000 - 0x00007ffbcd121000 	C:\WINDOWS\System32\ucrtbase.dll
0x00007ffbc8b10000 - 0x00007ffbc8b28000 	C:\Program Files\Java\jdk-17.0.2\bin\jli.dll
0x00007ffbad620000 - 0x00007ffbad63a000 	C:\Program Files\Java\jdk-17.0.2\bin\VCRUNTIME140.dll
0x00007ffbcead0000 - 0x00007ffbceb7e000 	C:\WINDOWS\System32\ADVAPI32.dll
0x00007ffbce230000 - 0x00007ffbce2d3000 	C:\WINDOWS\System32\msvcrt.dll
0x00007ffbcee90000 - 0x00007ffbcef2e000 	C:\WINDOWS\System32\sechost.dll
0x00007ffbcf070000 - 0x00007ffbcf190000 	C:\WINDOWS\System32\RPCRT4.dll
0x00007ffbcd5b0000 - 0x00007ffbcd75c000 	C:\WINDOWS\System32\USER32.dll
0x00007ffbcd130000 - 0x00007ffbcd156000 	C:\WINDOWS\System32\win32u.dll
0x00007ffbb0a60000 - 0x00007ffbb0d05000 	C:\WINDOWS\WinSxS\amd64_microsoft.windows.common-controls_6595b64144ccf1df_6.0.22000.120_none_9d947278b86cc467\COMCTL32.dll
0x00007ffbcd820000 - 0x00007ffbcd849000 	C:\WINDOWS\System32\GDI32.dll
0x00007ffbcd160000 - 0x00007ffbcd272000 	C:\WINDOWS\System32\gdi32full.dll
0x00007ffbcc990000 - 0x00007ffbcca2d000 	C:\WINDOWS\System32\msvcp_win.dll
0x00007ffbc26a0000 - 0x00007ffbc26aa000 	C:\WINDOWS\SYSTEM32\VERSION.dll
0x00007ffbcef40000 - 0x00007ffbcef71000 	C:\WINDOWS\System32\IMM32.DLL
0x00007ffbc8ae0000 - 0x00007ffbc8aec000 	C:\Program Files\Java\jdk-17.0.2\bin\vcruntime140_1.dll
0x00007ffba5590000 - 0x00007ffba561d000 	C:\Program Files\Java\jdk-17.0.2\bin\msvcp140.dll
0x00007ffb6eb70000 - 0x00007ffb6f731000 	C:\Program Files\Java\jdk-17.0.2\bin\server\jvm.dll
0x00007ffbcd850000 - 0x00007ffbcd858000 	C:\WINDOWS\System32\PSAPI.DLL
0x00007ffbc3890000 - 0x00007ffbc38c3000 	C:\WINDOWS\SYSTEM32\WINMM.dll
0x00007ffbaeb80000 - 0x00007ffbaeb89000 	C:\WINDOWS\SYSTEM32\WSOCK32.dll
0x00007ffbcd460000 - 0x00007ffbcd4cf000 	C:\WINDOWS\System32\WS2_32.dll
0x00007ffbcbac0000 - 0x00007ffbcbad8000 	C:\WINDOWS\SYSTEM32\kernel.appcore.dll
0x00007ffbc9a50000 - 0x00007ffbc9a5a000 	C:\Program Files\Java\jdk-17.0.2\bin\jimage.dll
0x00007ffbca570000 - 0x00007ffbca791000 	C:\WINDOWS\SYSTEM32\DBGHELP.DLL
0x00007ffbb5600000 - 0x00007ffbb5631000 	C:\WINDOWS\SYSTEM32\dbgcore.DLL
0x00007ffbcca30000 - 0x00007ffbccaaf000 	C:\WINDOWS\System32\bcryptPrimitives.dll
0x00007ffbc8b30000 - 0x00007ffbc8b55000 	C:\Program Files\Java\jdk-17.0.2\bin\java.dll
0x00007ffbab0d0000 - 0x00007ffbab1a6000 	C:\Program Files\Java\jdk-17.0.2\bin\jsvml.dll
0x00007ffbcd9a0000 - 0x00007ffbce14f000 	C:\WINDOWS\System32\SHELL32.dll
0x00007ffbcaa00000 - 0x00007ffbcb268000 	C:\WINDOWS\SYSTEM32\windows.storage.dll
0x00007ffbce750000 - 0x00007ffbceac8000 	C:\WINDOWS\System32\combase.dll
0x00007ffbca890000 - 0x00007ffbca9f6000 	C:\WINDOWS\SYSTEM32\wintypes.dll
0x00007ffbcef80000 - 0x00007ffbcf06a000 	C:\WINDOWS\System32\SHCORE.dll
0x00007ffbcd760000 - 0x00007ffbcd7bd000 	C:\WINDOWS\System32\shlwapi.dll
0x00007ffbcc800000 - 0x00007ffbcc821000 	C:\WINDOWS\SYSTEM32\profapi.dll
0x00007ffb82be0000 - 0x00007ffb82d6f000 	C:\Program Files\Java\jdk-17.0.2\bin\awt.dll
0x00007ffbcd4d0000 - 0x00007ffbcd5a6000 	C:\WINDOWS\System32\OLEAUT32.dll
0x00007ffbc9aa0000 - 0x00007ffbc9b31000 	C:\WINDOWS\SYSTEM32\apphelp.dll
0x00007ffbc9fb0000 - 0x00007ffbc9fdf000 	C:\WINDOWS\system32\DWMAPI.DLL
0x00007ffbc9c20000 - 0x00007ffbc9ccc000 	C:\WINDOWS\system32\uxtheme.dll
0x00007ffb8a530000 - 0x00007ffb8a631000 	C:\WINDOWS\system32\opengl32.dll
0x00007ffb8adf0000 - 0x00007ffb8ae1d000 	C:\WINDOWS\SYSTEM32\GLU32.dll
0x00007ffbc9d30000 - 0x00007ffbc9d68000 	C:\WINDOWS\SYSTEM32\dxcore.dll
0x00007ffbcec00000 - 0x00007ffbced1e000 	C:\WINDOWS\System32\MSCTF.dll
0x00007ffbcf200000 - 0x00007ffbcf39a000 	C:\WINDOWS\System32\ole32.dll
0x00007ffba54b0000 - 0x00007ffba54dd000 	C:\Program Files\Java\jdk-17.0.2\bin\javajpeg.dll
0x00007ffbaec40000 - 0x00007ffbaec58000 	C:\Program Files\Java\jdk-17.0.2\bin\zip.dll
0x00007ffba53c0000 - 0x00007ffba5449000 	C:\Program Files\Java\jdk-17.0.2\bin\freetype.dll
0x00007ffb91120000 - 0x00007ffb911c8000 	C:\Program Files\Java\jdk-17.0.2\bin\fontmanager.dll
0x00007ffbaec80000 - 0x00007ffbaec99000 	C:\Program Files\Java\jdk-17.0.2\bin\net.dll
0x00007ffbc16f0000 - 0x00007ffbc17fc000 	C:\WINDOWS\SYSTEM32\WINHTTP.dll
0x00007ffbcbef0000 - 0x00007ffbcbf57000 	C:\WINDOWS\system32\mswsock.dll
0x00007ffbaec60000 - 0x00007ffbaec76000 	C:\Program Files\Java\jdk-17.0.2\bin\nio.dll
0x00007ffbb1bc0000 - 0x00007ffbb1ced000 	C:\WINDOWS\SYSTEM32\textinputframework.dll
0x00007ffbc96b0000 - 0x00007ffbc97e2000 	C:\WINDOWS\SYSTEM32\CoreMessaging.dll
0x00007ffbc3060000 - 0x00007ffbc33cd000 	C:\WINDOWS\SYSTEM32\CoreUIComponents.dll
0x00007ffbcc150000 - 0x00007ffbcc15c000 	C:\WINDOWS\SYSTEM32\CRYPTBASE.DLL
0x00007ffbcd8f0000 - 0x00007ffbcd99f000 	C:\WINDOWS\System32\clbcatq.dll
0x00007ffbc13f0000 - 0x00007ffbc159e000 	C:\WINDOWS\SYSTEM32\WindowsCodecs.dll
0x00007ffb86580000 - 0x00007ffb865dd000 	C:\WINDOWS\system32\dataexchange.dll
0x00007ffbc0ae0000 - 0x00007ffbc0d46000 	C:\WINDOWS\system32\twinapi.appcore.dll

dbghelp: loaded successfully - version: 4.0.5 - missing functions: none
symbol engine: initialized successfully - sym options: 0x614 - pdb path: .;C:\Program Files\Java\jdk-17.0.2\bin;C:\WINDOWS\SYSTEM32;C:\Program Files\AVG\Antivirus;C:\WINDOWS\WinSxS\amd64_microsoft.windows.common-controls_6595b64144ccf1df_6.0.22000.120_none_9d947278b86cc467;C:\Program Files\Java\jdk-17.0.2\bin\server

VM Arguments:
jvm_args: -Dfile.encoding=Cp1255 -XX:+ShowCodeDetailsInExceptionMessages 
java_command: graphics.ZooFrame
java_class_path (initial): C:\Users\omerh\OneDrive\ \  \ \  \Home Work\HW1\HW1\bin
Launcher Type: SUN_STANDARD

[Global flags]
     intx CICompilerCount                          = 4                                         {product} {ergonomic}
     uint ConcGCThreads                            = 2                                         {product} {ergonomic}
     uint G1ConcRefinementThreads                  = 8                                         {product} {ergonomic}
   size_t G1HeapRegionSize                         = 2097152                                   {product} {ergonomic}
    uintx GCDrainStackTargetSize                   = 64                                        {product} {ergonomic}
   size_t InitialHeapSize                          = 266338304                                 {product} {ergonomic}
   size_t MarkStackSize                            = 4194304                                   {product} {ergonomic}
   size_t MaxHeapSize                              = 4238344192                                {product} {ergonomic}
   size_t MaxNewSize                               = 2541748224                                {product} {ergonomic}
   size_t MinHeapDeltaBytes                        = 2097152                                   {product} {ergonomic}
   size_t MinHeapSize                              = 8388608                                   {product} {ergonomic}
    uintx NonNMethodCodeHeapSize                   = 5839372                                {pd product} {ergonomic}
    uintx NonProfiledCodeHeapSize                  = 122909434                              {pd product} {ergonomic}
    uintx ProfiledCodeHeapSize                     = 122909434                              {pd product} {ergonomic}
    uintx ReservedCodeCacheSize                    = 251658240                              {pd product} {ergonomic}
     bool SegmentedCodeCache                       = true                                      {product} {ergonomic}
     bool ShowCodeDetailsInExceptionMessages       = true                                   {manageable} {command line}
   size_t SoftMaxHeapSize                          = 4238344192                             {manageable} {ergonomic}
     bool UseCompressedClassPointers               = true                           {product lp64_product} {ergonomic}
     bool UseCompressedOops                        = true                           {product lp64_product} {ergonomic}
     bool UseG1GC                                  = true                                      {product} {ergonomic}
     bool UseLargePagesIndividualAllocation        = false                                  {pd product} {ergonomic}

Logging:
Log output configuration:
 #0: stdout all=warning uptime,level,tags
 #1: stderr all=off uptime,level,tags

Environment Variables:
PATH=C:/Program Files/Java/jdk-17.0.2/bin/server;C:/Program Files/Java/jdk-17.0.2/bin;C:\Program Files\Common Files\Oracle\Java\javapath;C:\Program Files (x86)\Common Files\Oracle\Java\javapath;C:\windows\system32;C:\windows;C:\windows\System32\Wbem;C:\windows\System32\WindowsPowerShell\v1.0\;C:\windows\System32\OpenSSH\;C:\Program Files (x86)\NVIDIA Corporation\PhysX\Common;C:\Program Files\NVIDIA Corporation\NVIDIA NvDLISR;C:\WINDOWS\system32;C:\WINDOWS;C:\WINDOWS\System32\Wbem;C:\WINDOWS\System32\WindowsPowerShell\v1.0\;C:\WINDOWS\System32\OpenSSH\;C:\Program Files\Git\cmd;C:\Users\omerh\AppData\Local\Microsoft\WindowsApps;C:\Users\omerh\AppData\Local\GitHubDesktop\bin;C:\Users\omerh\AppData\Local\gitkraken\bin;C:\Users\omerh\OneDrive\ ;
USERNAME=omerh
OS=Windows_NT
PROCESSOR_IDENTIFIER=Intel64 Family 6 Model 126 Stepping 5, GenuineIntel



---------------  S Y S T E M  ---------------

OS:
 Windows 11 , 64 bit Build 22000 (10.0.22000.613)
OS uptime: 0 days 6:37 hours

CPU: total 8 (initial active 8) (4 cores per cpu, 2 threads per core) family 6 model 126 stepping 5 microcode 0xa0, cx8, cmov, fxsr, ht, mmx, 3dnowpref, sse, sse2, sse3, ssse3, sse4.1, sse4.2, popcnt, lzcnt, tsc, tscinvbit, avx, avx2, aes, erms, clmul, bmi1, bmi2, adx, avx512f, avx512dq, avx512cd, avx512bw, avx512vl, sha, fma, vzeroupper, avx512_vpopcntdq, avx512_vpclmulqdq, avx512_vaes, avx512_vnni, clflush, clflushopt, avx512_vbmi2, avx512_vbmi

Memory: 4k page, system-wide physical 16161M (9685M free)
TotalPageFile size 18593M (AvailPageFile size 8109M)
current process WorkingSet (physical memory assigned to process): 104M, peak: 104M
current process commit charge ("private bytes"): 374M, peak: 374M

vm_info: Java HotSpot(TM) 64-Bit Server VM (17.0.2+8-LTS-86) for windows-amd64 JRE (17.0.2+8-LTS-86), built on Dec  7 2021 21:51:03 by "mach5one" with MS VC++ 16.8 / 16.9 (VS2019)

END.
