#
# A fatal error has been detected by the Java Runtime Environment:
#
#  EXCEPTION_ACCESS_VIOLATION (0xc0000005) at pc=0x00007ffa49f3a762, pid=415636, tid=298076
#
# JRE version: Java(TM) SE Runtime Environment (17.0.2+8) (build 17.0.2+8-LTS-86)
# Java VM: Java HotSpot(TM) 64-Bit Server VM (17.0.2+8-LTS-86, mixed mode, sharing, tiered, compressed oops, compressed class ptrs, g1 gc, windows-amd64)
# Problematic frame:
# V  [jvm.dll+0x57a762]
#
# No core dump will be written. Minidumps are not enabled by default on client versions of Windows
#
# If you would like to submit a bug report, please visit:
#   https://bugreport.java.com/bugreport/crash.jsp
#

---------------  S U M M A R Y ------------

Command Line: -Dfile.encoding=Cp1255 -XX:+ShowCodeDetailsInExceptionMessages graphics.ZooFrame

Host: Intel(R) Core(TM) i7-1065G7 CPU @ 1.30GHz, 8 cores, 15G,  Windows 11 , 64 bit Build 22000 (10.0.22000.675)
Time: Sun May 22 11:36:32 2022  Windows 11 , 64 bit Build 22000 (10.0.22000.675) elapsed time: 17.626699 seconds (0d 0h 0m 17s)

---------------  T H R E A D  ---------------

Current thread (0x000002376073e660):  JavaThread "C2 CompilerThread2" daemon [_thread_in_native, id=298076, stack(0x0000006d24200000,0x0000006d24300000)]


Current CompileTask:
C2:  17626 1367  s    4       graphics.ZooPanel::manageZoo (296 bytes)

Stack: [0x0000006d24200000,0x0000006d24300000],  sp=0x0000006d242fa880,  free space=1002k
Native frames: (J=compiled Java code, j=interpreted, Vv=VM code, C=native code)
V  [jvm.dll+0x57a762]
V  [jvm.dll+0x57a484]
V  [jvm.dll+0x5796f8]
V  [jvm.dll+0x21de3d]
V  [jvm.dll+0x21e21f]
V  [jvm.dll+0x217ae5]
V  [jvm.dll+0x214fab]
V  [jvm.dll+0x1a1bbd]
V  [jvm.dll+0x224908]
V  [jvm.dll+0x222a6c]
V  [jvm.dll+0x7859bb]
V  [jvm.dll+0x77ff7a]
V  [jvm.dll+0x66fa35]
C  [ucrtbase.dll+0x26c0c]
C  [KERNEL32.DLL+0x154e0]
C  [ntdll.dll+0x485b]


siginfo: EXCEPTION_ACCESS_VIOLATION (0xc0000005), reading address 0x0000000000000008


Register to memory mapping:

RIP=0x00007ffa49f3a762 jvm.dll
RAX=0x00000237607076a0 points into unknown readable memory: 0x0000000000000000 | 00 00 00 00 00 00 00 00
RBX=0x0 is NULL
RCX=0x0 is NULL
RDX=0x0000000000001000 is an unknown value
RSP=0x0000006d242fa880 is pointing into the stack for thread: 0x000002376073e660
RBP=0x00000237606ea1e0 points into unknown readable memory: 0x0000000000000000 | 00 00 00 00 00 00 00 00
RSI=0x000002376038cbb0 points into unknown readable memory: 0x00007ffa4a273058 | 58 30 27 4a fa 7f 00 00
RDI=0x0000006d242faca0 is pointing into the stack for thread: 0x000002376073e660
R8 =0x00000237607076a0 points into unknown readable memory: 0x0000000000000000 | 00 00 00 00 00 00 00 00
R9 =0x0 is NULL
R10=0xfefefefefefefeff is an unknown value
R11=0x8080808080808080 is an unknown value
R12=0x0000006d242fa970 is pointing into the stack for thread: 0x000002376073e660
R13=0x0000006d242fa950 is pointing into the stack for thread: 0x000002376073e660
R14=0x0000023760413e80 points into unknown readable memory: 0x00007ffa4a26eb10 | 10 eb 26 4a fa 7f 00 00
R15=0x0000023760412410 points into unknown readable memory: 0x00007ffa4a273128 | 28 31 27 4a fa 7f 00 00


Registers:
RAX=0x00000237607076a0, RBX=0x0000000000000000, RCX=0x0000000000000000, RDX=0x0000000000001000
RSP=0x0000006d242fa880, RBP=0x00000237606ea1e0, RSI=0x000002376038cbb0, RDI=0x0000006d242faca0
R8 =0x00000237607076a0, R9 =0x0000000000000000, R10=0xfefefefefefefeff, R11=0x8080808080808080
R12=0x0000006d242fa970, R13=0x0000006d242fa950, R14=0x0000023760413e80, R15=0x0000023760412410
RIP=0x00007ffa49f3a762, EFLAGS=0x0000000000010283

Top of Stack: (sp=0x0000006d242fa880)
0x0000006d242fa880:   0000000000000143 0000006d242faca0
0x0000006d242fa890:   0000000000000001 000002376038c188
0x0000006d242fa8a0:   0000000000000001 0000006d242fa990
0x0000006d242fa8b0:   000002375f4584f0 00007ffa49f3a484
0x0000006d242fa8c0:   0000000000000002 0000000000000143
0x0000006d242fa8d0:   0000023760413e80 0000023700000001
0x0000006d242fa8e0:   0000000000000000 000002376034c3d8
0x0000006d242fa8f0:   0000023760731e88 0000006d242faa20
0x0000006d242fa900:   0000000000028300 0000023739cba330
0x0000006d242fa910:   0000000000000001 00007ffa49f396f8
0x0000006d242fa920:   0000006d242faca0 0000006d242faca0
0x0000006d242fa930:   0000023700000001 0000006d242fa990
0x0000006d242fa940:   0000000000000001 00000237605f4e20
0x0000006d242fa950:   00000237602f89e0 0000000000000200
0x0000006d242fa960:   0000023760490a00 0000000000000144
0x0000006d242fa970:   0000000000000080 0000023760994170 

Instructions: (pc=0x00007ffa49f3a762)
0x00007ffa49f3a662:   8b 5e 28 3b 5f 28 72 0b 8b d3 48 8d 4f 20 e8 9b
0x00007ffa49f3a672:   4c 0d 00 48 8b 47 30 48 c7 04 d8 00 00 00 00 48
0x00007ffa49f3a682:   83 c4 20 41 5e 5f 5b c3 49 8b d6 4c 89 7c 24 50
0x00007ffa49f3a692:   48 8b cf e8 36 d0 fe ff 45 33 c9 4c 8b c0 49 8b
0x00007ffa49f3a6a2:   d6 48 8b cf 4c 8b f8 e8 92 12 00 00 41 8b 4e 2c
0x00007ffa49f3a6b2:   48 8b d8 83 e1 3f 80 f9 30 75 19 49 3b c7 74 14
0x00007ffa49f3a6c2:   4c 8b c8 4d 8b c7 49 8b d6 48 8b cf e8 7d 3a 00
0x00007ffa49f3a6d2:   00 48 8b d8 48 89 74 24 48 48 85 db 75 55 41 8b
0x00007ffa49f3a6e2:   5e 28 3b 5f 28 72 0b 8b d3 48 8d 4f 20 e8 1c 4c
0x00007ffa49f3a6f2:   0d 00 48 8b 47 30 48 c7 04 d8 00 00 00 00 8b 9f
0x00007ffa49f3a702:   d0 09 00 00 8d 43 01 89 87 d0 09 00 00 3b 9f c0
0x00007ffa49f3a712:   09 00 00 72 0e 8b d3 48 8d 8f b8 09 00 00 e8 eb
0x00007ffa49f3a722:   4b 0d 00 48 8b 87 c8 09 00 00 4c 89 34 d8 e9 38
0x00007ffa49f3a732:   02 00 00 48 89 6c 24 40 48 8b f3 4c 3b fb 0f 84
0x00007ffa49f3a742:   7d 01 00 00 8b 57 28 0f 1f 80 00 00 00 00 8b 4b
0x00007ffa49f3a752:   28 48 8b 87 f8 09 00 00 48 8b 1c c8 4c 8d 04 c8
0x00007ffa49f3a762:   48 8b 43 08 48 83 38 00 75 27 0f 1f 40 00 8b 43
0x00007ffa49f3a772:   28 3b c2 73 0c 8b c8 48 8b 47 30 48 8b 1c c8 eb
0x00007ffa49f3a782:   02 33 db 48 83 e3 fe 48 8b 43 08 48 83 38 00 74
0x00007ffa49f3a792:   dd 49 89 18 8b 43 28 8b 57 28 3b c2 73 0f 8b c8
0x00007ffa49f3a7a2:   48 8b 47 30 48 8b 2c c8 48 85 ed 75 07 48 8b af
0x00007ffa49f3a7b2:   90 09 00 00 48 85 f6 75 27 4c 8d 0d 1e f5 36 00
0x00007ffa49f3a7c2:   ba a9 03 00 00 4c 8d 05 22 f5 36 00 48 8d 0d 03
0x00007ffa49f3a7d2:   00 36 00 e8 d6 82 cc ff e8 41 5f 0f 00 8b 57 28
0x00007ffa49f3a7e2:   8b 46 28 3b c2 73 0f 8b c8 48 8b 47 30 4c 8b 04
0x00007ffa49f3a7f2:   c8 4d 85 c0 75 07 4c 8b 87 90 09 00 00 41 0f b7
0x00007ffa49f3a802:   40 58 48 8b cb 66 39 45 58 48 0f 43 ce 48 8b f1
0x00007ffa49f3a812:   4c 3b fb 0f 85 35 ff ff ff 49 3b cf 0f 84 9f 00
0x00007ffa49f3a822:   00 00 e8 57 63 0d 00 48 85 c0 0f 84 91 00 00 00
0x00007ffa49f3a832:   8b 48 2c 83 e1 7f 80 f9 60 0f 85 82 00 00 00 48
0x00007ffa49f3a842:   8b 40 08 48 3b 70 08 75 78 8b 46 2c 24 0f 3c 08
0x00007ffa49f3a852:   75 6f 33 d2 48 8b ce e8 f2 4c 0c 00 48 85 c0 74 


Stack slot to memory mapping:
stack at sp + 0 slots: 0x0000000000000143 is an unknown value
stack at sp + 1 slots: 0x0000006d242faca0 is pointing into the stack for thread: 0x000002376073e660
stack at sp + 2 slots: 0x0000000000000001 is an unknown value
stack at sp + 3 slots: 0x000002376038c188 points into unknown readable memory: 0x00007ffa4a273058 | 58 30 27 4a fa 7f 00 00
stack at sp + 4 slots: 0x0000000000000001 is an unknown value
stack at sp + 5 slots: 0x0000006d242fa990 is pointing into the stack for thread: 0x000002376073e660
stack at sp + 6 slots: 0x000002375f4584f0 points into unknown readable memory: 0x00007ffa4a272eb0 | b0 2e 27 4a fa 7f 00 00
stack at sp + 7 slots: 0x00007ffa49f3a484 jvm.dll


---------------  P R O C E S S  ---------------

Threads class SMR info:
_java_thread_list=0x00000237601d3e00, length=21, elements={
0x000002375e890130, 0x000002375e892c00, 0x000002375e8a82d0, 0x000002375e8a8b90,
0x000002375e8ac470, 0x000002375e8b1240, 0x000002375e8b9e40, 0x000002375e8ba7f0,
0x000002375e8bd100, 0x000002375f509bf0, 0x000002375f519110, 0x000002375f745010,
0x000002375f74bfb0, 0x000002375f7516b0, 0x000002375f7f5030, 0x000002375f7f2d40,
0x0000023739cb53a0, 0x0000023760310d70, 0x000002376030fa30, 0x00000237601d2830,
0x000002376073e660
}

Java Threads: ( => current thread )
  0x000002375e890130 JavaThread "Reference Handler" daemon [_thread_blocked, id=377256, stack(0x0000006d22b00000,0x0000006d22c00000)]
  0x000002375e892c00 JavaThread "Finalizer" daemon [_thread_blocked, id=480136, stack(0x0000006d22c00000,0x0000006d22d00000)]
  0x000002375e8a82d0 JavaThread "Signal Dispatcher" daemon [_thread_blocked, id=234072, stack(0x0000006d22d00000,0x0000006d22e00000)]
  0x000002375e8a8b90 JavaThread "Attach Listener" daemon [_thread_blocked, id=172208, stack(0x0000006d22e00000,0x0000006d22f00000)]
  0x000002375e8ac470 JavaThread "Service Thread" daemon [_thread_blocked, id=506756, stack(0x0000006d22f00000,0x0000006d23000000)]
  0x000002375e8b1240 JavaThread "Monitor Deflation Thread" daemon [_thread_blocked, id=478076, stack(0x0000006d23000000,0x0000006d23100000)]
  0x000002375e8b9e40 JavaThread "C2 CompilerThread0" daemon [_thread_blocked, id=365832, stack(0x0000006d23100000,0x0000006d23200000)]
  0x000002375e8ba7f0 JavaThread "C1 CompilerThread0" daemon [_thread_blocked, id=535212, stack(0x0000006d23200000,0x0000006d23300000)]
  0x000002375e8bd100 JavaThread "Sweeper thread" daemon [_thread_blocked, id=351428, stack(0x0000006d23300000,0x0000006d23400000)]
  0x000002375f509bf0 JavaThread "Notification Thread" daemon [_thread_blocked, id=193600, stack(0x0000006d23400000,0x0000006d23500000)]
  0x000002375f519110 JavaThread "Common-Cleaner" daemon [_thread_blocked, id=512552, stack(0x0000006d23600000,0x0000006d23700000)]
  0x000002375f745010 JavaThread "Java2D Disposer" daemon [_thread_blocked, id=209896, stack(0x0000006d23700000,0x0000006d23800000)]
  0x000002375f74bfb0 JavaThread "AWT-Shutdown" [_thread_blocked, id=517640, stack(0x0000006d23800000,0x0000006d23900000)]
  0x000002375f7516b0 JavaThread "AWT-Windows" daemon [_thread_in_native, id=186580, stack(0x0000006d23900000,0x0000006d23a00000)]
  0x000002375f7f5030 JavaThread "Thread-0" [_thread_in_Java, id=138280, stack(0x0000006d23a00000,0x0000006d23b00000)]
  0x000002375f7f2d40 JavaThread "AWT-EventQueue-0" [_thread_in_Java, id=33152, stack(0x0000006d23c00000,0x0000006d23d00000)]
  0x0000023739cb53a0 JavaThread "DestroyJavaVM" [_thread_blocked, id=349824, stack(0x0000006d22400000,0x0000006d22500000)]
  0x0000023760310d70 JavaThread "TimerQueue" daemon [_thread_blocked, id=155616, stack(0x0000006d24000000,0x0000006d24100000)]
  0x000002376030fa30 JavaThread "Thread-1" [_thread_blocked, id=533972, stack(0x0000006d23b00000,0x0000006d23c00000)]
  0x00000237601d2830 JavaThread "C2 CompilerThread1" daemon [_thread_blocked, id=482624, stack(0x0000006d24100000,0x0000006d24200000)]
=>0x000002376073e660 JavaThread "C2 CompilerThread2" daemon [_thread_in_native, id=298076, stack(0x0000006d24200000,0x0000006d24300000)]

Other Threads:
  0x000002375e88c790 VMThread "VM Thread" [stack: 0x0000006d22a00000,0x0000006d22b00000] [id=480824]
  0x0000023739d3bca0 WatcherThread [stack: 0x0000006d23500000,0x0000006d23600000] [id=220980]
  0x0000023739d05580 GCTaskThread "GC Thread#0" [stack: 0x0000006d22500000,0x0000006d22600000] [id=134572]
  0x00000237602c65f0 GCTaskThread "GC Thread#1" [stack: 0x0000006d24300000,0x0000006d24400000] [id=125476]
  0x000002375f5ef3c0 GCTaskThread "GC Thread#2" [stack: 0x0000006d24400000,0x0000006d24500000] [id=525524]
  0x000002376073ef20 GCTaskThread "GC Thread#3" [stack: 0x0000006d24500000,0x0000006d24600000] [id=518224]
  0x000002376073f1d0 GCTaskThread "GC Thread#4" [stack: 0x0000006d24600000,0x0000006d24700000] [id=510604]
  0x0000023760706c70 GCTaskThread "GC Thread#5" [stack: 0x0000006d24700000,0x0000006d24800000] [id=151892]
  0x0000023760706f20 GCTaskThread "GC Thread#6" [stack: 0x0000006d24800000,0x0000006d24900000] [id=343956]
  0x000002376046ef70 GCTaskThread "GC Thread#7" [stack: 0x0000006d24900000,0x0000006d24a00000] [id=493276]
  0x0000023739d16060 ConcurrentGCThread "G1 Main Marker" [stack: 0x0000006d22600000,0x0000006d22700000] [id=321028]
  0x0000023739d18130 ConcurrentGCThread "G1 Conc#0" [stack: 0x0000006d22700000,0x0000006d22800000] [id=150656]
  0x0000023739d8d3d0 ConcurrentGCThread "G1 Refine#0" [stack: 0x0000006d22800000,0x0000006d22900000] [id=500416]
  0x0000023739d8dd00 ConcurrentGCThread "G1 Service" [stack: 0x0000006d22900000,0x0000006d22a00000] [id=200608]

Threads with active compile tasks:
C2 CompilerThread2    17706 1367  s    4       graphics.ZooPanel::manageZoo (296 bytes)

VM state: not at safepoint (normal execution)

VM Mutex/Monitor currently owned by a thread: None

Heap address: 0x0000000703600000, size: 4042 MB, Compressed Oops mode: Zero based, Oop shift amount: 3

CDS archive(s) mapped at: [0x0000000800000000-0x0000000800bc0000-0x0000000800bc0000), size 12320768, SharedBaseAddress: 0x0000000800000000, ArchiveRelocationMode: 0.
Compressed class space mapped at: 0x0000000800c00000-0x0000000840c00000, reserved size: 1073741824
Narrow klass base: 0x0000000800000000, Narrow klass shift: 0, Narrow klass range: 0x100000000

GC Precious Log:
 CPUs: 8 total, 8 available
 Memory: 16161M
 Large Page Support: Disabled
 NUMA Support: Disabled
 Compressed Oops: Enabled (Zero based)
 Heap Region Size: 2M
 Heap Min Capacity: 8M
 Heap Initial Capacity: 254M
 Heap Max Capacity: 4042M
 Pre-touch: Disabled
 Parallel Workers: 8
 Concurrent Workers: 2
 Concurrent Refinement Workers: 8
 Periodic GC: Disabled

Heap:
 garbage-first heap   total 260096K, used 21908K [0x0000000703600000, 0x0000000800000000)
  region size 2048K, 6 young (12288K), 2 survivors (4096K)
 Metaspace       used 10566K, committed 10752K, reserved 1064960K
  class space    used 1226K, committed 1344K, reserved 1048576K

Heap Regions: E=young(eden), S=young(survivor), O=old, HS=humongous(starts), HC=humongous(continues), CS=collection set, F=free, OA=open archive, CA=closed archive, TAMS=top-at-mark-start (previous, next)
|   0|0x0000000703600000, 0x0000000703800000, 0x0000000703800000|100%|HS|  |TAMS 0x0000000703600000, 0x0000000703600000| Complete 
|   1|0x0000000703800000, 0x0000000703a00000, 0x0000000703a00000|100%|HC|  |TAMS 0x0000000703800000, 0x0000000703800000| Complete 
|   2|0x0000000703a00000, 0x0000000703c00000, 0x0000000703c00000|100%|HC|  |TAMS 0x0000000703a00000, 0x0000000703a00000| Complete 
|   3|0x0000000703c00000, 0x0000000703e00000, 0x0000000703e00000|100%|HS|  |TAMS 0x0000000703c00000, 0x0000000703c00000| Complete 
|   4|0x0000000703e00000, 0x0000000704000000, 0x0000000704000000|100%|HC|  |TAMS 0x0000000703e00000, 0x0000000703e00000| Complete 
|   5|0x0000000704000000, 0x0000000704200000, 0x0000000704200000|100%|HC|  |TAMS 0x0000000704000000, 0x0000000704000000| Complete 
|   6|0x0000000704200000, 0x0000000704200000, 0x0000000704400000|  0%| F|  |TAMS 0x0000000704200000, 0x0000000704200000| Untracked 
|   7|0x0000000704400000, 0x0000000704400000, 0x0000000704600000|  0%| F|  |TAMS 0x0000000704400000, 0x0000000704400000| Untracked 
|   8|0x0000000704600000, 0x0000000704600000, 0x0000000704800000|  0%| F|  |TAMS 0x0000000704600000, 0x0000000704600000| Untracked 
|   9|0x0000000704800000, 0x0000000704800000, 0x0000000704a00000|  0%| F|  |TAMS 0x0000000704800000, 0x0000000704800000| Untracked 
|  10|0x0000000704a00000, 0x0000000704a00000, 0x0000000704c00000|  0%| F|  |TAMS 0x0000000704a00000, 0x0000000704a00000| Untracked 
|  11|0x0000000704c00000, 0x0000000704c00000, 0x0000000704e00000|  0%| F|  |TAMS 0x0000000704c00000, 0x0000000704c00000| Untracked 
|  12|0x0000000704e00000, 0x0000000704e00000, 0x0000000705000000|  0%| F|  |TAMS 0x0000000704e00000, 0x0000000704e00000| Untracked 
|  13|0x0000000705000000, 0x0000000705000000, 0x0000000705200000|  0%| F|  |TAMS 0x0000000705000000, 0x0000000705000000| Untracked 
|  14|0x0000000705200000, 0x0000000705200000, 0x0000000705400000|  0%| F|  |TAMS 0x0000000705200000, 0x0000000705200000| Untracked 
|  15|0x0000000705400000, 0x0000000705400000, 0x0000000705600000|  0%| F|  |TAMS 0x0000000705400000, 0x0000000705400000| Untracked 
|  16|0x0000000705600000, 0x0000000705600000, 0x0000000705800000|  0%| F|  |TAMS 0x0000000705600000, 0x0000000705600000| Untracked 
|  17|0x0000000705800000, 0x0000000705800000, 0x0000000705a00000|  0%| F|  |TAMS 0x0000000705800000, 0x0000000705800000| Untracked 
|  18|0x0000000705a00000, 0x0000000705a00000, 0x0000000705c00000|  0%| F|  |TAMS 0x0000000705a00000, 0x0000000705a00000| Untracked 
|  19|0x0000000705c00000, 0x0000000705c00000, 0x0000000705e00000|  0%| F|  |TAMS 0x0000000705c00000, 0x0000000705c00000| Untracked 
|  20|0x0000000705e00000, 0x0000000705e00000, 0x0000000706000000|  0%| F|  |TAMS 0x0000000705e00000, 0x0000000705e00000| Untracked 
|  21|0x0000000706000000, 0x0000000706000000, 0x0000000706200000|  0%| F|  |TAMS 0x0000000706000000, 0x0000000706000000| Untracked 
|  22|0x0000000706200000, 0x0000000706200000, 0x0000000706400000|  0%| F|  |TAMS 0x0000000706200000, 0x0000000706200000| Untracked 
|  23|0x0000000706400000, 0x0000000706400000, 0x0000000706600000|  0%| F|  |TAMS 0x0000000706400000, 0x0000000706400000| Untracked 
|  24|0x0000000706600000, 0x0000000706600000, 0x0000000706800000|  0%| F|  |TAMS 0x0000000706600000, 0x0000000706600000| Untracked 
|  25|0x0000000706800000, 0x0000000706800000, 0x0000000706a00000|  0%| F|  |TAMS 0x0000000706800000, 0x0000000706800000| Untracked 
|  26|0x0000000706a00000, 0x0000000706a00000, 0x0000000706c00000|  0%| F|  |TAMS 0x0000000706a00000, 0x0000000706a00000| Untracked 
|  27|0x0000000706c00000, 0x0000000706c00000, 0x0000000706e00000|  0%| F|  |TAMS 0x0000000706c00000, 0x0000000706c00000| Untracked 
|  28|0x0000000706e00000, 0x0000000706e00000, 0x0000000707000000|  0%| F|  |TAMS 0x0000000706e00000, 0x0000000706e00000| Untracked 
|  29|0x0000000707000000, 0x0000000707000000, 0x0000000707200000|  0%| F|  |TAMS 0x0000000707000000, 0x0000000707000000| Untracked 
|  30|0x0000000707200000, 0x0000000707200000, 0x0000000707400000|  0%| F|  |TAMS 0x0000000707200000, 0x0000000707200000| Untracked 
|  31|0x0000000707400000, 0x0000000707400000, 0x0000000707600000|  0%| F|  |TAMS 0x0000000707400000, 0x0000000707400000| Untracked 
|  32|0x0000000707600000, 0x0000000707600000, 0x0000000707800000|  0%| F|  |TAMS 0x0000000707600000, 0x0000000707600000| Untracked 
|  33|0x0000000707800000, 0x0000000707800000, 0x0000000707a00000|  0%| F|  |TAMS 0x0000000707800000, 0x0000000707800000| Untracked 
|  34|0x0000000707a00000, 0x0000000707a00000, 0x0000000707c00000|  0%| F|  |TAMS 0x0000000707a00000, 0x0000000707a00000| Untracked 
|  35|0x0000000707c00000, 0x0000000707c00000, 0x0000000707e00000|  0%| F|  |TAMS 0x0000000707c00000, 0x0000000707c00000| Untracked 
|  36|0x0000000707e00000, 0x0000000707e00000, 0x0000000708000000|  0%| F|  |TAMS 0x0000000707e00000, 0x0000000707e00000| Untracked 
|  37|0x0000000708000000, 0x0000000708000000, 0x0000000708200000|  0%| F|  |TAMS 0x0000000708000000, 0x0000000708000000| Untracked 
|  38|0x0000000708200000, 0x0000000708200000, 0x0000000708400000|  0%| F|  |TAMS 0x0000000708200000, 0x0000000708200000| Untracked 
|  39|0x0000000708400000, 0x0000000708400000, 0x0000000708600000|  0%| F|  |TAMS 0x0000000708400000, 0x0000000708400000| Untracked 
|  40|0x0000000708600000, 0x0000000708600000, 0x0000000708800000|  0%| F|  |TAMS 0x0000000708600000, 0x0000000708600000| Untracked 
|  41|0x0000000708800000, 0x0000000708800000, 0x0000000708a00000|  0%| F|  |TAMS 0x0000000708800000, 0x0000000708800000| Untracked 
|  42|0x0000000708a00000, 0x0000000708a00000, 0x0000000708c00000|  0%| F|  |TAMS 0x0000000708a00000, 0x0000000708a00000| Untracked 
|  43|0x0000000708c00000, 0x0000000708c00000, 0x0000000708e00000|  0%| F|  |TAMS 0x0000000708c00000, 0x0000000708c00000| Untracked 
|  44|0x0000000708e00000, 0x0000000708e00000, 0x0000000709000000|  0%| F|  |TAMS 0x0000000708e00000, 0x0000000708e00000| Untracked 
|  45|0x0000000709000000, 0x0000000709000000, 0x0000000709200000|  0%| F|  |TAMS 0x0000000709000000, 0x0000000709000000| Untracked 
|  46|0x0000000709200000, 0x0000000709200000, 0x0000000709400000|  0%| F|  |TAMS 0x0000000709200000, 0x0000000709200000| Untracked 
|  47|0x0000000709400000, 0x0000000709400000, 0x0000000709600000|  0%| F|  |TAMS 0x0000000709400000, 0x0000000709400000| Untracked 
|  48|0x0000000709600000, 0x0000000709600000, 0x0000000709800000|  0%| F|  |TAMS 0x0000000709600000, 0x0000000709600000| Untracked 
|  49|0x0000000709800000, 0x0000000709800000, 0x0000000709a00000|  0%| F|  |TAMS 0x0000000709800000, 0x0000000709800000| Untracked 
|  50|0x0000000709a00000, 0x0000000709a00000, 0x0000000709c00000|  0%| F|  |TAMS 0x0000000709a00000, 0x0000000709a00000| Untracked 
|  51|0x0000000709c00000, 0x0000000709c00000, 0x0000000709e00000|  0%| F|  |TAMS 0x0000000709c00000, 0x0000000709c00000| Untracked 
|  52|0x0000000709e00000, 0x0000000709e00000, 0x000000070a000000|  0%| F|  |TAMS 0x0000000709e00000, 0x0000000709e00000| Untracked 
|  53|0x000000070a000000, 0x000000070a000000, 0x000000070a200000|  0%| F|  |TAMS 0x000000070a000000, 0x000000070a000000| Untracked 
|  54|0x000000070a200000, 0x000000070a200000, 0x000000070a400000|  0%| F|  |TAMS 0x000000070a200000, 0x000000070a200000| Untracked 
|  55|0x000000070a400000, 0x000000070a400000, 0x000000070a600000|  0%| F|  |TAMS 0x000000070a400000, 0x000000070a400000| Untracked 
|  56|0x000000070a600000, 0x000000070a600000, 0x000000070a800000|  0%| F|  |TAMS 0x000000070a600000, 0x000000070a600000| Untracked 
|  57|0x000000070a800000, 0x000000070a800000, 0x000000070aa00000|  0%| F|  |TAMS 0x000000070a800000, 0x000000070a800000| Untracked 
|  58|0x000000070aa00000, 0x000000070aa00000, 0x000000070ac00000|  0%| F|  |TAMS 0x000000070aa00000, 0x000000070aa00000| Untracked 
|  59|0x000000070ac00000, 0x000000070ac00000, 0x000000070ae00000|  0%| F|  |TAMS 0x000000070ac00000, 0x000000070ac00000| Untracked 
|  60|0x000000070ae00000, 0x000000070ae00000, 0x000000070b000000|  0%| F|  |TAMS 0x000000070ae00000, 0x000000070ae00000| Untracked 
|  61|0x000000070b000000, 0x000000070b000000, 0x000000070b200000|  0%| F|  |TAMS 0x000000070b000000, 0x000000070b000000| Untracked 
|  62|0x000000070b200000, 0x000000070b200000, 0x000000070b400000|  0%| F|  |TAMS 0x000000070b200000, 0x000000070b200000| Untracked 
|  63|0x000000070b400000, 0x000000070b400000, 0x000000070b600000|  0%| F|  |TAMS 0x000000070b400000, 0x000000070b400000| Untracked 
|  64|0x000000070b600000, 0x000000070b600000, 0x000000070b800000|  0%| F|  |TAMS 0x000000070b600000, 0x000000070b600000| Untracked 
|  65|0x000000070b800000, 0x000000070b800000, 0x000000070ba00000|  0%| F|  |TAMS 0x000000070b800000, 0x000000070b800000| Untracked 
|  66|0x000000070ba00000, 0x000000070ba00000, 0x000000070bc00000|  0%| F|  |TAMS 0x000000070ba00000, 0x000000070ba00000| Untracked 
|  67|0x000000070bc00000, 0x000000070bc00000, 0x000000070be00000|  0%| F|  |TAMS 0x000000070bc00000, 0x000000070bc00000| Untracked 
|  68|0x000000070be00000, 0x000000070be00000, 0x000000070c000000|  0%| F|  |TAMS 0x000000070be00000, 0x000000070be00000| Untracked 
|  69|0x000000070c000000, 0x000000070c000000, 0x000000070c200000|  0%| F|  |TAMS 0x000000070c000000, 0x000000070c000000| Untracked 
|  70|0x000000070c200000, 0x000000070c200000, 0x000000070c400000|  0%| F|  |TAMS 0x000000070c200000, 0x000000070c200000| Untracked 
|  71|0x000000070c400000, 0x000000070c400000, 0x000000070c600000|  0%| F|  |TAMS 0x000000070c400000, 0x000000070c400000| Untracked 
|  72|0x000000070c600000, 0x000000070c600000, 0x000000070c800000|  0%| F|  |TAMS 0x000000070c600000, 0x000000070c600000| Untracked 
|  73|0x000000070c800000, 0x000000070c800000, 0x000000070ca00000|  0%| F|  |TAMS 0x000000070c800000, 0x000000070c800000| Untracked 
|  74|0x000000070ca00000, 0x000000070ca00000, 0x000000070cc00000|  0%| F|  |TAMS 0x000000070ca00000, 0x000000070ca00000| Untracked 
|  75|0x000000070cc00000, 0x000000070cc00000, 0x000000070ce00000|  0%| F|  |TAMS 0x000000070cc00000, 0x000000070cc00000| Untracked 
|  76|0x000000070ce00000, 0x000000070ce00000, 0x000000070d000000|  0%| F|  |TAMS 0x000000070ce00000, 0x000000070ce00000| Untracked 
|  77|0x000000070d000000, 0x000000070d000000, 0x000000070d200000|  0%| F|  |TAMS 0x000000070d000000, 0x000000070d000000| Untracked 
|  78|0x000000070d200000, 0x000000070d200000, 0x000000070d400000|  0%| F|  |TAMS 0x000000070d200000, 0x000000070d200000| Untracked 
|  79|0x000000070d400000, 0x000000070d400000, 0x000000070d600000|  0%| F|  |TAMS 0x000000070d400000, 0x000000070d400000| Untracked 
|  80|0x000000070d600000, 0x000000070d600000, 0x000000070d800000|  0%| F|  |TAMS 0x000000070d600000, 0x000000070d600000| Untracked 
|  81|0x000000070d800000, 0x000000070d800000, 0x000000070da00000|  0%| F|  |TAMS 0x000000070d800000, 0x000000070d800000| Untracked 
|  82|0x000000070da00000, 0x000000070da00000, 0x000000070dc00000|  0%| F|  |TAMS 0x000000070da00000, 0x000000070da00000| Untracked 
|  83|0x000000070dc00000, 0x000000070dc00000, 0x000000070de00000|  0%| F|  |TAMS 0x000000070dc00000, 0x000000070dc00000| Untracked 
|  84|0x000000070de00000, 0x000000070de00000, 0x000000070e000000|  0%| F|  |TAMS 0x000000070de00000, 0x000000070de00000| Untracked 
|  85|0x000000070e000000, 0x000000070e000000, 0x000000070e200000|  0%| F|  |TAMS 0x000000070e000000, 0x000000070e000000| Untracked 
|  86|0x000000070e200000, 0x000000070e200000, 0x000000070e400000|  0%| F|  |TAMS 0x000000070e200000, 0x000000070e200000| Untracked 
|  87|0x000000070e400000, 0x000000070e400000, 0x000000070e600000|  0%| F|  |TAMS 0x000000070e400000, 0x000000070e400000| Untracked 
|  88|0x000000070e600000, 0x000000070e600000, 0x000000070e800000|  0%| F|  |TAMS 0x000000070e600000, 0x000000070e600000| Untracked 
|  89|0x000000070e800000, 0x000000070e800000, 0x000000070ea00000|  0%| F|  |TAMS 0x000000070e800000, 0x000000070e800000| Untracked 
|  90|0x000000070ea00000, 0x000000070ea00000, 0x000000070ec00000|  0%| F|  |TAMS 0x000000070ea00000, 0x000000070ea00000| Untracked 
|  91|0x000000070ec00000, 0x000000070ec00000, 0x000000070ee00000|  0%| F|  |TAMS 0x000000070ec00000, 0x000000070ec00000| Untracked 
|  92|0x000000070ee00000, 0x000000070ee00000, 0x000000070f000000|  0%| F|  |TAMS 0x000000070ee00000, 0x000000070ee00000| Untracked 
|  93|0x000000070f000000, 0x000000070f000000, 0x000000070f200000|  0%| F|  |TAMS 0x000000070f000000, 0x000000070f000000| Untracked 
|  94|0x000000070f200000, 0x000000070f200000, 0x000000070f400000|  0%| F|  |TAMS 0x000000070f200000, 0x000000070f200000| Untracked 
|  95|0x000000070f400000, 0x000000070f400000, 0x000000070f600000|  0%| F|  |TAMS 0x000000070f400000, 0x000000070f400000| Untracked 
|  96|0x000000070f600000, 0x000000070f600000, 0x000000070f800000|  0%| F|  |TAMS 0x000000070f600000, 0x000000070f600000| Untracked 
|  97|0x000000070f800000, 0x000000070f800000, 0x000000070fa00000|  0%| F|  |TAMS 0x000000070f800000, 0x000000070f800000| Untracked 
|  98|0x000000070fa00000, 0x000000070fa00000, 0x000000070fc00000|  0%| F|  |TAMS 0x000000070fa00000, 0x000000070fa00000| Untracked 
|  99|0x000000070fc00000, 0x000000070fc00000, 0x000000070fe00000|  0%| F|  |TAMS 0x000000070fc00000, 0x000000070fc00000| Untracked 
| 100|0x000000070fe00000, 0x000000070fe00000, 0x0000000710000000|  0%| F|  |TAMS 0x000000070fe00000, 0x000000070fe00000| Untracked 
| 101|0x0000000710000000, 0x0000000710000000, 0x0000000710200000|  0%| F|  |TAMS 0x0000000710000000, 0x0000000710000000| Untracked 
| 102|0x0000000710200000, 0x0000000710200000, 0x0000000710400000|  0%| F|  |TAMS 0x0000000710200000, 0x0000000710200000| Untracked 
| 103|0x0000000710400000, 0x0000000710400000, 0x0000000710600000|  0%| F|  |TAMS 0x0000000710400000, 0x0000000710400000| Untracked 
| 104|0x0000000710600000, 0x0000000710600000, 0x0000000710800000|  0%| F|  |TAMS 0x0000000710600000, 0x0000000710600000| Untracked 
| 105|0x0000000710800000, 0x0000000710800000, 0x0000000710a00000|  0%| F|  |TAMS 0x0000000710800000, 0x0000000710800000| Untracked 
| 106|0x0000000710a00000, 0x0000000710a00000, 0x0000000710c00000|  0%| F|  |TAMS 0x0000000710a00000, 0x0000000710a00000| Untracked 
| 107|0x0000000710c00000, 0x0000000710c00000, 0x0000000710e00000|  0%| F|  |TAMS 0x0000000710c00000, 0x0000000710c00000| Untracked 
| 108|0x0000000710e00000, 0x0000000710e00000, 0x0000000711000000|  0%| F|  |TAMS 0x0000000710e00000, 0x0000000710e00000| Untracked 
| 109|0x0000000711000000, 0x0000000711000000, 0x0000000711200000|  0%| F|  |TAMS 0x0000000711000000, 0x0000000711000000| Untracked 
| 110|0x0000000711200000, 0x0000000711200000, 0x0000000711400000|  0%| F|  |TAMS 0x0000000711200000, 0x0000000711200000| Untracked 
| 111|0x0000000711400000, 0x0000000711400000, 0x0000000711600000|  0%| F|  |TAMS 0x0000000711400000, 0x0000000711400000| Untracked 
| 112|0x0000000711600000, 0x0000000711600000, 0x0000000711800000|  0%| F|  |TAMS 0x0000000711600000, 0x0000000711600000| Untracked 
| 113|0x0000000711800000, 0x0000000711800000, 0x0000000711a00000|  0%| F|  |TAMS 0x0000000711800000, 0x0000000711800000| Untracked 
| 114|0x0000000711a00000, 0x0000000711b652b0, 0x0000000711c00000| 69%| S|CS|TAMS 0x0000000711a00000, 0x0000000711a00000| Complete 
| 115|0x0000000711c00000, 0x0000000711e00000, 0x0000000711e00000|100%| S|CS|TAMS 0x0000000711c00000, 0x0000000711c00000| Complete 
| 116|0x0000000711e00000, 0x0000000711e00000, 0x0000000712000000|  0%| F|  |TAMS 0x0000000711e00000, 0x0000000711e00000| Untracked 
| 117|0x0000000712000000, 0x0000000712000000, 0x0000000712200000|  0%| F|  |TAMS 0x0000000712000000, 0x0000000712000000| Untracked 
| 118|0x0000000712200000, 0x0000000712200000, 0x0000000712400000|  0%| F|  |TAMS 0x0000000712200000, 0x0000000712200000| Untracked 
| 119|0x0000000712400000, 0x0000000712400000, 0x0000000712600000|  0%| F|  |TAMS 0x0000000712400000, 0x0000000712400000| Untracked 
| 120|0x0000000712600000, 0x0000000712600000, 0x0000000712800000|  0%| F|  |TAMS 0x0000000712600000, 0x0000000712600000| Untracked 
| 121|0x0000000712800000, 0x0000000712800000, 0x0000000712a00000|  0%| F|  |TAMS 0x0000000712800000, 0x0000000712800000| Untracked 
| 122|0x0000000712a00000, 0x0000000712a00000, 0x0000000712c00000|  0%| F|  |TAMS 0x0000000712a00000, 0x0000000712a00000| Untracked 
| 123|0x0000000712c00000, 0x0000000712d29fa0, 0x0000000712e00000| 58%| E|  |TAMS 0x0000000712c00000, 0x0000000712c00000| Complete 
| 124|0x0000000712e00000, 0x0000000713000000, 0x0000000713000000|100%| E|CS|TAMS 0x0000000712e00000, 0x0000000712e00000| Complete 
| 125|0x0000000713000000, 0x0000000713200000, 0x0000000713200000|100%| E|CS|TAMS 0x0000000713000000, 0x0000000713000000| Complete 
| 126|0x0000000713200000, 0x0000000713400000, 0x0000000713400000|100%| E|CS|TAMS 0x0000000713200000, 0x0000000713200000| Complete 

Card table byte_map: [0x0000023752f90000,0x0000023753780000] _byte_map_base: 0x000002374f775000

Marking Bits (Prev, Next): (CMBitMap*) 0x0000023739d05aa0, (CMBitMap*) 0x0000023739d05ae0
 Prev Bits: [0x0000023753f70000, 0x0000023757e98000)
 Next Bits: [0x0000023757ea0000, 0x000002375bdc8000)

Polling page: 0x0000023739d90000

Metaspace:

Usage:
  Non-class:      9.12 MB used.
      Class:      1.20 MB used.
       Both:     10.32 MB used.

Virtual space:
  Non-class space:       16.00 MB reserved,       9.19 MB ( 57%) committed,  2 nodes.
      Class space:        1.00 GB reserved,       1.31 MB ( <1%) committed,  1 nodes.
             Both:        1.02 GB reserved,      10.50 MB (  1%) committed. 

Chunk freelists:
   Non-Class:  2.45 MB
       Class:  2.73 MB
        Both:  5.19 MB

MaxMetaspaceSize: unlimited
CompressedClassSpaceSize: 1.00 GB
Initial GC threshold: 21.00 MB
Current GC threshold: 21.00 MB
CDS: on
MetaspaceReclaimPolicy: balanced
 - commit_granule_bytes: 65536.
 - commit_granule_words: 8192.
 - virtual_space_node_default_size: 1048576.
 - enlarge_chunks_in_place: 1.
 - new_chunks_are_fully_committed: 0.
 - uncommit_free_chunks: 1.
 - use_allocation_guard: 0.
 - handle_deallocations: 1.


Internal statistics:

num_allocs_failed_limit: 0.
num_arena_births: 118.
num_arena_deaths: 0.
num_vsnodes_births: 3.
num_vsnodes_deaths: 0.
num_space_committed: 168.
num_space_uncommitted: 0.
num_chunks_returned_to_freelist: 0.
num_chunks_taken_from_freelist: 179.
num_chunk_merges: 0.
num_chunk_splits: 101.
num_chunks_enlarged: 36.
num_purges: 0.
num_inconsistent_stats: 0.

CodeHeap 'non-profiled nmethods': size=120000Kb used=411Kb max_used=411Kb free=119588Kb
 bounds [0x000002374a810000, 0x000002374aa80000, 0x0000023751d40000]
CodeHeap 'profiled nmethods': size=120000Kb used=2397Kb max_used=2397Kb free=117602Kb
 bounds [0x00000237432e0000, 0x0000023743550000, 0x000002374a810000]
CodeHeap 'non-nmethods': size=5760Kb used=1289Kb max_used=1319Kb free=4470Kb
 bounds [0x0000023742d40000, 0x0000023742fb0000, 0x00000237432e0000]
 total_blobs=2006 nmethods=1401 adapters=518
 compilation: enabled
              stopped_count=0, restarted_count=0
 full_count=0

Compilation events (20 events):
Event: 17.602 Thread 0x000002375e8b9e40 1374       4       java.util.ArrayList::contains (14 bytes)
Event: 17.605 Thread 0x000002375e8b9e40 nmethod 1374 0x000002374a86cd10 code [0x000002374a86cea0, 0x000002374a86cff8]
Event: 17.605 Thread 0x000002375e8b9e40 1368       4       javax.swing.SwingUtilities::computeUnion (149 bytes)
Event: 17.606 Thread 0x000002375e8b9e40 nmethod 1368 0x000002374a86d190 code [0x000002374a86d300, 0x000002374a86d418]
Event: 17.606 Thread 0x000002375e8b9e40 1354       4       java.util.IdentityHashMap::get (60 bytes)
Event: 17.606 Thread 0x000002375e8ba7f0 1384       3       sun.java2d.loops.CompositeType::equals (29 bytes)
Event: 17.607 Thread 0x000002375e8ba7f0 nmethod 1384 0x000002374352ed10 code [0x000002374352eec0, 0x000002374352f298]
Event: 17.611 Thread 0x000002375e8b9e40 nmethod 1354 0x000002374a86d590 code [0x000002374a86d720, 0x000002374a86d938]
Event: 17.611 Thread 0x000002375e8b9e40 1341       4       java.util.ArrayList::get (15 bytes)
Event: 17.612 Thread 0x000002375e8b9e40 nmethod 1341 0x000002374a86db10 code [0x000002374a86dc80, 0x000002374a86dd78]
Event: 17.612 Thread 0x000002375e8b9e40 1349       4       sun.awt.SunToolkit::getAppContext (42 bytes)
Event: 17.613 Thread 0x000002375e8b9e40 nmethod 1349 0x000002374a86de90 code [0x000002374a86e020, 0x000002374a86e0f8]
Event: 17.613 Thread 0x000002375e8b9e40 1352       4       javax.swing.JComponent::getWidth (5 bytes)
Event: 17.613 Thread 0x000002375e8b9e40 nmethod 1352 0x000002374a86e210 code [0x000002374a86e380, 0x000002374a86e3f8]
Event: 17.613 Thread 0x000002375e8b9e40 1353       4       javax.swing.JComponent::getHeight (5 bytes)
Event: 17.613 Thread 0x000002375e8b9e40 nmethod 1353 0x000002374a86e510 code [0x000002374a86e680, 0x000002374a86e6f8]
Event: 17.613 Thread 0x000002375e8b9e40 1356       4       javax.swing.RepaintManager::currentManager (37 bytes)
Event: 17.614 Thread 0x000002375e8ba7f0 1386       3       sun.java2d.SunGraphics2D::<init> (154 bytes)
Event: 17.614 Thread 0x000002375e8b9e40 nmethod 1356 0x000002374a86e810 code [0x000002374a86e9a0, 0x000002374a86ea68]
Event: 17.614 Thread 0x000002375e8b9e40 1359       4       com.sun.java.swing.SwingUtilities3::getDelegateRepaintManager (73 bytes)

GC Heap History (2 events):
Event: 17.576 GC heap before
{Heap before GC invocations=0 (full 0):
 garbage-first heap   total 260096K, used 34816K [0x0000000703600000, 0x0000000800000000)
  region size 2048K, 11 young (22528K), 0 survivors (0K)
 Metaspace       used 10548K, committed 10752K, reserved 1064960K
  class space    used 1226K, committed 1344K, reserved 1048576K
}
Event: 17.581 GC heap after
{Heap after GC invocations=1 (full 0):
 garbage-first heap   total 260096K, used 15764K [0x0000000703600000, 0x0000000800000000)
  region size 2048K, 2 young (4096K), 2 survivors (4096K)
 Metaspace       used 10548K, committed 10752K, reserved 1064960K
  class space    used 1226K, committed 1344K, reserved 1048576K
}

Deoptimization events (20 events):
Event: 17.520 Thread 0x000002375f7f5030 Uncommon trap: trap_request=0xffffff45 fr.pc=0x000002374a834230 relative=0x00000000000001b0
Event: 17.520 Thread 0x000002375f7f5030 Uncommon trap: reason=unstable_if action=reinterpret pc=0x000002374a834230 method=graphics.ZooPanel.isChange()Z @ 36 c2
Event: 17.520 Thread 0x000002375f7f5030 DEOPT PACKING pc=0x000002374a834230 sp=0x0000006d23aff520
Event: 17.520 Thread 0x000002375f7f5030 DEOPT UNPACKING pc=0x0000023742d95c23 sp=0x0000006d23aff3f0 mode 2
Event: 17.520 Thread 0x000002375f7f5030 Uncommon trap: trap_request=0xffffff45 fr.pc=0x000002374a832d90 relative=0x0000000000000190
Event: 17.520 Thread 0x000002375f7f5030 Uncommon trap: reason=unstable_if action=reinterpret pc=0x000002374a832d90 method=graphics.ZooPanel.isChange()Z @ 36 c2
Event: 17.520 Thread 0x000002375f7f5030 DEOPT PACKING pc=0x000002374a832d90 sp=0x0000006d23aff4b0
Event: 17.520 Thread 0x000002375f7f5030 DEOPT UNPACKING pc=0x0000023742d95c23 sp=0x0000006d23aff3e0 mode 2
Event: 17.520 Thread 0x000002375f7f5030 Uncommon trap: trap_request=0xffffff45 fr.pc=0x000002374a832978 relative=0x0000000000000078
Event: 17.520 Thread 0x000002375f7f5030 Uncommon trap: reason=unstable_if action=reinterpret pc=0x000002374a832978 method=graphics.ZooPanel.isChange()Z @ 36 c2
Event: 17.520 Thread 0x000002375f7f5030 DEOPT PACKING pc=0x000002374a832978 sp=0x0000006d23aff450
Event: 17.520 Thread 0x000002375f7f5030 DEOPT UNPACKING pc=0x0000023742d95c23 sp=0x0000006d23aff3e0 mode 2
Event: 17.542 Thread 0x000002375f7f5030 Uncommon trap: trap_request=0xffffff45 fr.pc=0x000002374a866ed8 relative=0x0000000000000338
Event: 17.542 Thread 0x000002375f7f5030 Uncommon trap: reason=unstable_if action=reinterpret pc=0x000002374a866ed8 method=graphics.ZooPanel.isChange()Z @ 25 c2
Event: 17.542 Thread 0x000002375f7f5030 DEOPT PACKING pc=0x000002374a866ed8 sp=0x0000006d23aff4a0
Event: 17.542 Thread 0x000002375f7f5030 DEOPT UNPACKING pc=0x0000023742d95c23 sp=0x0000006d23aff3d8 mode 2
Event: 17.542 Thread 0x000002375f7f5030 Uncommon trap: trap_request=0xffffff45 fr.pc=0x000002374a867724 relative=0x0000000000000204
Event: 17.542 Thread 0x000002375f7f5030 Uncommon trap: reason=unstable_if action=reinterpret pc=0x000002374a867724 method=graphics.ZooPanel.isChange()Z @ 25 c2
Event: 17.543 Thread 0x000002375f7f5030 DEOPT PACKING pc=0x000002374a867724 sp=0x0000006d23aff430
Event: 17.543 Thread 0x000002375f7f5030 DEOPT UNPACKING pc=0x0000023742d95c23 sp=0x0000006d23aff3d0 mode 2

Classes unloaded (0 events):
No events

Classes redefined (0 events):
No events

Internal exceptions (20 events):
Event: 0.271 Thread 0x0000023739cb53a0 Exception <a 'java/lang/ClassNotFoundException'{0x0000000712e4b758}: com/sun/swing/internal/plaf/basic/resources/spi/basicProvider> (0x0000000712e4b758) 
thrown [t:\workspace\open\src\hotspot\share\classfile\systemDictionary.cpp, line 256]
Event: 0.347 Thread 0x000002375f7fdd50 Exception <a 'java/lang/NoSuchMethodError'{0x0000000712881360}: 'java.lang.Object java.lang.invoke.DirectMethodHandle$Holder.newInvokeSpecial(java.lang.Object, java.lang.Object, java.lang.Object, int, int, int, int, int)'> (0x0000000712881360) 
thrown [t:\workspace\open\src\hotspot\share\interpreter\linkResolver.cpp, line 766]
Event: 0.377 Thread 0x000002375f7516b0 Exception <a 'java/lang/NoSuchMethodError'{0x00000007130f1278}: 'void java.lang.invoke.DirectMethodHandle$Holder.invokeVirtual(java.lang.Object, java.lang.Object)'> (0x00000007130f1278) 
thrown [t:\workspace\open\src\hotspot\share\interpreter\linkResolver.cpp, line 766]
Event: 0.392 Thread 0x0000023739cb53a0 Exception <a 'java/lang/NoSuchMethodError'{0x0000000712b29470}: 'void java.lang.invoke.DirectMethodHandle$Holder.invokeStaticInit(java.lang.Object)'> (0x0000000712b29470) 
thrown [t:\workspace\open\src\hotspot\share\interpreter\linkResolver.cpp, line 766]
Event: 0.600 Thread 0x000002375f7f2d40 Exception <a 'java/lang/NullPointerException'{0x00000007129326a0}> (0x00000007129326a0) 
thrown [t:\workspace\open\src\hotspot\share\interpreter\linkResolver.cpp, line 1357]
Event: 2.372 Thread 0x000002375f7f2d40 Exception <a 'java/lang/NoSuchMethodError'{0x00000007126f1ae8}: 'int java.lang.invoke.DirectMethodHandle$Holder.invokeStatic(java.lang.Object)'> (0x00000007126f1ae8) 
thrown [t:\workspace\open\src\hotspot\share\interpreter\linkResolver.cpp, line 766]
Event: 17.538 Thread 0x000002375f7f2d40 Exception <a 'java/lang/NullPointerException'{0x00000007122394c0}> (0x00000007122394c0) 
thrown [t:\workspace\open\src\hotspot\share\interpreter\linkResolver.cpp, line 1357]
Event: 17.546 Thread 0x000002375f7f2d40 Exception <a 'java/lang/NullPointerException'{0x0000000712249080}> (0x0000000712249080) 
thrown [t:\workspace\open\src\hotspot\share\interpreter\linkResolver.cpp, line 1357]
Event: 17.553 Thread 0x000002375f7f2d40 Exception <a 'java/lang/NullPointerException'{0x000000071224a7d0}> (0x000000071224a7d0) 
thrown [t:\workspace\open\src\hotspot\share\interpreter\linkResolver.cpp, line 1357]
Event: 17.561 Thread 0x000002375f7f2d40 Exception <a 'java/lang/NullPointerException'{0x0000000712259d78}> (0x0000000712259d78) 
thrown [t:\workspace\open\src\hotspot\share\interpreter\linkResolver.cpp, line 1357]
Event: 17.566 Thread 0x000002375f7f2d40 Exception <a 'java/lang/NullPointerException'{0x0000000712268b30}> (0x0000000712268b30) 
thrown [t:\workspace\open\src\hotspot\share\interpreter\linkResolver.cpp, line 1357]
Event: 17.571 Thread 0x000002375f7f2d40 Exception <a 'java/lang/NullPointerException'{0x0000000712269aa8}> (0x0000000712269aa8) 
thrown [t:\workspace\open\src\hotspot\share\interpreter\linkResolver.cpp, line 1357]
Event: 17.575 Thread 0x000002375f7f2d40 Exception <a 'java/lang/NullPointerException'{0x000000071226aa20}> (0x000000071226aa20) 
thrown [t:\workspace\open\src\hotspot\share\interpreter\linkResolver.cpp, line 1357]
Event: 17.583 Thread 0x000002375f7f2d40 Exception <a 'java/lang/NullPointerException'{0x0000000713201390}> (0x0000000713201390) 
thrown [t:\workspace\open\src\hotspot\share\interpreter\linkResolver.cpp, line 1357]
Event: 17.588 Thread 0x000002375f7f2d40 Exception <a 'java/lang/NullPointerException'{0x0000000713202308}> (0x0000000713202308) 
thrown [t:\workspace\open\src\hotspot\share\interpreter\linkResolver.cpp, line 1357]
Event: 17.593 Thread 0x000002375f7f2d40 Exception <a 'java/lang/NullPointerException'{0x0000000713203280}> (0x0000000713203280) 
thrown [t:\workspace\open\src\hotspot\share\interpreter\linkResolver.cpp, line 1357]
Event: 17.598 Thread 0x000002375f7f2d40 Exception <a 'java/lang/NullPointerException'{0x00000007132041f8}> (0x00000007132041f8) 
thrown [t:\workspace\open\src\hotspot\share\interpreter\linkResolver.cpp, line 1357]
Event: 17.602 Thread 0x000002375f7f2d40 Exception <a 'java/lang/NullPointerException'{0x0000000713205170}> (0x0000000713205170) 
thrown [t:\workspace\open\src\hotspot\share\interpreter\linkResolver.cpp, line 1357]
Event: 17.606 Thread 0x000002375f7f2d40 Exception <a 'java/lang/NullPointerException'{0x00000007132060e8}> (0x00000007132060e8) 
thrown [t:\workspace\open\src\hotspot\share\interpreter\linkResolver.cpp, line 1357]
Event: 17.612 Thread 0x000002375f7f2d40 Exception <a 'java/lang/NullPointerException'{0x0000000713207060}> (0x0000000713207060) 
thrown [t:\workspace\open\src\hotspot\share\interpreter\linkResolver.cpp, line 1357]

VM Operations (20 events):
Event: 9.329 Executing VM operation: Cleanup
Event: 9.329 Executing VM operation: Cleanup done
Event: 10.339 Executing VM operation: Cleanup
Event: 10.339 Executing VM operation: Cleanup done
Event: 11.350 Executing VM operation: Cleanup
Event: 11.350 Executing VM operation: Cleanup done
Event: 12.353 Executing VM operation: Cleanup
Event: 12.353 Executing VM operation: Cleanup done
Event: 13.359 Executing VM operation: Cleanup
Event: 13.359 Executing VM operation: Cleanup done
Event: 14.364 Executing VM operation: Cleanup
Event: 14.365 Executing VM operation: Cleanup done
Event: 15.370 Executing VM operation: Cleanup
Event: 15.370 Executing VM operation: Cleanup done
Event: 16.383 Executing VM operation: Cleanup
Event: 16.383 Executing VM operation: Cleanup done
Event: 17.383 Executing VM operation: Cleanup
Event: 17.383 Executing VM operation: Cleanup done
Event: 17.576 Executing VM operation: G1CollectForAllocation
Event: 17.581 Executing VM operation: G1CollectForAllocation done

Events (20 events):
Event: 17.487 loading class java/io/SequenceInputStream done
Event: 17.487 loading class com/sun/imageio/plugins/common/SubImageInputStream
Event: 17.487 loading class com/sun/imageio/plugins/common/SubImageInputStream done
Event: 17.487 loading class com/sun/imageio/plugins/common/InputStreamAdapter
Event: 17.487 loading class com/sun/imageio/plugins/common/InputStreamAdapter done
Event: 17.487 loading class javax/imageio/ImageTypeSpecifier$Packed
Event: 17.487 loading class javax/imageio/ImageTypeSpecifier$Packed done
Event: 17.487 loading class com/sun/imageio/plugins/common/ReaderUtil
Event: 17.487 loading class com/sun/imageio/plugins/common/ReaderUtil done
Event: 17.520 Thread 0x000002376030fa30 Thread added: 0x000002376030fa30
Event: 17.520 loading class java/awt/Window$1DisposeAction
Event: 17.520 loading class java/awt/Window$1DisposeAction done
Event: 17.521 loading class java/awt/KeyboardFocusManager$2
Event: 17.521 loading class java/awt/KeyboardFocusManager$2 done
Event: 17.521 loading class sun/awt/SunToolkit$1
Event: 17.521 loading class sun/awt/SunToolkit$1 done
Event: 17.532 Thread 0x00000237601d2830 Thread added: 0x00000237601d2830
Event: 17.537 loading class sun/awt/image/BufImgSurfaceManager
Event: 17.537 loading class sun/awt/image/BufImgSurfaceManager done
Event: 17.561 Thread 0x000002376073e660 Thread added: 0x000002376073e660


Dynamic libraries:
0x00007ff6fb150000 - 0x00007ff6fb160000 	C:\Program Files\Java\jdk-17.0.2\bin\javaw.exe
0x00007ffafe400000 - 0x00007ffafe609000 	C:\WINDOWS\SYSTEM32\ntdll.dll
0x00007ffac1df0000 - 0x00007ffac1e06000 	C:\Program Files\AVG\Antivirus\aswhook.dll
0x00007ffafd950000 - 0x00007ffafda0d000 	C:\WINDOWS\System32\KERNEL32.DLL
0x00007ffafb8f0000 - 0x00007ffafbc69000 	C:\WINDOWS\System32\KERNELBASE.dll
0x00007ffafbf20000 - 0x00007ffafc031000 	C:\WINDOWS\System32\ucrtbase.dll
0x00007ffad9b00000 - 0x00007ffad9b18000 	C:\Program Files\Java\jdk-17.0.2\bin\jli.dll
0x00007ffad9ae0000 - 0x00007ffad9afa000 	C:\Program Files\Java\jdk-17.0.2\bin\VCRUNTIME140.dll
0x00007ffafddf0000 - 0x00007ffafde9e000 	C:\WINDOWS\System32\ADVAPI32.dll
0x00007ffafda10000 - 0x00007ffafdab3000 	C:\WINDOWS\System32\msvcrt.dll
0x00007ffafd4e0000 - 0x00007ffafd57e000 	C:\WINDOWS\System32\sechost.dll
0x00007ffafca50000 - 0x00007ffafcb70000 	C:\WINDOWS\System32\RPCRT4.dll
0x00007ffafdac0000 - 0x00007ffafdc6c000 	C:\WINDOWS\System32\USER32.dll
0x00007ffafc270000 - 0x00007ffafc296000 	C:\WINDOWS\System32\win32u.dll
0x00007ffadfd30000 - 0x00007ffadffd5000 	C:\WINDOWS\WinSxS\amd64_microsoft.windows.common-controls_6595b64144ccf1df_6.0.22000.120_none_9d947278b86cc467\COMCTL32.dll
0x00007ffafd920000 - 0x00007ffafd949000 	C:\WINDOWS\System32\GDI32.dll
0x00007ffafbe00000 - 0x00007ffafbf12000 	C:\WINDOWS\System32\gdi32full.dll
0x00007ffafbc70000 - 0x00007ffafbd0d000 	C:\WINDOWS\System32\msvcp_win.dll
0x00007ffaf10e0000 - 0x00007ffaf10ea000 	C:\WINDOWS\SYSTEM32\VERSION.dll
0x00007ffafc480000 - 0x00007ffafc4b1000 	C:\WINDOWS\System32\IMM32.DLL
0x00007ffada150000 - 0x00007ffada15c000 	C:\Program Files\Java\jdk-17.0.2\bin\vcruntime140_1.dll
0x00007ffabcd10000 - 0x00007ffabcd9d000 	C:\Program Files\Java\jdk-17.0.2\bin\msvcp140.dll
0x00007ffa499c0000 - 0x00007ffa4a581000 	C:\Program Files\Java\jdk-17.0.2\bin\server\jvm.dll
0x00007ffafca40000 - 0x00007ffafca48000 	C:\WINDOWS\System32\PSAPI.DLL
0x00007ffadb400000 - 0x00007ffadb409000 	C:\WINDOWS\SYSTEM32\WSOCK32.dll
0x00007ffaf1540000 - 0x00007ffaf1573000 	C:\WINDOWS\SYSTEM32\WINMM.dll
0x00007ffafdd20000 - 0x00007ffafdd8f000 	C:\WINDOWS\System32\WS2_32.dll
0x00007ffafaae0000 - 0x00007ffafaaf8000 	C:\WINDOWS\SYSTEM32\kernel.appcore.dll
0x00007ffaf1660000 - 0x00007ffaf166a000 	C:\Program Files\Java\jdk-17.0.2\bin\jimage.dll
0x00007ffaf9450000 - 0x00007ffaf9671000 	C:\WINDOWS\SYSTEM32\DBGHELP.DLL
0x00007ffae4af0000 - 0x00007ffae4b21000 	C:\WINDOWS\SYSTEM32\dbgcore.DLL
0x00007ffafbd10000 - 0x00007ffafbd8f000 	C:\WINDOWS\System32\bcryptPrimitives.dll
0x00007ffad98e0000 - 0x00007ffad9905000 	C:\Program Files\Java\jdk-17.0.2\bin\java.dll
0x00007ffa8f0c0000 - 0x00007ffa8f196000 	C:\Program Files\Java\jdk-17.0.2\bin\jsvml.dll
0x00007ffafcb70000 - 0x00007ffafd31f000 	C:\WINDOWS\System32\SHELL32.dll
0x00007ffaf9a60000 - 0x00007ffafa2c8000 	C:\WINDOWS\SYSTEM32\windows.storage.dll
0x00007ffafdf20000 - 0x00007ffafe298000 	C:\WINDOWS\System32\combase.dll
0x00007ffaf98f0000 - 0x00007ffaf9a56000 	C:\WINDOWS\SYSTEM32\wintypes.dll
0x00007ffafc2a0000 - 0x00007ffafc38a000 	C:\WINDOWS\System32\SHCORE.dll
0x00007ffafdec0000 - 0x00007ffafdf1d000 	C:\WINDOWS\System32\shlwapi.dll
0x00007ffafb820000 - 0x00007ffafb841000 	C:\WINDOWS\SYSTEM32\profapi.dll
0x00007ffaabe90000 - 0x00007ffaac01f000 	C:\Program Files\Java\jdk-17.0.2\bin\awt.dll
0x00007ffafd620000 - 0x00007ffafd6f6000 	C:\WINDOWS\System32\OLEAUT32.dll
0x00007ffaf8ac0000 - 0x00007ffaf8b51000 	C:\WINDOWS\SYSTEM32\apphelp.dll
0x00007ffaf9010000 - 0x00007ffaf903f000 	C:\WINDOWS\system32\DWMAPI.DLL
0x00007ffaf8c70000 - 0x00007ffaf8d1c000 	C:\WINDOWS\system32\uxtheme.dll
0x00007ffabb0a0000 - 0x00007ffabb1a1000 	C:\WINDOWS\system32\opengl32.dll
0x00007ffabb070000 - 0x00007ffabb09d000 	C:\WINDOWS\SYSTEM32\GLU32.dll
0x00007ffaf8d70000 - 0x00007ffaf8da8000 	C:\WINDOWS\SYSTEM32\dxcore.dll
0x00007ffafe2a0000 - 0x00007ffafe3be000 	C:\WINDOWS\System32\MSCTF.dll
0x00007ffafd700000 - 0x00007ffafd89a000 	C:\WINDOWS\System32\ole32.dll
0x00007ffad3340000 - 0x00007ffad336d000 	C:\Program Files\Java\jdk-17.0.2\bin\javajpeg.dll
0x00007ffaca7e0000 - 0x00007ffaca7f8000 	C:\Program Files\Java\jdk-17.0.2\bin\zip.dll
0x00007ffabcc80000 - 0x00007ffabcd09000 	C:\Program Files\Java\jdk-17.0.2\bin\freetype.dll
0x00007ffab4e50000 - 0x00007ffab4ef8000 	C:\Program Files\Java\jdk-17.0.2\bin\fontmanager.dll
0x00007ffad98c0000 - 0x00007ffad98d9000 	C:\Program Files\Java\jdk-17.0.2\bin\net.dll
0x00007ffaf02c0000 - 0x00007ffaf03cc000 	C:\WINDOWS\SYSTEM32\WINHTTP.dll
0x00007ffafaf10000 - 0x00007ffafaf77000 	C:\WINDOWS\system32\mswsock.dll
0x00007ffacdfa0000 - 0x00007ffacdfb6000 	C:\Program Files\Java\jdk-17.0.2\bin\nio.dll
0x00007ffae12f0000 - 0x00007ffae141d000 	C:\WINDOWS\SYSTEM32\textinputframework.dll
0x00007ffaf87d0000 - 0x00007ffaf8902000 	C:\WINDOWS\SYSTEM32\CoreMessaging.dll
0x00007ffaf5d80000 - 0x00007ffaf60ed000 	C:\WINDOWS\SYSTEM32\CoreUIComponents.dll
0x00007ffafb170000 - 0x00007ffafb17c000 	C:\WINDOWS\SYSTEM32\CRYPTBASE.DLL
0x00007ffafdc70000 - 0x00007ffafdd1f000 	C:\WINDOWS\System32\clbcatq.dll
0x00007ffaf11e0000 - 0x00007ffaf138e000 	C:\WINDOWS\SYSTEM32\WindowsCodecs.dll
0x00007ffac2060000 - 0x00007ffac20bd000 	C:\WINDOWS\system32\dataexchange.dll
0x00007ffaeff20000 - 0x00007ffaf0186000 	C:\WINDOWS\system32\twinapi.appcore.dll

dbghelp: loaded successfully - version: 4.0.5 - missing functions: none
symbol engine: initialized successfully - sym options: 0x614 - pdb path: .;C:\Program Files\Java\jdk-17.0.2\bin;C:\WINDOWS\SYSTEM32;C:\Program Files\AVG\Antivirus;C:\WINDOWS\WinSxS\amd64_microsoft.windows.common-controls_6595b64144ccf1df_6.0.22000.120_none_9d947278b86cc467;C:\Program Files\Java\jdk-17.0.2\bin\server

VM Arguments:
jvm_args: -Dfile.encoding=Cp1255 -XX:+ShowCodeDetailsInExceptionMessages 
java_command: graphics.ZooFrame
java_class_path (initial): C:\Users\omerh\OneDrive\ \  \ \  \Home Work\HW1\HW1\bin
Launcher Type: SUN_STANDARD

[Global flags]
     intx CICompilerCount                          = 4                                         {product} {ergonomic}
     uint ConcGCThreads                            = 2                                         {product} {ergonomic}
     uint G1ConcRefinementThreads                  = 8                                         {product} {ergonomic}
   size_t G1HeapRegionSize                         = 2097152                                   {product} {ergonomic}
    uintx GCDrainStackTargetSize                   = 64                                        {product} {ergonomic}
   size_t InitialHeapSize                          = 266338304                                 {product} {ergonomic}
   size_t MarkStackSize                            = 4194304                                   {product} {ergonomic}
   size_t MaxHeapSize                              = 4238344192                                {product} {ergonomic}
   size_t MaxNewSize                               = 2541748224                                {product} {ergonomic}
   size_t MinHeapDeltaBytes                        = 2097152                                   {product} {ergonomic}
   size_t MinHeapSize                              = 8388608                                   {product} {ergonomic}
    uintx NonNMethodCodeHeapSize                   = 5839372                                {pd product} {ergonomic}
    uintx NonProfiledCodeHeapSize                  = 122909434                              {pd product} {ergonomic}
    uintx ProfiledCodeHeapSize                     = 122909434                              {pd product} {ergonomic}
    uintx ReservedCodeCacheSize                    = 251658240                              {pd product} {ergonomic}
     bool SegmentedCodeCache                       = true                                      {product} {ergonomic}
     bool ShowCodeDetailsInExceptionMessages       = true                                   {manageable} {command line}
   size_t SoftMaxHeapSize                          = 4238344192                             {manageable} {ergonomic}
     bool UseCompressedClassPointers               = true                           {product lp64_product} {ergonomic}
     bool UseCompressedOops                        = true                           {product lp64_product} {ergonomic}
     bool UseG1GC                                  = true                                      {product} {ergonomic}
     bool UseLargePagesIndividualAllocation        = false                                  {pd product} {ergonomic}

Logging:
Log output configuration:
 #0: stdout all=warning uptime,level,tags
 #1: stderr all=off uptime,level,tags

Environment Variables:
PATH=C:/Program Files/Java/jdk-17.0.2/bin/server;C:/Program Files/Java/jdk-17.0.2/bin;C:\Program Files\Common Files\Oracle\Java\javapath;C:\Program Files (x86)\Common Files\Oracle\Java\javapath;C:\windows\system32;C:\windows;C:\windows\System32\Wbem;C:\windows\System32\WindowsPowerShell\v1.0\;C:\windows\System32\OpenSSH\;C:\Program Files (x86)\NVIDIA Corporation\PhysX\Common;C:\Program Files\NVIDIA Corporation\NVIDIA NvDLISR;C:\WINDOWS\system32;C:\WINDOWS;C:\WINDOWS\System32\Wbem;C:\WINDOWS\System32\WindowsPowerShell\v1.0\;C:\WINDOWS\System32\OpenSSH\;C:\Program Files\Git\cmd;C:\Users\omerh\AppData\Local\Microsoft\WindowsApps;C:\Users\omerh\AppData\Local\GitHubDesktop\bin;C:\Users\omerh\AppData\Local\gitkraken\bin;C:\Users\omerh\OneDrive\ ;
USERNAME=omerh
OS=Windows_NT
PROCESSOR_IDENTIFIER=Intel64 Family 6 Model 126 Stepping 5, GenuineIntel



---------------  S Y S T E M  ---------------

OS:
 Windows 11 , 64 bit Build 22000 (10.0.22000.675)
OS uptime: 2 days 15:20 hours

CPU: total 8 (initial active 8) (4 cores per cpu, 2 threads per core) family 6 model 126 stepping 5 microcode 0xa0, cx8, cmov, fxsr, ht, mmx, 3dnowpref, sse, sse2, sse3, ssse3, sse4.1, sse4.2, popcnt, lzcnt, tsc, tscinvbit, avx, avx2, aes, erms, clmul, bmi1, bmi2, adx, avx512f, avx512dq, avx512cd, avx512bw, avx512vl, sha, fma, vzeroupper, avx512_vpopcntdq, avx512_vpclmulqdq, avx512_vaes, avx512_vnni, clflush, clflushopt, avx512_vbmi2, avx512_vbmi

Memory: 4k page, system-wide physical 16161M (7843M free)
TotalPageFile size 18593M (AvailPageFile size 7186M)
current process WorkingSet (physical memory assigned to process): 102M, peak: 102M
current process commit charge ("private bytes"): 371M, peak: 372M

vm_info: Java HotSpot(TM) 64-Bit Server VM (17.0.2+8-LTS-86) for windows-amd64 JRE (17.0.2+8-LTS-86), built on Dec  7 2021 21:51:03 by "mach5one" with MS VC++ 16.8 / 16.9 (VS2019)

END.
