#
# A fatal error has been detected by the Java Runtime Environment:
#
#  EXCEPTION_ACCESS_VIOLATION (0xc0000005) at pc=0x00007ffbf9e8a762, pid=10884, tid=21396
#
# JRE version: Java(TM) SE Runtime Environment (17.0.2+8) (build 17.0.2+8-LTS-86)
# Java VM: Java HotSpot(TM) 64-Bit Server VM (17.0.2+8-LTS-86, mixed mode, sharing, tiered, compressed oops, compressed class ptrs, g1 gc, windows-amd64)
# Problematic frame:
# V  [jvm.dll+0x57a762]
#
# No core dump will be written. Minidumps are not enabled by default on client versions of Windows
#
# If you would like to submit a bug report, please visit:
#   https://bugreport.java.com/bugreport/crash.jsp
#

---------------  S U M M A R Y ------------

Command Line: -Dfile.encoding=Cp1255 -XX:+ShowCodeDetailsInExceptionMessages graphics.ZooFrame

Host: Intel(R) Core(TM) i7-1065G7 CPU @ 1.30GHz, 8 cores, 15G,  Windows 11 , 64 bit Build 22000 (10.0.22000.613)
Time: Mon May  9 12:22:16 2022  Windows 11 , 64 bit Build 22000 (10.0.22000.613) elapsed time: 6.360127 seconds (0d 0h 0m 6s)

---------------  T H R E A D  ---------------

Current thread (0x000002300fa8b040):  JavaThread "C2 CompilerThread2" daemon [_thread_in_native, id=21396, stack(0x00000040f2e00000,0x00000040f2f00000)]


Current CompileTask:
C2:   6360 1255       4       graphics.ZooPanel::manageZoo (280 bytes)

Stack: [0x00000040f2e00000,0x00000040f2f00000],  sp=0x00000040f2efa440,  free space=1001k
Native frames: (J=compiled Java code, j=interpreted, Vv=VM code, C=native code)
V  [jvm.dll+0x57a762]
V  [jvm.dll+0x57a484]
V  [jvm.dll+0x5796f8]
V  [jvm.dll+0x21de3d]
V  [jvm.dll+0x21e21f]
V  [jvm.dll+0x217ae5]
V  [jvm.dll+0x214fab]
V  [jvm.dll+0x1a1bbd]
V  [jvm.dll+0x224908]
V  [jvm.dll+0x222a6c]
V  [jvm.dll+0x7859bb]
V  [jvm.dll+0x77ff7a]
V  [jvm.dll+0x66fa35]
C  [ucrtbase.dll+0x26c0c]
C  [KERNEL32.DLL+0x154e0]
C  [ntdll.dll+0x485b]


siginfo: EXCEPTION_ACCESS_VIOLATION (0xc0000005), reading address 0x0000000000000008


Register to memory mapping:

RIP=0x00007ffbf9e8a762 jvm.dll
RAX=0x000002300fc0c5a0 points into unknown readable memory: 0x0000000000000000 | 00 00 00 00 00 00 00 00
RBX=0x0 is NULL
RCX=0x0 is NULL
RDX=0x0000000000001000 is an unknown value
RSP=0x00000040f2efa440 is pointing into the stack for thread: 0x000002300fa8b040
RBP=0x000002301001fac0 points into unknown readable memory: 0x0000000000000000 | 00 00 00 00 00 00 00 00
RSI=0x000002300fed3938 points into unknown readable memory: 0x00007ffbfa1c3058 | 58 30 1c fa fb 7f 00 00
RDI=0x00000040f2efa860 is pointing into the stack for thread: 0x000002300fa8b040
R8 =0x000002300fc0c5a0 points into unknown readable memory: 0x0000000000000000 | 00 00 00 00 00 00 00 00
R9 =0x0 is NULL
R10=0xfefefefefefefeff is an unknown value
R11=0x8080808080808080 is an unknown value
R12=0x00000040f2efa530 is pointing into the stack for thread: 0x000002300fa8b040
R13=0x00000040f2efa510 is pointing into the stack for thread: 0x000002300fa8b040
R14=0x000002300fb74e70 points into unknown readable memory: 0x00007ffbfa1beb10 | 10 eb 1b fa fb 7f 00 00
R15=0x000002300fb735d0 points into unknown readable memory: 0x00007ffbfa1c3128 | 28 31 1c fa fb 7f 00 00


Registers:
RAX=0x000002300fc0c5a0, RBX=0x0000000000000000, RCX=0x0000000000000000, RDX=0x0000000000001000
RSP=0x00000040f2efa440, RBP=0x000002301001fac0, RSI=0x000002300fed3938, RDI=0x00000040f2efa860
R8 =0x000002300fc0c5a0, R9 =0x0000000000000000, R10=0xfefefefefefefeff, R11=0x8080808080808080
R12=0x00000040f2efa530, R13=0x00000040f2efa510, R14=0x000002300fb74e70, R15=0x000002300fb735d0
RIP=0x00007ffbf9e8a762, EFLAGS=0x0000000000010287

Top of Stack: (sp=0x00000040f2efa440)
0x00000040f2efa440:   00000000000001bc 00000040f2efa860
0x00000040f2efa450:   0000000000000001 000002300fed2f10
0x00000040f2efa460:   0000000000000001 00000040f2efa550
0x00000040f2efa470:   000002300ff5f340 00007ffbf9e8a484
0x00000040f2efa480:   0000000000000008 00000000000001bc
0x00000040f2efa490:   000002300fb74e70 0000023000000001
0x00000040f2efa4a0:   0000000000000000 000002300fa6b908
0x00000040f2efa4b0:   000002307f9c3428 00000040f2efa5e0
0x00000040f2efa4c0:   0000000000038200 00000230691a99e0
0x00000040f2efa4d0:   0000000000000001 00007ffbf9e896f8
0x00000040f2efa4e0:   00000040f2efa860 00000040f2efa860
0x00000040f2efa4f0:   0000023000000001 00000040f2efa550
0x00000040f2efa500:   0000000000000001 0000023010027aa0
0x00000040f2efa510:   000002307fbbf080 0000000000000200
0x00000040f2efa520:   000002300faf5490 00000000000001bd
0x00000040f2efa530:   0000000000000080 0000023010001e10 

Instructions: (pc=0x00007ffbf9e8a762)
0x00007ffbf9e8a662:   8b 5e 28 3b 5f 28 72 0b 8b d3 48 8d 4f 20 e8 9b
0x00007ffbf9e8a672:   4c 0d 00 48 8b 47 30 48 c7 04 d8 00 00 00 00 48
0x00007ffbf9e8a682:   83 c4 20 41 5e 5f 5b c3 49 8b d6 4c 89 7c 24 50
0x00007ffbf9e8a692:   48 8b cf e8 36 d0 fe ff 45 33 c9 4c 8b c0 49 8b
0x00007ffbf9e8a6a2:   d6 48 8b cf 4c 8b f8 e8 92 12 00 00 41 8b 4e 2c
0x00007ffbf9e8a6b2:   48 8b d8 83 e1 3f 80 f9 30 75 19 49 3b c7 74 14
0x00007ffbf9e8a6c2:   4c 8b c8 4d 8b c7 49 8b d6 48 8b cf e8 7d 3a 00
0x00007ffbf9e8a6d2:   00 48 8b d8 48 89 74 24 48 48 85 db 75 55 41 8b
0x00007ffbf9e8a6e2:   5e 28 3b 5f 28 72 0b 8b d3 48 8d 4f 20 e8 1c 4c
0x00007ffbf9e8a6f2:   0d 00 48 8b 47 30 48 c7 04 d8 00 00 00 00 8b 9f
0x00007ffbf9e8a702:   d0 09 00 00 8d 43 01 89 87 d0 09 00 00 3b 9f c0
0x00007ffbf9e8a712:   09 00 00 72 0e 8b d3 48 8d 8f b8 09 00 00 e8 eb
0x00007ffbf9e8a722:   4b 0d 00 48 8b 87 c8 09 00 00 4c 89 34 d8 e9 38
0x00007ffbf9e8a732:   02 00 00 48 89 6c 24 40 48 8b f3 4c 3b fb 0f 84
0x00007ffbf9e8a742:   7d 01 00 00 8b 57 28 0f 1f 80 00 00 00 00 8b 4b
0x00007ffbf9e8a752:   28 48 8b 87 f8 09 00 00 48 8b 1c c8 4c 8d 04 c8
0x00007ffbf9e8a762:   48 8b 43 08 48 83 38 00 75 27 0f 1f 40 00 8b 43
0x00007ffbf9e8a772:   28 3b c2 73 0c 8b c8 48 8b 47 30 48 8b 1c c8 eb
0x00007ffbf9e8a782:   02 33 db 48 83 e3 fe 48 8b 43 08 48 83 38 00 74
0x00007ffbf9e8a792:   dd 49 89 18 8b 43 28 8b 57 28 3b c2 73 0f 8b c8
0x00007ffbf9e8a7a2:   48 8b 47 30 48 8b 2c c8 48 85 ed 75 07 48 8b af
0x00007ffbf9e8a7b2:   90 09 00 00 48 85 f6 75 27 4c 8d 0d 1e f5 36 00
0x00007ffbf9e8a7c2:   ba a9 03 00 00 4c 8d 05 22 f5 36 00 48 8d 0d 03
0x00007ffbf9e8a7d2:   00 36 00 e8 d6 82 cc ff e8 41 5f 0f 00 8b 57 28
0x00007ffbf9e8a7e2:   8b 46 28 3b c2 73 0f 8b c8 48 8b 47 30 4c 8b 04
0x00007ffbf9e8a7f2:   c8 4d 85 c0 75 07 4c 8b 87 90 09 00 00 41 0f b7
0x00007ffbf9e8a802:   40 58 48 8b cb 66 39 45 58 48 0f 43 ce 48 8b f1
0x00007ffbf9e8a812:   4c 3b fb 0f 85 35 ff ff ff 49 3b cf 0f 84 9f 00
0x00007ffbf9e8a822:   00 00 e8 57 63 0d 00 48 85 c0 0f 84 91 00 00 00
0x00007ffbf9e8a832:   8b 48 2c 83 e1 7f 80 f9 60 0f 85 82 00 00 00 48
0x00007ffbf9e8a842:   8b 40 08 48 3b 70 08 75 78 8b 46 2c 24 0f 3c 08
0x00007ffbf9e8a852:   75 6f 33 d2 48 8b ce e8 f2 4c 0c 00 48 85 c0 74 


Stack slot to memory mapping:
stack at sp + 0 slots: 0x00000000000001bc is an unknown value
stack at sp + 1 slots: 0x00000040f2efa860 is pointing into the stack for thread: 0x000002300fa8b040
stack at sp + 2 slots: 0x0000000000000001 is an unknown value
stack at sp + 3 slots: 0x000002300fed2f10 points into unknown readable memory: 0x00007ffbfa1c3058 | 58 30 1c fa fb 7f 00 00
stack at sp + 4 slots: 0x0000000000000001 is an unknown value
stack at sp + 5 slots: 0x00000040f2efa550 is pointing into the stack for thread: 0x000002300fa8b040
stack at sp + 6 slots: 0x000002300ff5f340 points into unknown readable memory: 0x00007ffbfa1c2eb0 | b0 2e 1c fa fb 7f 00 00
stack at sp + 7 slots: 0x00007ffbf9e8a484 jvm.dll


---------------  P R O C E S S  ---------------

Threads class SMR info:
_java_thread_list=0x000002300fa122b0, length=21, elements={
0x000002307ed67040, 0x000002307ed6a380, 0x000002307ed82870, 0x000002307ed83130,
0x000002307ed881c0, 0x000002307ed89220, 0x000002307ed98570, 0x000002307edb8f30,
0x000002307edb9830, 0x000002307f92f2b0, 0x000002307f935bd0, 0x000002307faf5330,
0x000002307faf5800, 0x000002307fb133e0, 0x000002300f830080, 0x00000230691a3a60,
0x000002300f9f13a0, 0x000002300f9ed9e0, 0x000002300f9edeb0, 0x000002307fae3560,
0x000002300fa8b040
}

Java Threads: ( => current thread )
  0x000002307ed67040 JavaThread "Reference Handler" daemon [_thread_blocked, id=6272, stack(0x00000040f1700000,0x00000040f1800000)]
  0x000002307ed6a380 JavaThread "Finalizer" daemon [_thread_blocked, id=55428, stack(0x00000040f1800000,0x00000040f1900000)]
  0x000002307ed82870 JavaThread "Signal Dispatcher" daemon [_thread_blocked, id=10444, stack(0x00000040f1900000,0x00000040f1a00000)]
  0x000002307ed83130 JavaThread "Attach Listener" daemon [_thread_blocked, id=66864, stack(0x00000040f1a00000,0x00000040f1b00000)]
  0x000002307ed881c0 JavaThread "Service Thread" daemon [_thread_blocked, id=62796, stack(0x00000040f1b00000,0x00000040f1c00000)]
  0x000002307ed89220 JavaThread "Monitor Deflation Thread" daemon [_thread_blocked, id=11872, stack(0x00000040f1c00000,0x00000040f1d00000)]
  0x000002307ed98570 JavaThread "C2 CompilerThread0" daemon [_thread_blocked, id=47192, stack(0x00000040f1d00000,0x00000040f1e00000)]
  0x000002307edb8f30 JavaThread "C1 CompilerThread0" daemon [_thread_blocked, id=51876, stack(0x00000040f1e00000,0x00000040f1f00000)]
  0x000002307edb9830 JavaThread "Sweeper thread" daemon [_thread_blocked, id=73812, stack(0x00000040f1f00000,0x00000040f2000000)]
  0x000002307f92f2b0 JavaThread "Notification Thread" daemon [_thread_blocked, id=20584, stack(0x00000040f2000000,0x00000040f2100000)]
  0x000002307f935bd0 JavaThread "Common-Cleaner" daemon [_thread_blocked, id=38312, stack(0x00000040f2200000,0x00000040f2300000)]
  0x000002307faf5330 JavaThread "Java2D Disposer" daemon [_thread_blocked, id=24016, stack(0x00000040f2300000,0x00000040f2400000)]
  0x000002307faf5800 JavaThread "AWT-Shutdown" [_thread_blocked, id=62212, stack(0x00000040f2400000,0x00000040f2500000)]
  0x000002307fb133e0 JavaThread "AWT-Windows" daemon [_thread_in_native, id=13688, stack(0x00000040f2500000,0x00000040f2600000)]
  0x000002300f830080 JavaThread "AWT-EventQueue-0" [_thread_in_Java, id=22052, stack(0x00000040f2700000,0x00000040f2800000)]
  0x00000230691a3a60 JavaThread "DestroyJavaVM" [_thread_blocked, id=50468, stack(0x00000040f1000000,0x00000040f1100000)]
  0x000002300f9f13a0 JavaThread "TimerQueue" daemon [_thread_blocked, id=59112, stack(0x00000040f2b00000,0x00000040f2c00000)]
  0x000002300f9ed9e0 JavaThread "Thread-1" [_thread_blocked, id=18832, stack(0x00000040f2c00000,0x00000040f2d00000)]
  0x000002300f9edeb0 JavaThread "Thread-0" [_thread_in_Java, id=73412, stack(0x00000040f2d00000,0x00000040f2e00000)]
  0x000002307fae3560 JavaThread "C2 CompilerThread1" daemon [_thread_blocked, id=14584, stack(0x00000040f2600000,0x00000040f2700000)]
=>0x000002300fa8b040 JavaThread "C2 CompilerThread2" daemon [_thread_in_native, id=21396, stack(0x00000040f2e00000,0x00000040f2f00000)]

Other Threads:
  0x000002307ed63a00 VMThread "VM Thread" [stack: 0x00000040f1600000,0x00000040f1700000] [id=60792]
  0x000002307f9357a0 WatcherThread [stack: 0x00000040f2100000,0x00000040f2200000] [id=41484]
  0x00000230691f2160 GCTaskThread "GC Thread#0" [stack: 0x00000040f1100000,0x00000040f1200000] [id=76788]
  0x000002300fa88be0 GCTaskThread "GC Thread#1" [stack: 0x00000040f2f00000,0x00000040f3000000] [id=37056]
  0x000002300fa88e90 GCTaskThread "GC Thread#2" [stack: 0x00000040f3000000,0x00000040f3100000] [id=15932]
  0x000002307fae3e20 GCTaskThread "GC Thread#3" [stack: 0x00000040f3100000,0x00000040f3200000] [id=68416]
  0x000002307fae40d0 GCTaskThread "GC Thread#4" [stack: 0x00000040f3200000,0x00000040f3300000] [id=35380]
  0x000002307f9c3c30 GCTaskThread "GC Thread#5" [stack: 0x00000040f3300000,0x00000040f3400000] [id=12480]
  0x000002307f9c3ee0 GCTaskThread "GC Thread#6" [stack: 0x00000040f3400000,0x00000040f3500000] [id=73156]
  0x000002300f95f800 GCTaskThread "GC Thread#7" [stack: 0x00000040f3500000,0x00000040f3600000] [id=20612]
  0x0000023069202d30 ConcurrentGCThread "G1 Main Marker" [stack: 0x00000040f1200000,0x00000040f1300000] [id=35540]
  0x0000023069203fb0 ConcurrentGCThread "G1 Conc#0" [stack: 0x00000040f1300000,0x00000040f1400000] [id=59620]
  0x000002307ec220c0 ConcurrentGCThread "G1 Refine#0" [stack: 0x00000040f1400000,0x00000040f1500000] [id=26460]
  0x000002307ec229f0 ConcurrentGCThread "G1 Service" [stack: 0x00000040f1500000,0x00000040f1600000] [id=17204]

Threads with active compile tasks:
C1 CompilerThread0     6446 1328       3       sun.java2d.SurfaceData::getSourceSurfaceData (110 bytes)
C2 CompilerThread2     6446 1255       4       graphics.ZooPanel::manageZoo (280 bytes)

VM state: not at safepoint (normal execution)

VM Mutex/Monitor currently owned by a thread: None

Heap address: 0x0000000703600000, size: 4042 MB, Compressed Oops mode: Zero based, Oop shift amount: 3

CDS archive(s) mapped at: [0x0000000800000000-0x0000000800bc0000-0x0000000800bc0000), size 12320768, SharedBaseAddress: 0x0000000800000000, ArchiveRelocationMode: 0.
Compressed class space mapped at: 0x0000000800c00000-0x0000000840c00000, reserved size: 1073741824
Narrow klass base: 0x0000000800000000, Narrow klass shift: 0, Narrow klass range: 0x100000000

GC Precious Log:
 CPUs: 8 total, 8 available
 Memory: 16161M
 Large Page Support: Disabled
 NUMA Support: Disabled
 Compressed Oops: Enabled (Zero based)
 Heap Region Size: 2M
 Heap Min Capacity: 8M
 Heap Initial Capacity: 254M
 Heap Max Capacity: 4042M
 Pre-touch: Disabled
 Parallel Workers: 8
 Concurrent Workers: 2
 Concurrent Refinement Workers: 8
 Periodic GC: Disabled

Heap:
 garbage-first heap   total 260096K, used 32073K [0x0000000703600000, 0x0000000800000000)
  region size 2048K, 12 young (24576K), 2 survivors (4096K)
 Metaspace       used 10438K, committed 10688K, reserved 1064960K
  class space    used 1222K, committed 1344K, reserved 1048576K

Heap Regions: E=young(eden), S=young(survivor), O=old, HS=humongous(starts), HC=humongous(continues), CS=collection set, F=free, OA=open archive, CA=closed archive, TAMS=top-at-mark-start (previous, next)
|   0|0x0000000703600000, 0x0000000703800000, 0x0000000703800000|100%|HS|  |TAMS 0x0000000703600000, 0x0000000703600000| Complete 
|   1|0x0000000703800000, 0x0000000703a00000, 0x0000000703a00000|100%|HC|  |TAMS 0x0000000703800000, 0x0000000703800000| Complete 
|   2|0x0000000703a00000, 0x0000000703c00000, 0x0000000703c00000|100%|HC|  |TAMS 0x0000000703a00000, 0x0000000703a00000| Complete 
|   3|0x0000000703c00000, 0x0000000703e00000, 0x0000000703e00000|100%|HS|  |TAMS 0x0000000703c00000, 0x0000000703c00000| Complete 
|   4|0x0000000703e00000, 0x0000000704000000, 0x0000000704000000|100%|HC|  |TAMS 0x0000000703e00000, 0x0000000703e00000| Complete 
|   5|0x0000000704000000, 0x0000000704000000, 0x0000000704200000|  0%| F|  |TAMS 0x0000000704000000, 0x0000000704000000| Untracked 
|   6|0x0000000704200000, 0x0000000704200000, 0x0000000704400000|  0%| F|  |TAMS 0x0000000704200000, 0x0000000704200000| Untracked 
|   7|0x0000000704400000, 0x0000000704400000, 0x0000000704600000|  0%| F|  |TAMS 0x0000000704400000, 0x0000000704400000| Untracked 
|   8|0x0000000704600000, 0x0000000704600000, 0x0000000704800000|  0%| F|  |TAMS 0x0000000704600000, 0x0000000704600000| Untracked 
|   9|0x0000000704800000, 0x0000000704800000, 0x0000000704a00000|  0%| F|  |TAMS 0x0000000704800000, 0x0000000704800000| Untracked 
|  10|0x0000000704a00000, 0x0000000704a00000, 0x0000000704c00000|  0%| F|  |TAMS 0x0000000704a00000, 0x0000000704a00000| Untracked 
|  11|0x0000000704c00000, 0x0000000704c00000, 0x0000000704e00000|  0%| F|  |TAMS 0x0000000704c00000, 0x0000000704c00000| Untracked 
|  12|0x0000000704e00000, 0x0000000704e00000, 0x0000000705000000|  0%| F|  |TAMS 0x0000000704e00000, 0x0000000704e00000| Untracked 
|  13|0x0000000705000000, 0x0000000705000000, 0x0000000705200000|  0%| F|  |TAMS 0x0000000705000000, 0x0000000705000000| Untracked 
|  14|0x0000000705200000, 0x0000000705200000, 0x0000000705400000|  0%| F|  |TAMS 0x0000000705200000, 0x0000000705200000| Untracked 
|  15|0x0000000705400000, 0x0000000705400000, 0x0000000705600000|  0%| F|  |TAMS 0x0000000705400000, 0x0000000705400000| Untracked 
|  16|0x0000000705600000, 0x0000000705600000, 0x0000000705800000|  0%| F|  |TAMS 0x0000000705600000, 0x0000000705600000| Untracked 
|  17|0x0000000705800000, 0x0000000705800000, 0x0000000705a00000|  0%| F|  |TAMS 0x0000000705800000, 0x0000000705800000| Untracked 
|  18|0x0000000705a00000, 0x0000000705a00000, 0x0000000705c00000|  0%| F|  |TAMS 0x0000000705a00000, 0x0000000705a00000| Untracked 
|  19|0x0000000705c00000, 0x0000000705c00000, 0x0000000705e00000|  0%| F|  |TAMS 0x0000000705c00000, 0x0000000705c00000| Untracked 
|  20|0x0000000705e00000, 0x0000000705e00000, 0x0000000706000000|  0%| F|  |TAMS 0x0000000705e00000, 0x0000000705e00000| Untracked 
|  21|0x0000000706000000, 0x0000000706000000, 0x0000000706200000|  0%| F|  |TAMS 0x0000000706000000, 0x0000000706000000| Untracked 
|  22|0x0000000706200000, 0x0000000706200000, 0x0000000706400000|  0%| F|  |TAMS 0x0000000706200000, 0x0000000706200000| Untracked 
|  23|0x0000000706400000, 0x0000000706400000, 0x0000000706600000|  0%| F|  |TAMS 0x0000000706400000, 0x0000000706400000| Untracked 
|  24|0x0000000706600000, 0x0000000706600000, 0x0000000706800000|  0%| F|  |TAMS 0x0000000706600000, 0x0000000706600000| Untracked 
|  25|0x0000000706800000, 0x0000000706800000, 0x0000000706a00000|  0%| F|  |TAMS 0x0000000706800000, 0x0000000706800000| Untracked 
|  26|0x0000000706a00000, 0x0000000706a00000, 0x0000000706c00000|  0%| F|  |TAMS 0x0000000706a00000, 0x0000000706a00000| Untracked 
|  27|0x0000000706c00000, 0x0000000706c00000, 0x0000000706e00000|  0%| F|  |TAMS 0x0000000706c00000, 0x0000000706c00000| Untracked 
|  28|0x0000000706e00000, 0x0000000706e00000, 0x0000000707000000|  0%| F|  |TAMS 0x0000000706e00000, 0x0000000706e00000| Untracked 
|  29|0x0000000707000000, 0x0000000707000000, 0x0000000707200000|  0%| F|  |TAMS 0x0000000707000000, 0x0000000707000000| Untracked 
|  30|0x0000000707200000, 0x0000000707200000, 0x0000000707400000|  0%| F|  |TAMS 0x0000000707200000, 0x0000000707200000| Untracked 
|  31|0x0000000707400000, 0x0000000707400000, 0x0000000707600000|  0%| F|  |TAMS 0x0000000707400000, 0x0000000707400000| Untracked 
|  32|0x0000000707600000, 0x0000000707600000, 0x0000000707800000|  0%| F|  |TAMS 0x0000000707600000, 0x0000000707600000| Untracked 
|  33|0x0000000707800000, 0x0000000707800000, 0x0000000707a00000|  0%| F|  |TAMS 0x0000000707800000, 0x0000000707800000| Untracked 
|  34|0x0000000707a00000, 0x0000000707a00000, 0x0000000707c00000|  0%| F|  |TAMS 0x0000000707a00000, 0x0000000707a00000| Untracked 
|  35|0x0000000707c00000, 0x0000000707c00000, 0x0000000707e00000|  0%| F|  |TAMS 0x0000000707c00000, 0x0000000707c00000| Untracked 
|  36|0x0000000707e00000, 0x0000000707e00000, 0x0000000708000000|  0%| F|  |TAMS 0x0000000707e00000, 0x0000000707e00000| Untracked 
|  37|0x0000000708000000, 0x0000000708000000, 0x0000000708200000|  0%| F|  |TAMS 0x0000000708000000, 0x0000000708000000| Untracked 
|  38|0x0000000708200000, 0x0000000708200000, 0x0000000708400000|  0%| F|  |TAMS 0x0000000708200000, 0x0000000708200000| Untracked 
|  39|0x0000000708400000, 0x0000000708400000, 0x0000000708600000|  0%| F|  |TAMS 0x0000000708400000, 0x0000000708400000| Untracked 
|  40|0x0000000708600000, 0x0000000708600000, 0x0000000708800000|  0%| F|  |TAMS 0x0000000708600000, 0x0000000708600000| Untracked 
|  41|0x0000000708800000, 0x0000000708800000, 0x0000000708a00000|  0%| F|  |TAMS 0x0000000708800000, 0x0000000708800000| Untracked 
|  42|0x0000000708a00000, 0x0000000708a00000, 0x0000000708c00000|  0%| F|  |TAMS 0x0000000708a00000, 0x0000000708a00000| Untracked 
|  43|0x0000000708c00000, 0x0000000708c00000, 0x0000000708e00000|  0%| F|  |TAMS 0x0000000708c00000, 0x0000000708c00000| Untracked 
|  44|0x0000000708e00000, 0x0000000708e00000, 0x0000000709000000|  0%| F|  |TAMS 0x0000000708e00000, 0x0000000708e00000| Untracked 
|  45|0x0000000709000000, 0x0000000709000000, 0x0000000709200000|  0%| F|  |TAMS 0x0000000709000000, 0x0000000709000000| Untracked 
|  46|0x0000000709200000, 0x0000000709200000, 0x0000000709400000|  0%| F|  |TAMS 0x0000000709200000, 0x0000000709200000| Untracked 
|  47|0x0000000709400000, 0x0000000709400000, 0x0000000709600000|  0%| F|  |TAMS 0x0000000709400000, 0x0000000709400000| Untracked 
|  48|0x0000000709600000, 0x0000000709600000, 0x0000000709800000|  0%| F|  |TAMS 0x0000000709600000, 0x0000000709600000| Untracked 
|  49|0x0000000709800000, 0x0000000709800000, 0x0000000709a00000|  0%| F|  |TAMS 0x0000000709800000, 0x0000000709800000| Untracked 
|  50|0x0000000709a00000, 0x0000000709a00000, 0x0000000709c00000|  0%| F|  |TAMS 0x0000000709a00000, 0x0000000709a00000| Untracked 
|  51|0x0000000709c00000, 0x0000000709c00000, 0x0000000709e00000|  0%| F|  |TAMS 0x0000000709c00000, 0x0000000709c00000| Untracked 
|  52|0x0000000709e00000, 0x0000000709e00000, 0x000000070a000000|  0%| F|  |TAMS 0x0000000709e00000, 0x0000000709e00000| Untracked 
|  53|0x000000070a000000, 0x000000070a000000, 0x000000070a200000|  0%| F|  |TAMS 0x000000070a000000, 0x000000070a000000| Untracked 
|  54|0x000000070a200000, 0x000000070a200000, 0x000000070a400000|  0%| F|  |TAMS 0x000000070a200000, 0x000000070a200000| Untracked 
|  55|0x000000070a400000, 0x000000070a400000, 0x000000070a600000|  0%| F|  |TAMS 0x000000070a400000, 0x000000070a400000| Untracked 
|  56|0x000000070a600000, 0x000000070a600000, 0x000000070a800000|  0%| F|  |TAMS 0x000000070a600000, 0x000000070a600000| Untracked 
|  57|0x000000070a800000, 0x000000070a800000, 0x000000070aa00000|  0%| F|  |TAMS 0x000000070a800000, 0x000000070a800000| Untracked 
|  58|0x000000070aa00000, 0x000000070aa00000, 0x000000070ac00000|  0%| F|  |TAMS 0x000000070aa00000, 0x000000070aa00000| Untracked 
|  59|0x000000070ac00000, 0x000000070ac00000, 0x000000070ae00000|  0%| F|  |TAMS 0x000000070ac00000, 0x000000070ac00000| Untracked 
|  60|0x000000070ae00000, 0x000000070ae00000, 0x000000070b000000|  0%| F|  |TAMS 0x000000070ae00000, 0x000000070ae00000| Untracked 
|  61|0x000000070b000000, 0x000000070b000000, 0x000000070b200000|  0%| F|  |TAMS 0x000000070b000000, 0x000000070b000000| Untracked 
|  62|0x000000070b200000, 0x000000070b200000, 0x000000070b400000|  0%| F|  |TAMS 0x000000070b200000, 0x000000070b200000| Untracked 
|  63|0x000000070b400000, 0x000000070b400000, 0x000000070b600000|  0%| F|  |TAMS 0x000000070b400000, 0x000000070b400000| Untracked 
|  64|0x000000070b600000, 0x000000070b600000, 0x000000070b800000|  0%| F|  |TAMS 0x000000070b600000, 0x000000070b600000| Untracked 
|  65|0x000000070b800000, 0x000000070b800000, 0x000000070ba00000|  0%| F|  |TAMS 0x000000070b800000, 0x000000070b800000| Untracked 
|  66|0x000000070ba00000, 0x000000070ba00000, 0x000000070bc00000|  0%| F|  |TAMS 0x000000070ba00000, 0x000000070ba00000| Untracked 
|  67|0x000000070bc00000, 0x000000070bc00000, 0x000000070be00000|  0%| F|  |TAMS 0x000000070bc00000, 0x000000070bc00000| Untracked 
|  68|0x000000070be00000, 0x000000070be00000, 0x000000070c000000|  0%| F|  |TAMS 0x000000070be00000, 0x000000070be00000| Untracked 
|  69|0x000000070c000000, 0x000000070c000000, 0x000000070c200000|  0%| F|  |TAMS 0x000000070c000000, 0x000000070c000000| Untracked 
|  70|0x000000070c200000, 0x000000070c200000, 0x000000070c400000|  0%| F|  |TAMS 0x000000070c200000, 0x000000070c200000| Untracked 
|  71|0x000000070c400000, 0x000000070c400000, 0x000000070c600000|  0%| F|  |TAMS 0x000000070c400000, 0x000000070c400000| Untracked 
|  72|0x000000070c600000, 0x000000070c600000, 0x000000070c800000|  0%| F|  |TAMS 0x000000070c600000, 0x000000070c600000| Untracked 
|  73|0x000000070c800000, 0x000000070c800000, 0x000000070ca00000|  0%| F|  |TAMS 0x000000070c800000, 0x000000070c800000| Untracked 
|  74|0x000000070ca00000, 0x000000070ca00000, 0x000000070cc00000|  0%| F|  |TAMS 0x000000070ca00000, 0x000000070ca00000| Untracked 
|  75|0x000000070cc00000, 0x000000070cc00000, 0x000000070ce00000|  0%| F|  |TAMS 0x000000070cc00000, 0x000000070cc00000| Untracked 
|  76|0x000000070ce00000, 0x000000070ce00000, 0x000000070d000000|  0%| F|  |TAMS 0x000000070ce00000, 0x000000070ce00000| Untracked 
|  77|0x000000070d000000, 0x000000070d000000, 0x000000070d200000|  0%| F|  |TAMS 0x000000070d000000, 0x000000070d000000| Untracked 
|  78|0x000000070d200000, 0x000000070d200000, 0x000000070d400000|  0%| F|  |TAMS 0x000000070d200000, 0x000000070d200000| Untracked 
|  79|0x000000070d400000, 0x000000070d400000, 0x000000070d600000|  0%| F|  |TAMS 0x000000070d400000, 0x000000070d400000| Untracked 
|  80|0x000000070d600000, 0x000000070d600000, 0x000000070d800000|  0%| F|  |TAMS 0x000000070d600000, 0x000000070d600000| Untracked 
|  81|0x000000070d800000, 0x000000070d800000, 0x000000070da00000|  0%| F|  |TAMS 0x000000070d800000, 0x000000070d800000| Untracked 
|  82|0x000000070da00000, 0x000000070da00000, 0x000000070dc00000|  0%| F|  |TAMS 0x000000070da00000, 0x000000070da00000| Untracked 
|  83|0x000000070dc00000, 0x000000070dc00000, 0x000000070de00000|  0%| F|  |TAMS 0x000000070dc00000, 0x000000070dc00000| Untracked 
|  84|0x000000070de00000, 0x000000070de00000, 0x000000070e000000|  0%| F|  |TAMS 0x000000070de00000, 0x000000070de00000| Untracked 
|  85|0x000000070e000000, 0x000000070e000000, 0x000000070e200000|  0%| F|  |TAMS 0x000000070e000000, 0x000000070e000000| Untracked 
|  86|0x000000070e200000, 0x000000070e200000, 0x000000070e400000|  0%| F|  |TAMS 0x000000070e200000, 0x000000070e200000| Untracked 
|  87|0x000000070e400000, 0x000000070e400000, 0x000000070e600000|  0%| F|  |TAMS 0x000000070e400000, 0x000000070e400000| Untracked 
|  88|0x000000070e600000, 0x000000070e600000, 0x000000070e800000|  0%| F|  |TAMS 0x000000070e600000, 0x000000070e600000| Untracked 
|  89|0x000000070e800000, 0x000000070e800000, 0x000000070ea00000|  0%| F|  |TAMS 0x000000070e800000, 0x000000070e800000| Untracked 
|  90|0x000000070ea00000, 0x000000070ea00000, 0x000000070ec00000|  0%| F|  |TAMS 0x000000070ea00000, 0x000000070ea00000| Untracked 
|  91|0x000000070ec00000, 0x000000070ec00000, 0x000000070ee00000|  0%| F|  |TAMS 0x000000070ec00000, 0x000000070ec00000| Untracked 
|  92|0x000000070ee00000, 0x000000070ee00000, 0x000000070f000000|  0%| F|  |TAMS 0x000000070ee00000, 0x000000070ee00000| Untracked 
|  93|0x000000070f000000, 0x000000070f000000, 0x000000070f200000|  0%| F|  |TAMS 0x000000070f000000, 0x000000070f000000| Untracked 
|  94|0x000000070f200000, 0x000000070f200000, 0x000000070f400000|  0%| F|  |TAMS 0x000000070f200000, 0x000000070f200000| Untracked 
|  95|0x000000070f400000, 0x000000070f400000, 0x000000070f600000|  0%| F|  |TAMS 0x000000070f400000, 0x000000070f400000| Untracked 
|  96|0x000000070f600000, 0x000000070f600000, 0x000000070f800000|  0%| F|  |TAMS 0x000000070f600000, 0x000000070f600000| Untracked 
|  97|0x000000070f800000, 0x000000070f800000, 0x000000070fa00000|  0%| F|  |TAMS 0x000000070f800000, 0x000000070f800000| Untracked 
|  98|0x000000070fa00000, 0x000000070fa00000, 0x000000070fc00000|  0%| F|  |TAMS 0x000000070fa00000, 0x000000070fa00000| Untracked 
|  99|0x000000070fc00000, 0x000000070fc00000, 0x000000070fe00000|  0%| F|  |TAMS 0x000000070fc00000, 0x000000070fc00000| Untracked 
| 100|0x000000070fe00000, 0x000000070fe00000, 0x0000000710000000|  0%| F|  |TAMS 0x000000070fe00000, 0x000000070fe00000| Untracked 
| 101|0x0000000710000000, 0x0000000710000000, 0x0000000710200000|  0%| F|  |TAMS 0x0000000710000000, 0x0000000710000000| Untracked 
| 102|0x0000000710200000, 0x0000000710200000, 0x0000000710400000|  0%| F|  |TAMS 0x0000000710200000, 0x0000000710200000| Untracked 
| 103|0x0000000710400000, 0x0000000710400000, 0x0000000710600000|  0%| F|  |TAMS 0x0000000710400000, 0x0000000710400000| Untracked 
| 104|0x0000000710600000, 0x0000000710600000, 0x0000000710800000|  0%| F|  |TAMS 0x0000000710600000, 0x0000000710600000| Untracked 
| 105|0x0000000710800000, 0x0000000710800000, 0x0000000710a00000|  0%| F|  |TAMS 0x0000000710800000, 0x0000000710800000| Untracked 
| 106|0x0000000710a00000, 0x0000000710a00000, 0x0000000710c00000|  0%| F|  |TAMS 0x0000000710a00000, 0x0000000710a00000| Untracked 
| 107|0x0000000710c00000, 0x0000000710c00000, 0x0000000710e00000|  0%| F|  |TAMS 0x0000000710c00000, 0x0000000710c00000| Untracked 
| 108|0x0000000710e00000, 0x0000000710e00000, 0x0000000711000000|  0%| F|  |TAMS 0x0000000710e00000, 0x0000000710e00000| Untracked 
| 109|0x0000000711000000, 0x0000000711000000, 0x0000000711200000|  0%| F|  |TAMS 0x0000000711000000, 0x0000000711000000| Untracked 
| 110|0x0000000711200000, 0x0000000711200000, 0x0000000711400000|  0%| F|  |TAMS 0x0000000711200000, 0x0000000711200000| Untracked 
| 111|0x0000000711400000, 0x0000000711400000, 0x0000000711600000|  0%| F|  |TAMS 0x0000000711400000, 0x0000000711400000| Untracked 
| 112|0x0000000711600000, 0x0000000711600000, 0x0000000711800000|  0%| F|  |TAMS 0x0000000711600000, 0x0000000711600000| Untracked 
| 113|0x0000000711800000, 0x0000000711800000, 0x0000000711a00000|  0%| F|  |TAMS 0x0000000711800000, 0x0000000711800000| Untracked 
| 114|0x0000000711a00000, 0x0000000711b52590, 0x0000000711c00000| 66%| S|CS|TAMS 0x0000000711a00000, 0x0000000711a00000| Complete 
| 115|0x0000000711c00000, 0x0000000711e00000, 0x0000000711e00000|100%| S|CS|TAMS 0x0000000711c00000, 0x0000000711c00000| Complete 
| 116|0x0000000711e00000, 0x0000000711e00000, 0x0000000712000000|  0%| F|  |TAMS 0x0000000711e00000, 0x0000000711e00000| Untracked 
| 117|0x0000000712000000, 0x0000000712190780, 0x0000000712200000| 78%| E|  |TAMS 0x0000000712000000, 0x0000000712000000| Complete 
| 118|0x0000000712200000, 0x0000000712400000, 0x0000000712400000|100%| E|CS|TAMS 0x0000000712200000, 0x0000000712200000| Complete 
| 119|0x0000000712400000, 0x0000000712600000, 0x0000000712600000|100%| E|CS|TAMS 0x0000000712400000, 0x0000000712400000| Complete 
| 120|0x0000000712600000, 0x0000000712800000, 0x0000000712800000|100%| E|CS|TAMS 0x0000000712600000, 0x0000000712600000| Complete 
| 121|0x0000000712800000, 0x0000000712a00000, 0x0000000712a00000|100%| E|CS|TAMS 0x0000000712800000, 0x0000000712800000| Complete 
| 122|0x0000000712a00000, 0x0000000712c00000, 0x0000000712c00000|100%| E|CS|TAMS 0x0000000712a00000, 0x0000000712a00000| Complete 
| 123|0x0000000712c00000, 0x0000000712e00000, 0x0000000712e00000|100%| E|CS|TAMS 0x0000000712c00000, 0x0000000712c00000| Complete 
| 124|0x0000000712e00000, 0x0000000713000000, 0x0000000713000000|100%| E|CS|TAMS 0x0000000712e00000, 0x0000000712e00000| Complete 
| 125|0x0000000713000000, 0x0000000713200000, 0x0000000713200000|100%| E|CS|TAMS 0x0000000713000000, 0x0000000713000000| Complete 
| 126|0x0000000713200000, 0x0000000713400000, 0x0000000713400000|100%| E|CS|TAMS 0x0000000713200000, 0x0000000713200000| Complete 

Card table byte_map: [0x0000023073460000,0x0000023073c50000] _byte_map_base: 0x000002306fc45000

Marking Bits (Prev, Next): (CMBitMap*) 0x00000230691f2770, (CMBitMap*) 0x00000230691f27b0
 Prev Bits: [0x0000023074440000, 0x0000023078368000)
 Next Bits: [0x0000023078370000, 0x000002307c298000)

Polling page: 0x0000023069280000

Metaspace:

Usage:
  Non-class:      9.00 MB used.
      Class:      1.19 MB used.
       Both:     10.19 MB used.

Virtual space:
  Non-class space:       16.00 MB reserved,       9.12 MB ( 57%) committed,  2 nodes.
      Class space:        1.00 GB reserved,       1.31 MB ( <1%) committed,  1 nodes.
             Both:        1.02 GB reserved,      10.44 MB (  1%) committed. 

Chunk freelists:
   Non-Class:  2.47 MB
       Class:  2.73 MB
        Both:  5.20 MB

MaxMetaspaceSize: unlimited
CompressedClassSpaceSize: 1.00 GB
Initial GC threshold: 21.00 MB
Current GC threshold: 21.00 MB
CDS: on
MetaspaceReclaimPolicy: balanced
 - commit_granule_bytes: 65536.
 - commit_granule_words: 8192.
 - virtual_space_node_default_size: 1048576.
 - enlarge_chunks_in_place: 1.
 - new_chunks_are_fully_committed: 0.
 - uncommit_free_chunks: 1.
 - use_allocation_guard: 0.
 - handle_deallocations: 1.


Internal statistics:

num_allocs_failed_limit: 0.
num_arena_births: 118.
num_arena_deaths: 0.
num_vsnodes_births: 3.
num_vsnodes_deaths: 0.
num_space_committed: 167.
num_space_uncommitted: 0.
num_chunks_returned_to_freelist: 0.
num_chunks_taken_from_freelist: 195.
num_chunk_merges: 0.
num_chunk_splits: 99.
num_chunks_enlarged: 23.
num_purges: 0.
num_inconsistent_stats: 0.

CodeHeap 'non-profiled nmethods': size=120000Kb used=393Kb max_used=393Kb free=119606Kb
 bounds [0x0000023007ad0000, 0x0000023007d40000, 0x000002300f000000]
CodeHeap 'profiled nmethods': size=120000Kb used=2176Kb max_used=2176Kb free=117824Kb
 bounds [0x00000230005a0000, 0x0000023000810000, 0x0000023007ad0000]
CodeHeap 'non-nmethods': size=5760Kb used=1289Kb max_used=1308Kb free=4470Kb
 bounds [0x0000023000000000, 0x0000023000270000, 0x00000230005a0000]
 total_blobs=1932 nmethods=1327 adapters=518
 compilation: enabled
              stopped_count=0, restarted_count=0
 full_count=0

Compilation events (20 events):
Event: 6.297 Thread 0x000002307fae3560 nmethod 1244 0x0000023007b28e10 code [0x0000023007b28f80, 0x0000023007b28ff8]
Event: 6.297 Thread 0x000002307fae3560 1245       4       javax.swing.RepaintManager::currentManager (37 bytes)
Event: 6.298 Thread 0x000002307fae3560 nmethod 1245 0x0000023007b29110 code [0x0000023007b292a0, 0x0000023007b29368]
Event: 6.299 Thread 0x000002307fae3560 1251       4       javax.swing.JComponent::repaint (19 bytes)
Event: 6.299 Thread 0x000002307ed98570 nmethod 1260 0x0000023007b29490 code [0x0000023007b29620, 0x0000023007b29778]
Event: 6.299 Thread 0x000002307ed98570 1252       4       javax.swing.RepaintManager::addDirtyRegion (37 bytes)
Event: 6.301 Thread 0x000002307edb8f30 1269       3       sun.java2d.SunGraphics2D::translate (68 bytes)
Event: 6.301 Thread 0x000002307edb8f30 nmethod 1269 0x00000230007a2410 code [0x00000230007a25e0, 0x00000230007a2878]
Event: 6.305 Thread 0x000002307ed98570 nmethod 1252 0x0000023007b29910 code [0x0000023007b29ac0, 0x0000023007b29f18]
Event: 6.305 Thread 0x000002307ed98570 1270 %     4       graphics.ZooPanel::run @ 3 (15 bytes)
Event: 6.306 Thread 0x000002307fae3560 nmethod 1251 0x0000023007b2a310 code [0x0000023007b2a500, 0x0000023007b2ad08]
Event: 6.306 Thread 0x000002307edb8f30 1271       3       java.util.HashMap::<init> (11 bytes)
Event: 6.306 Thread 0x000002307fae3560 1246       4       java.awt.Component::repaint (16 bytes)
Event: 6.307 Thread 0x000002307edb8f30 nmethod 1271 0x00000230007a2990 code [0x00000230007a2b40, 0x00000230007a2d18]
Event: 6.307 Thread 0x000002307fae3560 nmethod 1246 0x0000023007b2b310 code [0x0000023007b2b480, 0x0000023007b2b538]
Event: 6.307 Thread 0x000002307fae3560 1256       4       java.util.ArrayList::removeAll (12 bytes)
Event: 6.310 Thread 0x000002307edb8f30 1273       3       java.awt.Component::getGraphics (124 bytes)
Event: 6.311 Thread 0x000002307edb8f30 nmethod 1273 0x00000230007a2e10 code [0x00000230007a3080, 0x00000230007a3c48]
Event: 6.311 Thread 0x000002307edb8f30 1272       1       javax.swing.JComponent::isOptimizedDrawingEnabled (2 bytes)
Event: 6.311 Thread 0x000002307edb8f30 nmethod 1272 0x0000023007b2b610 code [0x0000023007b2b7a0, 0x0000023007b2b878]

GC Heap History (2 events):
Event: 5.291 GC heap before
{Heap before GC invocations=0 (full 0):
 garbage-first heap   total 260096K, used 32768K [0x0000000703600000, 0x0000000800000000)
  region size 2048K, 11 young (22528K), 0 survivors (0K)
 Metaspace       used 10371K, committed 10560K, reserved 1064960K
  class space    used 1222K, committed 1344K, reserved 1048576K
}
Event: 5.296 GC heap after
{Heap after GC invocations=1 (full 0):
 garbage-first heap   total 260096K, used 13641K [0x0000000703600000, 0x0000000800000000)
  region size 2048K, 2 young (4096K), 2 survivors (4096K)
 Metaspace       used 10371K, committed 10560K, reserved 1064960K
  class space    used 1222K, committed 1344K, reserved 1048576K
}

Deoptimization events (20 events):
Event: 5.262 Thread 0x000002300f830080 DEOPT PACKING pc=0x000002300077775b sp=0x00000040f27fc710
Event: 5.262 Thread 0x000002300f830080 DEOPT UNPACKING pc=0x0000023000056763 sp=0x00000040f27fbbd0 mode 0
Event: 5.262 Thread 0x000002300f830080 DEOPT PACKING pc=0x0000023000775338 sp=0x00000040f27fc510
Event: 5.262 Thread 0x000002300f830080 DEOPT UNPACKING pc=0x0000023000056763 sp=0x00000040f27fb9e8 mode 0
Event: 5.263 Thread 0x000002300f830080 DEOPT PACKING pc=0x0000023000775338 sp=0x00000040f27fc510
Event: 5.263 Thread 0x000002300f830080 DEOPT UNPACKING pc=0x0000023000056763 sp=0x00000040f27fb9e8 mode 0
Event: 5.307 Thread 0x000002300f9edeb0 DEOPT PACKING pc=0x0000023000790c0e sp=0x00000040f2dff060
Event: 5.307 Thread 0x000002300f9edeb0 DEOPT UNPACKING pc=0x0000023000056763 sp=0x00000040f2dfe530 mode 0
Event: 6.268 Thread 0x000002300f9edeb0 Uncommon trap: trap_request=0xffffff45 fr.pc=0x0000023007b21248 relative=0x0000000000000228
Event: 6.268 Thread 0x000002300f9edeb0 Uncommon trap: reason=unstable_if action=reinterpret pc=0x0000023007b21248 method=graphics.ZooPanel.isChange()Z @ 25 c2
Event: 6.268 Thread 0x000002300f9ed9e0 Uncommon trap: trap_request=0xffffff45 fr.pc=0x0000023007b21b2c relative=0x000000000000020c
Event: 6.268 Thread 0x000002300f9ed9e0 Uncommon trap: reason=unstable_if action=reinterpret pc=0x0000023007b21b2c method=graphics.ZooPanel.isChange()Z @ 25 c2
Event: 6.268 Thread 0x000002300f9edeb0 DEOPT PACKING pc=0x0000023007b21248 sp=0x00000040f2dff060
Event: 6.268 Thread 0x000002300f9ed9e0 DEOPT PACKING pc=0x0000023007b21b2c sp=0x00000040f2cfefc0
Event: 6.268 Thread 0x000002300f9ed9e0 DEOPT UNPACKING pc=0x0000023000055c23 sp=0x00000040f2cfeef0 mode 2
Event: 6.268 Thread 0x000002300f9edeb0 DEOPT UNPACKING pc=0x0000023000055c23 sp=0x00000040f2dfef50 mode 2
Event: 6.268 Thread 0x000002300f9edeb0 Uncommon trap: trap_request=0xffffff45 fr.pc=0x0000023007b20aa4 relative=0x0000000000000204
Event: 6.268 Thread 0x000002300f9edeb0 Uncommon trap: reason=unstable_if action=reinterpret pc=0x0000023007b20aa4 method=graphics.ZooPanel.isChange()Z @ 25 c2
Event: 6.268 Thread 0x000002300f9edeb0 DEOPT PACKING pc=0x0000023007b20aa4 sp=0x00000040f2dfefa0
Event: 6.268 Thread 0x000002300f9edeb0 DEOPT UNPACKING pc=0x0000023000055c23 sp=0x00000040f2dfef40 mode 2

Classes unloaded (0 events):
No events

Classes redefined (0 events):
No events

Internal exceptions (20 events):
Event: 0.326 Thread 0x000002307fbfe6d0 Exception <a 'java/lang/NoSuchMethodError'{0x0000000712b679f0}: 'java.lang.Object java.lang.invoke.DirectMethodHandle$Holder.newInvokeSpecial(java.lang.Object, java.lang.Object, java.lang.Object, int, int, int, int, int)'> (0x0000000712b679f0) 
thrown [t:\workspace\open\src\hotspot\share\interpreter\linkResolver.cpp, line 766]
Event: 0.353 Thread 0x000002307fb133e0 Exception <a 'java/lang/NoSuchMethodError'{0x00000007130f12c8}: 'void java.lang.invoke.DirectMethodHandle$Holder.invokeVirtual(java.lang.Object, java.lang.Object)'> (0x00000007130f12c8) 
thrown [t:\workspace\open\src\hotspot\share\interpreter\linkResolver.cpp, line 766]
Event: 0.368 Thread 0x00000230691a3a60 Exception <a 'java/lang/NoSuchMethodError'{0x0000000712b23a30}: 'void java.lang.invoke.DirectMethodHandle$Holder.invokeStaticInit(java.lang.Object)'> (0x0000000712b23a30) 
thrown [t:\workspace\open\src\hotspot\share\interpreter\linkResolver.cpp, line 766]
Event: 0.570 Thread 0x000002300f830080 Exception <a 'java/lang/NullPointerException'{0x00000007128fde88}> (0x00000007128fde88) 
thrown [t:\workspace\open\src\hotspot\share\interpreter\linkResolver.cpp, line 1357]
Event: 1.745 Thread 0x000002300f830080 Exception <a 'java/lang/NoSuchMethodError'{0x00000007129ef368}: 'int java.lang.invoke.DirectMethodHandle$Holder.invokeStatic(java.lang.Object)'> (0x00000007129ef368) 
thrown [t:\workspace\open\src\hotspot\share\interpreter\linkResolver.cpp, line 766]
Event: 5.280 Thread 0x000002300f830080 Exception <a 'java/lang/NullPointerException'{0x0000000712525338}> (0x0000000712525338) 
thrown [t:\workspace\open\src\hotspot\share\interpreter\linkResolver.cpp, line 1357]
Event: 6.269 Thread 0x000002300f830080 Exception <a 'java/lang/NullPointerException'{0x000000071300d5d8}> (0x000000071300d5d8) 
thrown [t:\workspace\open\src\hotspot\share\interpreter\linkResolver.cpp, line 1357]
Event: 6.271 Thread 0x000002300f830080 Exception <a 'java/lang/NullPointerException'{0x000000071300e550}> (0x000000071300e550) 
thrown [t:\workspace\open\src\hotspot\share\interpreter\linkResolver.cpp, line 1357]
Event: 6.273 Thread 0x000002300f830080 Exception <a 'java/lang/NullPointerException'{0x000000071300f4c8}> (0x000000071300f4c8) 
thrown [t:\workspace\open\src\hotspot\share\interpreter\linkResolver.cpp, line 1357]
Event: 6.276 Thread 0x000002300f830080 Exception <a 'java/lang/NullPointerException'{0x0000000713010440}> (0x0000000713010440) 
thrown [t:\workspace\open\src\hotspot\share\interpreter\linkResolver.cpp, line 1357]
Event: 6.281 Thread 0x000002300f830080 Exception <a 'java/lang/NullPointerException'{0x00000007130113b8}> (0x00000007130113b8) 
thrown [t:\workspace\open\src\hotspot\share\interpreter\linkResolver.cpp, line 1357]
Event: 6.285 Thread 0x000002300f830080 Exception <a 'java/lang/NullPointerException'{0x0000000713012330}> (0x0000000713012330) 
thrown [t:\workspace\open\src\hotspot\share\interpreter\linkResolver.cpp, line 1357]
Event: 6.287 Thread 0x000002300f830080 Exception <a 'java/lang/NullPointerException'{0x00000007130132a8}> (0x00000007130132a8) 
thrown [t:\workspace\open\src\hotspot\share\interpreter\linkResolver.cpp, line 1357]
Event: 6.290 Thread 0x000002300f830080 Exception <a 'java/lang/NullPointerException'{0x0000000713014220}> (0x0000000713014220) 
thrown [t:\workspace\open\src\hotspot\share\interpreter\linkResolver.cpp, line 1357]
Event: 6.293 Thread 0x000002300f830080 Exception <a 'java/lang/NullPointerException'{0x0000000713015198}> (0x0000000713015198) 
thrown [t:\workspace\open\src\hotspot\share\interpreter\linkResolver.cpp, line 1357]
Event: 6.297 Thread 0x000002300f830080 Exception <a 'java/lang/NullPointerException'{0x0000000713016110}> (0x0000000713016110) 
thrown [t:\workspace\open\src\hotspot\share\interpreter\linkResolver.cpp, line 1357]
Event: 6.302 Thread 0x000002300f830080 Exception <a 'java/lang/NullPointerException'{0x0000000713017088}> (0x0000000713017088) 
thrown [t:\workspace\open\src\hotspot\share\interpreter\linkResolver.cpp, line 1357]
Event: 6.304 Thread 0x000002300f830080 Exception <a 'java/lang/NullPointerException'{0x0000000713018000}> (0x0000000713018000) 
thrown [t:\workspace\open\src\hotspot\share\interpreter\linkResolver.cpp, line 1357]
Event: 6.307 Thread 0x000002300f830080 Exception <a 'java/lang/NullPointerException'{0x0000000713018f78}> (0x0000000713018f78) 
thrown [t:\workspace\open\src\hotspot\share\interpreter\linkResolver.cpp, line 1357]
Event: 6.310 Thread 0x000002300f830080 Exception <a 'java/lang/NullPointerException'{0x000000071301a248}> (0x000000071301a248) 
thrown [t:\workspace\open\src\hotspot\share\interpreter\linkResolver.cpp, line 1357]

VM Operations (20 events):
Event: 0.527 Executing VM operation: HandshakeAllThreads
Event: 0.527 Executing VM operation: HandshakeAllThreads done
Event: 1.540 Executing VM operation: Cleanup
Event: 1.540 Executing VM operation: Cleanup done
Event: 1.652 Executing VM operation: HandshakeAllThreads
Event: 1.652 Executing VM operation: HandshakeAllThreads done
Event: 1.664 Executing VM operation: HandshakeAllThreads
Event: 1.664 Executing VM operation: HandshakeAllThreads done
Event: 1.667 Executing VM operation: HandshakeAllThreads
Event: 1.667 Executing VM operation: HandshakeAllThreads done
Event: 2.671 Executing VM operation: Cleanup
Event: 2.671 Executing VM operation: Cleanup done
Event: 3.684 Executing VM operation: Cleanup
Event: 3.685 Executing VM operation: Cleanup done
Event: 4.690 Executing VM operation: Cleanup
Event: 4.690 Executing VM operation: Cleanup done
Event: 5.291 Executing VM operation: G1CollectForAllocation
Event: 5.296 Executing VM operation: G1CollectForAllocation done
Event: 6.299 Executing VM operation: Cleanup
Event: 6.299 Executing VM operation: Cleanup done

Events (20 events):
Event: 5.224 loading class com/sun/imageio/plugins/common/InputStreamAdapter done
Event: 5.224 loading class javax/imageio/ImageTypeSpecifier$Packed
Event: 5.224 loading class javax/imageio/ImageTypeSpecifier$Packed done
Event: 5.224 loading class com/sun/imageio/plugins/common/ReaderUtil
Event: 5.224 loading class com/sun/imageio/plugins/common/ReaderUtil done
Event: 5.263 Thread 0x000002300f9ed9e0 Thread added: 0x000002300f9ed9e0
Event: 5.263 loading class java/awt/Window$1DisposeAction
Event: 5.263 loading class java/awt/Window$1DisposeAction done
Event: 5.264 loading class java/awt/KeyboardFocusManager$2
Event: 5.264 loading class java/awt/KeyboardFocusManager$2 done
Event: 5.264 loading class sun/awt/SunToolkit$1
Event: 5.264 loading class sun/awt/SunToolkit$1 done
Event: 5.277 Thread 0x000002300f9edeb0 Thread added: 0x000002300f9edeb0
Event: 5.279 loading class sun/awt/image/BufImgSurfaceManager
Event: 5.279 loading class sun/awt/image/BufImgSurfaceManager done
Event: 5.288 Thread 0x000002307fae3560 Thread added: 0x000002307fae3560
Event: 5.345 Thread 0x000002307fbfe6d0 Thread exited: 0x000002307fbfe6d0
Event: 6.268 Thread 0x000002307fae3560 Thread exited: 0x000002307fae3560
Event: 6.277 Thread 0x000002307fae3560 Thread added: 0x000002307fae3560
Event: 6.277 Thread 0x000002300fa8b040 Thread added: 0x000002300fa8b040


Dynamic libraries:
0x00007ff6d7de0000 - 0x00007ff6d7df0000 	C:\Program Files\Java\jdk-17.0.2\bin\javaw.exe
0x00007ffc5ed20000 - 0x00007ffc5ef29000 	C:\WINDOWS\SYSTEM32\ntdll.dll
0x00007ffc17ee0000 - 0x00007ffc17ef6000 	C:\Program Files\AVG\Antivirus\aswhook.dll
0x00007ffc5d3e0000 - 0x00007ffc5d49d000 	C:\WINDOWS\System32\KERNEL32.DLL
0x00007ffc5c5e0000 - 0x00007ffc5c954000 	C:\WINDOWS\System32\KERNELBASE.dll
0x00007ffc5c350000 - 0x00007ffc5c461000 	C:\WINDOWS\System32\ucrtbase.dll
0x00007ffc44a80000 - 0x00007ffc44a98000 	C:\Program Files\Java\jdk-17.0.2\bin\jli.dll
0x00007ffc42b20000 - 0x00007ffc42b3a000 	C:\Program Files\Java\jdk-17.0.2\bin\VCRUNTIME140.dll
0x00007ffc5ce60000 - 0x00007ffc5cf0e000 	C:\WINDOWS\System32\ADVAPI32.dll
0x00007ffc5ec30000 - 0x00007ffc5ecd3000 	C:\WINDOWS\System32\msvcrt.dll
0x00007ffc5e9e0000 - 0x00007ffc5ea7e000 	C:\WINDOWS\System32\sechost.dll
0x00007ffc5cfe0000 - 0x00007ffc5d100000 	C:\WINDOWS\System32\RPCRT4.dll
0x00007ffc5ccb0000 - 0x00007ffc5ce5c000 	C:\WINDOWS\System32\USER32.dll
0x00007ffc5c280000 - 0x00007ffc5c2a6000 	C:\WINDOWS\System32\win32u.dll
0x00007ffc3b730000 - 0x00007ffc3b9d5000 	C:\WINDOWS\WinSxS\amd64_microsoft.windows.common-controls_6595b64144ccf1df_6.0.22000.120_none_9d947278b86cc467\COMCTL32.dll
0x00007ffc5e950000 - 0x00007ffc5e979000 	C:\WINDOWS\System32\GDI32.dll
0x00007ffc5c960000 - 0x00007ffc5ca72000 	C:\WINDOWS\System32\gdi32full.dll
0x00007ffc5c2b0000 - 0x00007ffc5c34d000 	C:\WINDOWS\System32\msvcp_win.dll
0x00007ffc55c20000 - 0x00007ffc55c2a000 	C:\WINDOWS\SYSTEM32\VERSION.dll
0x00007ffc5cfa0000 - 0x00007ffc5cfd1000 	C:\WINDOWS\System32\IMM32.DLL
0x00007ffc55300000 - 0x00007ffc5530c000 	C:\Program Files\Java\jdk-17.0.2\bin\vcruntime140_1.dll
0x00007ffc1fed0000 - 0x00007ffc1ff5d000 	C:\Program Files\Java\jdk-17.0.2\bin\msvcp140.dll
0x00007ffbf9910000 - 0x00007ffbfa4d1000 	C:\Program Files\Java\jdk-17.0.2\bin\server\jvm.dll
0x00007ffc5e940000 - 0x00007ffc5e948000 	C:\WINDOWS\System32\PSAPI.DLL
0x00007ffc55c70000 - 0x00007ffc55ca3000 	C:\WINDOWS\SYSTEM32\WINMM.dll
0x00007ffc40800000 - 0x00007ffc40809000 	C:\WINDOWS\SYSTEM32\WSOCK32.dll
0x00007ffc5d590000 - 0x00007ffc5d5ff000 	C:\WINDOWS\System32\WS2_32.dll
0x00007ffc5b3b0000 - 0x00007ffc5b3c8000 	C:\WINDOWS\SYSTEM32\kernel.appcore.dll
0x00007ffc44cf0000 - 0x00007ffc44cfa000 	C:\Program Files\Java\jdk-17.0.2\bin\jimage.dll
0x00007ffc59d50000 - 0x00007ffc59f71000 	C:\WINDOWS\SYSTEM32\DBGHELP.DLL
0x00007ffc44bf0000 - 0x00007ffc44c21000 	C:\WINDOWS\SYSTEM32\dbgcore.DLL
0x00007ffc5cb40000 - 0x00007ffc5cbbf000 	C:\WINDOWS\System32\bcryptPrimitives.dll
0x00007ffc191d0000 - 0x00007ffc191f5000 	C:\Program Files\Java\jdk-17.0.2\bin\java.dll
0x00007ffc037a0000 - 0x00007ffc03876000 	C:\Program Files\Java\jdk-17.0.2\bin\jsvml.dll
0x00007ffc5dcc0000 - 0x00007ffc5e46f000 	C:\WINDOWS\System32\SHELL32.dll
0x00007ffc5a380000 - 0x00007ffc5abe8000 	C:\WINDOWS\SYSTEM32\windows.storage.dll
0x00007ffc5d940000 - 0x00007ffc5dcb8000 	C:\WINDOWS\System32\combase.dll
0x00007ffc5a210000 - 0x00007ffc5a376000 	C:\WINDOWS\SYSTEM32\wintypes.dll
0x00007ffc5cbc0000 - 0x00007ffc5ccaa000 	C:\WINDOWS\System32\SHCORE.dll
0x00007ffc5e470000 - 0x00007ffc5e4cd000 	C:\WINDOWS\System32\shlwapi.dll
0x00007ffc5c140000 - 0x00007ffc5c161000 	C:\WINDOWS\SYSTEM32\profapi.dll
0x00007ffc05260000 - 0x00007ffc053ef000 	C:\Program Files\Java\jdk-17.0.2\bin\awt.dll
0x00007ffc5d860000 - 0x00007ffc5d936000 	C:\WINDOWS\System32\OLEAUT32.dll
0x00007ffc593e0000 - 0x00007ffc59471000 	C:\WINDOWS\SYSTEM32\apphelp.dll
0x00007ffc59930000 - 0x00007ffc5995f000 	C:\WINDOWS\system32\DWMAPI.DLL
0x00007ffc59590000 - 0x00007ffc5963c000 	C:\WINDOWS\system32\uxtheme.dll
0x00007ffc32210000 - 0x00007ffc32311000 	C:\WINDOWS\system32\opengl32.dll
0x00007ffc42400000 - 0x00007ffc4242d000 	C:\WINDOWS\SYSTEM32\GLU32.dll
0x00007ffc59690000 - 0x00007ffc596c8000 	C:\WINDOWS\SYSTEM32\dxcore.dll
0x00007ffc5d100000 - 0x00007ffc5d21e000 	C:\WINDOWS\System32\MSCTF.dll
0x00007ffc5ea90000 - 0x00007ffc5ec2a000 	C:\WINDOWS\System32\ole32.dll
0x00007ffc422f0000 - 0x00007ffc4231d000 	C:\Program Files\Java\jdk-17.0.2\bin\javajpeg.dll
0x00007ffc211f0000 - 0x00007ffc21208000 	C:\Program Files\Java\jdk-17.0.2\bin\zip.dll
0x00007ffc1fd00000 - 0x00007ffc1fd89000 	C:\Program Files\Java\jdk-17.0.2\bin\freetype.dll
0x00007ffc106d0000 - 0x00007ffc10778000 	C:\Program Files\Java\jdk-17.0.2\bin\fontmanager.dll
0x00007ffc34a20000 - 0x00007ffc34a39000 	C:\Program Files\Java\jdk-17.0.2\bin\net.dll
0x00007ffc516e0000 - 0x00007ffc517ec000 	C:\WINDOWS\SYSTEM32\WINHTTP.dll
0x00007ffc5b830000 - 0x00007ffc5b897000 	C:\WINDOWS\system32\mswsock.dll
0x00007ffc229d0000 - 0x00007ffc229e6000 	C:\Program Files\Java\jdk-17.0.2\bin\nio.dll
0x00007ffc32000000 - 0x00007ffc3212d000 	C:\WINDOWS\SYSTEM32\textinputframework.dll
0x00007ffc58ff0000 - 0x00007ffc59122000 	C:\WINDOWS\SYSTEM32\CoreMessaging.dll
0x00007ffc554b0000 - 0x00007ffc5581d000 	C:\WINDOWS\SYSTEM32\CoreUIComponents.dll
0x00007ffc5ba90000 - 0x00007ffc5ba9c000 	C:\WINDOWS\SYSTEM32\CRYPTBASE.DLL
0x00007ffc5d330000 - 0x00007ffc5d3df000 	C:\WINDOWS\System32\clbcatq.dll
0x00007ffc50cb0000 - 0x00007ffc50e5e000 	C:\WINDOWS\SYSTEM32\WindowsCodecs.dll
0x00007ffc30970000 - 0x00007ffc309cd000 	C:\WINDOWS\system32\dataexchange.dll
0x00007ffc50440000 - 0x00007ffc506a6000 	C:\WINDOWS\system32\twinapi.appcore.dll

dbghelp: loaded successfully - version: 4.0.5 - missing functions: none
symbol engine: initialized successfully - sym options: 0x614 - pdb path: .;C:\Program Files\Java\jdk-17.0.2\bin;C:\WINDOWS\SYSTEM32;C:\Program Files\AVG\Antivirus;C:\WINDOWS\WinSxS\amd64_microsoft.windows.common-controls_6595b64144ccf1df_6.0.22000.120_none_9d947278b86cc467;C:\Program Files\Java\jdk-17.0.2\bin\server

VM Arguments:
jvm_args: -Dfile.encoding=Cp1255 -XX:+ShowCodeDetailsInExceptionMessages 
java_command: graphics.ZooFrame
java_class_path (initial): C:\Users\omerh\OneDrive\ \  \ \  \Home Work\HW1\HW1\bin
Launcher Type: SUN_STANDARD

[Global flags]
     intx CICompilerCount                          = 4                                         {product} {ergonomic}
     uint ConcGCThreads                            = 2                                         {product} {ergonomic}
     uint G1ConcRefinementThreads                  = 8                                         {product} {ergonomic}
   size_t G1HeapRegionSize                         = 2097152                                   {product} {ergonomic}
    uintx GCDrainStackTargetSize                   = 64                                        {product} {ergonomic}
   size_t InitialHeapSize                          = 266338304                                 {product} {ergonomic}
   size_t MarkStackSize                            = 4194304                                   {product} {ergonomic}
   size_t MaxHeapSize                              = 4238344192                                {product} {ergonomic}
   size_t MaxNewSize                               = 2541748224                                {product} {ergonomic}
   size_t MinHeapDeltaBytes                        = 2097152                                   {product} {ergonomic}
   size_t MinHeapSize                              = 8388608                                   {product} {ergonomic}
    uintx NonNMethodCodeHeapSize                   = 5839372                                {pd product} {ergonomic}
    uintx NonProfiledCodeHeapSize                  = 122909434                              {pd product} {ergonomic}
    uintx ProfiledCodeHeapSize                     = 122909434                              {pd product} {ergonomic}
    uintx ReservedCodeCacheSize                    = 251658240                              {pd product} {ergonomic}
     bool SegmentedCodeCache                       = true                                      {product} {ergonomic}
     bool ShowCodeDetailsInExceptionMessages       = true                                   {manageable} {command line}
   size_t SoftMaxHeapSize                          = 4238344192                             {manageable} {ergonomic}
     bool UseCompressedClassPointers               = true                           {product lp64_product} {ergonomic}
     bool UseCompressedOops                        = true                           {product lp64_product} {ergonomic}
     bool UseG1GC                                  = true                                      {product} {ergonomic}
     bool UseLargePagesIndividualAllocation        = false                                  {pd product} {ergonomic}

Logging:
Log output configuration:
 #0: stdout all=warning uptime,level,tags
 #1: stderr all=off uptime,level,tags

Environment Variables:
PATH=C:/Program Files/Java/jdk-17.0.2/bin/server;C:/Program Files/Java/jdk-17.0.2/bin;C:\Program Files\Common Files\Oracle\Java\javapath;C:\Program Files (x86)\Common Files\Oracle\Java\javapath;C:\windows\system32;C:\windows;C:\windows\System32\Wbem;C:\windows\System32\WindowsPowerShell\v1.0\;C:\windows\System32\OpenSSH\;C:\Program Files (x86)\NVIDIA Corporation\PhysX\Common;C:\Program Files\NVIDIA Corporation\NVIDIA NvDLISR;C:\WINDOWS\system32;C:\WINDOWS;C:\WINDOWS\System32\Wbem;C:\WINDOWS\System32\WindowsPowerShell\v1.0\;C:\WINDOWS\System32\OpenSSH\;C:\Program Files\Git\cmd;C:\Users\omerh\AppData\Local\Microsoft\WindowsApps;C:\Users\omerh\AppData\Local\GitHubDesktop\bin;C:\Users\omerh\AppData\Local\gitkraken\bin;C:\Users\omerh\OneDrive\ ;
USERNAME=omerh
OS=Windows_NT
PROCESSOR_IDENTIFIER=Intel64 Family 6 Model 126 Stepping 5, GenuineIntel



---------------  S Y S T E M  ---------------

OS:
 Windows 11 , 64 bit Build 22000 (10.0.22000.613)
OS uptime: 10 days 22:22 hours

CPU: total 8 (initial active 8) (4 cores per cpu, 2 threads per core) family 6 model 126 stepping 5 microcode 0xa0, cx8, cmov, fxsr, ht, mmx, 3dnowpref, sse, sse2, sse3, ssse3, sse4.1, sse4.2, popcnt, lzcnt, tsc, tscinvbit, avx, avx2, aes, erms, clmul, bmi1, bmi2, adx, avx512f, avx512dq, avx512cd, avx512bw, avx512vl, sha, fma, vzeroupper, avx512_vpopcntdq, avx512_vpclmulqdq, avx512_vaes, avx512_vnni, clflush, clflushopt, avx512_vbmi2, avx512_vbmi

Memory: 4k page, system-wide physical 16161M (8169M free)
TotalPageFile size 18593M (AvailPageFile size 5733M)
current process WorkingSet (physical memory assigned to process): 102M, peak: 102M
current process commit charge ("private bytes"): 371M, peak: 371M

vm_info: Java HotSpot(TM) 64-Bit Server VM (17.0.2+8-LTS-86) for windows-amd64 JRE (17.0.2+8-LTS-86), built on Dec  7 2021 21:51:03 by "mach5one" with MS VC++ 16.8 / 16.9 (VS2019)

END.
