#
# A fatal error has been detected by the Java Runtime Environment:
#
#  EXCEPTION_ACCESS_VIOLATION (0xc0000005) at pc=0x00007ffb6f0ea762, pid=10168, tid=1576
#
# JRE version: Java(TM) SE Runtime Environment (17.0.2+8) (build 17.0.2+8-LTS-86)
# Java VM: Java HotSpot(TM) 64-Bit Server VM (17.0.2+8-LTS-86, mixed mode, sharing, tiered, compressed oops, compressed class ptrs, g1 gc, windows-amd64)
# Problematic frame:
# V  [jvm.dll+0x57a762]
#
# No core dump will be written. Minidumps are not enabled by default on client versions of Windows
#
# If you would like to submit a bug report, please visit:
#   https://bugreport.java.com/bugreport/crash.jsp
#

---------------  S U M M A R Y ------------

Command Line: -Dfile.encoding=Cp1255 -XX:+ShowCodeDetailsInExceptionMessages graphics.ZooFrame

Host: Intel(R) Core(TM) i7-1065G7 CPU @ 1.30GHz, 8 cores, 15G,  Windows 11 , 64 bit Build 22000 (10.0.22000.613)
Time: Tue May 10 19:59:09 2022  Windows 11 , 64 bit Build 22000 (10.0.22000.613) elapsed time: 9.215613 seconds (0d 0h 0m 9s)

---------------  T H R E A D  ---------------

Current thread (0x000001b1a14f6890):  JavaThread "C2 CompilerThread0" daemon [_thread_in_native, id=1576, stack(0x0000003a28600000,0x0000003a28700000)]


Current CompileTask:
C2:   9215 1353 %     4       graphics.ZooPanel::run @ 3 (15 bytes)

Stack: [0x0000003a28600000,0x0000003a28700000],  sp=0x0000003a286fa3d0,  free space=1000k
Native frames: (J=compiled Java code, j=interpreted, Vv=VM code, C=native code)
V  [jvm.dll+0x57a762]
V  [jvm.dll+0x57a484]
V  [jvm.dll+0x5796f8]
V  [jvm.dll+0x21de3d]
V  [jvm.dll+0x21e21f]
V  [jvm.dll+0x217ae5]
V  [jvm.dll+0x214fab]
V  [jvm.dll+0x1a1bbd]
V  [jvm.dll+0x224908]
V  [jvm.dll+0x222a6c]
V  [jvm.dll+0x7859bb]
V  [jvm.dll+0x77ff7a]
V  [jvm.dll+0x66fa35]
C  [ucrtbase.dll+0x26c0c]
C  [KERNEL32.DLL+0x154e0]
C  [ntdll.dll+0x485b]


siginfo: EXCEPTION_ACCESS_VIOLATION (0xc0000005), reading address 0x0000000000000008


Register to memory mapping:

RIP=0x00007ffb6f0ea762 jvm.dll
RAX=0x000001b1a30b55a0 points into unknown readable memory: 0x0000000000000000 | 00 00 00 00 00 00 00 00
RBX=0x0 is NULL
RCX=0x0 is NULL
RDX=0x0000000000001000 is an unknown value
RSP=0x0000003a286fa3d0 is pointing into the stack for thread: 0x000001b1a14f6890
RBP=0x000001b1a30b1cb0 points into unknown readable memory: 0x0000000000000000 | 00 00 00 00 00 00 00 00
RSI=0x000001b1a31ef520 points into unknown readable memory: 0x00007ffb6f423058 | 58 30 42 6f fb 7f 00 00
RDI=0x0000003a286fa7f0 is pointing into the stack for thread: 0x000001b1a14f6890
R8 =0x000001b1a30b55a0 points into unknown readable memory: 0x0000000000000000 | 00 00 00 00 00 00 00 00
R9 =0x0 is NULL
R10=0xfefefefefefefeff is an unknown value
R11=0x8080808080808080 is an unknown value
R12=0x0000003a286fa4c0 is pointing into the stack for thread: 0x000001b1a14f6890
R13=0x0000003a286fa4a0 is pointing into the stack for thread: 0x000001b1a14f6890
R14=0x000001b1a3259230 points into unknown readable memory: 0x00007ffb6f41eb10 | 10 eb 41 6f fb 7f 00 00
R15=0x000001b1a32577c0 points into unknown readable memory: 0x00007ffb6f423128 | 28 31 42 6f fb 7f 00 00


Registers:
RAX=0x000001b1a30b55a0, RBX=0x0000000000000000, RCX=0x0000000000000000, RDX=0x0000000000001000
RSP=0x0000003a286fa3d0, RBP=0x000001b1a30b1cb0, RSI=0x000001b1a31ef520, RDI=0x0000003a286fa7f0
R8 =0x000001b1a30b55a0, R9 =0x0000000000000000, R10=0xfefefefefefefeff, R11=0x8080808080808080
R12=0x0000003a286fa4c0, R13=0x0000003a286fa4a0, R14=0x000001b1a3259230, R15=0x000001b1a32577c0
RIP=0x00007ffb6f0ea762, EFLAGS=0x0000000000010206

Top of Stack: (sp=0x0000003a286fa3d0)
0x0000003a286fa3d0:   0000000000000126 0000003a286fa7f0
0x0000003a286fa3e0:   0000000000000001 0000003a286fa7f0
0x0000003a286fa3f0:   0000000000000001 0000003a286fa4e0
0x0000003a286fa400:   000001b1a33376d0 00007ffb6f0ea484
0x0000003a286fa410:   0000000000000017 0000000000000126
0x0000003a286fa420:   000001b1a3259230 000001b1a13932b8
0x0000003a286fa430:   0000000000000000 000001b1a13932e8
0x0000003a286fa440:   000001b1a30a2948 0000003a286fa570
0x0000003a286fa450:   0000000000028300 000001b1fe84a520
0x0000003a286fa460:   0000000000000001 00007ffb6f0e96f8
0x0000003a286fa470:   0000003a286fa7f0 0000003a286fa7f0
0x0000003a286fa480:   000001b100000001 0000003a286fa4e0
0x0000003a286fa490:   0000000000000001 000001b1a33de170
0x0000003a286fa4a0:   000001b1a14e0350 0000000000000200
0x0000003a286fa4b0:   000001b1a3120a40 0000000000000127
0x0000003a286fa4c0:   0000000000000040 000001b1a2fe6a50 

Instructions: (pc=0x00007ffb6f0ea762)
0x00007ffb6f0ea662:   8b 5e 28 3b 5f 28 72 0b 8b d3 48 8d 4f 20 e8 9b
0x00007ffb6f0ea672:   4c 0d 00 48 8b 47 30 48 c7 04 d8 00 00 00 00 48
0x00007ffb6f0ea682:   83 c4 20 41 5e 5f 5b c3 49 8b d6 4c 89 7c 24 50
0x00007ffb6f0ea692:   48 8b cf e8 36 d0 fe ff 45 33 c9 4c 8b c0 49 8b
0x00007ffb6f0ea6a2:   d6 48 8b cf 4c 8b f8 e8 92 12 00 00 41 8b 4e 2c
0x00007ffb6f0ea6b2:   48 8b d8 83 e1 3f 80 f9 30 75 19 49 3b c7 74 14
0x00007ffb6f0ea6c2:   4c 8b c8 4d 8b c7 49 8b d6 48 8b cf e8 7d 3a 00
0x00007ffb6f0ea6d2:   00 48 8b d8 48 89 74 24 48 48 85 db 75 55 41 8b
0x00007ffb6f0ea6e2:   5e 28 3b 5f 28 72 0b 8b d3 48 8d 4f 20 e8 1c 4c
0x00007ffb6f0ea6f2:   0d 00 48 8b 47 30 48 c7 04 d8 00 00 00 00 8b 9f
0x00007ffb6f0ea702:   d0 09 00 00 8d 43 01 89 87 d0 09 00 00 3b 9f c0
0x00007ffb6f0ea712:   09 00 00 72 0e 8b d3 48 8d 8f b8 09 00 00 e8 eb
0x00007ffb6f0ea722:   4b 0d 00 48 8b 87 c8 09 00 00 4c 89 34 d8 e9 38
0x00007ffb6f0ea732:   02 00 00 48 89 6c 24 40 48 8b f3 4c 3b fb 0f 84
0x00007ffb6f0ea742:   7d 01 00 00 8b 57 28 0f 1f 80 00 00 00 00 8b 4b
0x00007ffb6f0ea752:   28 48 8b 87 f8 09 00 00 48 8b 1c c8 4c 8d 04 c8
0x00007ffb6f0ea762:   48 8b 43 08 48 83 38 00 75 27 0f 1f 40 00 8b 43
0x00007ffb6f0ea772:   28 3b c2 73 0c 8b c8 48 8b 47 30 48 8b 1c c8 eb
0x00007ffb6f0ea782:   02 33 db 48 83 e3 fe 48 8b 43 08 48 83 38 00 74
0x00007ffb6f0ea792:   dd 49 89 18 8b 43 28 8b 57 28 3b c2 73 0f 8b c8
0x00007ffb6f0ea7a2:   48 8b 47 30 48 8b 2c c8 48 85 ed 75 07 48 8b af
0x00007ffb6f0ea7b2:   90 09 00 00 48 85 f6 75 27 4c 8d 0d 1e f5 36 00
0x00007ffb6f0ea7c2:   ba a9 03 00 00 4c 8d 05 22 f5 36 00 48 8d 0d 03
0x00007ffb6f0ea7d2:   00 36 00 e8 d6 82 cc ff e8 41 5f 0f 00 8b 57 28
0x00007ffb6f0ea7e2:   8b 46 28 3b c2 73 0f 8b c8 48 8b 47 30 4c 8b 04
0x00007ffb6f0ea7f2:   c8 4d 85 c0 75 07 4c 8b 87 90 09 00 00 41 0f b7
0x00007ffb6f0ea802:   40 58 48 8b cb 66 39 45 58 48 0f 43 ce 48 8b f1
0x00007ffb6f0ea812:   4c 3b fb 0f 85 35 ff ff ff 49 3b cf 0f 84 9f 00
0x00007ffb6f0ea822:   00 00 e8 57 63 0d 00 48 85 c0 0f 84 91 00 00 00
0x00007ffb6f0ea832:   8b 48 2c 83 e1 7f 80 f9 60 0f 85 82 00 00 00 48
0x00007ffb6f0ea842:   8b 40 08 48 3b 70 08 75 78 8b 46 2c 24 0f 3c 08
0x00007ffb6f0ea852:   75 6f 33 d2 48 8b ce e8 f2 4c 0c 00 48 85 c0 74 


Stack slot to memory mapping:
stack at sp + 0 slots: 0x0000000000000126 is an unknown value
stack at sp + 1 slots: 0x0000003a286fa7f0 is pointing into the stack for thread: 0x000001b1a14f6890
stack at sp + 2 slots: 0x0000000000000001 is an unknown value
stack at sp + 3 slots: 0x0000003a286fa7f0 is pointing into the stack for thread: 0x000001b1a14f6890
stack at sp + 4 slots: 0x0000000000000001 is an unknown value
stack at sp + 5 slots: 0x0000003a286fa4e0 is pointing into the stack for thread: 0x000001b1a14f6890
stack at sp + 6 slots: 0x000001b1a33376d0 points into unknown readable memory: 0x00007ffb6f422eb0 | b0 2e 42 6f fb 7f 00 00
stack at sp + 7 slots: 0x00007ffb6f0ea484 jvm.dll


---------------  P R O C E S S  ---------------

Threads class SMR info:
_java_thread_list=0x000001b1a3099400, length=20, elements={
0x000001b1a14cc530, 0x000001b1a14cd680, 0x000001b1a14e0b10, 0x000001b1a14e38d0,
0x000001b1a14e4a20, 0x000001b1a14e5b70, 0x000001b1a14f6890, 0x000001b1a14f7330,
0x000001b1a1501410, 0x000001b1a210cb00, 0x000001b1a2115aa0, 0x000001b1a231df30,
0x000001b1a2323450, 0x000001b1a232e3f0, 0x000001b1a23f3f50, 0x000001b1a23eb4b0,
0x000001b1fe844770, 0x000001b1a2f0f370, 0x000001b1a2f10b80, 0x000001b1a31169e0
}

Java Threads: ( => current thread )
  0x000001b1a14cc530 JavaThread "Reference Handler" daemon [_thread_blocked, id=17252, stack(0x0000003a28000000,0x0000003a28100000)]
  0x000001b1a14cd680 JavaThread "Finalizer" daemon [_thread_blocked, id=1216, stack(0x0000003a28100000,0x0000003a28200000)]
  0x000001b1a14e0b10 JavaThread "Signal Dispatcher" daemon [_thread_blocked, id=5712, stack(0x0000003a28200000,0x0000003a28300000)]
  0x000001b1a14e38d0 JavaThread "Attach Listener" daemon [_thread_blocked, id=16980, stack(0x0000003a28300000,0x0000003a28400000)]
  0x000001b1a14e4a20 JavaThread "Service Thread" daemon [_thread_blocked, id=5548, stack(0x0000003a28400000,0x0000003a28500000)]
  0x000001b1a14e5b70 JavaThread "Monitor Deflation Thread" daemon [_thread_blocked, id=13828, stack(0x0000003a28500000,0x0000003a28600000)]
=>0x000001b1a14f6890 JavaThread "C2 CompilerThread0" daemon [_thread_in_native, id=1576, stack(0x0000003a28600000,0x0000003a28700000)]
  0x000001b1a14f7330 JavaThread "C1 CompilerThread0" daemon [_thread_blocked, id=3064, stack(0x0000003a28700000,0x0000003a28800000)]
  0x000001b1a1501410 JavaThread "Sweeper thread" daemon [_thread_blocked, id=18304, stack(0x0000003a28800000,0x0000003a28900000)]
  0x000001b1a210cb00 JavaThread "Notification Thread" daemon [_thread_blocked, id=17808, stack(0x0000003a28900000,0x0000003a28a00000)]
  0x000001b1a2115aa0 JavaThread "Common-Cleaner" daemon [_thread_blocked, id=17708, stack(0x0000003a28b00000,0x0000003a28c00000)]
  0x000001b1a231df30 JavaThread "Java2D Disposer" daemon [_thread_blocked, id=10716, stack(0x0000003a28c00000,0x0000003a28d00000)]
  0x000001b1a2323450 JavaThread "AWT-Shutdown" [_thread_blocked, id=10676, stack(0x0000003a28d00000,0x0000003a28e00000)]
  0x000001b1a232e3f0 JavaThread "AWT-Windows" daemon [_thread_in_native, id=12744, stack(0x0000003a28e00000,0x0000003a28f00000)]
  0x000001b1a23f3f50 JavaThread "Thread-0" [_thread_in_native_trans, id=13448, stack(0x0000003a28f00000,0x0000003a29000000)]
  0x000001b1a23eb4b0 JavaThread "AWT-EventQueue-0" [_thread_in_native, id=14580, stack(0x0000003a29100000,0x0000003a29200000)]
  0x000001b1fe844770 JavaThread "DestroyJavaVM" [_thread_blocked, id=18384, stack(0x0000003a27900000,0x0000003a27a00000)]
  0x000001b1a2f0f370 JavaThread "TimerQueue" daemon [_thread_blocked, id=7292, stack(0x0000003a29500000,0x0000003a29600000)]
  0x000001b1a2f10b80 JavaThread "Thread-1" [_thread_blocked, id=2596, stack(0x0000003a29000000,0x0000003a29100000)]
  0x000001b1a31169e0 JavaThread "C2 CompilerThread1" daemon [_thread_blocked, id=9016, stack(0x0000003a29600000,0x0000003a29700000)]

Other Threads:
  0x000001b1a14c53e0 VMThread "VM Thread" [stack: 0x0000003a27f00000,0x0000003a28000000] [id=17684]
  0x000001b1a2110fe0 WatcherThread [stack: 0x0000003a28a00000,0x0000003a28b00000] [id=3304]
  0x000001b1fe895c90 GCTaskThread "GC Thread#0" [stack: 0x0000003a27a00000,0x0000003a27b00000] [id=15864]
  0x000001b1a3094040 GCTaskThread "GC Thread#1" [stack: 0x0000003a29800000,0x0000003a29900000] [id=11628]
  0x000001b1a30942f0 GCTaskThread "GC Thread#2" [stack: 0x0000003a29900000,0x0000003a29a00000] [id=14820]
  0x000001b1a30945a0 GCTaskThread "GC Thread#3" [stack: 0x0000003a29a00000,0x0000003a29b00000] [id=2084]
  0x000001b1a3094850 GCTaskThread "GC Thread#4" [stack: 0x0000003a29b00000,0x0000003a29c00000] [id=3596]
  0x000001b1a3094b00 GCTaskThread "GC Thread#5" [stack: 0x0000003a29c00000,0x0000003a29d00000] [id=13820]
  0x000001b1a3094db0 GCTaskThread "GC Thread#6" [stack: 0x0000003a29d00000,0x0000003a29e00000] [id=9520]
  0x000001b1a338c7c0 GCTaskThread "GC Thread#7" [stack: 0x0000003a29e00000,0x0000003a29f00000] [id=5480]
  0x000001b1fe8a6760 ConcurrentGCThread "G1 Main Marker" [stack: 0x0000003a27b00000,0x0000003a27c00000] [id=10076]
  0x000001b1fe8a88f0 ConcurrentGCThread "G1 Conc#0" [stack: 0x0000003a27c00000,0x0000003a27d00000] [id=7876]
  0x000001b1a13824c0 ConcurrentGCThread "G1 Refine#0" [stack: 0x0000003a27d00000,0x0000003a27e00000] [id=16960]
  0x000001b1a1382de0 ConcurrentGCThread "G1 Service" [stack: 0x0000003a27e00000,0x0000003a27f00000] [id=12132]

Threads with active compile tasks:
C2 CompilerThread0     9311 1353 %     4       graphics.ZooPanel::run @ 3 (15 bytes)
C1 CompilerThread0     9311 1373       3       java.awt.geom.AffineTransform::concatenate (1082 bytes)

VM state: not at safepoint (normal execution)

VM Mutex/Monitor currently owned by a thread: None

Heap address: 0x0000000703600000, size: 4042 MB, Compressed Oops mode: Zero based, Oop shift amount: 3

CDS archive(s) mapped at: [0x0000000800000000-0x0000000800bc0000-0x0000000800bc0000), size 12320768, SharedBaseAddress: 0x0000000800000000, ArchiveRelocationMode: 0.
Compressed class space mapped at: 0x0000000800c00000-0x0000000840c00000, reserved size: 1073741824
Narrow klass base: 0x0000000800000000, Narrow klass shift: 0, Narrow klass range: 0x100000000

GC Precious Log:
 CPUs: 8 total, 8 available
 Memory: 16161M
 Large Page Support: Disabled
 NUMA Support: Disabled
 Compressed Oops: Enabled (Zero based)
 Heap Region Size: 2M
 Heap Min Capacity: 8M
 Heap Initial Capacity: 254M
 Heap Max Capacity: 4042M
 Pre-touch: Disabled
 Parallel Workers: 8
 Concurrent Workers: 2
 Concurrent Refinement Workers: 8
 Periodic GC: Disabled

Heap:
 garbage-first heap   total 260096K, used 24089K [0x0000000703600000, 0x0000000800000000)
  region size 2048K, 7 young (14336K), 2 survivors (4096K)
 Metaspace       used 10615K, committed 10816K, reserved 1064960K
  class space    used 1236K, committed 1344K, reserved 1048576K

Heap Regions: E=young(eden), S=young(survivor), O=old, HS=humongous(starts), HC=humongous(continues), CS=collection set, F=free, OA=open archive, CA=closed archive, TAMS=top-at-mark-start (previous, next)
|   0|0x0000000703600000, 0x0000000703800000, 0x0000000703800000|100%|HS|  |TAMS 0x0000000703600000, 0x0000000703600000| Complete 
|   1|0x0000000703800000, 0x0000000703a00000, 0x0000000703a00000|100%|HC|  |TAMS 0x0000000703800000, 0x0000000703800000| Complete 
|   2|0x0000000703a00000, 0x0000000703c00000, 0x0000000703c00000|100%|HC|  |TAMS 0x0000000703a00000, 0x0000000703a00000| Complete 
|   3|0x0000000703c00000, 0x0000000703e00000, 0x0000000703e00000|100%|HS|  |TAMS 0x0000000703c00000, 0x0000000703c00000| Complete 
|   4|0x0000000703e00000, 0x0000000704000000, 0x0000000704000000|100%|HC|  |TAMS 0x0000000703e00000, 0x0000000703e00000| Complete 
|   5|0x0000000704000000, 0x0000000704200000, 0x0000000704200000|100%|HC|  |TAMS 0x0000000704000000, 0x0000000704000000| Complete 
|   6|0x0000000704200000, 0x0000000704200000, 0x0000000704400000|  0%| F|  |TAMS 0x0000000704200000, 0x0000000704200000| Untracked 
|   7|0x0000000704400000, 0x0000000704400000, 0x0000000704600000|  0%| F|  |TAMS 0x0000000704400000, 0x0000000704400000| Untracked 
|   8|0x0000000704600000, 0x0000000704600000, 0x0000000704800000|  0%| F|  |TAMS 0x0000000704600000, 0x0000000704600000| Untracked 
|   9|0x0000000704800000, 0x0000000704800000, 0x0000000704a00000|  0%| F|  |TAMS 0x0000000704800000, 0x0000000704800000| Untracked 
|  10|0x0000000704a00000, 0x0000000704a00000, 0x0000000704c00000|  0%| F|  |TAMS 0x0000000704a00000, 0x0000000704a00000| Untracked 
|  11|0x0000000704c00000, 0x0000000704c00000, 0x0000000704e00000|  0%| F|  |TAMS 0x0000000704c00000, 0x0000000704c00000| Untracked 
|  12|0x0000000704e00000, 0x0000000704e00000, 0x0000000705000000|  0%| F|  |TAMS 0x0000000704e00000, 0x0000000704e00000| Untracked 
|  13|0x0000000705000000, 0x0000000705000000, 0x0000000705200000|  0%| F|  |TAMS 0x0000000705000000, 0x0000000705000000| Untracked 
|  14|0x0000000705200000, 0x0000000705200000, 0x0000000705400000|  0%| F|  |TAMS 0x0000000705200000, 0x0000000705200000| Untracked 
|  15|0x0000000705400000, 0x0000000705400000, 0x0000000705600000|  0%| F|  |TAMS 0x0000000705400000, 0x0000000705400000| Untracked 
|  16|0x0000000705600000, 0x0000000705600000, 0x0000000705800000|  0%| F|  |TAMS 0x0000000705600000, 0x0000000705600000| Untracked 
|  17|0x0000000705800000, 0x0000000705800000, 0x0000000705a00000|  0%| F|  |TAMS 0x0000000705800000, 0x0000000705800000| Untracked 
|  18|0x0000000705a00000, 0x0000000705a00000, 0x0000000705c00000|  0%| F|  |TAMS 0x0000000705a00000, 0x0000000705a00000| Untracked 
|  19|0x0000000705c00000, 0x0000000705c00000, 0x0000000705e00000|  0%| F|  |TAMS 0x0000000705c00000, 0x0000000705c00000| Untracked 
|  20|0x0000000705e00000, 0x0000000705e00000, 0x0000000706000000|  0%| F|  |TAMS 0x0000000705e00000, 0x0000000705e00000| Untracked 
|  21|0x0000000706000000, 0x0000000706000000, 0x0000000706200000|  0%| F|  |TAMS 0x0000000706000000, 0x0000000706000000| Untracked 
|  22|0x0000000706200000, 0x0000000706200000, 0x0000000706400000|  0%| F|  |TAMS 0x0000000706200000, 0x0000000706200000| Untracked 
|  23|0x0000000706400000, 0x0000000706400000, 0x0000000706600000|  0%| F|  |TAMS 0x0000000706400000, 0x0000000706400000| Untracked 
|  24|0x0000000706600000, 0x0000000706600000, 0x0000000706800000|  0%| F|  |TAMS 0x0000000706600000, 0x0000000706600000| Untracked 
|  25|0x0000000706800000, 0x0000000706800000, 0x0000000706a00000|  0%| F|  |TAMS 0x0000000706800000, 0x0000000706800000| Untracked 
|  26|0x0000000706a00000, 0x0000000706a00000, 0x0000000706c00000|  0%| F|  |TAMS 0x0000000706a00000, 0x0000000706a00000| Untracked 
|  27|0x0000000706c00000, 0x0000000706c00000, 0x0000000706e00000|  0%| F|  |TAMS 0x0000000706c00000, 0x0000000706c00000| Untracked 
|  28|0x0000000706e00000, 0x0000000706e00000, 0x0000000707000000|  0%| F|  |TAMS 0x0000000706e00000, 0x0000000706e00000| Untracked 
|  29|0x0000000707000000, 0x0000000707000000, 0x0000000707200000|  0%| F|  |TAMS 0x0000000707000000, 0x0000000707000000| Untracked 
|  30|0x0000000707200000, 0x0000000707200000, 0x0000000707400000|  0%| F|  |TAMS 0x0000000707200000, 0x0000000707200000| Untracked 
|  31|0x0000000707400000, 0x0000000707400000, 0x0000000707600000|  0%| F|  |TAMS 0x0000000707400000, 0x0000000707400000| Untracked 
|  32|0x0000000707600000, 0x0000000707600000, 0x0000000707800000|  0%| F|  |TAMS 0x0000000707600000, 0x0000000707600000| Untracked 
|  33|0x0000000707800000, 0x0000000707800000, 0x0000000707a00000|  0%| F|  |TAMS 0x0000000707800000, 0x0000000707800000| Untracked 
|  34|0x0000000707a00000, 0x0000000707a00000, 0x0000000707c00000|  0%| F|  |TAMS 0x0000000707a00000, 0x0000000707a00000| Untracked 
|  35|0x0000000707c00000, 0x0000000707c00000, 0x0000000707e00000|  0%| F|  |TAMS 0x0000000707c00000, 0x0000000707c00000| Untracked 
|  36|0x0000000707e00000, 0x0000000707e00000, 0x0000000708000000|  0%| F|  |TAMS 0x0000000707e00000, 0x0000000707e00000| Untracked 
|  37|0x0000000708000000, 0x0000000708000000, 0x0000000708200000|  0%| F|  |TAMS 0x0000000708000000, 0x0000000708000000| Untracked 
|  38|0x0000000708200000, 0x0000000708200000, 0x0000000708400000|  0%| F|  |TAMS 0x0000000708200000, 0x0000000708200000| Untracked 
|  39|0x0000000708400000, 0x0000000708400000, 0x0000000708600000|  0%| F|  |TAMS 0x0000000708400000, 0x0000000708400000| Untracked 
|  40|0x0000000708600000, 0x0000000708600000, 0x0000000708800000|  0%| F|  |TAMS 0x0000000708600000, 0x0000000708600000| Untracked 
|  41|0x0000000708800000, 0x0000000708800000, 0x0000000708a00000|  0%| F|  |TAMS 0x0000000708800000, 0x0000000708800000| Untracked 
|  42|0x0000000708a00000, 0x0000000708a00000, 0x0000000708c00000|  0%| F|  |TAMS 0x0000000708a00000, 0x0000000708a00000| Untracked 
|  43|0x0000000708c00000, 0x0000000708c00000, 0x0000000708e00000|  0%| F|  |TAMS 0x0000000708c00000, 0x0000000708c00000| Untracked 
|  44|0x0000000708e00000, 0x0000000708e00000, 0x0000000709000000|  0%| F|  |TAMS 0x0000000708e00000, 0x0000000708e00000| Untracked 
|  45|0x0000000709000000, 0x0000000709000000, 0x0000000709200000|  0%| F|  |TAMS 0x0000000709000000, 0x0000000709000000| Untracked 
|  46|0x0000000709200000, 0x0000000709200000, 0x0000000709400000|  0%| F|  |TAMS 0x0000000709200000, 0x0000000709200000| Untracked 
|  47|0x0000000709400000, 0x0000000709400000, 0x0000000709600000|  0%| F|  |TAMS 0x0000000709400000, 0x0000000709400000| Untracked 
|  48|0x0000000709600000, 0x0000000709600000, 0x0000000709800000|  0%| F|  |TAMS 0x0000000709600000, 0x0000000709600000| Untracked 
|  49|0x0000000709800000, 0x0000000709800000, 0x0000000709a00000|  0%| F|  |TAMS 0x0000000709800000, 0x0000000709800000| Untracked 
|  50|0x0000000709a00000, 0x0000000709a00000, 0x0000000709c00000|  0%| F|  |TAMS 0x0000000709a00000, 0x0000000709a00000| Untracked 
|  51|0x0000000709c00000, 0x0000000709c00000, 0x0000000709e00000|  0%| F|  |TAMS 0x0000000709c00000, 0x0000000709c00000| Untracked 
|  52|0x0000000709e00000, 0x0000000709e00000, 0x000000070a000000|  0%| F|  |TAMS 0x0000000709e00000, 0x0000000709e00000| Untracked 
|  53|0x000000070a000000, 0x000000070a000000, 0x000000070a200000|  0%| F|  |TAMS 0x000000070a000000, 0x000000070a000000| Untracked 
|  54|0x000000070a200000, 0x000000070a200000, 0x000000070a400000|  0%| F|  |TAMS 0x000000070a200000, 0x000000070a200000| Untracked 
|  55|0x000000070a400000, 0x000000070a400000, 0x000000070a600000|  0%| F|  |TAMS 0x000000070a400000, 0x000000070a400000| Untracked 
|  56|0x000000070a600000, 0x000000070a600000, 0x000000070a800000|  0%| F|  |TAMS 0x000000070a600000, 0x000000070a600000| Untracked 
|  57|0x000000070a800000, 0x000000070a800000, 0x000000070aa00000|  0%| F|  |TAMS 0x000000070a800000, 0x000000070a800000| Untracked 
|  58|0x000000070aa00000, 0x000000070aa00000, 0x000000070ac00000|  0%| F|  |TAMS 0x000000070aa00000, 0x000000070aa00000| Untracked 
|  59|0x000000070ac00000, 0x000000070ac00000, 0x000000070ae00000|  0%| F|  |TAMS 0x000000070ac00000, 0x000000070ac00000| Untracked 
|  60|0x000000070ae00000, 0x000000070ae00000, 0x000000070b000000|  0%| F|  |TAMS 0x000000070ae00000, 0x000000070ae00000| Untracked 
|  61|0x000000070b000000, 0x000000070b000000, 0x000000070b200000|  0%| F|  |TAMS 0x000000070b000000, 0x000000070b000000| Untracked 
|  62|0x000000070b200000, 0x000000070b200000, 0x000000070b400000|  0%| F|  |TAMS 0x000000070b200000, 0x000000070b200000| Untracked 
|  63|0x000000070b400000, 0x000000070b400000, 0x000000070b600000|  0%| F|  |TAMS 0x000000070b400000, 0x000000070b400000| Untracked 
|  64|0x000000070b600000, 0x000000070b600000, 0x000000070b800000|  0%| F|  |TAMS 0x000000070b600000, 0x000000070b600000| Untracked 
|  65|0x000000070b800000, 0x000000070b800000, 0x000000070ba00000|  0%| F|  |TAMS 0x000000070b800000, 0x000000070b800000| Untracked 
|  66|0x000000070ba00000, 0x000000070ba00000, 0x000000070bc00000|  0%| F|  |TAMS 0x000000070ba00000, 0x000000070ba00000| Untracked 
|  67|0x000000070bc00000, 0x000000070bc00000, 0x000000070be00000|  0%| F|  |TAMS 0x000000070bc00000, 0x000000070bc00000| Untracked 
|  68|0x000000070be00000, 0x000000070be00000, 0x000000070c000000|  0%| F|  |TAMS 0x000000070be00000, 0x000000070be00000| Untracked 
|  69|0x000000070c000000, 0x000000070c000000, 0x000000070c200000|  0%| F|  |TAMS 0x000000070c000000, 0x000000070c000000| Untracked 
|  70|0x000000070c200000, 0x000000070c200000, 0x000000070c400000|  0%| F|  |TAMS 0x000000070c200000, 0x000000070c200000| Untracked 
|  71|0x000000070c400000, 0x000000070c400000, 0x000000070c600000|  0%| F|  |TAMS 0x000000070c400000, 0x000000070c400000| Untracked 
|  72|0x000000070c600000, 0x000000070c600000, 0x000000070c800000|  0%| F|  |TAMS 0x000000070c600000, 0x000000070c600000| Untracked 
|  73|0x000000070c800000, 0x000000070c800000, 0x000000070ca00000|  0%| F|  |TAMS 0x000000070c800000, 0x000000070c800000| Untracked 
|  74|0x000000070ca00000, 0x000000070ca00000, 0x000000070cc00000|  0%| F|  |TAMS 0x000000070ca00000, 0x000000070ca00000| Untracked 
|  75|0x000000070cc00000, 0x000000070cc00000, 0x000000070ce00000|  0%| F|  |TAMS 0x000000070cc00000, 0x000000070cc00000| Untracked 
|  76|0x000000070ce00000, 0x000000070ce00000, 0x000000070d000000|  0%| F|  |TAMS 0x000000070ce00000, 0x000000070ce00000| Untracked 
|  77|0x000000070d000000, 0x000000070d000000, 0x000000070d200000|  0%| F|  |TAMS 0x000000070d000000, 0x000000070d000000| Untracked 
|  78|0x000000070d200000, 0x000000070d200000, 0x000000070d400000|  0%| F|  |TAMS 0x000000070d200000, 0x000000070d200000| Untracked 
|  79|0x000000070d400000, 0x000000070d400000, 0x000000070d600000|  0%| F|  |TAMS 0x000000070d400000, 0x000000070d400000| Untracked 
|  80|0x000000070d600000, 0x000000070d600000, 0x000000070d800000|  0%| F|  |TAMS 0x000000070d600000, 0x000000070d600000| Untracked 
|  81|0x000000070d800000, 0x000000070d800000, 0x000000070da00000|  0%| F|  |TAMS 0x000000070d800000, 0x000000070d800000| Untracked 
|  82|0x000000070da00000, 0x000000070da00000, 0x000000070dc00000|  0%| F|  |TAMS 0x000000070da00000, 0x000000070da00000| Untracked 
|  83|0x000000070dc00000, 0x000000070dc00000, 0x000000070de00000|  0%| F|  |TAMS 0x000000070dc00000, 0x000000070dc00000| Untracked 
|  84|0x000000070de00000, 0x000000070de00000, 0x000000070e000000|  0%| F|  |TAMS 0x000000070de00000, 0x000000070de00000| Untracked 
|  85|0x000000070e000000, 0x000000070e000000, 0x000000070e200000|  0%| F|  |TAMS 0x000000070e000000, 0x000000070e000000| Untracked 
|  86|0x000000070e200000, 0x000000070e200000, 0x000000070e400000|  0%| F|  |TAMS 0x000000070e200000, 0x000000070e200000| Untracked 
|  87|0x000000070e400000, 0x000000070e400000, 0x000000070e600000|  0%| F|  |TAMS 0x000000070e400000, 0x000000070e400000| Untracked 
|  88|0x000000070e600000, 0x000000070e600000, 0x000000070e800000|  0%| F|  |TAMS 0x000000070e600000, 0x000000070e600000| Untracked 
|  89|0x000000070e800000, 0x000000070e800000, 0x000000070ea00000|  0%| F|  |TAMS 0x000000070e800000, 0x000000070e800000| Untracked 
|  90|0x000000070ea00000, 0x000000070ea00000, 0x000000070ec00000|  0%| F|  |TAMS 0x000000070ea00000, 0x000000070ea00000| Untracked 
|  91|0x000000070ec00000, 0x000000070ec00000, 0x000000070ee00000|  0%| F|  |TAMS 0x000000070ec00000, 0x000000070ec00000| Untracked 
|  92|0x000000070ee00000, 0x000000070ee00000, 0x000000070f000000|  0%| F|  |TAMS 0x000000070ee00000, 0x000000070ee00000| Untracked 
|  93|0x000000070f000000, 0x000000070f000000, 0x000000070f200000|  0%| F|  |TAMS 0x000000070f000000, 0x000000070f000000| Untracked 
|  94|0x000000070f200000, 0x000000070f200000, 0x000000070f400000|  0%| F|  |TAMS 0x000000070f200000, 0x000000070f200000| Untracked 
|  95|0x000000070f400000, 0x000000070f400000, 0x000000070f600000|  0%| F|  |TAMS 0x000000070f400000, 0x000000070f400000| Untracked 
|  96|0x000000070f600000, 0x000000070f600000, 0x000000070f800000|  0%| F|  |TAMS 0x000000070f600000, 0x000000070f600000| Untracked 
|  97|0x000000070f800000, 0x000000070f800000, 0x000000070fa00000|  0%| F|  |TAMS 0x000000070f800000, 0x000000070f800000| Untracked 
|  98|0x000000070fa00000, 0x000000070fa00000, 0x000000070fc00000|  0%| F|  |TAMS 0x000000070fa00000, 0x000000070fa00000| Untracked 
|  99|0x000000070fc00000, 0x000000070fc00000, 0x000000070fe00000|  0%| F|  |TAMS 0x000000070fc00000, 0x000000070fc00000| Untracked 
| 100|0x000000070fe00000, 0x000000070fe00000, 0x0000000710000000|  0%| F|  |TAMS 0x000000070fe00000, 0x000000070fe00000| Untracked 
| 101|0x0000000710000000, 0x0000000710000000, 0x0000000710200000|  0%| F|  |TAMS 0x0000000710000000, 0x0000000710000000| Untracked 
| 102|0x0000000710200000, 0x0000000710200000, 0x0000000710400000|  0%| F|  |TAMS 0x0000000710200000, 0x0000000710200000| Untracked 
| 103|0x0000000710400000, 0x0000000710400000, 0x0000000710600000|  0%| F|  |TAMS 0x0000000710400000, 0x0000000710400000| Untracked 
| 104|0x0000000710600000, 0x0000000710600000, 0x0000000710800000|  0%| F|  |TAMS 0x0000000710600000, 0x0000000710600000| Untracked 
| 105|0x0000000710800000, 0x0000000710800000, 0x0000000710a00000|  0%| F|  |TAMS 0x0000000710800000, 0x0000000710800000| Untracked 
| 106|0x0000000710a00000, 0x0000000710a00000, 0x0000000710c00000|  0%| F|  |TAMS 0x0000000710a00000, 0x0000000710a00000| Untracked 
| 107|0x0000000710c00000, 0x0000000710c00000, 0x0000000710e00000|  0%| F|  |TAMS 0x0000000710c00000, 0x0000000710c00000| Untracked 
| 108|0x0000000710e00000, 0x0000000710e00000, 0x0000000711000000|  0%| F|  |TAMS 0x0000000710e00000, 0x0000000710e00000| Untracked 
| 109|0x0000000711000000, 0x0000000711000000, 0x0000000711200000|  0%| F|  |TAMS 0x0000000711000000, 0x0000000711000000| Untracked 
| 110|0x0000000711200000, 0x0000000711200000, 0x0000000711400000|  0%| F|  |TAMS 0x0000000711200000, 0x0000000711200000| Untracked 
| 111|0x0000000711400000, 0x0000000711400000, 0x0000000711600000|  0%| F|  |TAMS 0x0000000711400000, 0x0000000711400000| Untracked 
| 112|0x0000000711600000, 0x0000000711600000, 0x0000000711800000|  0%| F|  |TAMS 0x0000000711600000, 0x0000000711600000| Untracked 
| 113|0x0000000711800000, 0x0000000711800000, 0x0000000711a00000|  0%| F|  |TAMS 0x0000000711800000, 0x0000000711800000| Untracked 
| 114|0x0000000711a00000, 0x0000000711b86730, 0x0000000711c00000| 76%| S|CS|TAMS 0x0000000711a00000, 0x0000000711a00000| Complete 
| 115|0x0000000711c00000, 0x0000000711e00000, 0x0000000711e00000|100%| S|CS|TAMS 0x0000000711c00000, 0x0000000711c00000| Complete 
| 116|0x0000000711e00000, 0x0000000711e00000, 0x0000000712000000|  0%| F|  |TAMS 0x0000000711e00000, 0x0000000711e00000| Untracked 
| 117|0x0000000712000000, 0x0000000712000000, 0x0000000712200000|  0%| F|  |TAMS 0x0000000712000000, 0x0000000712000000| Untracked 
| 118|0x0000000712200000, 0x0000000712200000, 0x0000000712400000|  0%| F|  |TAMS 0x0000000712200000, 0x0000000712200000| Untracked 
| 119|0x0000000712400000, 0x0000000712400000, 0x0000000712600000|  0%| F|  |TAMS 0x0000000712400000, 0x0000000712400000| Untracked 
| 120|0x0000000712600000, 0x0000000712600000, 0x0000000712800000|  0%| F|  |TAMS 0x0000000712600000, 0x0000000712600000| Untracked 
| 121|0x0000000712800000, 0x0000000712800000, 0x0000000712a00000|  0%| F|  |TAMS 0x0000000712800000, 0x0000000712800000| Untracked 
| 122|0x0000000712a00000, 0x0000000712ac3c80, 0x0000000712c00000| 38%| E|  |TAMS 0x0000000712a00000, 0x0000000712a00000| Complete 
| 123|0x0000000712c00000, 0x0000000712e00000, 0x0000000712e00000|100%| E|CS|TAMS 0x0000000712c00000, 0x0000000712c00000| Complete 
| 124|0x0000000712e00000, 0x0000000713000000, 0x0000000713000000|100%| E|CS|TAMS 0x0000000712e00000, 0x0000000712e00000| Complete 
| 125|0x0000000713000000, 0x0000000713200000, 0x0000000713200000|100%| E|CS|TAMS 0x0000000713000000, 0x0000000713000000| Complete 
| 126|0x0000000713200000, 0x0000000713400000, 0x0000000713400000|100%| E|CS|TAMS 0x0000000713200000, 0x0000000713200000| Complete 

Card table byte_map: [0x000001b1ff450000,0x000001b1ffc40000] _byte_map_base: 0x000001b1fbc35000

Marking Bits (Prev, Next): (CMBitMap*) 0x000001b1fe8961a0, (CMBitMap*) 0x000001b1fe8961e0
 Prev Bits: [0x000001b196f70000, 0x000001b19ae98000)
 Next Bits: [0x000001b19aea0000, 0x000001b19edc8000)

Polling page: 0x000001b1fc830000

Metaspace:

Usage:
  Non-class:      9.16 MB used.
      Class:      1.21 MB used.
       Both:     10.37 MB used.

Virtual space:
  Non-class space:       16.00 MB reserved,       9.25 MB ( 58%) committed,  2 nodes.
      Class space:        1.00 GB reserved,       1.31 MB ( <1%) committed,  1 nodes.
             Both:        1.02 GB reserved,      10.56 MB (  1%) committed. 

Chunk freelists:
   Non-Class:  2.47 MB
       Class:  2.73 MB
        Both:  5.20 MB

MaxMetaspaceSize: unlimited
CompressedClassSpaceSize: 1.00 GB
Initial GC threshold: 21.00 MB
Current GC threshold: 21.00 MB
CDS: on
MetaspaceReclaimPolicy: balanced
 - commit_granule_bytes: 65536.
 - commit_granule_words: 8192.
 - virtual_space_node_default_size: 1048576.
 - enlarge_chunks_in_place: 1.
 - new_chunks_are_fully_committed: 0.
 - uncommit_free_chunks: 1.
 - use_allocation_guard: 0.
 - handle_deallocations: 1.


Internal statistics:

num_allocs_failed_limit: 0.
num_arena_births: 118.
num_arena_deaths: 0.
num_vsnodes_births: 3.
num_vsnodes_deaths: 0.
num_space_committed: 169.
num_space_uncommitted: 0.
num_chunks_returned_to_freelist: 0.
num_chunks_taken_from_freelist: 178.
num_chunk_merges: 0.
num_chunk_splits: 100.
num_chunks_enlarged: 36.
num_purges: 0.
num_inconsistent_stats: 0.

CodeHeap 'non-profiled nmethods': size=120000Kb used=399Kb max_used=399Kb free=119600Kb
 bounds [0x000001b18f250000, 0x000001b18f4c0000, 0x000001b196780000]
CodeHeap 'profiled nmethods': size=120000Kb used=2412Kb max_used=2412Kb free=117587Kb
 bounds [0x000001b187d20000, 0x000001b187f90000, 0x000001b18f250000]
CodeHeap 'non-nmethods': size=5760Kb used=1290Kb max_used=1319Kb free=4470Kb
 bounds [0x000001b187780000, 0x000001b1879f0000, 0x000001b187d20000]
 total_blobs=1977 nmethods=1372 adapters=518
 compilation: enabled
              stopped_count=0, restarted_count=0
 full_count=0

Compilation events (20 events):
Event: 9.152 Thread 0x000001b1a14f6890 nmethod 1338 0x000001b18f2ac890 code [0x000001b18f2aca20, 0x000001b18f2acd58]
Event: 9.152 Thread 0x000001b1a32a70d0 nmethod 1330 0x000001b18f2ad010 code [0x000001b18f2ad1a0, 0x000001b18f2ad268]
Event: 9.152 Thread 0x000001b1a14f6890 1331       4       com.sun.java.swing.SwingUtilities3::getDelegateRepaintManager (73 bytes)
Event: 9.152 Thread 0x000001b1a32a70d0 1333       4       javax.swing.JComponent::repaint (19 bytes)
Event: 9.154 Thread 0x000001b1a14f7330 nmethod 1352 0x000001b187f6f790 code [0x000001b187f6fc20, 0x000001b187f72e88]
Event: 9.156 Thread 0x000001b1a14f6890 nmethod 1331 0x000001b18f2ad390 code [0x000001b18f2ad540, 0x000001b18f2ad888]
Event: 9.156 Thread 0x000001b1a14f6890 1334       4       javax.swing.RepaintManager::addDirtyRegion (37 bytes)
Event: 9.159 Thread 0x000001b1a14f6890 nmethod 1334 0x000001b18f2adb10 code [0x000001b18f2adcc0, 0x000001b18f2ae118]
Event: 9.160 Thread 0x000001b1a14f6890 1353 %     4       graphics.ZooPanel::run @ 3 (15 bytes)
Event: 9.160 Thread 0x000001b1a32a70d0 nmethod 1333 0x000001b18f2ae510 code [0x000001b18f2ae700, 0x000001b18f2aef08]
Event: 9.160 Thread 0x000001b1a32a70d0 1323       4       java.awt.Component::repaint (16 bytes)
Event: 9.161 Thread 0x000001b1a32a70d0 nmethod 1323 0x000001b18f2af510 code [0x000001b18f2af680, 0x000001b18f2af738]
Event: 9.161 Thread 0x000001b1a32a70d0 1336       4       mobility.Mobile::calcDistance (43 bytes)
Event: 9.162 Thread 0x000001b1a32a70d0 nmethod 1336 0x000001b18f2af810 code [0x000001b18f2af980, 0x000001b18f2afa58]
Event: 9.168 Thread 0x000001b1a14f7330 1354       3       java.awt.Component::getGraphics (124 bytes)
Event: 9.170 Thread 0x000001b1a14f7330 nmethod 1354 0x000001b187f73090 code [0x000001b187f73300, 0x000001b187f73ec8]
Event: 9.178 Thread 0x000001b1a14f7330 1355       1       java.util.IdentityHashMap::size (5 bytes)
Event: 9.178 Thread 0x000001b1a14f7330 nmethod 1355 0x000001b18f2afb10 code [0x000001b18f2afca0, 0x000001b18f2afd78]
Event: 9.187 Thread 0x000001b1a14f7330 1356       3       sun.java2d.SunGraphics2D::getCompClip (19 bytes)
Event: 9.188 Thread 0x000001b1a14f7330 nmethod 1356 0x000001b187f74190 code [0x000001b187f74340, 0x000001b187f74508]

GC Heap History (2 events):
Event: 9.118 GC heap before
{Heap before GC invocations=0 (full 0):
 garbage-first heap   total 260096K, used 34816K [0x0000000703600000, 0x0000000800000000)
  region size 2048K, 11 young (22528K), 0 survivors (0K)
 Metaspace       used 10588K, committed 10816K, reserved 1064960K
  class space    used 1236K, committed 1344K, reserved 1048576K
}
Event: 9.127 GC heap after
{Heap after GC invocations=1 (full 0):
 garbage-first heap   total 260096K, used 15897K [0x0000000703600000, 0x0000000800000000)
  region size 2048K, 2 young (4096K), 2 survivors (4096K)
 Metaspace       used 10588K, committed 10816K, reserved 1064960K
  class space    used 1236K, committed 1344K, reserved 1048576K
}

Deoptimization events (20 events):
Event: 9.065 Thread 0x000001b1a23f3f50 DEOPT PACKING pc=0x000001b18f2724f8 sp=0x0000003a28fff1a0
Event: 9.065 Thread 0x000001b1a23f3f50 DEOPT UNPACKING pc=0x000001b1877d5c23 sp=0x0000003a28fff130 mode 2
Event: 9.087 Thread 0x000001b1a23f3f50 Uncommon trap: trap_request=0xffffff45 fr.pc=0x000001b18f2a5120 relative=0x0000000000000400
Event: 9.087 Thread 0x000001b1a23f3f50 Uncommon trap: reason=unstable_if action=reinterpret pc=0x000001b18f2a5120 method=graphics.ZooPanel.isChange()Z @ 25 c2
Event: 9.087 Thread 0x000001b1a23f3f50 DEOPT PACKING pc=0x000001b18f2a5120 sp=0x0000003a28fff1e0
Event: 9.087 Thread 0x000001b1a23f3f50 DEOPT UNPACKING pc=0x000001b1877d5c23 sp=0x0000003a28fff120 mode 2
Event: 9.087 Thread 0x000001b1a23f3f50 Uncommon trap: trap_request=0xffffff45 fr.pc=0x000001b18f2a47f4 relative=0x00000000000002d4
Event: 9.087 Thread 0x000001b1a23f3f50 Uncommon trap: reason=unstable_if action=reinterpret pc=0x000001b18f2a47f4 method=graphics.ZooPanel.isChange()Z @ 25 c2
Event: 9.087 Thread 0x000001b1a23f3f50 DEOPT PACKING pc=0x000001b18f2a47f4 sp=0x0000003a28fff170
Event: 9.087 Thread 0x000001b1a23f3f50 DEOPT UNPACKING pc=0x000001b1877d5c23 sp=0x0000003a28fff110 mode 2
Event: 9.087 Thread 0x000001b1a2f10b80 Uncommon trap: trap_request=0xffffff45 fr.pc=0x000001b18f2a5120 relative=0x0000000000000400
Event: 9.087 Thread 0x000001b1a2f10b80 Uncommon trap: reason=unstable_if action=reinterpret pc=0x000001b18f2a5120 method=graphics.ZooPanel.isChange()Z @ 25 c2
Event: 9.087 Thread 0x000001b1a2f10b80 DEOPT PACKING pc=0x000001b18f2a5120 sp=0x0000003a290ff1f0
Event: 9.087 Thread 0x000001b1a2f10b80 DEOPT UNPACKING pc=0x000001b1877d5c23 sp=0x0000003a290ff138 mode 2
Event: 9.104 Thread 0x000001b1a23f3f50 DEOPT PACKING pc=0x000001b187f58a7e sp=0x0000003a28fff250
Event: 9.104 Thread 0x000001b1a23f3f50 DEOPT UNPACKING pc=0x000001b1877d6763 sp=0x0000003a28ffe720 mode 0
Event: 9.105 Thread 0x000001b1a23f3f50 Uncommon trap: trap_request=0xffffff45 fr.pc=0x000001b18f2a5dc8 relative=0x0000000000000428
Event: 9.105 Thread 0x000001b1a23f3f50 Uncommon trap: reason=unstable_if action=reinterpret pc=0x000001b18f2a5dc8 method=graphics.ZooPanel.isChange()Z @ 25 c2
Event: 9.105 Thread 0x000001b1a23f3f50 DEOPT PACKING pc=0x000001b18f2a5dc8 sp=0x0000003a28fff250
Event: 9.105 Thread 0x000001b1a23f3f50 DEOPT UNPACKING pc=0x000001b1877d5c23 sp=0x0000003a28fff138 mode 2

Classes unloaded (0 events):
No events

Classes redefined (0 events):
No events

Internal exceptions (20 events):
Event: 0.285 Thread 0x000001b1fe844770 Exception <a 'java/lang/ClassNotFoundException'{0x0000000712e4b340}: com/sun/swing/internal/plaf/basic/resources/spi/basicProvider> (0x0000000712e4b340) 
thrown [t:\workspace\open\src\hotspot\share\classfile\systemDictionary.cpp, line 256]
Event: 0.385 Thread 0x000001b1a23cf050 Exception <a 'java/lang/NoSuchMethodError'{0x0000000712881360}: 'java.lang.Object java.lang.invoke.DirectMethodHandle$Holder.newInvokeSpecial(java.lang.Object, java.lang.Object, java.lang.Object, int, int, int, int, int)'> (0x0000000712881360) 
thrown [t:\workspace\open\src\hotspot\share\interpreter\linkResolver.cpp, line 766]
Event: 0.423 Thread 0x000001b1a232e3f0 Exception <a 'java/lang/NoSuchMethodError'{0x00000007130f12c8}: 'void java.lang.invoke.DirectMethodHandle$Holder.invokeVirtual(java.lang.Object, java.lang.Object)'> (0x00000007130f12c8) 
thrown [t:\workspace\open\src\hotspot\share\interpreter\linkResolver.cpp, line 766]
Event: 0.435 Thread 0x000001b1fe844770 Exception <a 'java/lang/NoSuchMethodError'{0x0000000712b26750}: 'void java.lang.invoke.DirectMethodHandle$Holder.invokeStaticInit(java.lang.Object)'> (0x0000000712b26750) 
thrown [t:\workspace\open\src\hotspot\share\interpreter\linkResolver.cpp, line 766]
Event: 0.593 Thread 0x000001b1a23eb4b0 Exception <a 'java/lang/NullPointerException'{0x00000007129326a0}> (0x00000007129326a0) 
thrown [t:\workspace\open\src\hotspot\share\interpreter\linkResolver.cpp, line 1357]
Event: 2.281 Thread 0x000001b1a23eb4b0 Exception <a 'java/lang/NoSuchMethodError'{0x00000007126e3828}: 'int java.lang.invoke.DirectMethodHandle$Holder.invokeStatic(java.lang.Object)'> (0x00000007126e3828) 
thrown [t:\workspace\open\src\hotspot\share\interpreter\linkResolver.cpp, line 766]
Event: 9.078 Thread 0x000001b1a23eb4b0 Exception <a 'java/lang/NullPointerException'{0x000000071225f970}> (0x000000071225f970) 
thrown [t:\workspace\open\src\hotspot\share\interpreter\linkResolver.cpp, line 1357]
Event: 9.089 Thread 0x000001b1a23eb4b0 Exception <a 'java/lang/NullPointerException'{0x000000071226ff70}> (0x000000071226ff70) 
thrown [t:\workspace\open\src\hotspot\share\interpreter\linkResolver.cpp, line 1357]
Event: 9.097 Thread 0x000001b1a23eb4b0 Exception <a 'java/lang/NullPointerException'{0x0000000712271240}> (0x0000000712271240) 
thrown [t:\workspace\open\src\hotspot\share\interpreter\linkResolver.cpp, line 1357]
Event: 9.100 Thread 0x000001b1a23eb4b0 Exception <a 'java/lang/NullPointerException'{0x0000000711e72008}> (0x0000000711e72008) 
thrown [t:\workspace\open\src\hotspot\share\interpreter\linkResolver.cpp, line 1357]
Event: 9.105 Thread 0x000001b1a23eb4b0 Exception <a 'java/lang/NullPointerException'{0x0000000711e72f80}> (0x0000000711e72f80) 
thrown [t:\workspace\open\src\hotspot\share\interpreter\linkResolver.cpp, line 1357]
Event: 9.110 Thread 0x000001b1a23eb4b0 Exception <a 'java/lang/NullPointerException'{0x0000000711e73f40}> (0x0000000711e73f40) 
thrown [t:\workspace\open\src\hotspot\share\interpreter\linkResolver.cpp, line 1357]
Event: 9.132 Thread 0x000001b1a23eb4b0 Exception <a 'java/lang/NullPointerException'{0x0000000713262d70}> (0x0000000713262d70) 
thrown [t:\workspace\open\src\hotspot\share\interpreter\linkResolver.cpp, line 1357]
Event: 9.139 Thread 0x000001b1a23eb4b0 Exception <a 'java/lang/NullPointerException'{0x0000000713263ce8}> (0x0000000713263ce8) 
thrown [t:\workspace\open\src\hotspot\share\interpreter\linkResolver.cpp, line 1357]
Event: 9.150 Thread 0x000001b1a23eb4b0 Exception <a 'java/lang/NullPointerException'{0x0000000713264c60}> (0x0000000713264c60) 
thrown [t:\workspace\open\src\hotspot\share\interpreter\linkResolver.cpp, line 1357]
Event: 9.157 Thread 0x000001b1a23eb4b0 Exception <a 'java/lang/NullPointerException'{0x0000000713265bd8}> (0x0000000713265bd8) 
thrown [t:\workspace\open\src\hotspot\share\interpreter\linkResolver.cpp, line 1357]
Event: 9.162 Thread 0x000001b1a23eb4b0 Exception <a 'java/lang/NullPointerException'{0x0000000713266b50}> (0x0000000713266b50) 
thrown [t:\workspace\open\src\hotspot\share\interpreter\linkResolver.cpp, line 1357]
Event: 9.172 Thread 0x000001b1a23eb4b0 Exception <a 'java/lang/NullPointerException'{0x0000000713267ac8}> (0x0000000713267ac8) 
thrown [t:\workspace\open\src\hotspot\share\interpreter\linkResolver.cpp, line 1357]
Event: 9.180 Thread 0x000001b1a23eb4b0 Exception <a 'java/lang/NullPointerException'{0x0000000713268a40}> (0x0000000713268a40) 
thrown [t:\workspace\open\src\hotspot\share\interpreter\linkResolver.cpp, line 1357]
Event: 9.187 Thread 0x000001b1a23eb4b0 Exception <a 'java/lang/NullPointerException'{0x00000007132699b8}> (0x00000007132699b8) 
thrown [t:\workspace\open\src\hotspot\share\interpreter\linkResolver.cpp, line 1357]

VM Operations (20 events):
Event: 2.222 Executing VM operation: HandshakeAllThreads
Event: 2.222 Executing VM operation: HandshakeAllThreads done
Event: 2.225 Executing VM operation: HandshakeAllThreads
Event: 2.225 Executing VM operation: HandshakeAllThreads done
Event: 3.225 Executing VM operation: HandshakeAllThreads
Event: 3.225 Executing VM operation: HandshakeAllThreads done
Event: 3.225 Executing VM operation: Cleanup
Event: 3.225 Executing VM operation: Cleanup done
Event: 4.236 Executing VM operation: Cleanup
Event: 4.236 Executing VM operation: Cleanup done
Event: 5.251 Executing VM operation: Cleanup
Event: 5.251 Executing VM operation: Cleanup done
Event: 6.261 Executing VM operation: Cleanup
Event: 6.261 Executing VM operation: Cleanup done
Event: 7.272 Executing VM operation: Cleanup
Event: 7.273 Executing VM operation: Cleanup done
Event: 8.273 Executing VM operation: Cleanup
Event: 8.273 Executing VM operation: Cleanup done
Event: 9.118 Executing VM operation: G1CollectForAllocation
Event: 9.127 Executing VM operation: G1CollectForAllocation done

Events (20 events):
Event: 9.038 loading class com/sun/imageio/plugins/common/SubImageInputStream done
Event: 9.038 loading class com/sun/imageio/plugins/common/InputStreamAdapter
Event: 9.038 loading class com/sun/imageio/plugins/common/InputStreamAdapter done
Event: 9.038 loading class javax/imageio/ImageTypeSpecifier$Packed
Event: 9.038 loading class javax/imageio/ImageTypeSpecifier$Packed done
Event: 9.039 loading class com/sun/imageio/plugins/common/ReaderUtil
Event: 9.039 loading class com/sun/imageio/plugins/common/ReaderUtil done
Event: 9.065 Thread 0x000001b1a2f10b80 Thread added: 0x000001b1a2f10b80
Event: 9.065 loading class java/awt/Window$1DisposeAction
Event: 9.065 loading class java/awt/Window$1DisposeAction done
Event: 9.065 loading class java/awt/KeyboardFocusManager$2
Event: 9.065 loading class java/awt/KeyboardFocusManager$2 done
Event: 9.065 loading class sun/awt/SunToolkit$1
Event: 9.065 loading class sun/awt/SunToolkit$1 done
Event: 9.074 loading class java/awt/LightweightDispatcher$2
Event: 9.074 loading class java/awt/LightweightDispatcher$2 done
Event: 9.076 Thread 0x000001b1a31169e0 Thread added: 0x000001b1a31169e0
Event: 9.078 loading class sun/awt/image/BufImgSurfaceManager
Event: 9.078 loading class sun/awt/image/BufImgSurfaceManager done
Event: 9.106 Thread 0x000001b1a32a70d0 Thread added: 0x000001b1a32a70d0


Dynamic libraries:
0x00007ff628bb0000 - 0x00007ff628bc0000 	C:\Program Files\Java\jdk-17.0.2\bin\javaw.exe
0x00007ffbcf3e0000 - 0x00007ffbcf5e9000 	C:\WINDOWS\SYSTEM32\ntdll.dll
0x00007ffb95400000 - 0x00007ffb95416000 	C:\Program Files\AVG\Antivirus\aswhook.dll
0x00007ffbce170000 - 0x00007ffbce22d000 	C:\WINDOWS\System32\KERNEL32.DLL
0x00007ffbccc90000 - 0x00007ffbcd004000 	C:\WINDOWS\System32\KERNELBASE.dll
0x00007ffbcd010000 - 0x00007ffbcd121000 	C:\WINDOWS\System32\ucrtbase.dll
0x00007ffbc8b10000 - 0x00007ffbc8b28000 	C:\Program Files\Java\jdk-17.0.2\bin\jli.dll
0x00007ffbad620000 - 0x00007ffbad63a000 	C:\Program Files\Java\jdk-17.0.2\bin\VCRUNTIME140.dll
0x00007ffbcead0000 - 0x00007ffbceb7e000 	C:\WINDOWS\System32\ADVAPI32.dll
0x00007ffbce230000 - 0x00007ffbce2d3000 	C:\WINDOWS\System32\msvcrt.dll
0x00007ffbcee90000 - 0x00007ffbcef2e000 	C:\WINDOWS\System32\sechost.dll
0x00007ffbcf070000 - 0x00007ffbcf190000 	C:\WINDOWS\System32\RPCRT4.dll
0x00007ffbcd5b0000 - 0x00007ffbcd75c000 	C:\WINDOWS\System32\USER32.dll
0x00007ffbcd130000 - 0x00007ffbcd156000 	C:\WINDOWS\System32\win32u.dll
0x00007ffbb0a60000 - 0x00007ffbb0d05000 	C:\WINDOWS\WinSxS\amd64_microsoft.windows.common-controls_6595b64144ccf1df_6.0.22000.120_none_9d947278b86cc467\COMCTL32.dll
0x00007ffbcd820000 - 0x00007ffbcd849000 	C:\WINDOWS\System32\GDI32.dll
0x00007ffbcd160000 - 0x00007ffbcd272000 	C:\WINDOWS\System32\gdi32full.dll
0x00007ffbcc990000 - 0x00007ffbcca2d000 	C:\WINDOWS\System32\msvcp_win.dll
0x00007ffbc26a0000 - 0x00007ffbc26aa000 	C:\WINDOWS\SYSTEM32\VERSION.dll
0x00007ffbcef40000 - 0x00007ffbcef71000 	C:\WINDOWS\System32\IMM32.DLL
0x00007ffbc8ae0000 - 0x00007ffbc8aec000 	C:\Program Files\Java\jdk-17.0.2\bin\vcruntime140_1.dll
0x00007ffba5590000 - 0x00007ffba561d000 	C:\Program Files\Java\jdk-17.0.2\bin\msvcp140.dll
0x00007ffb6eb70000 - 0x00007ffb6f731000 	C:\Program Files\Java\jdk-17.0.2\bin\server\jvm.dll
0x00007ffbcd850000 - 0x00007ffbcd858000 	C:\WINDOWS\System32\PSAPI.DLL
0x00007ffbc3890000 - 0x00007ffbc38c3000 	C:\WINDOWS\SYSTEM32\WINMM.dll
0x00007ffbaeb80000 - 0x00007ffbaeb89000 	C:\WINDOWS\SYSTEM32\WSOCK32.dll
0x00007ffbcd460000 - 0x00007ffbcd4cf000 	C:\WINDOWS\System32\WS2_32.dll
0x00007ffbcbac0000 - 0x00007ffbcbad8000 	C:\WINDOWS\SYSTEM32\kernel.appcore.dll
0x00007ffbc9a50000 - 0x00007ffbc9a5a000 	C:\Program Files\Java\jdk-17.0.2\bin\jimage.dll
0x00007ffbca570000 - 0x00007ffbca791000 	C:\WINDOWS\SYSTEM32\DBGHELP.DLL
0x00007ffbb5600000 - 0x00007ffbb5631000 	C:\WINDOWS\SYSTEM32\dbgcore.DLL
0x00007ffbcca30000 - 0x00007ffbccaaf000 	C:\WINDOWS\System32\bcryptPrimitives.dll
0x00007ffbc8b30000 - 0x00007ffbc8b55000 	C:\Program Files\Java\jdk-17.0.2\bin\java.dll
0x00007ffbab0d0000 - 0x00007ffbab1a6000 	C:\Program Files\Java\jdk-17.0.2\bin\jsvml.dll
0x00007ffbcd9a0000 - 0x00007ffbce14f000 	C:\WINDOWS\System32\SHELL32.dll
0x00007ffbcaa00000 - 0x00007ffbcb268000 	C:\WINDOWS\SYSTEM32\windows.storage.dll
0x00007ffbce750000 - 0x00007ffbceac8000 	C:\WINDOWS\System32\combase.dll
0x00007ffbca890000 - 0x00007ffbca9f6000 	C:\WINDOWS\SYSTEM32\wintypes.dll
0x00007ffbcef80000 - 0x00007ffbcf06a000 	C:\WINDOWS\System32\SHCORE.dll
0x00007ffbcd760000 - 0x00007ffbcd7bd000 	C:\WINDOWS\System32\shlwapi.dll
0x00007ffbcc800000 - 0x00007ffbcc821000 	C:\WINDOWS\SYSTEM32\profapi.dll
0x00007ffb82be0000 - 0x00007ffb82d6f000 	C:\Program Files\Java\jdk-17.0.2\bin\awt.dll
0x00007ffbcd4d0000 - 0x00007ffbcd5a6000 	C:\WINDOWS\System32\OLEAUT32.dll
0x00007ffbc9aa0000 - 0x00007ffbc9b31000 	C:\WINDOWS\SYSTEM32\apphelp.dll
0x00007ffbc9fb0000 - 0x00007ffbc9fdf000 	C:\WINDOWS\system32\DWMAPI.DLL
0x00007ffbc9c20000 - 0x00007ffbc9ccc000 	C:\WINDOWS\system32\uxtheme.dll
0x00007ffb8a530000 - 0x00007ffb8a631000 	C:\WINDOWS\system32\opengl32.dll
0x00007ffb8adf0000 - 0x00007ffb8ae1d000 	C:\WINDOWS\SYSTEM32\GLU32.dll
0x00007ffbc9d30000 - 0x00007ffbc9d68000 	C:\WINDOWS\SYSTEM32\dxcore.dll
0x00007ffbcec00000 - 0x00007ffbced1e000 	C:\WINDOWS\System32\MSCTF.dll
0x00007ffbcf200000 - 0x00007ffbcf39a000 	C:\WINDOWS\System32\ole32.dll
0x00007ffba54b0000 - 0x00007ffba54dd000 	C:\Program Files\Java\jdk-17.0.2\bin\javajpeg.dll
0x00007ffbaec40000 - 0x00007ffbaec58000 	C:\Program Files\Java\jdk-17.0.2\bin\zip.dll
0x00007ffba53c0000 - 0x00007ffba5449000 	C:\Program Files\Java\jdk-17.0.2\bin\freetype.dll
0x00007ffb91120000 - 0x00007ffb911c8000 	C:\Program Files\Java\jdk-17.0.2\bin\fontmanager.dll
0x00007ffbaec80000 - 0x00007ffbaec99000 	C:\Program Files\Java\jdk-17.0.2\bin\net.dll
0x00007ffbc16f0000 - 0x00007ffbc17fc000 	C:\WINDOWS\SYSTEM32\WINHTTP.dll
0x00007ffbcbef0000 - 0x00007ffbcbf57000 	C:\WINDOWS\system32\mswsock.dll
0x00007ffbaec60000 - 0x00007ffbaec76000 	C:\Program Files\Java\jdk-17.0.2\bin\nio.dll
0x00007ffbb1bc0000 - 0x00007ffbb1ced000 	C:\WINDOWS\SYSTEM32\textinputframework.dll
0x00007ffbc96b0000 - 0x00007ffbc97e2000 	C:\WINDOWS\SYSTEM32\CoreMessaging.dll
0x00007ffbc3060000 - 0x00007ffbc33cd000 	C:\WINDOWS\SYSTEM32\CoreUIComponents.dll
0x00007ffbcc150000 - 0x00007ffbcc15c000 	C:\WINDOWS\SYSTEM32\CRYPTBASE.DLL
0x00007ffbcd8f0000 - 0x00007ffbcd99f000 	C:\WINDOWS\System32\clbcatq.dll
0x00007ffbc13f0000 - 0x00007ffbc159e000 	C:\WINDOWS\SYSTEM32\WindowsCodecs.dll
0x00007ffb86580000 - 0x00007ffb865dd000 	C:\WINDOWS\system32\dataexchange.dll
0x00007ffbc0ae0000 - 0x00007ffbc0d46000 	C:\WINDOWS\system32\twinapi.appcore.dll

dbghelp: loaded successfully - version: 4.0.5 - missing functions: none
symbol engine: initialized successfully - sym options: 0x614 - pdb path: .;C:\Program Files\Java\jdk-17.0.2\bin;C:\WINDOWS\SYSTEM32;C:\Program Files\AVG\Antivirus;C:\WINDOWS\WinSxS\amd64_microsoft.windows.common-controls_6595b64144ccf1df_6.0.22000.120_none_9d947278b86cc467;C:\Program Files\Java\jdk-17.0.2\bin\server

VM Arguments:
jvm_args: -Dfile.encoding=Cp1255 -XX:+ShowCodeDetailsInExceptionMessages 
java_command: graphics.ZooFrame
java_class_path (initial): C:\Users\omerh\OneDrive\ \  \ \  \Home Work\HW1\HW1\bin
Launcher Type: SUN_STANDARD

[Global flags]
     intx CICompilerCount                          = 4                                         {product} {ergonomic}
     uint ConcGCThreads                            = 2                                         {product} {ergonomic}
     uint G1ConcRefinementThreads                  = 8                                         {product} {ergonomic}
   size_t G1HeapRegionSize                         = 2097152                                   {product} {ergonomic}
    uintx GCDrainStackTargetSize                   = 64                                        {product} {ergonomic}
   size_t InitialHeapSize                          = 266338304                                 {product} {ergonomic}
   size_t MarkStackSize                            = 4194304                                   {product} {ergonomic}
   size_t MaxHeapSize                              = 4238344192                                {product} {ergonomic}
   size_t MaxNewSize                               = 2541748224                                {product} {ergonomic}
   size_t MinHeapDeltaBytes                        = 2097152                                   {product} {ergonomic}
   size_t MinHeapSize                              = 8388608                                   {product} {ergonomic}
    uintx NonNMethodCodeHeapSize                   = 5839372                                {pd product} {ergonomic}
    uintx NonProfiledCodeHeapSize                  = 122909434                              {pd product} {ergonomic}
    uintx ProfiledCodeHeapSize                     = 122909434                              {pd product} {ergonomic}
    uintx ReservedCodeCacheSize                    = 251658240                              {pd product} {ergonomic}
     bool SegmentedCodeCache                       = true                                      {product} {ergonomic}
     bool ShowCodeDetailsInExceptionMessages       = true                                   {manageable} {command line}
   size_t SoftMaxHeapSize                          = 4238344192                             {manageable} {ergonomic}
     bool UseCompressedClassPointers               = true                           {product lp64_product} {ergonomic}
     bool UseCompressedOops                        = true                           {product lp64_product} {ergonomic}
     bool UseG1GC                                  = true                                      {product} {ergonomic}
     bool UseLargePagesIndividualAllocation        = false                                  {pd product} {ergonomic}

Logging:
Log output configuration:
 #0: stdout all=warning uptime,level,tags
 #1: stderr all=off uptime,level,tags

Environment Variables:
PATH=C:/Program Files/Java/jdk-17.0.2/bin/server;C:/Program Files/Java/jdk-17.0.2/bin;C:\Program Files\Common Files\Oracle\Java\javapath;C:\Program Files (x86)\Common Files\Oracle\Java\javapath;C:\windows\system32;C:\windows;C:\windows\System32\Wbem;C:\windows\System32\WindowsPowerShell\v1.0\;C:\windows\System32\OpenSSH\;C:\Program Files (x86)\NVIDIA Corporation\PhysX\Common;C:\Program Files\NVIDIA Corporation\NVIDIA NvDLISR;C:\WINDOWS\system32;C:\WINDOWS;C:\WINDOWS\System32\Wbem;C:\WINDOWS\System32\WindowsPowerShell\v1.0\;C:\WINDOWS\System32\OpenSSH\;C:\Program Files\Git\cmd;C:\Users\omerh\AppData\Local\Microsoft\WindowsApps;C:\Users\omerh\AppData\Local\GitHubDesktop\bin;C:\Users\omerh\AppData\Local\gitkraken\bin;C:\Users\omerh\OneDrive\ ;
USERNAME=omerh
OS=Windows_NT
PROCESSOR_IDENTIFIER=Intel64 Family 6 Model 126 Stepping 5, GenuineIntel



---------------  S Y S T E M  ---------------

OS:
 Windows 11 , 64 bit Build 22000 (10.0.22000.613)
OS uptime: 0 days 6:37 hours

CPU: total 8 (initial active 8) (4 cores per cpu, 2 threads per core) family 6 model 126 stepping 5 microcode 0xa0, cx8, cmov, fxsr, ht, mmx, 3dnowpref, sse, sse2, sse3, ssse3, sse4.1, sse4.2, popcnt, lzcnt, tsc, tscinvbit, avx, avx2, aes, erms, clmul, bmi1, bmi2, adx, avx512f, avx512dq, avx512cd, avx512bw, avx512vl, sha, fma, vzeroupper, avx512_vpopcntdq, avx512_vpclmulqdq, avx512_vaes, avx512_vnni, clflush, clflushopt, avx512_vbmi2, avx512_vbmi

Memory: 4k page, system-wide physical 16161M (9689M free)
TotalPageFile size 18593M (AvailPageFile size 8120M)
current process WorkingSet (physical memory assigned to process): 100M, peak: 101M
current process commit charge ("private bytes"): 370M, peak: 371M

vm_info: Java HotSpot(TM) 64-Bit Server VM (17.0.2+8-LTS-86) for windows-amd64 JRE (17.0.2+8-LTS-86), built on Dec  7 2021 21:51:03 by "mach5one" with MS VC++ 16.8 / 16.9 (VS2019)

END.
