#
# A fatal error has been detected by the Java Runtime Environment:
#
#  EXCEPTION_ACCESS_VIOLATION (0xc0000005) at pc=0x00007ffb6f0ea762, pid=11620, tid=10368
#
# JRE version: Java(TM) SE Runtime Environment (17.0.2+8) (build 17.0.2+8-LTS-86)
# Java VM: Java HotSpot(TM) 64-Bit Server VM (17.0.2+8-LTS-86, mixed mode, sharing, tiered, compressed oops, compressed class ptrs, g1 gc, windows-amd64)
# Problematic frame:
# V  [jvm.dll+0x57a762]
#
# No core dump will be written. Minidumps are not enabled by default on client versions of Windows
#
# If you would like to submit a bug report, please visit:
#   https://bugreport.java.com/bugreport/crash.jsp
#

---------------  S U M M A R Y ------------

Command Line: -Dfile.encoding=Cp1255 -XX:+ShowCodeDetailsInExceptionMessages graphics.ZooFrame

Host: Intel(R) Core(TM) i7-1065G7 CPU @ 1.30GHz, 8 cores, 15G,  Windows 11 , 64 bit Build 22000 (10.0.22000.613)
Time: Tue May 10 19:11:00 2022  Windows 11 , 64 bit Build 22000 (10.0.22000.613) elapsed time: 6.045775 seconds (0d 0h 0m 6s)

---------------  T H R E A D  ---------------

Current thread (0x0000027946c99ea0):  JavaThread "C2 CompilerThread2" daemon [_thread_in_native, id=10368, stack(0x000000eff5200000,0x000000eff5300000)]


Current CompileTask:
C2:   6046 1278       4       graphics.ZooPanel::manageZoo (280 bytes)

Stack: [0x000000eff5200000,0x000000eff5300000],  sp=0x000000eff52fa630,  free space=1001k
Native frames: (J=compiled Java code, j=interpreted, Vv=VM code, C=native code)
V  [jvm.dll+0x57a762]
V  [jvm.dll+0x57a484]
V  [jvm.dll+0x5796f8]
V  [jvm.dll+0x21de3d]
V  [jvm.dll+0x21e21f]
V  [jvm.dll+0x217ae5]
V  [jvm.dll+0x214fab]
V  [jvm.dll+0x1a1bbd]
V  [jvm.dll+0x224908]
V  [jvm.dll+0x222a6c]
V  [jvm.dll+0x7859bb]
V  [jvm.dll+0x77ff7a]
V  [jvm.dll+0x66fa35]
C  [ucrtbase.dll+0x26c0c]
C  [KERNEL32.DLL+0x154e0]
C  [ntdll.dll+0x485b]


siginfo: EXCEPTION_ACCESS_VIOLATION (0xc0000005), reading address 0x0000000000000008


Register to memory mapping:

RIP=0x00007ffb6f0ea762 jvm.dll
RAX=0x0000027945a01fa0 points into unknown readable memory: 0x0000000000000000 | 00 00 00 00 00 00 00 00
RBX=0x0 is NULL
RCX=0x0 is NULL
RDX=0x0000000000001000 is an unknown value
RSP=0x000000eff52fa630 is pointing into the stack for thread: 0x0000027946c99ea0
RBP=0x0000027946b635c0 points into unknown readable memory: 0x0000000000000000 | 00 00 00 00 00 00 00 00
RSI=0x0000027946a78420 points into unknown readable memory: 0x00007ffb6f423058 | 58 30 42 6f fb 7f 00 00
RDI=0x000000eff52faa50 is pointing into the stack for thread: 0x0000027946c99ea0
R8 =0x0000027945a01fa0 points into unknown readable memory: 0x0000000000000000 | 00 00 00 00 00 00 00 00
R9 =0x0 is NULL
R10=0xfefefefefefefeff is an unknown value
R11=0x8080808080808080 is an unknown value
R12=0x000000eff52fa720 is pointing into the stack for thread: 0x0000027946c99ea0
R13=0x000000eff52fa700 is pointing into the stack for thread: 0x0000027946c99ea0
R14=0x0000027945ab42b0 points into unknown readable memory: 0x00007ffb6f41eb10 | 10 eb 41 6f fb 7f 00 00
R15=0x0000027945ab3a78 points into unknown readable memory: 0x00007ffb6f423128 | 28 31 42 6f fb 7f 00 00


Registers:
RAX=0x0000027945a01fa0, RBX=0x0000000000000000, RCX=0x0000000000000000, RDX=0x0000000000001000
RSP=0x000000eff52fa630, RBP=0x0000027946b635c0, RSI=0x0000027946a78420, RDI=0x000000eff52faa50
R8 =0x0000027945a01fa0, R9 =0x0000000000000000, R10=0xfefefefefefefeff, R11=0x8080808080808080
R12=0x000000eff52fa720, R13=0x000000eff52fa700, R14=0x0000027945ab42b0, R15=0x0000027945ab3a78
RIP=0x00007ffb6f0ea762, EFLAGS=0x0000000000010283

Top of Stack: (sp=0x000000eff52fa630)
0x000000eff52fa630:   0000000000000179 000000eff52faa50
0x000000eff52fa640:   0000000000000001 0000027946a779f8
0x000000eff52fa650:   0000000000000001 000000eff52fa740
0x000000eff52fa660:   0000027945b0b370 00007ffb6f0ea484
0x000000eff52fa670:   000000000000000d 0000000000000179
0x000000eff52fa680:   0000027945ab42b0 0000027900000001
0x000000eff52fa690:   0000000000000000 0000027946931228
0x000000eff52fa6a0:   00000279469449c8 000000eff52fa7d0
0x000000eff52fa6b0:   0000000000038200 00000279203284d0
0x000000eff52fa6c0:   0000000000000001 00007ffb6f0e96f8
0x000000eff52fa6d0:   000000eff52faa50 000000eff52faa50
0x000000eff52fa6e0:   0000027900000001 000000eff52fa740
0x000000eff52fa6f0:   0000000000000001 0000027946dc13b0
0x000000eff52fa700:   0000027945c91880 0000000000000200
0x000000eff52fa710:   0000027945a1c210 000000000000017a
0x000000eff52fa720:   0000000000000080 00000279459a08d0 

Instructions: (pc=0x00007ffb6f0ea762)
0x00007ffb6f0ea662:   8b 5e 28 3b 5f 28 72 0b 8b d3 48 8d 4f 20 e8 9b
0x00007ffb6f0ea672:   4c 0d 00 48 8b 47 30 48 c7 04 d8 00 00 00 00 48
0x00007ffb6f0ea682:   83 c4 20 41 5e 5f 5b c3 49 8b d6 4c 89 7c 24 50
0x00007ffb6f0ea692:   48 8b cf e8 36 d0 fe ff 45 33 c9 4c 8b c0 49 8b
0x00007ffb6f0ea6a2:   d6 48 8b cf 4c 8b f8 e8 92 12 00 00 41 8b 4e 2c
0x00007ffb6f0ea6b2:   48 8b d8 83 e1 3f 80 f9 30 75 19 49 3b c7 74 14
0x00007ffb6f0ea6c2:   4c 8b c8 4d 8b c7 49 8b d6 48 8b cf e8 7d 3a 00
0x00007ffb6f0ea6d2:   00 48 8b d8 48 89 74 24 48 48 85 db 75 55 41 8b
0x00007ffb6f0ea6e2:   5e 28 3b 5f 28 72 0b 8b d3 48 8d 4f 20 e8 1c 4c
0x00007ffb6f0ea6f2:   0d 00 48 8b 47 30 48 c7 04 d8 00 00 00 00 8b 9f
0x00007ffb6f0ea702:   d0 09 00 00 8d 43 01 89 87 d0 09 00 00 3b 9f c0
0x00007ffb6f0ea712:   09 00 00 72 0e 8b d3 48 8d 8f b8 09 00 00 e8 eb
0x00007ffb6f0ea722:   4b 0d 00 48 8b 87 c8 09 00 00 4c 89 34 d8 e9 38
0x00007ffb6f0ea732:   02 00 00 48 89 6c 24 40 48 8b f3 4c 3b fb 0f 84
0x00007ffb6f0ea742:   7d 01 00 00 8b 57 28 0f 1f 80 00 00 00 00 8b 4b
0x00007ffb6f0ea752:   28 48 8b 87 f8 09 00 00 48 8b 1c c8 4c 8d 04 c8
0x00007ffb6f0ea762:   48 8b 43 08 48 83 38 00 75 27 0f 1f 40 00 8b 43
0x00007ffb6f0ea772:   28 3b c2 73 0c 8b c8 48 8b 47 30 48 8b 1c c8 eb
0x00007ffb6f0ea782:   02 33 db 48 83 e3 fe 48 8b 43 08 48 83 38 00 74
0x00007ffb6f0ea792:   dd 49 89 18 8b 43 28 8b 57 28 3b c2 73 0f 8b c8
0x00007ffb6f0ea7a2:   48 8b 47 30 48 8b 2c c8 48 85 ed 75 07 48 8b af
0x00007ffb6f0ea7b2:   90 09 00 00 48 85 f6 75 27 4c 8d 0d 1e f5 36 00
0x00007ffb6f0ea7c2:   ba a9 03 00 00 4c 8d 05 22 f5 36 00 48 8d 0d 03
0x00007ffb6f0ea7d2:   00 36 00 e8 d6 82 cc ff e8 41 5f 0f 00 8b 57 28
0x00007ffb6f0ea7e2:   8b 46 28 3b c2 73 0f 8b c8 48 8b 47 30 4c 8b 04
0x00007ffb6f0ea7f2:   c8 4d 85 c0 75 07 4c 8b 87 90 09 00 00 41 0f b7
0x00007ffb6f0ea802:   40 58 48 8b cb 66 39 45 58 48 0f 43 ce 48 8b f1
0x00007ffb6f0ea812:   4c 3b fb 0f 85 35 ff ff ff 49 3b cf 0f 84 9f 00
0x00007ffb6f0ea822:   00 00 e8 57 63 0d 00 48 85 c0 0f 84 91 00 00 00
0x00007ffb6f0ea832:   8b 48 2c 83 e1 7f 80 f9 60 0f 85 82 00 00 00 48
0x00007ffb6f0ea842:   8b 40 08 48 3b 70 08 75 78 8b 46 2c 24 0f 3c 08
0x00007ffb6f0ea852:   75 6f 33 d2 48 8b ce e8 f2 4c 0c 00 48 85 c0 74 


Stack slot to memory mapping:
stack at sp + 0 slots: 0x0000000000000179 is an unknown value
stack at sp + 1 slots: 0x000000eff52faa50 is pointing into the stack for thread: 0x0000027946c99ea0
stack at sp + 2 slots: 0x0000000000000001 is an unknown value
stack at sp + 3 slots: 0x0000027946a779f8 points into unknown readable memory: 0x00007ffb6f423058 | 58 30 42 6f fb 7f 00 00
stack at sp + 4 slots: 0x0000000000000001 is an unknown value
stack at sp + 5 slots: 0x000000eff52fa740 is pointing into the stack for thread: 0x0000027946c99ea0
stack at sp + 6 slots: 0x0000027945b0b370 points into unknown readable memory: 0x00007ffb6f422eb0 | b0 2e 42 6f fb 7f 00 00
stack at sp + 7 slots: 0x00007ffb6f0ea484 jvm.dll


---------------  P R O C E S S  ---------------

Threads class SMR info:
_java_thread_list=0x000002794688c370, length=21, elements={
0x0000027944ef6de0, 0x0000027944ef9a70, 0x0000027944f0e130, 0x0000027944f0eae0,
0x0000027945904590, 0x000002794590e090, 0x000002794590e940, 0x0000027945923df0,
0x000002794592c2f0, 0x0000027945a4c430, 0x0000027945a57170, 0x0000027945c948f0,
0x0000027945c99890, 0x0000027945c9cb70, 0x0000027945cfd9b0, 0x00000279467aecd0,
0x00000279203224e0, 0x0000027946904620, 0x0000027946902470, 0x0000027946d5fe80,
0x0000027946c99ea0
}

Java Threads: ( => current thread )
  0x0000027944ef6de0 JavaThread "Reference Handler" daemon [_thread_blocked, id=18116, stack(0x000000eff3b00000,0x000000eff3c00000)]
  0x0000027944ef9a70 JavaThread "Finalizer" daemon [_thread_blocked, id=14912, stack(0x000000eff3c00000,0x000000eff3d00000)]
  0x0000027944f0e130 JavaThread "Signal Dispatcher" daemon [_thread_blocked, id=16576, stack(0x000000eff3d00000,0x000000eff3e00000)]
  0x0000027944f0eae0 JavaThread "Attach Listener" daemon [_thread_blocked, id=3716, stack(0x000000eff3e00000,0x000000eff3f00000)]
  0x0000027945904590 JavaThread "Service Thread" daemon [_thread_blocked, id=14108, stack(0x000000eff3f00000,0x000000eff4000000)]
  0x000002794590e090 JavaThread "Monitor Deflation Thread" daemon [_thread_blocked, id=9404, stack(0x000000eff4000000,0x000000eff4100000)]
  0x000002794590e940 JavaThread "C2 CompilerThread0" daemon [_thread_blocked, id=10716, stack(0x000000eff4100000,0x000000eff4200000)]
  0x0000027945923df0 JavaThread "C1 CompilerThread0" daemon [_thread_blocked, id=17856, stack(0x000000eff4200000,0x000000eff4300000)]
  0x000002794592c2f0 JavaThread "Sweeper thread" daemon [_thread_blocked, id=6128, stack(0x000000eff4300000,0x000000eff4400000)]
  0x0000027945a4c430 JavaThread "Notification Thread" daemon [_thread_blocked, id=9548, stack(0x000000eff4400000,0x000000eff4500000)]
  0x0000027945a57170 JavaThread "Common-Cleaner" daemon [_thread_blocked, id=6864, stack(0x000000eff4600000,0x000000eff4700000)]
  0x0000027945c948f0 JavaThread "Java2D Disposer" daemon [_thread_blocked, id=17032, stack(0x000000eff4700000,0x000000eff4800000)]
  0x0000027945c99890 JavaThread "AWT-Shutdown" [_thread_blocked, id=7884, stack(0x000000eff4800000,0x000000eff4900000)]
  0x0000027945c9cb70 JavaThread "AWT-Windows" daemon [_thread_in_native, id=11160, stack(0x000000eff4900000,0x000000eff4a00000)]
  0x0000027945cfd9b0 JavaThread "Thread-0" [_thread_in_Java, id=5128, stack(0x000000eff4a00000,0x000000eff4b00000)]
  0x00000279467aecd0 JavaThread "AWT-EventQueue-0" [_thread_in_Java, id=1508, stack(0x000000eff4c00000,0x000000eff4d00000)]
  0x00000279203224e0 JavaThread "DestroyJavaVM" [_thread_blocked, id=3536, stack(0x000000eff3400000,0x000000eff3500000)]
  0x0000027946904620 JavaThread "TimerQueue" daemon [_thread_blocked, id=12304, stack(0x000000eff5000000,0x000000eff5100000)]
  0x0000027946902470 JavaThread "Thread-1" [_thread_in_Java, id=17788, stack(0x000000eff4b00000,0x000000eff4c00000)]
  0x0000027946d5fe80 JavaThread "C2 CompilerThread1" daemon [_thread_in_native, id=14236, stack(0x000000eff5100000,0x000000eff5200000)]
=>0x0000027946c99ea0 JavaThread "C2 CompilerThread2" daemon [_thread_in_native, id=10368, stack(0x000000eff5200000,0x000000eff5300000)]

Other Threads:
  0x0000027944ef3280 VMThread "VM Thread" [stack: 0x000000eff3a00000,0x000000eff3b00000] [id=18416]
  0x0000027945a56d40 WatcherThread [stack: 0x000000eff4500000,0x000000eff4600000] [id=10316]
  0x0000027920372bf0 GCTaskThread "GC Thread#0" [stack: 0x000000eff3500000,0x000000eff3600000] [id=4684]
  0x00000279468a2290 GCTaskThread "GC Thread#1" [stack: 0x000000eff5300000,0x000000eff5400000] [id=16348]
  0x0000027920330280 GCTaskThread "GC Thread#2" [stack: 0x000000eff5400000,0x000000eff5500000] [id=13836]
  0x0000027946c9abd0 GCTaskThread "GC Thread#3" [stack: 0x000000eff5500000,0x000000eff5600000] [id=17952]
  0x0000027946b07ce0 GCTaskThread "GC Thread#4" [stack: 0x000000eff5600000,0x000000eff5700000] [id=5824]
  0x0000027946b08fc0 GCTaskThread "GC Thread#5" [stack: 0x000000eff5700000,0x000000eff5800000] [id=4540]
  0x0000027946b09270 GCTaskThread "GC Thread#6" [stack: 0x000000eff5800000,0x000000eff5900000] [id=5648]
  0x0000027946b09520 GCTaskThread "GC Thread#7" [stack: 0x000000eff5900000,0x000000eff5a00000] [id=15300]
  0x00000279203c2010 ConcurrentGCThread "G1 Main Marker" [stack: 0x000000eff3600000,0x000000eff3700000] [id=7488]
  0x00000279203c2a20 ConcurrentGCThread "G1 Conc#0" [stack: 0x000000eff3700000,0x000000eff3800000] [id=9908]
  0x00000279203fe610 ConcurrentGCThread "G1 Refine#0" [stack: 0x000000eff3800000,0x000000eff3900000] [id=9564]
  0x0000027944daf2b0 ConcurrentGCThread "G1 Service" [stack: 0x000000eff3900000,0x000000eff3a00000] [id=13776]

Threads with active compile tasks:
C2 CompilerThread1     6172 1320 % !   4       animals.Animal::run @ 3 (130 bytes)
C2 CompilerThread2     6173 1278       4       graphics.ZooPanel::manageZoo (280 bytes)

VM state: not at safepoint (normal execution)

VM Mutex/Monitor currently owned by a thread: None

Heap address: 0x0000000703600000, size: 4042 MB, Compressed Oops mode: Zero based, Oop shift amount: 3

CDS archive(s) mapped at: [0x0000000800000000-0x0000000800bc0000-0x0000000800bc0000), size 12320768, SharedBaseAddress: 0x0000000800000000, ArchiveRelocationMode: 0.
Compressed class space mapped at: 0x0000000800c00000-0x0000000840c00000, reserved size: 1073741824
Narrow klass base: 0x0000000800000000, Narrow klass shift: 0, Narrow klass range: 0x100000000

GC Precious Log:
 CPUs: 8 total, 8 available
 Memory: 16161M
 Large Page Support: Disabled
 NUMA Support: Disabled
 Compressed Oops: Enabled (Zero based)
 Heap Region Size: 2M
 Heap Min Capacity: 8M
 Heap Initial Capacity: 254M
 Heap Max Capacity: 4042M
 Pre-touch: Disabled
 Parallel Workers: 8
 Concurrent Workers: 2
 Concurrent Refinement Workers: 8
 Periodic GC: Disabled

Heap:
 garbage-first heap   total 260096K, used 40158K [0x0000000703600000, 0x0000000800000000)
  region size 2048K, 16 young (32768K), 2 survivors (4096K)
 Metaspace       used 10547K, committed 10752K, reserved 1064960K
  class space    used 1242K, committed 1344K, reserved 1048576K

Heap Regions: E=young(eden), S=young(survivor), O=old, HS=humongous(starts), HC=humongous(continues), CS=collection set, F=free, OA=open archive, CA=closed archive, TAMS=top-at-mark-start (previous, next)
|   0|0x0000000703600000, 0x0000000703800000, 0x0000000703800000|100%|HS|  |TAMS 0x0000000703600000, 0x0000000703600000| Complete 
|   1|0x0000000703800000, 0x0000000703a00000, 0x0000000703a00000|100%|HC|  |TAMS 0x0000000703800000, 0x0000000703800000| Complete 
|   2|0x0000000703a00000, 0x0000000703c00000, 0x0000000703c00000|100%|HC|  |TAMS 0x0000000703a00000, 0x0000000703a00000| Complete 
|   3|0x0000000703c00000, 0x0000000703e00000, 0x0000000703e00000|100%|HS|  |TAMS 0x0000000703c00000, 0x0000000703c00000| Complete 
|   4|0x0000000703e00000, 0x0000000704000000, 0x0000000704000000|100%|HC|  |TAMS 0x0000000703e00000, 0x0000000703e00000| Complete 
|   5|0x0000000704000000, 0x0000000704000000, 0x0000000704200000|  0%| F|  |TAMS 0x0000000704000000, 0x0000000704000000| Untracked 
|   6|0x0000000704200000, 0x0000000704200000, 0x0000000704400000|  0%| F|  |TAMS 0x0000000704200000, 0x0000000704200000| Untracked 
|   7|0x0000000704400000, 0x0000000704400000, 0x0000000704600000|  0%| F|  |TAMS 0x0000000704400000, 0x0000000704400000| Untracked 
|   8|0x0000000704600000, 0x0000000704600000, 0x0000000704800000|  0%| F|  |TAMS 0x0000000704600000, 0x0000000704600000| Untracked 
|   9|0x0000000704800000, 0x0000000704800000, 0x0000000704a00000|  0%| F|  |TAMS 0x0000000704800000, 0x0000000704800000| Untracked 
|  10|0x0000000704a00000, 0x0000000704a00000, 0x0000000704c00000|  0%| F|  |TAMS 0x0000000704a00000, 0x0000000704a00000| Untracked 
|  11|0x0000000704c00000, 0x0000000704c00000, 0x0000000704e00000|  0%| F|  |TAMS 0x0000000704c00000, 0x0000000704c00000| Untracked 
|  12|0x0000000704e00000, 0x0000000704e00000, 0x0000000705000000|  0%| F|  |TAMS 0x0000000704e00000, 0x0000000704e00000| Untracked 
|  13|0x0000000705000000, 0x0000000705000000, 0x0000000705200000|  0%| F|  |TAMS 0x0000000705000000, 0x0000000705000000| Untracked 
|  14|0x0000000705200000, 0x0000000705200000, 0x0000000705400000|  0%| F|  |TAMS 0x0000000705200000, 0x0000000705200000| Untracked 
|  15|0x0000000705400000, 0x0000000705400000, 0x0000000705600000|  0%| F|  |TAMS 0x0000000705400000, 0x0000000705400000| Untracked 
|  16|0x0000000705600000, 0x0000000705600000, 0x0000000705800000|  0%| F|  |TAMS 0x0000000705600000, 0x0000000705600000| Untracked 
|  17|0x0000000705800000, 0x0000000705800000, 0x0000000705a00000|  0%| F|  |TAMS 0x0000000705800000, 0x0000000705800000| Untracked 
|  18|0x0000000705a00000, 0x0000000705a00000, 0x0000000705c00000|  0%| F|  |TAMS 0x0000000705a00000, 0x0000000705a00000| Untracked 
|  19|0x0000000705c00000, 0x0000000705c00000, 0x0000000705e00000|  0%| F|  |TAMS 0x0000000705c00000, 0x0000000705c00000| Untracked 
|  20|0x0000000705e00000, 0x0000000705e00000, 0x0000000706000000|  0%| F|  |TAMS 0x0000000705e00000, 0x0000000705e00000| Untracked 
|  21|0x0000000706000000, 0x0000000706000000, 0x0000000706200000|  0%| F|  |TAMS 0x0000000706000000, 0x0000000706000000| Untracked 
|  22|0x0000000706200000, 0x0000000706200000, 0x0000000706400000|  0%| F|  |TAMS 0x0000000706200000, 0x0000000706200000| Untracked 
|  23|0x0000000706400000, 0x0000000706400000, 0x0000000706600000|  0%| F|  |TAMS 0x0000000706400000, 0x0000000706400000| Untracked 
|  24|0x0000000706600000, 0x0000000706600000, 0x0000000706800000|  0%| F|  |TAMS 0x0000000706600000, 0x0000000706600000| Untracked 
|  25|0x0000000706800000, 0x0000000706800000, 0x0000000706a00000|  0%| F|  |TAMS 0x0000000706800000, 0x0000000706800000| Untracked 
|  26|0x0000000706a00000, 0x0000000706a00000, 0x0000000706c00000|  0%| F|  |TAMS 0x0000000706a00000, 0x0000000706a00000| Untracked 
|  27|0x0000000706c00000, 0x0000000706c00000, 0x0000000706e00000|  0%| F|  |TAMS 0x0000000706c00000, 0x0000000706c00000| Untracked 
|  28|0x0000000706e00000, 0x0000000706e00000, 0x0000000707000000|  0%| F|  |TAMS 0x0000000706e00000, 0x0000000706e00000| Untracked 
|  29|0x0000000707000000, 0x0000000707000000, 0x0000000707200000|  0%| F|  |TAMS 0x0000000707000000, 0x0000000707000000| Untracked 
|  30|0x0000000707200000, 0x0000000707200000, 0x0000000707400000|  0%| F|  |TAMS 0x0000000707200000, 0x0000000707200000| Untracked 
|  31|0x0000000707400000, 0x0000000707400000, 0x0000000707600000|  0%| F|  |TAMS 0x0000000707400000, 0x0000000707400000| Untracked 
|  32|0x0000000707600000, 0x0000000707600000, 0x0000000707800000|  0%| F|  |TAMS 0x0000000707600000, 0x0000000707600000| Untracked 
|  33|0x0000000707800000, 0x0000000707800000, 0x0000000707a00000|  0%| F|  |TAMS 0x0000000707800000, 0x0000000707800000| Untracked 
|  34|0x0000000707a00000, 0x0000000707a00000, 0x0000000707c00000|  0%| F|  |TAMS 0x0000000707a00000, 0x0000000707a00000| Untracked 
|  35|0x0000000707c00000, 0x0000000707c00000, 0x0000000707e00000|  0%| F|  |TAMS 0x0000000707c00000, 0x0000000707c00000| Untracked 
|  36|0x0000000707e00000, 0x0000000707e00000, 0x0000000708000000|  0%| F|  |TAMS 0x0000000707e00000, 0x0000000707e00000| Untracked 
|  37|0x0000000708000000, 0x0000000708000000, 0x0000000708200000|  0%| F|  |TAMS 0x0000000708000000, 0x0000000708000000| Untracked 
|  38|0x0000000708200000, 0x0000000708200000, 0x0000000708400000|  0%| F|  |TAMS 0x0000000708200000, 0x0000000708200000| Untracked 
|  39|0x0000000708400000, 0x0000000708400000, 0x0000000708600000|  0%| F|  |TAMS 0x0000000708400000, 0x0000000708400000| Untracked 
|  40|0x0000000708600000, 0x0000000708600000, 0x0000000708800000|  0%| F|  |TAMS 0x0000000708600000, 0x0000000708600000| Untracked 
|  41|0x0000000708800000, 0x0000000708800000, 0x0000000708a00000|  0%| F|  |TAMS 0x0000000708800000, 0x0000000708800000| Untracked 
|  42|0x0000000708a00000, 0x0000000708a00000, 0x0000000708c00000|  0%| F|  |TAMS 0x0000000708a00000, 0x0000000708a00000| Untracked 
|  43|0x0000000708c00000, 0x0000000708c00000, 0x0000000708e00000|  0%| F|  |TAMS 0x0000000708c00000, 0x0000000708c00000| Untracked 
|  44|0x0000000708e00000, 0x0000000708e00000, 0x0000000709000000|  0%| F|  |TAMS 0x0000000708e00000, 0x0000000708e00000| Untracked 
|  45|0x0000000709000000, 0x0000000709000000, 0x0000000709200000|  0%| F|  |TAMS 0x0000000709000000, 0x0000000709000000| Untracked 
|  46|0x0000000709200000, 0x0000000709200000, 0x0000000709400000|  0%| F|  |TAMS 0x0000000709200000, 0x0000000709200000| Untracked 
|  47|0x0000000709400000, 0x0000000709400000, 0x0000000709600000|  0%| F|  |TAMS 0x0000000709400000, 0x0000000709400000| Untracked 
|  48|0x0000000709600000, 0x0000000709600000, 0x0000000709800000|  0%| F|  |TAMS 0x0000000709600000, 0x0000000709600000| Untracked 
|  49|0x0000000709800000, 0x0000000709800000, 0x0000000709a00000|  0%| F|  |TAMS 0x0000000709800000, 0x0000000709800000| Untracked 
|  50|0x0000000709a00000, 0x0000000709a00000, 0x0000000709c00000|  0%| F|  |TAMS 0x0000000709a00000, 0x0000000709a00000| Untracked 
|  51|0x0000000709c00000, 0x0000000709c00000, 0x0000000709e00000|  0%| F|  |TAMS 0x0000000709c00000, 0x0000000709c00000| Untracked 
|  52|0x0000000709e00000, 0x0000000709e00000, 0x000000070a000000|  0%| F|  |TAMS 0x0000000709e00000, 0x0000000709e00000| Untracked 
|  53|0x000000070a000000, 0x000000070a000000, 0x000000070a200000|  0%| F|  |TAMS 0x000000070a000000, 0x000000070a000000| Untracked 
|  54|0x000000070a200000, 0x000000070a200000, 0x000000070a400000|  0%| F|  |TAMS 0x000000070a200000, 0x000000070a200000| Untracked 
|  55|0x000000070a400000, 0x000000070a400000, 0x000000070a600000|  0%| F|  |TAMS 0x000000070a400000, 0x000000070a400000| Untracked 
|  56|0x000000070a600000, 0x000000070a600000, 0x000000070a800000|  0%| F|  |TAMS 0x000000070a600000, 0x000000070a600000| Untracked 
|  57|0x000000070a800000, 0x000000070a800000, 0x000000070aa00000|  0%| F|  |TAMS 0x000000070a800000, 0x000000070a800000| Untracked 
|  58|0x000000070aa00000, 0x000000070aa00000, 0x000000070ac00000|  0%| F|  |TAMS 0x000000070aa00000, 0x000000070aa00000| Untracked 
|  59|0x000000070ac00000, 0x000000070ac00000, 0x000000070ae00000|  0%| F|  |TAMS 0x000000070ac00000, 0x000000070ac00000| Untracked 
|  60|0x000000070ae00000, 0x000000070ae00000, 0x000000070b000000|  0%| F|  |TAMS 0x000000070ae00000, 0x000000070ae00000| Untracked 
|  61|0x000000070b000000, 0x000000070b000000, 0x000000070b200000|  0%| F|  |TAMS 0x000000070b000000, 0x000000070b000000| Untracked 
|  62|0x000000070b200000, 0x000000070b200000, 0x000000070b400000|  0%| F|  |TAMS 0x000000070b200000, 0x000000070b200000| Untracked 
|  63|0x000000070b400000, 0x000000070b400000, 0x000000070b600000|  0%| F|  |TAMS 0x000000070b400000, 0x000000070b400000| Untracked 
|  64|0x000000070b600000, 0x000000070b600000, 0x000000070b800000|  0%| F|  |TAMS 0x000000070b600000, 0x000000070b600000| Untracked 
|  65|0x000000070b800000, 0x000000070b800000, 0x000000070ba00000|  0%| F|  |TAMS 0x000000070b800000, 0x000000070b800000| Untracked 
|  66|0x000000070ba00000, 0x000000070ba00000, 0x000000070bc00000|  0%| F|  |TAMS 0x000000070ba00000, 0x000000070ba00000| Untracked 
|  67|0x000000070bc00000, 0x000000070bc00000, 0x000000070be00000|  0%| F|  |TAMS 0x000000070bc00000, 0x000000070bc00000| Untracked 
|  68|0x000000070be00000, 0x000000070be00000, 0x000000070c000000|  0%| F|  |TAMS 0x000000070be00000, 0x000000070be00000| Untracked 
|  69|0x000000070c000000, 0x000000070c000000, 0x000000070c200000|  0%| F|  |TAMS 0x000000070c000000, 0x000000070c000000| Untracked 
|  70|0x000000070c200000, 0x000000070c200000, 0x000000070c400000|  0%| F|  |TAMS 0x000000070c200000, 0x000000070c200000| Untracked 
|  71|0x000000070c400000, 0x000000070c400000, 0x000000070c600000|  0%| F|  |TAMS 0x000000070c400000, 0x000000070c400000| Untracked 
|  72|0x000000070c600000, 0x000000070c600000, 0x000000070c800000|  0%| F|  |TAMS 0x000000070c600000, 0x000000070c600000| Untracked 
|  73|0x000000070c800000, 0x000000070c800000, 0x000000070ca00000|  0%| F|  |TAMS 0x000000070c800000, 0x000000070c800000| Untracked 
|  74|0x000000070ca00000, 0x000000070ca00000, 0x000000070cc00000|  0%| F|  |TAMS 0x000000070ca00000, 0x000000070ca00000| Untracked 
|  75|0x000000070cc00000, 0x000000070cc00000, 0x000000070ce00000|  0%| F|  |TAMS 0x000000070cc00000, 0x000000070cc00000| Untracked 
|  76|0x000000070ce00000, 0x000000070ce00000, 0x000000070d000000|  0%| F|  |TAMS 0x000000070ce00000, 0x000000070ce00000| Untracked 
|  77|0x000000070d000000, 0x000000070d000000, 0x000000070d200000|  0%| F|  |TAMS 0x000000070d000000, 0x000000070d000000| Untracked 
|  78|0x000000070d200000, 0x000000070d200000, 0x000000070d400000|  0%| F|  |TAMS 0x000000070d200000, 0x000000070d200000| Untracked 
|  79|0x000000070d400000, 0x000000070d400000, 0x000000070d600000|  0%| F|  |TAMS 0x000000070d400000, 0x000000070d400000| Untracked 
|  80|0x000000070d600000, 0x000000070d600000, 0x000000070d800000|  0%| F|  |TAMS 0x000000070d600000, 0x000000070d600000| Untracked 
|  81|0x000000070d800000, 0x000000070d800000, 0x000000070da00000|  0%| F|  |TAMS 0x000000070d800000, 0x000000070d800000| Untracked 
|  82|0x000000070da00000, 0x000000070da00000, 0x000000070dc00000|  0%| F|  |TAMS 0x000000070da00000, 0x000000070da00000| Untracked 
|  83|0x000000070dc00000, 0x000000070dc00000, 0x000000070de00000|  0%| F|  |TAMS 0x000000070dc00000, 0x000000070dc00000| Untracked 
|  84|0x000000070de00000, 0x000000070de00000, 0x000000070e000000|  0%| F|  |TAMS 0x000000070de00000, 0x000000070de00000| Untracked 
|  85|0x000000070e000000, 0x000000070e000000, 0x000000070e200000|  0%| F|  |TAMS 0x000000070e000000, 0x000000070e000000| Untracked 
|  86|0x000000070e200000, 0x000000070e200000, 0x000000070e400000|  0%| F|  |TAMS 0x000000070e200000, 0x000000070e200000| Untracked 
|  87|0x000000070e400000, 0x000000070e400000, 0x000000070e600000|  0%| F|  |TAMS 0x000000070e400000, 0x000000070e400000| Untracked 
|  88|0x000000070e600000, 0x000000070e600000, 0x000000070e800000|  0%| F|  |TAMS 0x000000070e600000, 0x000000070e600000| Untracked 
|  89|0x000000070e800000, 0x000000070e800000, 0x000000070ea00000|  0%| F|  |TAMS 0x000000070e800000, 0x000000070e800000| Untracked 
|  90|0x000000070ea00000, 0x000000070ea00000, 0x000000070ec00000|  0%| F|  |TAMS 0x000000070ea00000, 0x000000070ea00000| Untracked 
|  91|0x000000070ec00000, 0x000000070ec00000, 0x000000070ee00000|  0%| F|  |TAMS 0x000000070ec00000, 0x000000070ec00000| Untracked 
|  92|0x000000070ee00000, 0x000000070ee00000, 0x000000070f000000|  0%| F|  |TAMS 0x000000070ee00000, 0x000000070ee00000| Untracked 
|  93|0x000000070f000000, 0x000000070f000000, 0x000000070f200000|  0%| F|  |TAMS 0x000000070f000000, 0x000000070f000000| Untracked 
|  94|0x000000070f200000, 0x000000070f200000, 0x000000070f400000|  0%| F|  |TAMS 0x000000070f200000, 0x000000070f200000| Untracked 
|  95|0x000000070f400000, 0x000000070f400000, 0x000000070f600000|  0%| F|  |TAMS 0x000000070f400000, 0x000000070f400000| Untracked 
|  96|0x000000070f600000, 0x000000070f600000, 0x000000070f800000|  0%| F|  |TAMS 0x000000070f600000, 0x000000070f600000| Untracked 
|  97|0x000000070f800000, 0x000000070f800000, 0x000000070fa00000|  0%| F|  |TAMS 0x000000070f800000, 0x000000070f800000| Untracked 
|  98|0x000000070fa00000, 0x000000070fa00000, 0x000000070fc00000|  0%| F|  |TAMS 0x000000070fa00000, 0x000000070fa00000| Untracked 
|  99|0x000000070fc00000, 0x000000070fc00000, 0x000000070fe00000|  0%| F|  |TAMS 0x000000070fc00000, 0x000000070fc00000| Untracked 
| 100|0x000000070fe00000, 0x000000070fe00000, 0x0000000710000000|  0%| F|  |TAMS 0x000000070fe00000, 0x000000070fe00000| Untracked 
| 101|0x0000000710000000, 0x0000000710000000, 0x0000000710200000|  0%| F|  |TAMS 0x0000000710000000, 0x0000000710000000| Untracked 
| 102|0x0000000710200000, 0x0000000710200000, 0x0000000710400000|  0%| F|  |TAMS 0x0000000710200000, 0x0000000710200000| Untracked 
| 103|0x0000000710400000, 0x0000000710400000, 0x0000000710600000|  0%| F|  |TAMS 0x0000000710400000, 0x0000000710400000| Untracked 
| 104|0x0000000710600000, 0x0000000710600000, 0x0000000710800000|  0%| F|  |TAMS 0x0000000710600000, 0x0000000710600000| Untracked 
| 105|0x0000000710800000, 0x0000000710800000, 0x0000000710a00000|  0%| F|  |TAMS 0x0000000710800000, 0x0000000710800000| Untracked 
| 106|0x0000000710a00000, 0x0000000710a00000, 0x0000000710c00000|  0%| F|  |TAMS 0x0000000710a00000, 0x0000000710a00000| Untracked 
| 107|0x0000000710c00000, 0x0000000710c00000, 0x0000000710e00000|  0%| F|  |TAMS 0x0000000710c00000, 0x0000000710c00000| Untracked 
| 108|0x0000000710e00000, 0x0000000710e00000, 0x0000000711000000|  0%| F|  |TAMS 0x0000000710e00000, 0x0000000710e00000| Untracked 
| 109|0x0000000711000000, 0x0000000711000000, 0x0000000711200000|  0%| F|  |TAMS 0x0000000711000000, 0x0000000711000000| Untracked 
| 110|0x0000000711200000, 0x0000000711200000, 0x0000000711400000|  0%| F|  |TAMS 0x0000000711200000, 0x0000000711200000| Untracked 
| 111|0x0000000711400000, 0x000000071158daf8, 0x0000000711600000| 77%| E|  |TAMS 0x0000000711400000, 0x0000000711400000| Complete 
| 112|0x0000000711600000, 0x0000000711800000, 0x0000000711800000|100%| E|CS|TAMS 0x0000000711600000, 0x0000000711600000| Complete 
| 113|0x0000000711800000, 0x0000000711937bf0, 0x0000000711a00000| 60%| S|CS|TAMS 0x0000000711800000, 0x0000000711800000| Complete 
| 114|0x0000000711a00000, 0x0000000711c00000, 0x0000000711c00000|100%| S|CS|TAMS 0x0000000711a00000, 0x0000000711a00000| Complete 
| 115|0x0000000711c00000, 0x0000000711e00000, 0x0000000711e00000|100%| E|CS|TAMS 0x0000000711c00000, 0x0000000711c00000| Complete 
| 116|0x0000000711e00000, 0x0000000712000000, 0x0000000712000000|100%| E|CS|TAMS 0x0000000711e00000, 0x0000000711e00000| Complete 
| 117|0x0000000712000000, 0x0000000712200000, 0x0000000712200000|100%| E|CS|TAMS 0x0000000712000000, 0x0000000712000000| Complete 
| 118|0x0000000712200000, 0x0000000712400000, 0x0000000712400000|100%| E|CS|TAMS 0x0000000712200000, 0x0000000712200000| Complete 
| 119|0x0000000712400000, 0x0000000712600000, 0x0000000712600000|100%| E|CS|TAMS 0x0000000712400000, 0x0000000712400000| Complete 
| 120|0x0000000712600000, 0x0000000712800000, 0x0000000712800000|100%| E|CS|TAMS 0x0000000712600000, 0x0000000712600000| Complete 
| 121|0x0000000712800000, 0x0000000712a00000, 0x0000000712a00000|100%| E|CS|TAMS 0x0000000712800000, 0x0000000712800000| Complete 
| 122|0x0000000712a00000, 0x0000000712c00000, 0x0000000712c00000|100%| E|CS|TAMS 0x0000000712a00000, 0x0000000712a00000| Complete 
| 123|0x0000000712c00000, 0x0000000712e00000, 0x0000000712e00000|100%| E|CS|TAMS 0x0000000712c00000, 0x0000000712c00000| Complete 
| 124|0x0000000712e00000, 0x0000000713000000, 0x0000000713000000|100%| E|CS|TAMS 0x0000000712e00000, 0x0000000712e00000| Complete 
| 125|0x0000000713000000, 0x0000000713200000, 0x0000000713200000|100%| E|CS|TAMS 0x0000000713000000, 0x0000000713000000| Complete 
| 126|0x0000000713200000, 0x0000000713400000, 0x0000000713400000|100%| E|CS|TAMS 0x0000000713200000, 0x0000000713200000| Complete 

Card table byte_map: [0x00000279395c0000,0x0000027939db0000] _byte_map_base: 0x0000027935da5000

Marking Bits (Prev, Next): (CMBitMap*) 0x0000027920373200, (CMBitMap*) 0x0000027920373240
 Prev Bits: [0x000002793a5a0000, 0x000002793e4c8000)
 Next Bits: [0x000002793e4d0000, 0x00000279423f8000)

Polling page: 0x0000027920400000

Metaspace:

Usage:
  Non-class:      9.09 MB used.
      Class:      1.21 MB used.
       Both:     10.30 MB used.

Virtual space:
  Non-class space:       16.00 MB reserved,       9.19 MB ( 57%) committed,  2 nodes.
      Class space:        1.00 GB reserved,       1.31 MB ( <1%) committed,  1 nodes.
             Both:        1.02 GB reserved,      10.50 MB (  1%) committed. 

Chunk freelists:
   Non-Class:  2.47 MB
       Class:  2.73 MB
        Both:  5.20 MB

MaxMetaspaceSize: unlimited
CompressedClassSpaceSize: 1.00 GB
Initial GC threshold: 21.00 MB
Current GC threshold: 21.00 MB
CDS: on
MetaspaceReclaimPolicy: balanced
 - commit_granule_bytes: 65536.
 - commit_granule_words: 8192.
 - virtual_space_node_default_size: 1048576.
 - enlarge_chunks_in_place: 1.
 - new_chunks_are_fully_committed: 0.
 - uncommit_free_chunks: 1.
 - use_allocation_guard: 0.
 - handle_deallocations: 1.


Internal statistics:

num_allocs_failed_limit: 0.
num_arena_births: 118.
num_arena_deaths: 0.
num_vsnodes_births: 3.
num_vsnodes_deaths: 0.
num_space_committed: 168.
num_space_uncommitted: 0.
num_chunks_returned_to_freelist: 0.
num_chunks_taken_from_freelist: 178.
num_chunk_merges: 0.
num_chunk_splits: 100.
num_chunks_enlarged: 36.
num_purges: 0.
num_inconsistent_stats: 0.

CodeHeap 'non-profiled nmethods': size=120000Kb used=372Kb max_used=372Kb free=119627Kb
 bounds [0x0000027930e40000, 0x00000279310b0000, 0x0000027938370000]
CodeHeap 'profiled nmethods': size=120000Kb used=2256Kb max_used=2256Kb free=117743Kb
 bounds [0x0000027929910000, 0x0000027929b80000, 0x0000027930e40000]
CodeHeap 'non-nmethods': size=5760Kb used=1287Kb max_used=1305Kb free=4472Kb
 bounds [0x0000027929370000, 0x00000279295e0000, 0x0000027929910000]
 total_blobs=1942 nmethods=1337 adapters=518
 compilation: enabled
              stopped_count=0, restarted_count=0
 full_count=0

Compilation events (20 events):
Event: 6.004 Thread 0x0000027945923df0 1307 % !   3       animals.Animal::run @ 3 (130 bytes)
Event: 6.005 Thread 0x0000027946d5fe80 nmethod 1236% 0x0000027930e96b10 code [0x0000027930e96ca0, 0x0000027930e974b8]
Event: 6.005 Thread 0x0000027946d5fe80 1287       4       javax.swing.SwingUtilities::computeUnion (149 bytes)
Event: 6.005 Thread 0x0000027945923df0 nmethod 1307% 0x0000027929b35590 code [0x0000027929b357a0, 0x0000027929b35ec8]
Event: 6.005 Thread 0x0000027945923df0 1308   !   3       animals.Animal::run (130 bytes)
Event: 6.005 Thread 0x0000027945923df0 nmethod 1308 0x0000027929b36190 code [0x0000027929b36380, 0x0000027929b36a48]
Event: 6.006 Thread 0x0000027946d5fe80 nmethod 1287 0x0000027930e97610 code [0x0000027930e97780, 0x0000027930e978b8]
Event: 6.006 Thread 0x0000027946d5fe80 1268       4       java.util.ArrayList::get (15 bytes)
Event: 6.007 Thread 0x0000027945923df0 1309       3       java.awt.Component::getGraphics (124 bytes)
Event: 6.008 Thread 0x000002794590e940 nmethod 1283 0x0000027930e97a10 code [0x0000027930e97bc0, 0x0000027930e982c8]
Event: 6.008 Thread 0x0000027946d5fe80 nmethod 1268 0x0000027930e98690 code [0x0000027930e98800, 0x0000027930e988f8]
Event: 6.008 Thread 0x0000027945923df0 nmethod 1309 0x0000027929b36c90 code [0x0000027929b36f00, 0x0000027929b37ac8]
Event: 6.008 Thread 0x000002794590e940 1269       4       sun.awt.SunToolkit::getAppContext (42 bytes)
Event: 6.008 Thread 0x0000027945923df0 1310       3       sun.java2d.pipe.ValidatePipe::fillRect (25 bytes)
Event: 6.008 Thread 0x0000027946d5fe80 1281       4       javax.swing.RepaintManager::addDirtyRegion (37 bytes)
Event: 6.009 Thread 0x0000027945923df0 nmethod 1310 0x0000027929b37d90 code [0x0000027929b37f80, 0x0000027929b38488]
Event: 6.009 Thread 0x000002794590e940 nmethod 1269 0x0000027930e98a10 code [0x0000027930e98ba0, 0x0000027930e98c78]
Event: 6.010 Thread 0x000002794590e940 1282       4       javax.swing.JComponent::repaint (19 bytes)
Event: 6.014 Thread 0x0000027946d5fe80 nmethod 1281 0x0000027930e98d90 code [0x0000027930e98f40, 0x0000027930e99398]
Event: 6.015 Thread 0x0000027946d5fe80 1275       4       java.awt.Component::repaint (16 bytes)

GC Heap History (0 events):
No events

Deoptimization events (20 events):
Event: 5.941 Thread 0x00000279467aecd0 DEOPT PACKING pc=0x0000027929b13ddb sp=0x000000eff4cfc960
Event: 5.941 Thread 0x00000279467aecd0 DEOPT UNPACKING pc=0x00000279293c6763 sp=0x000000eff4cfbe20 mode 0
Event: 5.941 Thread 0x00000279467aecd0 DEOPT PACKING pc=0x0000027929b13ddb sp=0x000000eff4cfc960
Event: 5.941 Thread 0x00000279467aecd0 DEOPT UNPACKING pc=0x00000279293c6763 sp=0x000000eff4cfbe20 mode 0
Event: 5.941 Thread 0x00000279467aecd0 DEOPT PACKING pc=0x0000027929b13ddb sp=0x000000eff4cfc960
Event: 5.941 Thread 0x00000279467aecd0 DEOPT UNPACKING pc=0x00000279293c6763 sp=0x000000eff4cfbe20 mode 0
Event: 5.942 Thread 0x00000279467aecd0 DEOPT PACKING pc=0x0000027929b13ddb sp=0x000000eff4cfc960
Event: 5.942 Thread 0x00000279467aecd0 DEOPT UNPACKING pc=0x00000279293c6763 sp=0x000000eff4cfbe20 mode 0
Event: 5.942 Thread 0x00000279467aecd0 DEOPT PACKING pc=0x0000027929b120b8 sp=0x000000eff4cfc760
Event: 5.942 Thread 0x00000279467aecd0 DEOPT UNPACKING pc=0x00000279293c6763 sp=0x000000eff4cfbc38 mode 0
Event: 5.942 Thread 0x00000279467aecd0 DEOPT PACKING pc=0x0000027929b13ddb sp=0x000000eff4cfc960
Event: 5.942 Thread 0x00000279467aecd0 DEOPT UNPACKING pc=0x00000279293c6763 sp=0x000000eff4cfbe20 mode 0
Event: 5.942 Thread 0x0000027946902470 Uncommon trap: trap_request=0xffffff45 fr.pc=0x0000027930e61df8 relative=0x0000000000000078
Event: 5.942 Thread 0x0000027946902470 Uncommon trap: reason=unstable_if action=reinterpret pc=0x0000027930e61df8 method=graphics.ZooPanel.isChange()Z @ 36 c2
Event: 5.942 Thread 0x0000027946902470 DEOPT PACKING pc=0x0000027930e61df8 sp=0x000000eff4bff590
Event: 5.942 Thread 0x0000027946902470 DEOPT UNPACKING pc=0x00000279293c5c23 sp=0x000000eff4bff4a0 mode 2
Event: 5.942 Thread 0x0000027946902470 Uncommon trap: trap_request=0xffffff45 fr.pc=0x0000027930e61af8 relative=0x0000000000000078
Event: 5.942 Thread 0x0000027946902470 Uncommon trap: reason=unstable_if action=reinterpret pc=0x0000027930e61af8 method=graphics.ZooPanel.isChange()Z @ 36 c2
Event: 5.942 Thread 0x0000027946902470 DEOPT PACKING pc=0x0000027930e61af8 sp=0x000000eff4bff510
Event: 5.942 Thread 0x0000027946902470 DEOPT UNPACKING pc=0x00000279293c5c23 sp=0x000000eff4bff4a0 mode 2

Classes unloaded (0 events):
No events

Classes redefined (0 events):
No events

Internal exceptions (20 events):
Event: 0.275 Thread 0x00000279203224e0 Exception <a 'java/lang/NoSuchMethodError'{0x00000007130c3498}: 'void java.lang.invoke.DirectMethodHandle$Holder.invokeSpecial(java.lang.Object, java.lang.Object, java.lang.Object)'> (0x00000007130c3498) 
thrown [t:\workspace\open\src\hotspot\share\interpreter\linkResolver.cpp, line 766]
Event: 0.282 Thread 0x00000279203224e0 Exception <a 'java/lang/NoSuchMethodError'{0x000000071315e2b8}: 'java.lang.Object java.lang.invoke.DirectMethodHandle$Holder.newInvokeSpecial(java.lang.Object, java.lang.Object, java.lang.Object, java.lang.Object, java.lang.Object)'> (0x000000071315e2b8) 
thrown [t:\workspace\open\src\hotspot\share\interpreter\linkResolver.cpp, line 766]
Event: 0.283 Thread 0x00000279203224e0 Exception <a 'java/lang/NoSuchMethodError'{0x0000000713169c80}: 'java.lang.Object java.lang.invoke.DirectMethodHandle$Holder.invokeStatic(java.lang.Object, int, java.lang.Object, java.lang.Object, java.lang.Object, java.lang.Object)'> (0x0000000713169c80) 
thrown [t:\workspace\open\src\hotspot\share\interpreter\linkResolver.cpp, line 766]
Event: 0.286 Thread 0x00000279203224e0 Exception <a 'java/lang/NoSuchMethodError'{0x000000071318f440}: 'java.lang.Object java.lang.invoke.DirectMethodHandle$Holder.invokeStatic(java.lang.Object, int, java.lang.Object)'> (0x000000071318f440) 
thrown [t:\workspace\open\src\hotspot\share\interpreter\linkResolver.cpp, line 766]
Event: 0.319 Thread 0x00000279203224e0 Exception <a 'java/lang/ClassNotFoundException'{0x0000000712e474b8}: com/sun/swing/internal/plaf/metal/resources/spi/metalProvider> (0x0000000712e474b8) 
thrown [t:\workspace\open\src\hotspot\share\classfile\systemDictionary.cpp, line 256]
Event: 0.320 Thread 0x00000279203224e0 Exception <a 'java/lang/ClassNotFoundException'{0x0000000712e4b340}: com/sun/swing/internal/plaf/basic/resources/spi/basicProvider> (0x0000000712e4b340) 
thrown [t:\workspace\open\src\hotspot\share\classfile\systemDictionary.cpp, line 256]
Event: 0.405 Thread 0x00000279467747a0 Exception <a 'java/lang/NoSuchMethodError'{0x0000000712881360}: 'java.lang.Object java.lang.invoke.DirectMethodHandle$Holder.newInvokeSpecial(java.lang.Object, java.lang.Object, java.lang.Object, int, int, int, int, int)'> (0x0000000712881360) 
thrown [t:\workspace\open\src\hotspot\share\interpreter\linkResolver.cpp, line 766]
Event: 0.437 Thread 0x0000027945c9cb70 Exception <a 'java/lang/NoSuchMethodError'{0x00000007130f12c8}: 'void java.lang.invoke.DirectMethodHandle$Holder.invokeVirtual(java.lang.Object, java.lang.Object)'> (0x00000007130f12c8) 
thrown [t:\workspace\open\src\hotspot\share\interpreter\linkResolver.cpp, line 766]
Event: 0.458 Thread 0x00000279203224e0 Exception <a 'java/lang/NoSuchMethodError'{0x0000000712b250c0}: 'void java.lang.invoke.DirectMethodHandle$Holder.invokeStaticInit(java.lang.Object)'> (0x0000000712b250c0) 
thrown [t:\workspace\open\src\hotspot\share\interpreter\linkResolver.cpp, line 766]
Event: 0.611 Thread 0x00000279467aecd0 Exception <a 'java/lang/NullPointerException'{0x00000007129326a0}> (0x00000007129326a0) 
thrown [t:\workspace\open\src\hotspot\share\interpreter\linkResolver.cpp, line 1357]
Event: 1.789 Thread 0x00000279467aecd0 Exception <a 'java/lang/NoSuchMethodError'{0x00000007126d23e8}: 'int java.lang.invoke.DirectMethodHandle$Holder.invokeStatic(java.lang.Object)'> (0x00000007126d23e8) 
thrown [t:\workspace\open\src\hotspot\share\interpreter\linkResolver.cpp, line 766]
Event: 5.952 Thread 0x00000279467aecd0 Exception <a 'java/lang/NullPointerException'{0x00000007125e2c18}> (0x00000007125e2c18) 
thrown [t:\workspace\open\src\hotspot\share\interpreter\linkResolver.cpp, line 1357]
Event: 5.958 Thread 0x00000279467aecd0 Exception <a 'java/lang/NullPointerException'{0x00000007125f3178}> (0x00000007125f3178) 
thrown [t:\workspace\open\src\hotspot\share\interpreter\linkResolver.cpp, line 1357]
Event: 5.968 Thread 0x00000279467aecd0 Exception <a 'java/lang/NullPointerException'{0x00000007125f4880}> (0x00000007125f4880) 
thrown [t:\workspace\open\src\hotspot\share\interpreter\linkResolver.cpp, line 1357]
Event: 5.973 Thread 0x00000279467aecd0 Exception <a 'java/lang/NullPointerException'{0x00000007120e5520}> (0x00000007120e5520) 
thrown [t:\workspace\open\src\hotspot\share\interpreter\linkResolver.cpp, line 1357]
Event: 5.980 Thread 0x00000279467aecd0 Exception <a 'java/lang/NullPointerException'{0x00000007120e6498}> (0x00000007120e6498) 
thrown [t:\workspace\open\src\hotspot\share\interpreter\linkResolver.cpp, line 1357]
Event: 5.989 Thread 0x00000279467aecd0 Exception <a 'java/lang/NullPointerException'{0x00000007120e7410}> (0x00000007120e7410) 
thrown [t:\workspace\open\src\hotspot\share\interpreter\linkResolver.cpp, line 1357]
Event: 5.997 Thread 0x00000279467aecd0 Exception <a 'java/lang/NullPointerException'{0x00000007120e83d0}> (0x00000007120e83d0) 
thrown [t:\workspace\open\src\hotspot\share\interpreter\linkResolver.cpp, line 1357]
Event: 6.004 Thread 0x00000279467aecd0 Exception <a 'java/lang/NullPointerException'{0x00000007120e9928}> (0x00000007120e9928) 
thrown [t:\workspace\open\src\hotspot\share\interpreter\linkResolver.cpp, line 1357]
Event: 6.013 Thread 0x00000279467aecd0 Exception <a 'java/lang/NullPointerException'{0x00000007120f86e0}> (0x00000007120f86e0) 
thrown [t:\workspace\open\src\hotspot\share\interpreter\linkResolver.cpp, line 1357]

VM Operations (20 events):
Event: 0.505 Executing VM operation: HandshakeAllThreads done
Event: 0.569 Executing VM operation: HandshakeAllThreads
Event: 0.569 Executing VM operation: HandshakeAllThreads done
Event: 1.569 Executing VM operation: Cleanup
Event: 1.570 Executing VM operation: Cleanup done
Event: 1.718 Executing VM operation: HandshakeAllThreads
Event: 1.718 Executing VM operation: HandshakeAllThreads done
Event: 1.730 Executing VM operation: HandshakeAllThreads
Event: 1.730 Executing VM operation: HandshakeAllThreads done
Event: 1.733 Executing VM operation: HandshakeAllThreads
Event: 1.733 Executing VM operation: HandshakeAllThreads done
Event: 2.744 Executing VM operation: Cleanup
Event: 2.744 Executing VM operation: Cleanup done
Event: 3.756 Executing VM operation: Cleanup
Event: 3.756 Executing VM operation: Cleanup done
Event: 4.766 Executing VM operation: Cleanup
Event: 4.767 Executing VM operation: Cleanup done
Event: 5.775 Executing VM operation: Cleanup
Event: 5.775 Executing VM operation: Cleanup done
Event: 6.013 Executing VM operation: G1CollectForAllocation

Events (20 events):
Event: 5.916 loading class java/io/SequenceInputStream done
Event: 5.916 loading class com/sun/imageio/plugins/common/SubImageInputStream
Event: 5.916 loading class com/sun/imageio/plugins/common/SubImageInputStream done
Event: 5.916 loading class com/sun/imageio/plugins/common/InputStreamAdapter
Event: 5.916 loading class com/sun/imageio/plugins/common/InputStreamAdapter done
Event: 5.916 loading class javax/imageio/ImageTypeSpecifier$Packed
Event: 5.916 loading class javax/imageio/ImageTypeSpecifier$Packed done
Event: 5.917 loading class com/sun/imageio/plugins/common/ReaderUtil
Event: 5.917 loading class com/sun/imageio/plugins/common/ReaderUtil done
Event: 5.942 Thread 0x0000027946902470 Thread added: 0x0000027946902470
Event: 5.942 loading class java/awt/Window$1DisposeAction
Event: 5.942 loading class java/awt/Window$1DisposeAction done
Event: 5.943 loading class java/awt/KeyboardFocusManager$2
Event: 5.943 loading class java/awt/KeyboardFocusManager$2 done
Event: 5.943 loading class sun/awt/SunToolkit$1
Event: 5.943 loading class sun/awt/SunToolkit$1 done
Event: 5.949 Thread 0x0000027946d5fe80 Thread added: 0x0000027946d5fe80
Event: 5.952 loading class sun/awt/image/BufImgSurfaceManager
Event: 5.952 loading class sun/awt/image/BufImgSurfaceManager done
Event: 5.955 Thread 0x0000027946c99ea0 Thread added: 0x0000027946c99ea0


Dynamic libraries:
0x00007ff628bb0000 - 0x00007ff628bc0000 	C:\Program Files\Java\jdk-17.0.2\bin\javaw.exe
0x00007ffbcf3e0000 - 0x00007ffbcf5e9000 	C:\WINDOWS\SYSTEM32\ntdll.dll
0x00007ffb95400000 - 0x00007ffb95416000 	C:\Program Files\AVG\Antivirus\aswhook.dll
0x00007ffbce170000 - 0x00007ffbce22d000 	C:\WINDOWS\System32\KERNEL32.DLL
0x00007ffbccc90000 - 0x00007ffbcd004000 	C:\WINDOWS\System32\KERNELBASE.dll
0x00007ffbcd010000 - 0x00007ffbcd121000 	C:\WINDOWS\System32\ucrtbase.dll
0x00007ffbad620000 - 0x00007ffbad63a000 	C:\Program Files\Java\jdk-17.0.2\bin\VCRUNTIME140.dll
0x00007ffbc8ae0000 - 0x00007ffbc8af8000 	C:\Program Files\Java\jdk-17.0.2\bin\jli.dll
0x00007ffbcead0000 - 0x00007ffbceb7e000 	C:\WINDOWS\System32\ADVAPI32.dll
0x00007ffbce230000 - 0x00007ffbce2d3000 	C:\WINDOWS\System32\msvcrt.dll
0x00007ffbcee90000 - 0x00007ffbcef2e000 	C:\WINDOWS\System32\sechost.dll
0x00007ffbcf070000 - 0x00007ffbcf190000 	C:\WINDOWS\System32\RPCRT4.dll
0x00007ffbcd5b0000 - 0x00007ffbcd75c000 	C:\WINDOWS\System32\USER32.dll
0x00007ffbcd130000 - 0x00007ffbcd156000 	C:\WINDOWS\System32\win32u.dll
0x00007ffbcd820000 - 0x00007ffbcd849000 	C:\WINDOWS\System32\GDI32.dll
0x00007ffbb0a60000 - 0x00007ffbb0d05000 	C:\WINDOWS\WinSxS\amd64_microsoft.windows.common-controls_6595b64144ccf1df_6.0.22000.120_none_9d947278b86cc467\COMCTL32.dll
0x00007ffbcd160000 - 0x00007ffbcd272000 	C:\WINDOWS\System32\gdi32full.dll
0x00007ffbcc990000 - 0x00007ffbcca2d000 	C:\WINDOWS\System32\msvcp_win.dll
0x00007ffbc26a0000 - 0x00007ffbc26aa000 	C:\WINDOWS\SYSTEM32\VERSION.dll
0x00007ffbcef40000 - 0x00007ffbcef71000 	C:\WINDOWS\System32\IMM32.DLL
0x00007ffbb7890000 - 0x00007ffbb789c000 	C:\Program Files\Java\jdk-17.0.2\bin\vcruntime140_1.dll
0x00007ffba50c0000 - 0x00007ffba514d000 	C:\Program Files\Java\jdk-17.0.2\bin\msvcp140.dll
0x00007ffb6eb70000 - 0x00007ffb6f731000 	C:\Program Files\Java\jdk-17.0.2\bin\server\jvm.dll
0x00007ffbcd850000 - 0x00007ffbcd858000 	C:\WINDOWS\System32\PSAPI.DLL
0x00007ffbaeb80000 - 0x00007ffbaeb89000 	C:\WINDOWS\SYSTEM32\WSOCK32.dll
0x00007ffbcd460000 - 0x00007ffbcd4cf000 	C:\WINDOWS\System32\WS2_32.dll
0x00007ffbc3890000 - 0x00007ffbc38c3000 	C:\WINDOWS\SYSTEM32\WINMM.dll
0x00007ffbcbac0000 - 0x00007ffbcbad8000 	C:\WINDOWS\SYSTEM32\kernel.appcore.dll
0x00007ffbc9a50000 - 0x00007ffbc9a5a000 	C:\Program Files\Java\jdk-17.0.2\bin\jimage.dll
0x00007ffbca570000 - 0x00007ffbca791000 	C:\WINDOWS\SYSTEM32\DBGHELP.DLL
0x00007ffbb5600000 - 0x00007ffbb5631000 	C:\WINDOWS\SYSTEM32\dbgcore.DLL
0x00007ffbcca30000 - 0x00007ffbccaaf000 	C:\WINDOWS\System32\bcryptPrimitives.dll
0x00007ffbc8b30000 - 0x00007ffbc8b55000 	C:\Program Files\Java\jdk-17.0.2\bin\java.dll
0x00007ffbab0d0000 - 0x00007ffbab1a6000 	C:\Program Files\Java\jdk-17.0.2\bin\jsvml.dll
0x00007ffbcd9a0000 - 0x00007ffbce14f000 	C:\WINDOWS\System32\SHELL32.dll
0x00007ffbcaa00000 - 0x00007ffbcb268000 	C:\WINDOWS\SYSTEM32\windows.storage.dll
0x00007ffbce750000 - 0x00007ffbceac8000 	C:\WINDOWS\System32\combase.dll
0x00007ffbca890000 - 0x00007ffbca9f6000 	C:\WINDOWS\SYSTEM32\wintypes.dll
0x00007ffbcef80000 - 0x00007ffbcf06a000 	C:\WINDOWS\System32\SHCORE.dll
0x00007ffbcd760000 - 0x00007ffbcd7bd000 	C:\WINDOWS\System32\shlwapi.dll
0x00007ffbcc800000 - 0x00007ffbcc821000 	C:\WINDOWS\SYSTEM32\profapi.dll
0x00007ffb8f860000 - 0x00007ffb8f9ef000 	C:\Program Files\Java\jdk-17.0.2\bin\awt.dll
0x00007ffbcd4d0000 - 0x00007ffbcd5a6000 	C:\WINDOWS\System32\OLEAUT32.dll
0x00007ffbc9aa0000 - 0x00007ffbc9b31000 	C:\WINDOWS\SYSTEM32\apphelp.dll
0x00007ffbc9fb0000 - 0x00007ffbc9fdf000 	C:\WINDOWS\system32\DWMAPI.DLL
0x00007ffbc9c20000 - 0x00007ffbc9ccc000 	C:\WINDOWS\system32\uxtheme.dll
0x00007ffb8a530000 - 0x00007ffb8a631000 	C:\WINDOWS\system32\opengl32.dll
0x00007ffb8adf0000 - 0x00007ffb8ae1d000 	C:\WINDOWS\SYSTEM32\GLU32.dll
0x00007ffbc9d30000 - 0x00007ffbc9d68000 	C:\WINDOWS\SYSTEM32\dxcore.dll
0x00007ffbcec00000 - 0x00007ffbced1e000 	C:\WINDOWS\System32\MSCTF.dll
0x00007ffbcf200000 - 0x00007ffbcf39a000 	C:\WINDOWS\System32\ole32.dll
0x00007ffba59d0000 - 0x00007ffba59fd000 	C:\Program Files\Java\jdk-17.0.2\bin\javajpeg.dll
0x00007ffbaec40000 - 0x00007ffbaec58000 	C:\Program Files\Java\jdk-17.0.2\bin\zip.dll
0x00007ffba48e0000 - 0x00007ffba4969000 	C:\Program Files\Java\jdk-17.0.2\bin\freetype.dll
0x00007ffba40d0000 - 0x00007ffba4178000 	C:\Program Files\Java\jdk-17.0.2\bin\fontmanager.dll
0x00007ffbaec80000 - 0x00007ffbaec99000 	C:\Program Files\Java\jdk-17.0.2\bin\net.dll
0x00007ffbc16f0000 - 0x00007ffbc17fc000 	C:\WINDOWS\SYSTEM32\WINHTTP.dll
0x00007ffbcbef0000 - 0x00007ffbcbf57000 	C:\WINDOWS\system32\mswsock.dll
0x00007ffbaec60000 - 0x00007ffbaec76000 	C:\Program Files\Java\jdk-17.0.2\bin\nio.dll
0x00007ffbb1bc0000 - 0x00007ffbb1ced000 	C:\WINDOWS\SYSTEM32\textinputframework.dll
0x00007ffbc96b0000 - 0x00007ffbc97e2000 	C:\WINDOWS\SYSTEM32\CoreMessaging.dll
0x00007ffbc3060000 - 0x00007ffbc33cd000 	C:\WINDOWS\SYSTEM32\CoreUIComponents.dll
0x00007ffbcc150000 - 0x00007ffbcc15c000 	C:\WINDOWS\SYSTEM32\CRYPTBASE.DLL
0x00007ffbcd8f0000 - 0x00007ffbcd99f000 	C:\WINDOWS\System32\clbcatq.dll
0x00007ffbc13f0000 - 0x00007ffbc159e000 	C:\WINDOWS\SYSTEM32\WindowsCodecs.dll
0x00007ffb86580000 - 0x00007ffb865dd000 	C:\WINDOWS\system32\dataexchange.dll
0x00007ffbc0ae0000 - 0x00007ffbc0d46000 	C:\WINDOWS\system32\twinapi.appcore.dll

dbghelp: loaded successfully - version: 4.0.5 - missing functions: none
symbol engine: initialized successfully - sym options: 0x614 - pdb path: .;C:\Program Files\Java\jdk-17.0.2\bin;C:\WINDOWS\SYSTEM32;C:\Program Files\AVG\Antivirus;C:\WINDOWS\WinSxS\amd64_microsoft.windows.common-controls_6595b64144ccf1df_6.0.22000.120_none_9d947278b86cc467;C:\Program Files\Java\jdk-17.0.2\bin\server

VM Arguments:
jvm_args: -Dfile.encoding=Cp1255 -XX:+ShowCodeDetailsInExceptionMessages 
java_command: graphics.ZooFrame
java_class_path (initial): C:\Users\omerh\OneDrive\ \  \ \  \Home Work\HW1\HW1\bin
Launcher Type: SUN_STANDARD

[Global flags]
     intx CICompilerCount                          = 4                                         {product} {ergonomic}
     uint ConcGCThreads                            = 2                                         {product} {ergonomic}
     uint G1ConcRefinementThreads                  = 8                                         {product} {ergonomic}
   size_t G1HeapRegionSize                         = 2097152                                   {product} {ergonomic}
    uintx GCDrainStackTargetSize                   = 64                                        {product} {ergonomic}
   size_t InitialHeapSize                          = 266338304                                 {product} {ergonomic}
   size_t MarkStackSize                            = 4194304                                   {product} {ergonomic}
   size_t MaxHeapSize                              = 4238344192                                {product} {ergonomic}
   size_t MaxNewSize                               = 2541748224                                {product} {ergonomic}
   size_t MinHeapDeltaBytes                        = 2097152                                   {product} {ergonomic}
   size_t MinHeapSize                              = 8388608                                   {product} {ergonomic}
    uintx NonNMethodCodeHeapSize                   = 5839372                                {pd product} {ergonomic}
    uintx NonProfiledCodeHeapSize                  = 122909434                              {pd product} {ergonomic}
    uintx ProfiledCodeHeapSize                     = 122909434                              {pd product} {ergonomic}
    uintx ReservedCodeCacheSize                    = 251658240                              {pd product} {ergonomic}
     bool SegmentedCodeCache                       = true                                      {product} {ergonomic}
     bool ShowCodeDetailsInExceptionMessages       = true                                   {manageable} {command line}
   size_t SoftMaxHeapSize                          = 4238344192                             {manageable} {ergonomic}
     bool UseCompressedClassPointers               = true                           {product lp64_product} {ergonomic}
     bool UseCompressedOops                        = true                           {product lp64_product} {ergonomic}
     bool UseG1GC                                  = true                                      {product} {ergonomic}
     bool UseLargePagesIndividualAllocation        = false                                  {pd product} {ergonomic}

Logging:
Log output configuration:
 #0: stdout all=warning uptime,level,tags
 #1: stderr all=off uptime,level,tags

Environment Variables:
PATH=C:/Program Files/Java/jdk-17.0.2/bin/server;C:/Program Files/Java/jdk-17.0.2/bin;C:\Program Files\Common Files\Oracle\Java\javapath;C:\Program Files (x86)\Common Files\Oracle\Java\javapath;C:\windows\system32;C:\windows;C:\windows\System32\Wbem;C:\windows\System32\WindowsPowerShell\v1.0\;C:\windows\System32\OpenSSH\;C:\Program Files (x86)\NVIDIA Corporation\PhysX\Common;C:\Program Files\NVIDIA Corporation\NVIDIA NvDLISR;C:\WINDOWS\system32;C:\WINDOWS;C:\WINDOWS\System32\Wbem;C:\WINDOWS\System32\WindowsPowerShell\v1.0\;C:\WINDOWS\System32\OpenSSH\;C:\Program Files\Git\cmd;C:\Users\omerh\AppData\Local\Microsoft\WindowsApps;C:\Users\omerh\AppData\Local\GitHubDesktop\bin;C:\Users\omerh\AppData\Local\gitkraken\bin;C:\Users\omerh\OneDrive\ ;
USERNAME=omerh
OS=Windows_NT
PROCESSOR_IDENTIFIER=Intel64 Family 6 Model 126 Stepping 5, GenuineIntel



---------------  S Y S T E M  ---------------

OS:
 Windows 11 , 64 bit Build 22000 (10.0.22000.613)
OS uptime: 0 days 5:49 hours

CPU: total 8 (initial active 8) (4 cores per cpu, 2 threads per core) family 6 model 126 stepping 5 microcode 0xa0, cx8, cmov, fxsr, ht, mmx, 3dnowpref, sse, sse2, sse3, ssse3, sse4.1, sse4.2, popcnt, lzcnt, tsc, tscinvbit, avx, avx2, aes, erms, clmul, bmi1, bmi2, adx, avx512f, avx512dq, avx512cd, avx512bw, avx512vl, sha, fma, vzeroupper, avx512_vpopcntdq, avx512_vpclmulqdq, avx512_vaes, avx512_vnni, clflush, clflushopt, avx512_vbmi2, avx512_vbmi

Memory: 4k page, system-wide physical 16161M (8371M free)
TotalPageFile size 18593M (AvailPageFile size 8380M)
current process WorkingSet (physical memory assigned to process): 110M, peak: 110M
current process commit charge ("private bytes"): 370M, peak: 370M

vm_info: Java HotSpot(TM) 64-Bit Server VM (17.0.2+8-LTS-86) for windows-amd64 JRE (17.0.2+8-LTS-86), built on Dec  7 2021 21:51:03 by "mach5one" with MS VC++ 16.8 / 16.9 (VS2019)

END.
