#
# A fatal error has been detected by the Java Runtime Environment:
#
#  EXCEPTION_ACCESS_VIOLATION (0xc0000005) at pc=0x00007ffa49f3a762, pid=325920, tid=215140
#
# JRE version: Java(TM) SE Runtime Environment (17.0.2+8) (build 17.0.2+8-LTS-86)
# Java VM: Java HotSpot(TM) 64-Bit Server VM (17.0.2+8-LTS-86, mixed mode, sharing, tiered, compressed oops, compressed class ptrs, g1 gc, windows-amd64)
# Problematic frame:
# V  [jvm.dll+0x57a762]
#
# No core dump will be written. Minidumps are not enabled by default on client versions of Windows
#
# If you would like to submit a bug report, please visit:
#   https://bugreport.java.com/bugreport/crash.jsp
#

---------------  S U M M A R Y ------------

Command Line: -Dfile.encoding=Cp1255 -XX:+ShowCodeDetailsInExceptionMessages graphics.ZooFrame

Host: Intel(R) Core(TM) i7-1065G7 CPU @ 1.30GHz, 8 cores, 15G,  Windows 11 , 64 bit Build 22000 (10.0.22000.675)
Time: Sun May 22 11:40:16 2022  Windows 11 , 64 bit Build 22000 (10.0.22000.675) elapsed time: 9.625577 seconds (0d 0h 0m 9s)

---------------  T H R E A D  ---------------

Current thread (0x00000247fee0f4c0):  JavaThread "C2 CompilerThread2" daemon [_thread_in_native, id=215140, stack(0x0000005768b00000,0x0000005768c00000)]


Current CompileTask:
C2:   9625 1291  s    4       graphics.ZooPanel::manageZoo (287 bytes)

Stack: [0x0000005768b00000,0x0000005768c00000],  sp=0x0000005768bfa3f0,  free space=1000k
Native frames: (J=compiled Java code, j=interpreted, Vv=VM code, C=native code)
V  [jvm.dll+0x57a762]
V  [jvm.dll+0x57a484]
V  [jvm.dll+0x5796f8]
V  [jvm.dll+0x21de3d]
V  [jvm.dll+0x21e21f]
V  [jvm.dll+0x217ae5]
V  [jvm.dll+0x214fab]
V  [jvm.dll+0x1a1bbd]
V  [jvm.dll+0x224908]
V  [jvm.dll+0x222a6c]
V  [jvm.dll+0x7859bb]
V  [jvm.dll+0x77ff7a]
V  [jvm.dll+0x66fa35]
C  [ucrtbase.dll+0x26c0c]
C  [KERNEL32.DLL+0x154e0]
C  [ntdll.dll+0x485b]


siginfo: EXCEPTION_ACCESS_VIOLATION (0xc0000005), reading address 0x0000000000000008


Register to memory mapping:

RIP=0x00007ffa49f3a762 jvm.dll
RAX=0x000002479995fcd0 points into unknown readable memory: 0x0000000000000000 | 00 00 00 00 00 00 00 00
RBX=0x0 is NULL
RCX=0x0 is NULL
RDX=0x0000000000001000 is an unknown value
RSP=0x0000005768bfa3f0 is pointing into the stack for thread: 0x00000247fee0f4c0
RBP=0x00000247ff9db040 points into unknown readable memory: 0x0000000000000000 | 00 00 00 00 00 00 00 00
RSI=0x0000024799985c88 points into unknown readable memory: 0x00007ffa4a273058 | 58 30 27 4a fa 7f 00 00
RDI=0x0000005768bfa810 is pointing into the stack for thread: 0x00000247fee0f4c0
R8 =0x000002479995fcd0 points into unknown readable memory: 0x0000000000000000 | 00 00 00 00 00 00 00 00
R9 =0x0 is NULL
R10=0xfefefefefefefeff is an unknown value
R11=0x8080808080808080 is an unknown value
R12=0x0000005768bfa4e0 is pointing into the stack for thread: 0x00000247fee0f4c0
R13=0x0000005768bfa4c0 is pointing into the stack for thread: 0x00000247fee0f4c0
R14=0x00000247ffa8a290 points into unknown readable memory: 0x00007ffa4a26eb10 | 10 eb 26 4a fa 7f 00 00
R15=0x00000247ffa87f98 points into unknown readable memory: 0x00007ffa4a273128 | 28 31 27 4a fa 7f 00 00


Registers:
RAX=0x000002479995fcd0, RBX=0x0000000000000000, RCX=0x0000000000000000, RDX=0x0000000000001000
RSP=0x0000005768bfa3f0, RBP=0x00000247ff9db040, RSI=0x0000024799985c88, RDI=0x0000005768bfa810
R8 =0x000002479995fcd0, R9 =0x0000000000000000, R10=0xfefefefefefefeff, R11=0x8080808080808080
R12=0x0000005768bfa4e0, R13=0x0000005768bfa4c0, R14=0x00000247ffa8a290, R15=0x00000247ffa87f98
RIP=0x00007ffa49f3a762, EFLAGS=0x0000000000010202

Top of Stack: (sp=0x0000005768bfa3f0)
0x0000005768bfa3f0:   00000000000001d1 0000005768bfa810
0x0000005768bfa400:   0000000000000001 0000024799985260
0x0000005768bfa410:   0000000000000001 0000005768bfa500
0x0000005768bfa420:   00000247ff969f90 00007ffa49f3a484
0x0000005768bfa430:   000000000000000a 00000000000001d1
0x0000005768bfa440:   00000247ffa8a290 0000024700000001
0x0000005768bfa450:   0000000000000000 0000024799bbb278
0x0000005768bfa460:   0000024799a27cb8 0000005768bfa590
0x0000005768bfa470:   0000000000030200 00000247f5048e80
0x0000005768bfa480:   0000000000000001 00007ffa49f396f8
0x0000005768bfa490:   0000005768bfa810 0000005768bfa810
0x0000005768bfa4a0:   0000024700000001 0000005768bfa500
0x0000005768bfa4b0:   0000000000000001 00000247998481f0
0x0000005768bfa4c0:   000002479977cef0 0000000000000200
0x0000005768bfa4d0:   0000024799dae930 00000000000001d2
0x0000005768bfa4e0:   0000000000000080 0000024799916840 

Instructions: (pc=0x00007ffa49f3a762)
0x00007ffa49f3a662:   8b 5e 28 3b 5f 28 72 0b 8b d3 48 8d 4f 20 e8 9b
0x00007ffa49f3a672:   4c 0d 00 48 8b 47 30 48 c7 04 d8 00 00 00 00 48
0x00007ffa49f3a682:   83 c4 20 41 5e 5f 5b c3 49 8b d6 4c 89 7c 24 50
0x00007ffa49f3a692:   48 8b cf e8 36 d0 fe ff 45 33 c9 4c 8b c0 49 8b
0x00007ffa49f3a6a2:   d6 48 8b cf 4c 8b f8 e8 92 12 00 00 41 8b 4e 2c
0x00007ffa49f3a6b2:   48 8b d8 83 e1 3f 80 f9 30 75 19 49 3b c7 74 14
0x00007ffa49f3a6c2:   4c 8b c8 4d 8b c7 49 8b d6 48 8b cf e8 7d 3a 00
0x00007ffa49f3a6d2:   00 48 8b d8 48 89 74 24 48 48 85 db 75 55 41 8b
0x00007ffa49f3a6e2:   5e 28 3b 5f 28 72 0b 8b d3 48 8d 4f 20 e8 1c 4c
0x00007ffa49f3a6f2:   0d 00 48 8b 47 30 48 c7 04 d8 00 00 00 00 8b 9f
0x00007ffa49f3a702:   d0 09 00 00 8d 43 01 89 87 d0 09 00 00 3b 9f c0
0x00007ffa49f3a712:   09 00 00 72 0e 8b d3 48 8d 8f b8 09 00 00 e8 eb
0x00007ffa49f3a722:   4b 0d 00 48 8b 87 c8 09 00 00 4c 89 34 d8 e9 38
0x00007ffa49f3a732:   02 00 00 48 89 6c 24 40 48 8b f3 4c 3b fb 0f 84
0x00007ffa49f3a742:   7d 01 00 00 8b 57 28 0f 1f 80 00 00 00 00 8b 4b
0x00007ffa49f3a752:   28 48 8b 87 f8 09 00 00 48 8b 1c c8 4c 8d 04 c8
0x00007ffa49f3a762:   48 8b 43 08 48 83 38 00 75 27 0f 1f 40 00 8b 43
0x00007ffa49f3a772:   28 3b c2 73 0c 8b c8 48 8b 47 30 48 8b 1c c8 eb
0x00007ffa49f3a782:   02 33 db 48 83 e3 fe 48 8b 43 08 48 83 38 00 74
0x00007ffa49f3a792:   dd 49 89 18 8b 43 28 8b 57 28 3b c2 73 0f 8b c8
0x00007ffa49f3a7a2:   48 8b 47 30 48 8b 2c c8 48 85 ed 75 07 48 8b af
0x00007ffa49f3a7b2:   90 09 00 00 48 85 f6 75 27 4c 8d 0d 1e f5 36 00
0x00007ffa49f3a7c2:   ba a9 03 00 00 4c 8d 05 22 f5 36 00 48 8d 0d 03
0x00007ffa49f3a7d2:   00 36 00 e8 d6 82 cc ff e8 41 5f 0f 00 8b 57 28
0x00007ffa49f3a7e2:   8b 46 28 3b c2 73 0f 8b c8 48 8b 47 30 4c 8b 04
0x00007ffa49f3a7f2:   c8 4d 85 c0 75 07 4c 8b 87 90 09 00 00 41 0f b7
0x00007ffa49f3a802:   40 58 48 8b cb 66 39 45 58 48 0f 43 ce 48 8b f1
0x00007ffa49f3a812:   4c 3b fb 0f 85 35 ff ff ff 49 3b cf 0f 84 9f 00
0x00007ffa49f3a822:   00 00 e8 57 63 0d 00 48 85 c0 0f 84 91 00 00 00
0x00007ffa49f3a832:   8b 48 2c 83 e1 7f 80 f9 60 0f 85 82 00 00 00 48
0x00007ffa49f3a842:   8b 40 08 48 3b 70 08 75 78 8b 46 2c 24 0f 3c 08
0x00007ffa49f3a852:   75 6f 33 d2 48 8b ce e8 f2 4c 0c 00 48 85 c0 74 


Stack slot to memory mapping:
stack at sp + 0 slots: 0x00000000000001d1 is an unknown value
stack at sp + 1 slots: 0x0000005768bfa810 is pointing into the stack for thread: 0x00000247fee0f4c0
stack at sp + 2 slots: 0x0000000000000001 is an unknown value
stack at sp + 3 slots: 0x0000024799985260 points into unknown readable memory: 0x00007ffa4a273058 | 58 30 27 4a fa 7f 00 00
stack at sp + 4 slots: 0x0000000000000001 is an unknown value
stack at sp + 5 slots: 0x0000005768bfa500 is pointing into the stack for thread: 0x00000247fee0f4c0
stack at sp + 6 slots: 0x00000247ff969f90 points into unknown readable memory: 0x00007ffa4a272eb0 | b0 2e 27 4a fa 7f 00 00
stack at sp + 7 slots: 0x00007ffa49f3a484 jvm.dll


---------------  P R O C E S S  ---------------

Threads class SMR info:
_java_thread_list=0x000002479977c720, length=21, elements={
0x00000247fedd9f30, 0x00000247feddaae0, 0x00000247fedf0820, 0x00000247fedf32f0,
0x00000247fedf6cd0, 0x00000247fedf95a0, 0x00000247fee0c310, 0x00000247fee0fee0,
0x00000247fee12c50, 0x00000247ff90ebe0, 0x00000247ff91a5c0, 0x00000247ffb23d10,
0x00000247ffb278c0, 0x00000247ffb333c0, 0x00000247ffb7de40, 0x00000247ffbda770,
0x00000247f5043f70, 0x0000024799877de0, 0x00000247998782b0, 0x00000247fee11830,
0x00000247fee0f4c0
}

Java Threads: ( => current thread )
  0x00000247fedd9f30 JavaThread "Reference Handler" daemon [_thread_blocked, id=50100, stack(0x0000005767400000,0x0000005767500000)]
  0x00000247feddaae0 JavaThread "Finalizer" daemon [_thread_blocked, id=153692, stack(0x0000005767500000,0x0000005767600000)]
  0x00000247fedf0820 JavaThread "Signal Dispatcher" daemon [_thread_blocked, id=179044, stack(0x0000005767600000,0x0000005767700000)]
  0x00000247fedf32f0 JavaThread "Attach Listener" daemon [_thread_blocked, id=59864, stack(0x0000005767700000,0x0000005767800000)]
  0x00000247fedf6cd0 JavaThread "Service Thread" daemon [_thread_blocked, id=234108, stack(0x0000005767800000,0x0000005767900000)]
  0x00000247fedf95a0 JavaThread "Monitor Deflation Thread" daemon [_thread_blocked, id=122028, stack(0x0000005767900000,0x0000005767a00000)]
  0x00000247fee0c310 JavaThread "C2 CompilerThread0" daemon [_thread_blocked, id=216388, stack(0x0000005767a00000,0x0000005767b00000)]
  0x00000247fee0fee0 JavaThread "C1 CompilerThread0" daemon [_thread_in_native, id=134484, stack(0x0000005767b00000,0x0000005767c00000)]
  0x00000247fee12c50 JavaThread "Sweeper thread" daemon [_thread_blocked, id=168456, stack(0x0000005767c00000,0x0000005767d00000)]
  0x00000247ff90ebe0 JavaThread "Notification Thread" daemon [_thread_blocked, id=348420, stack(0x0000005767d00000,0x0000005767e00000)]
  0x00000247ff91a5c0 JavaThread "Common-Cleaner" daemon [_thread_blocked, id=61488, stack(0x0000005767f00000,0x0000005768000000)]
  0x00000247ffb23d10 JavaThread "Java2D Disposer" daemon [_thread_blocked, id=131396, stack(0x0000005768000000,0x0000005768100000)]
  0x00000247ffb278c0 JavaThread "AWT-Shutdown" [_thread_blocked, id=29796, stack(0x0000005768100000,0x0000005768200000)]
  0x00000247ffb333c0 JavaThread "AWT-Windows" daemon [_thread_in_native, id=176604, stack(0x0000005768200000,0x0000005768300000)]
  0x00000247ffb7de40 JavaThread "Thread-0" [_thread_in_Java, id=411640, stack(0x0000005768300000,0x0000005768400000)]
  0x00000247ffbda770 JavaThread "AWT-EventQueue-0" [_thread_in_native, id=194896, stack(0x0000005768500000,0x0000005768600000)]
  0x00000247f5043f70 JavaThread "DestroyJavaVM" [_thread_blocked, id=338648, stack(0x0000005766d00000,0x0000005766e00000)]
  0x0000024799877de0 JavaThread "TimerQueue" daemon [_thread_blocked, id=21976, stack(0x0000005768900000,0x0000005768a00000)]
  0x00000247998782b0 JavaThread "Thread-1" [_thread_blocked, id=53888, stack(0x0000005768400000,0x0000005768500000)]
  0x00000247fee11830 JavaThread "C2 CompilerThread1" daemon [_thread_blocked, id=407284, stack(0x0000005768a00000,0x0000005768b00000)]
=>0x00000247fee0f4c0 JavaThread "C2 CompilerThread2" daemon [_thread_in_native, id=215140, stack(0x0000005768b00000,0x0000005768c00000)]

Other Threads:
  0x00000247fedd64a0 VMThread "VM Thread" [stack: 0x0000005767300000,0x0000005767400000] [id=113576]
  0x00000247ff91a330 WatcherThread [stack: 0x0000005767e00000,0x0000005767f00000] [id=206232]
  0x00000247f5093670 GCTaskThread "GC Thread#0" [stack: 0x0000005766e00000,0x0000005766f00000] [id=26604]
  0x0000024799847540 GCTaskThread "GC Thread#1" [stack: 0x0000005768c00000,0x0000005768d00000] [id=27660]
  0x0000024799d303d0 GCTaskThread "GC Thread#2" [stack: 0x0000005768d00000,0x0000005768e00000] [id=161200]
  0x0000024799d30680 GCTaskThread "GC Thread#3" [stack: 0x0000005768e00000,0x0000005768f00000] [id=207464]
  0x0000024799d30930 GCTaskThread "GC Thread#4" [stack: 0x0000005768f00000,0x0000005769000000] [id=409008]
  0x0000024799d346c0 GCTaskThread "GC Thread#5" [stack: 0x0000005769000000,0x0000005769100000] [id=88088]
  0x0000024799d34970 GCTaskThread "GC Thread#6" [stack: 0x0000005769100000,0x0000005769200000] [id=60760]
  0x0000024799cc6960 GCTaskThread "GC Thread#7" [stack: 0x0000005769200000,0x0000005769300000] [id=378396]
  0x00000247f50a5250 ConcurrentGCThread "G1 Main Marker" [stack: 0x0000005766f00000,0x0000005767000000] [id=109260]
  0x00000247f50a6c70 ConcurrentGCThread "G1 Conc#0" [stack: 0x0000005767000000,0x0000005767100000] [id=62288]
  0x00000247f511d820 ConcurrentGCThread "G1 Refine#0" [stack: 0x0000005767100000,0x0000005767200000] [id=44184]
  0x00000247f511e240 ConcurrentGCThread "G1 Service" [stack: 0x0000005767200000,0x0000005767300000] [id=360532]

Threads with active compile tasks:
C2 CompilerThread2     9713 1291  s    4       graphics.ZooPanel::manageZoo (287 bytes)

VM state: not at safepoint (normal execution)

VM Mutex/Monitor currently owned by a thread: None

Heap address: 0x0000000703600000, size: 4042 MB, Compressed Oops mode: Zero based, Oop shift amount: 3

CDS archive(s) mapped at: [0x0000000800000000-0x0000000800bc0000-0x0000000800bc0000), size 12320768, SharedBaseAddress: 0x0000000800000000, ArchiveRelocationMode: 0.
Compressed class space mapped at: 0x0000000800c00000-0x0000000840c00000, reserved size: 1073741824
Narrow klass base: 0x0000000800000000, Narrow klass shift: 0, Narrow klass range: 0x100000000

GC Precious Log:
 CPUs: 8 total, 8 available
 Memory: 16161M
 Large Page Support: Disabled
 NUMA Support: Disabled
 Compressed Oops: Enabled (Zero based)
 Heap Region Size: 2M
 Heap Min Capacity: 8M
 Heap Initial Capacity: 254M
 Heap Max Capacity: 4042M
 Pre-touch: Disabled
 Parallel Workers: 8
 Concurrent Workers: 2
 Concurrent Refinement Workers: 8
 Periodic GC: Disabled

Heap:
 garbage-first heap   total 260096K, used 21924K [0x0000000703600000, 0x0000000800000000)
  region size 2048K, 6 young (12288K), 2 survivors (4096K)
 Metaspace       used 10489K, committed 10688K, reserved 1064960K
  class space    used 1223K, committed 1344K, reserved 1048576K

Heap Regions: E=young(eden), S=young(survivor), O=old, HS=humongous(starts), HC=humongous(continues), CS=collection set, F=free, OA=open archive, CA=closed archive, TAMS=top-at-mark-start (previous, next)
|   0|0x0000000703600000, 0x0000000703800000, 0x0000000703800000|100%|HS|  |TAMS 0x0000000703600000, 0x0000000703600000| Complete 
|   1|0x0000000703800000, 0x0000000703a00000, 0x0000000703a00000|100%|HC|  |TAMS 0x0000000703800000, 0x0000000703800000| Complete 
|   2|0x0000000703a00000, 0x0000000703c00000, 0x0000000703c00000|100%|HC|  |TAMS 0x0000000703a00000, 0x0000000703a00000| Complete 
|   3|0x0000000703c00000, 0x0000000703e00000, 0x0000000703e00000|100%|HS|  |TAMS 0x0000000703c00000, 0x0000000703c00000| Complete 
|   4|0x0000000703e00000, 0x0000000704000000, 0x0000000704000000|100%|HC|  |TAMS 0x0000000703e00000, 0x0000000703e00000| Complete 
|   5|0x0000000704000000, 0x0000000704200000, 0x0000000704200000|100%|HC|  |TAMS 0x0000000704000000, 0x0000000704000000| Complete 
|   6|0x0000000704200000, 0x0000000704200000, 0x0000000704400000|  0%| F|  |TAMS 0x0000000704200000, 0x0000000704200000| Untracked 
|   7|0x0000000704400000, 0x0000000704400000, 0x0000000704600000|  0%| F|  |TAMS 0x0000000704400000, 0x0000000704400000| Untracked 
|   8|0x0000000704600000, 0x0000000704600000, 0x0000000704800000|  0%| F|  |TAMS 0x0000000704600000, 0x0000000704600000| Untracked 
|   9|0x0000000704800000, 0x0000000704800000, 0x0000000704a00000|  0%| F|  |TAMS 0x0000000704800000, 0x0000000704800000| Untracked 
|  10|0x0000000704a00000, 0x0000000704a00000, 0x0000000704c00000|  0%| F|  |TAMS 0x0000000704a00000, 0x0000000704a00000| Untracked 
|  11|0x0000000704c00000, 0x0000000704c00000, 0x0000000704e00000|  0%| F|  |TAMS 0x0000000704c00000, 0x0000000704c00000| Untracked 
|  12|0x0000000704e00000, 0x0000000704e00000, 0x0000000705000000|  0%| F|  |TAMS 0x0000000704e00000, 0x0000000704e00000| Untracked 
|  13|0x0000000705000000, 0x0000000705000000, 0x0000000705200000|  0%| F|  |TAMS 0x0000000705000000, 0x0000000705000000| Untracked 
|  14|0x0000000705200000, 0x0000000705200000, 0x0000000705400000|  0%| F|  |TAMS 0x0000000705200000, 0x0000000705200000| Untracked 
|  15|0x0000000705400000, 0x0000000705400000, 0x0000000705600000|  0%| F|  |TAMS 0x0000000705400000, 0x0000000705400000| Untracked 
|  16|0x0000000705600000, 0x0000000705600000, 0x0000000705800000|  0%| F|  |TAMS 0x0000000705600000, 0x0000000705600000| Untracked 
|  17|0x0000000705800000, 0x0000000705800000, 0x0000000705a00000|  0%| F|  |TAMS 0x0000000705800000, 0x0000000705800000| Untracked 
|  18|0x0000000705a00000, 0x0000000705a00000, 0x0000000705c00000|  0%| F|  |TAMS 0x0000000705a00000, 0x0000000705a00000| Untracked 
|  19|0x0000000705c00000, 0x0000000705c00000, 0x0000000705e00000|  0%| F|  |TAMS 0x0000000705c00000, 0x0000000705c00000| Untracked 
|  20|0x0000000705e00000, 0x0000000705e00000, 0x0000000706000000|  0%| F|  |TAMS 0x0000000705e00000, 0x0000000705e00000| Untracked 
|  21|0x0000000706000000, 0x0000000706000000, 0x0000000706200000|  0%| F|  |TAMS 0x0000000706000000, 0x0000000706000000| Untracked 
|  22|0x0000000706200000, 0x0000000706200000, 0x0000000706400000|  0%| F|  |TAMS 0x0000000706200000, 0x0000000706200000| Untracked 
|  23|0x0000000706400000, 0x0000000706400000, 0x0000000706600000|  0%| F|  |TAMS 0x0000000706400000, 0x0000000706400000| Untracked 
|  24|0x0000000706600000, 0x0000000706600000, 0x0000000706800000|  0%| F|  |TAMS 0x0000000706600000, 0x0000000706600000| Untracked 
|  25|0x0000000706800000, 0x0000000706800000, 0x0000000706a00000|  0%| F|  |TAMS 0x0000000706800000, 0x0000000706800000| Untracked 
|  26|0x0000000706a00000, 0x0000000706a00000, 0x0000000706c00000|  0%| F|  |TAMS 0x0000000706a00000, 0x0000000706a00000| Untracked 
|  27|0x0000000706c00000, 0x0000000706c00000, 0x0000000706e00000|  0%| F|  |TAMS 0x0000000706c00000, 0x0000000706c00000| Untracked 
|  28|0x0000000706e00000, 0x0000000706e00000, 0x0000000707000000|  0%| F|  |TAMS 0x0000000706e00000, 0x0000000706e00000| Untracked 
|  29|0x0000000707000000, 0x0000000707000000, 0x0000000707200000|  0%| F|  |TAMS 0x0000000707000000, 0x0000000707000000| Untracked 
|  30|0x0000000707200000, 0x0000000707200000, 0x0000000707400000|  0%| F|  |TAMS 0x0000000707200000, 0x0000000707200000| Untracked 
|  31|0x0000000707400000, 0x0000000707400000, 0x0000000707600000|  0%| F|  |TAMS 0x0000000707400000, 0x0000000707400000| Untracked 
|  32|0x0000000707600000, 0x0000000707600000, 0x0000000707800000|  0%| F|  |TAMS 0x0000000707600000, 0x0000000707600000| Untracked 
|  33|0x0000000707800000, 0x0000000707800000, 0x0000000707a00000|  0%| F|  |TAMS 0x0000000707800000, 0x0000000707800000| Untracked 
|  34|0x0000000707a00000, 0x0000000707a00000, 0x0000000707c00000|  0%| F|  |TAMS 0x0000000707a00000, 0x0000000707a00000| Untracked 
|  35|0x0000000707c00000, 0x0000000707c00000, 0x0000000707e00000|  0%| F|  |TAMS 0x0000000707c00000, 0x0000000707c00000| Untracked 
|  36|0x0000000707e00000, 0x0000000707e00000, 0x0000000708000000|  0%| F|  |TAMS 0x0000000707e00000, 0x0000000707e00000| Untracked 
|  37|0x0000000708000000, 0x0000000708000000, 0x0000000708200000|  0%| F|  |TAMS 0x0000000708000000, 0x0000000708000000| Untracked 
|  38|0x0000000708200000, 0x0000000708200000, 0x0000000708400000|  0%| F|  |TAMS 0x0000000708200000, 0x0000000708200000| Untracked 
|  39|0x0000000708400000, 0x0000000708400000, 0x0000000708600000|  0%| F|  |TAMS 0x0000000708400000, 0x0000000708400000| Untracked 
|  40|0x0000000708600000, 0x0000000708600000, 0x0000000708800000|  0%| F|  |TAMS 0x0000000708600000, 0x0000000708600000| Untracked 
|  41|0x0000000708800000, 0x0000000708800000, 0x0000000708a00000|  0%| F|  |TAMS 0x0000000708800000, 0x0000000708800000| Untracked 
|  42|0x0000000708a00000, 0x0000000708a00000, 0x0000000708c00000|  0%| F|  |TAMS 0x0000000708a00000, 0x0000000708a00000| Untracked 
|  43|0x0000000708c00000, 0x0000000708c00000, 0x0000000708e00000|  0%| F|  |TAMS 0x0000000708c00000, 0x0000000708c00000| Untracked 
|  44|0x0000000708e00000, 0x0000000708e00000, 0x0000000709000000|  0%| F|  |TAMS 0x0000000708e00000, 0x0000000708e00000| Untracked 
|  45|0x0000000709000000, 0x0000000709000000, 0x0000000709200000|  0%| F|  |TAMS 0x0000000709000000, 0x0000000709000000| Untracked 
|  46|0x0000000709200000, 0x0000000709200000, 0x0000000709400000|  0%| F|  |TAMS 0x0000000709200000, 0x0000000709200000| Untracked 
|  47|0x0000000709400000, 0x0000000709400000, 0x0000000709600000|  0%| F|  |TAMS 0x0000000709400000, 0x0000000709400000| Untracked 
|  48|0x0000000709600000, 0x0000000709600000, 0x0000000709800000|  0%| F|  |TAMS 0x0000000709600000, 0x0000000709600000| Untracked 
|  49|0x0000000709800000, 0x0000000709800000, 0x0000000709a00000|  0%| F|  |TAMS 0x0000000709800000, 0x0000000709800000| Untracked 
|  50|0x0000000709a00000, 0x0000000709a00000, 0x0000000709c00000|  0%| F|  |TAMS 0x0000000709a00000, 0x0000000709a00000| Untracked 
|  51|0x0000000709c00000, 0x0000000709c00000, 0x0000000709e00000|  0%| F|  |TAMS 0x0000000709c00000, 0x0000000709c00000| Untracked 
|  52|0x0000000709e00000, 0x0000000709e00000, 0x000000070a000000|  0%| F|  |TAMS 0x0000000709e00000, 0x0000000709e00000| Untracked 
|  53|0x000000070a000000, 0x000000070a000000, 0x000000070a200000|  0%| F|  |TAMS 0x000000070a000000, 0x000000070a000000| Untracked 
|  54|0x000000070a200000, 0x000000070a200000, 0x000000070a400000|  0%| F|  |TAMS 0x000000070a200000, 0x000000070a200000| Untracked 
|  55|0x000000070a400000, 0x000000070a400000, 0x000000070a600000|  0%| F|  |TAMS 0x000000070a400000, 0x000000070a400000| Untracked 
|  56|0x000000070a600000, 0x000000070a600000, 0x000000070a800000|  0%| F|  |TAMS 0x000000070a600000, 0x000000070a600000| Untracked 
|  57|0x000000070a800000, 0x000000070a800000, 0x000000070aa00000|  0%| F|  |TAMS 0x000000070a800000, 0x000000070a800000| Untracked 
|  58|0x000000070aa00000, 0x000000070aa00000, 0x000000070ac00000|  0%| F|  |TAMS 0x000000070aa00000, 0x000000070aa00000| Untracked 
|  59|0x000000070ac00000, 0x000000070ac00000, 0x000000070ae00000|  0%| F|  |TAMS 0x000000070ac00000, 0x000000070ac00000| Untracked 
|  60|0x000000070ae00000, 0x000000070ae00000, 0x000000070b000000|  0%| F|  |TAMS 0x000000070ae00000, 0x000000070ae00000| Untracked 
|  61|0x000000070b000000, 0x000000070b000000, 0x000000070b200000|  0%| F|  |TAMS 0x000000070b000000, 0x000000070b000000| Untracked 
|  62|0x000000070b200000, 0x000000070b200000, 0x000000070b400000|  0%| F|  |TAMS 0x000000070b200000, 0x000000070b200000| Untracked 
|  63|0x000000070b400000, 0x000000070b400000, 0x000000070b600000|  0%| F|  |TAMS 0x000000070b400000, 0x000000070b400000| Untracked 
|  64|0x000000070b600000, 0x000000070b600000, 0x000000070b800000|  0%| F|  |TAMS 0x000000070b600000, 0x000000070b600000| Untracked 
|  65|0x000000070b800000, 0x000000070b800000, 0x000000070ba00000|  0%| F|  |TAMS 0x000000070b800000, 0x000000070b800000| Untracked 
|  66|0x000000070ba00000, 0x000000070ba00000, 0x000000070bc00000|  0%| F|  |TAMS 0x000000070ba00000, 0x000000070ba00000| Untracked 
|  67|0x000000070bc00000, 0x000000070bc00000, 0x000000070be00000|  0%| F|  |TAMS 0x000000070bc00000, 0x000000070bc00000| Untracked 
|  68|0x000000070be00000, 0x000000070be00000, 0x000000070c000000|  0%| F|  |TAMS 0x000000070be00000, 0x000000070be00000| Untracked 
|  69|0x000000070c000000, 0x000000070c000000, 0x000000070c200000|  0%| F|  |TAMS 0x000000070c000000, 0x000000070c000000| Untracked 
|  70|0x000000070c200000, 0x000000070c200000, 0x000000070c400000|  0%| F|  |TAMS 0x000000070c200000, 0x000000070c200000| Untracked 
|  71|0x000000070c400000, 0x000000070c400000, 0x000000070c600000|  0%| F|  |TAMS 0x000000070c400000, 0x000000070c400000| Untracked 
|  72|0x000000070c600000, 0x000000070c600000, 0x000000070c800000|  0%| F|  |TAMS 0x000000070c600000, 0x000000070c600000| Untracked 
|  73|0x000000070c800000, 0x000000070c800000, 0x000000070ca00000|  0%| F|  |TAMS 0x000000070c800000, 0x000000070c800000| Untracked 
|  74|0x000000070ca00000, 0x000000070ca00000, 0x000000070cc00000|  0%| F|  |TAMS 0x000000070ca00000, 0x000000070ca00000| Untracked 
|  75|0x000000070cc00000, 0x000000070cc00000, 0x000000070ce00000|  0%| F|  |TAMS 0x000000070cc00000, 0x000000070cc00000| Untracked 
|  76|0x000000070ce00000, 0x000000070ce00000, 0x000000070d000000|  0%| F|  |TAMS 0x000000070ce00000, 0x000000070ce00000| Untracked 
|  77|0x000000070d000000, 0x000000070d000000, 0x000000070d200000|  0%| F|  |TAMS 0x000000070d000000, 0x000000070d000000| Untracked 
|  78|0x000000070d200000, 0x000000070d200000, 0x000000070d400000|  0%| F|  |TAMS 0x000000070d200000, 0x000000070d200000| Untracked 
|  79|0x000000070d400000, 0x000000070d400000, 0x000000070d600000|  0%| F|  |TAMS 0x000000070d400000, 0x000000070d400000| Untracked 
|  80|0x000000070d600000, 0x000000070d600000, 0x000000070d800000|  0%| F|  |TAMS 0x000000070d600000, 0x000000070d600000| Untracked 
|  81|0x000000070d800000, 0x000000070d800000, 0x000000070da00000|  0%| F|  |TAMS 0x000000070d800000, 0x000000070d800000| Untracked 
|  82|0x000000070da00000, 0x000000070da00000, 0x000000070dc00000|  0%| F|  |TAMS 0x000000070da00000, 0x000000070da00000| Untracked 
|  83|0x000000070dc00000, 0x000000070dc00000, 0x000000070de00000|  0%| F|  |TAMS 0x000000070dc00000, 0x000000070dc00000| Untracked 
|  84|0x000000070de00000, 0x000000070de00000, 0x000000070e000000|  0%| F|  |TAMS 0x000000070de00000, 0x000000070de00000| Untracked 
|  85|0x000000070e000000, 0x000000070e000000, 0x000000070e200000|  0%| F|  |TAMS 0x000000070e000000, 0x000000070e000000| Untracked 
|  86|0x000000070e200000, 0x000000070e200000, 0x000000070e400000|  0%| F|  |TAMS 0x000000070e200000, 0x000000070e200000| Untracked 
|  87|0x000000070e400000, 0x000000070e400000, 0x000000070e600000|  0%| F|  |TAMS 0x000000070e400000, 0x000000070e400000| Untracked 
|  88|0x000000070e600000, 0x000000070e600000, 0x000000070e800000|  0%| F|  |TAMS 0x000000070e600000, 0x000000070e600000| Untracked 
|  89|0x000000070e800000, 0x000000070e800000, 0x000000070ea00000|  0%| F|  |TAMS 0x000000070e800000, 0x000000070e800000| Untracked 
|  90|0x000000070ea00000, 0x000000070ea00000, 0x000000070ec00000|  0%| F|  |TAMS 0x000000070ea00000, 0x000000070ea00000| Untracked 
|  91|0x000000070ec00000, 0x000000070ec00000, 0x000000070ee00000|  0%| F|  |TAMS 0x000000070ec00000, 0x000000070ec00000| Untracked 
|  92|0x000000070ee00000, 0x000000070ee00000, 0x000000070f000000|  0%| F|  |TAMS 0x000000070ee00000, 0x000000070ee00000| Untracked 
|  93|0x000000070f000000, 0x000000070f000000, 0x000000070f200000|  0%| F|  |TAMS 0x000000070f000000, 0x000000070f000000| Untracked 
|  94|0x000000070f200000, 0x000000070f200000, 0x000000070f400000|  0%| F|  |TAMS 0x000000070f200000, 0x000000070f200000| Untracked 
|  95|0x000000070f400000, 0x000000070f400000, 0x000000070f600000|  0%| F|  |TAMS 0x000000070f400000, 0x000000070f400000| Untracked 
|  96|0x000000070f600000, 0x000000070f600000, 0x000000070f800000|  0%| F|  |TAMS 0x000000070f600000, 0x000000070f600000| Untracked 
|  97|0x000000070f800000, 0x000000070f800000, 0x000000070fa00000|  0%| F|  |TAMS 0x000000070f800000, 0x000000070f800000| Untracked 
|  98|0x000000070fa00000, 0x000000070fa00000, 0x000000070fc00000|  0%| F|  |TAMS 0x000000070fa00000, 0x000000070fa00000| Untracked 
|  99|0x000000070fc00000, 0x000000070fc00000, 0x000000070fe00000|  0%| F|  |TAMS 0x000000070fc00000, 0x000000070fc00000| Untracked 
| 100|0x000000070fe00000, 0x000000070fe00000, 0x0000000710000000|  0%| F|  |TAMS 0x000000070fe00000, 0x000000070fe00000| Untracked 
| 101|0x0000000710000000, 0x0000000710000000, 0x0000000710200000|  0%| F|  |TAMS 0x0000000710000000, 0x0000000710000000| Untracked 
| 102|0x0000000710200000, 0x0000000710200000, 0x0000000710400000|  0%| F|  |TAMS 0x0000000710200000, 0x0000000710200000| Untracked 
| 103|0x0000000710400000, 0x0000000710400000, 0x0000000710600000|  0%| F|  |TAMS 0x0000000710400000, 0x0000000710400000| Untracked 
| 104|0x0000000710600000, 0x0000000710600000, 0x0000000710800000|  0%| F|  |TAMS 0x0000000710600000, 0x0000000710600000| Untracked 
| 105|0x0000000710800000, 0x0000000710800000, 0x0000000710a00000|  0%| F|  |TAMS 0x0000000710800000, 0x0000000710800000| Untracked 
| 106|0x0000000710a00000, 0x0000000710a00000, 0x0000000710c00000|  0%| F|  |TAMS 0x0000000710a00000, 0x0000000710a00000| Untracked 
| 107|0x0000000710c00000, 0x0000000710c00000, 0x0000000710e00000|  0%| F|  |TAMS 0x0000000710c00000, 0x0000000710c00000| Untracked 
| 108|0x0000000710e00000, 0x0000000710e00000, 0x0000000711000000|  0%| F|  |TAMS 0x0000000710e00000, 0x0000000710e00000| Untracked 
| 109|0x0000000711000000, 0x0000000711000000, 0x0000000711200000|  0%| F|  |TAMS 0x0000000711000000, 0x0000000711000000| Untracked 
| 110|0x0000000711200000, 0x0000000711200000, 0x0000000711400000|  0%| F|  |TAMS 0x0000000711200000, 0x0000000711200000| Untracked 
| 111|0x0000000711400000, 0x0000000711400000, 0x0000000711600000|  0%| F|  |TAMS 0x0000000711400000, 0x0000000711400000| Untracked 
| 112|0x0000000711600000, 0x0000000711600000, 0x0000000711800000|  0%| F|  |TAMS 0x0000000711600000, 0x0000000711600000| Untracked 
| 113|0x0000000711800000, 0x0000000711800000, 0x0000000711a00000|  0%| F|  |TAMS 0x0000000711800000, 0x0000000711800000| Untracked 
| 114|0x0000000711a00000, 0x0000000711b692a0, 0x0000000711c00000| 70%| S|CS|TAMS 0x0000000711a00000, 0x0000000711a00000| Complete 
| 115|0x0000000711c00000, 0x0000000711e00000, 0x0000000711e00000|100%| S|CS|TAMS 0x0000000711c00000, 0x0000000711c00000| Complete 
| 116|0x0000000711e00000, 0x0000000711e00000, 0x0000000712000000|  0%| F|  |TAMS 0x0000000711e00000, 0x0000000711e00000| Untracked 
| 117|0x0000000712000000, 0x0000000712000000, 0x0000000712200000|  0%| F|  |TAMS 0x0000000712000000, 0x0000000712000000| Untracked 
| 118|0x0000000712200000, 0x0000000712200000, 0x0000000712400000|  0%| F|  |TAMS 0x0000000712200000, 0x0000000712200000| Untracked 
| 119|0x0000000712400000, 0x0000000712400000, 0x0000000712600000|  0%| F|  |TAMS 0x0000000712400000, 0x0000000712400000| Untracked 
| 120|0x0000000712600000, 0x0000000712600000, 0x0000000712800000|  0%| F|  |TAMS 0x0000000712600000, 0x0000000712600000| Untracked 
| 121|0x0000000712800000, 0x0000000712800000, 0x0000000712a00000|  0%| F|  |TAMS 0x0000000712800000, 0x0000000712800000| Untracked 
| 122|0x0000000712a00000, 0x0000000712a00000, 0x0000000712c00000|  0%| F|  |TAMS 0x0000000712a00000, 0x0000000712a00000| Untracked 
| 123|0x0000000712c00000, 0x0000000712cc25d0, 0x0000000712e00000| 37%| E|  |TAMS 0x0000000712c00000, 0x0000000712c00000| Complete 
| 124|0x0000000712e00000, 0x0000000713000000, 0x0000000713000000|100%| E|CS|TAMS 0x0000000712e00000, 0x0000000712e00000| Complete 
| 125|0x0000000713000000, 0x0000000713200000, 0x0000000713200000|100%| E|CS|TAMS 0x0000000713000000, 0x0000000713000000| Complete 
| 126|0x0000000713200000, 0x0000000713400000, 0x0000000713400000|100%| E|CS|TAMS 0x0000000713200000, 0x0000000713200000| Complete 

Card table byte_map: [0x00000247fd3c0000,0x00000247fdbb0000] _byte_map_base: 0x00000247f9ba5000

Marking Bits (Prev, Next): (CMBitMap*) 0x00000247f5094c90, (CMBitMap*) 0x00000247f5094cd0
 Prev Bits: [0x000002478f000000, 0x0000024792f28000)
 Next Bits: [0x0000024792f30000, 0x0000024796e58000)

Polling page: 0x00000247f3010000

Metaspace:

Usage:
  Non-class:      9.05 MB used.
      Class:      1.19 MB used.
       Both:     10.24 MB used.

Virtual space:
  Non-class space:       16.00 MB reserved,       9.12 MB ( 57%) committed,  2 nodes.
      Class space:        1.00 GB reserved,       1.31 MB ( <1%) committed,  1 nodes.
             Both:        1.02 GB reserved,      10.44 MB (  1%) committed. 

Chunk freelists:
   Non-Class:  2.45 MB
       Class:  2.73 MB
        Both:  5.19 MB

MaxMetaspaceSize: unlimited
CompressedClassSpaceSize: 1.00 GB
Initial GC threshold: 21.00 MB
Current GC threshold: 21.00 MB
CDS: on
MetaspaceReclaimPolicy: balanced
 - commit_granule_bytes: 65536.
 - commit_granule_words: 8192.
 - virtual_space_node_default_size: 1048576.
 - enlarge_chunks_in_place: 1.
 - new_chunks_are_fully_committed: 0.
 - uncommit_free_chunks: 1.
 - use_allocation_guard: 0.
 - handle_deallocations: 1.


Internal statistics:

num_allocs_failed_limit: 0.
num_arena_births: 118.
num_arena_deaths: 0.
num_vsnodes_births: 3.
num_vsnodes_deaths: 0.
num_space_committed: 167.
num_space_uncommitted: 0.
num_chunks_returned_to_freelist: 0.
num_chunks_taken_from_freelist: 179.
num_chunk_merges: 0.
num_chunk_splits: 101.
num_chunks_enlarged: 36.
num_purges: 0.
num_inconsistent_stats: 0.

CodeHeap 'non-profiled nmethods': size=120000Kb used=390Kb max_used=390Kb free=119609Kb
 bounds [0x0000024787ad0000, 0x0000024787d40000, 0x000002478f000000]
CodeHeap 'profiled nmethods': size=120000Kb used=2266Kb max_used=2266Kb free=117733Kb
 bounds [0x00000247805a0000, 0x0000024780810000, 0x0000024787ad0000]
CodeHeap 'non-nmethods': size=5760Kb used=1290Kb max_used=1308Kb free=4469Kb
 bounds [0x0000024780000000, 0x0000024780270000, 0x00000247805a0000]
 total_blobs=1938 nmethods=1333 adapters=518
 compilation: enabled
              stopped_count=0, restarted_count=0
 full_count=0

Compilation events (20 events):
Event: 9.590 Thread 0x00000247fee11830 nmethod 1292 0x0000024787b26890 code [0x0000024787b26a20, 0x0000024787b26d58]
Event: 9.590 Thread 0x00000247fee11830 1296   !   4       javax.swing.RepaintManager::addDirtyRegion0 (205 bytes)
Event: 9.596 Thread 0x00000247fee0fee0 1303       3       java.awt.Rectangle::isEmpty (20 bytes)
Event: 9.596 Thread 0x00000247fee0fee0 nmethod 1303 0x00000247807c9210 code [0x00000247807c93a0, 0x00000247807c9558]
Event: 9.600 Thread 0x00000247fee0fee0 1304       3       java.awt.Component::getAccessControlContext (22 bytes)
Event: 9.600 Thread 0x00000247fee0fee0 nmethod 1304 0x00000247807c9610 code [0x00000247807c97c0, 0x00000247807c99a8]
Event: 9.600 Thread 0x00000247fee0fee0 1305       3       javax.swing.JComponent::isDoubleBuffered (6 bytes)
Event: 9.601 Thread 0x00000247fee0fee0 nmethod 1305 0x00000247807c9a90 code [0x00000247807c9c20, 0x00000247807c9df8]
Event: 9.604 Thread 0x00000247fee0fee0 1306       3       sun.java2d.SunGraphics2D::constrain (216 bytes)
Event: 9.606 Thread 0x00000247fee0fee0 nmethod 1306 0x00000247807c9e90 code [0x00000247807ca120, 0x00000247807caaf8]
Event: 9.606 Thread 0x00000247fee0fee0 1307       1       java.awt.Image::getAccelerationPriority (5 bytes)
Event: 9.606 Thread 0x00000247fee0fee0 nmethod 1307 0x0000024787b27010 code [0x0000024787b271a0, 0x0000024787b27278]
Event: 9.608 Thread 0x00000247fee11830 nmethod 1296 0x0000024787b27310 code [0x0000024787b27540, 0x0000024787b28630]
Event: 9.608 Thread 0x00000247fee11830 1290       4       java.util.IdentityHashMap::get (60 bytes)
Event: 9.614 Thread 0x00000247fee0fee0 1310       3       sun.java2d.pipe.Region::isInsideXYXY (39 bytes)
Event: 9.614 Thread 0x00000247fee0fee0 nmethod 1310 0x00000247807caf10 code [0x00000247807cb0a0, 0x00000247807cb2b8]
Event: 9.614 Thread 0x00000247fee0fee0 1309       3       java.lang.ref.Reference::enqueueFromPending (19 bytes)
Event: 9.615 Thread 0x00000247fee0fee0 nmethod 1309 0x00000247807cb390 code [0x00000247807cb540, 0x00000247807cb768]
Event: 9.615 Thread 0x00000247fee0fee0 1311   !   3       java.lang.ref.ReferenceQueue::enqueue (119 bytes)
Event: 9.616 Thread 0x00000247fee0fee0 nmethod 1311 0x00000247807cb810 code [0x00000247807cba00, 0x00000247807cc108]

GC Heap History (2 events):
Event: 9.609 GC heap before
{Heap before GC invocations=0 (full 0):
 garbage-first heap   total 260096K, used 34816K [0x0000000703600000, 0x0000000800000000)
  region size 2048K, 11 young (22528K), 0 survivors (0K)
 Metaspace       used 10468K, committed 10688K, reserved 1064960K
  class space    used 1223K, committed 1344K, reserved 1048576K
}
Event: 9.614 GC heap after
{Heap after GC invocations=1 (full 0):
 garbage-first heap   total 260096K, used 15780K [0x0000000703600000, 0x0000000800000000)
  region size 2048K, 2 young (4096K), 2 survivors (4096K)
 Metaspace       used 10468K, committed 10688K, reserved 1064960K
  class space    used 1223K, committed 1344K, reserved 1048576K
}

Deoptimization events (20 events):
Event: 9.539 Thread 0x00000247ffb7de40 Uncommon trap: trap_request=0xffffff45 fr.pc=0x0000024787af34b0 relative=0x00000000000001b0
Event: 9.539 Thread 0x00000247ffb7de40 Uncommon trap: reason=unstable_if action=reinterpret pc=0x0000024787af34b0 method=graphics.ZooPanel.isChange()Z @ 36 c2
Event: 9.539 Thread 0x00000247ffb7de40 DEOPT PACKING pc=0x0000024787af34b0 sp=0x00000057683ff390
Event: 9.539 Thread 0x00000247ffb7de40 DEOPT UNPACKING pc=0x0000024780055c23 sp=0x00000057683ff260 mode 2
Event: 9.539 Thread 0x00000247ffb7de40 Uncommon trap: trap_request=0xffffff45 fr.pc=0x0000024787af2910 relative=0x0000000000000190
Event: 9.539 Thread 0x00000247ffb7de40 Uncommon trap: reason=unstable_if action=reinterpret pc=0x0000024787af2910 method=graphics.ZooPanel.isChange()Z @ 36 c2
Event: 9.539 Thread 0x00000247ffb7de40 DEOPT PACKING pc=0x0000024787af2910 sp=0x00000057683ff320
Event: 9.539 Thread 0x00000247ffb7de40 DEOPT UNPACKING pc=0x0000024780055c23 sp=0x00000057683ff250 mode 2
Event: 9.539 Thread 0x00000247ffb7de40 Uncommon trap: trap_request=0xffffff45 fr.pc=0x0000024787af24f8 relative=0x0000000000000078
Event: 9.539 Thread 0x00000247ffb7de40 Uncommon trap: reason=unstable_if action=reinterpret pc=0x0000024787af24f8 method=graphics.ZooPanel.isChange()Z @ 36 c2
Event: 9.539 Thread 0x00000247ffb7de40 DEOPT PACKING pc=0x0000024787af24f8 sp=0x00000057683ff2c0
Event: 9.539 Thread 0x00000247ffb7de40 DEOPT UNPACKING pc=0x0000024780055c23 sp=0x00000057683ff250 mode 2
Event: 9.575 Thread 0x00000247ffb7de40 Uncommon trap: trap_request=0xffffff45 fr.pc=0x0000024787b24584 relative=0x00000000000003e4
Event: 9.575 Thread 0x00000247ffb7de40 Uncommon trap: reason=unstable_if action=reinterpret pc=0x0000024787b24584 method=graphics.ZooPanel.isChange()Z @ 25 c2
Event: 9.575 Thread 0x00000247ffb7de40 DEOPT PACKING pc=0x0000024787b24584 sp=0x00000057683ff310
Event: 9.575 Thread 0x00000247ffb7de40 DEOPT UNPACKING pc=0x0000024780055c23 sp=0x00000057683ff248 mode 2
Event: 9.575 Thread 0x00000247ffb7de40 Uncommon trap: trap_request=0xffffff45 fr.pc=0x0000024787b23c68 relative=0x00000000000002c8
Event: 9.575 Thread 0x00000247ffb7de40 Uncommon trap: reason=unstable_if action=reinterpret pc=0x0000024787b23c68 method=graphics.ZooPanel.isChange()Z @ 25 c2
Event: 9.575 Thread 0x00000247ffb7de40 DEOPT PACKING pc=0x0000024787b23c68 sp=0x00000057683ff2a0
Event: 9.575 Thread 0x00000247ffb7de40 DEOPT UNPACKING pc=0x0000024780055c23 sp=0x00000057683ff240 mode 2

Classes unloaded (0 events):
No events

Classes redefined (0 events):
No events

Internal exceptions (20 events):
Event: 0.219 Thread 0x00000247f5043f70 Exception <a 'java/lang/NoSuchMethodError'{0x0000000713169cd8}: 'java.lang.Object java.lang.invoke.DirectMethodHandle$Holder.invokeStatic(java.lang.Object, int, java.lang.Object, java.lang.Object, java.lang.Object, java.lang.Object)'> (0x0000000713169cd8) 
thrown [t:\workspace\open\src\hotspot\share\interpreter\linkResolver.cpp, line 766]
Event: 0.225 Thread 0x00000247f5043f70 Exception <a 'java/lang/NoSuchMethodError'{0x000000071318f498}: 'java.lang.Object java.lang.invoke.DirectMethodHandle$Holder.invokeStatic(java.lang.Object, int, java.lang.Object)'> (0x000000071318f498) 
thrown [t:\workspace\open\src\hotspot\share\interpreter\linkResolver.cpp, line 766]
Event: 0.249 Thread 0x00000247f5043f70 Exception <a 'java/lang/ClassNotFoundException'{0x0000000712e474b8}: com/sun/swing/internal/plaf/metal/resources/spi/metalProvider> (0x0000000712e474b8) 
thrown [t:\workspace\open\src\hotspot\share\classfile\systemDictionary.cpp, line 256]
Event: 0.250 Thread 0x00000247f5043f70 Exception <a 'java/lang/ClassNotFoundException'{0x0000000712e4b340}: com/sun/swing/internal/plaf/basic/resources/spi/basicProvider> (0x0000000712e4b340) 
thrown [t:\workspace\open\src\hotspot\share\classfile\systemDictionary.cpp, line 256]
Event: 0.319 Thread 0x00000247ffbf6b50 Exception <a 'java/lang/NoSuchMethodError'{0x0000000712810830}: 'java.lang.Object java.lang.invoke.DirectMethodHandle$Holder.newInvokeSpecial(java.lang.Object, java.lang.Object, java.lang.Object, int, int, int, int, int)'> (0x0000000712810830) 
thrown [t:\workspace\open\src\hotspot\share\interpreter\linkResolver.cpp, line 766]
Event: 0.346 Thread 0x00000247ffb333c0 Exception <a 'java/lang/NoSuchMethodError'{0x00000007130f13b0}: 'void java.lang.invoke.DirectMethodHandle$Holder.invokeVirtual(java.lang.Object, java.lang.Object)'> (0x00000007130f13b0) 
thrown [t:\workspace\open\src\hotspot\share\interpreter\linkResolver.cpp, line 766]
Event: 0.356 Thread 0x00000247f5043f70 Exception <a 'java/lang/NoSuchMethodError'{0x0000000712b29470}: 'void java.lang.invoke.DirectMethodHandle$Holder.invokeStaticInit(java.lang.Object)'> (0x0000000712b29470) 
thrown [t:\workspace\open\src\hotspot\share\interpreter\linkResolver.cpp, line 766]
Event: 0.535 Thread 0x00000247ffbda770 Exception <a 'java/lang/NullPointerException'{0x00000007128c3b30}> (0x00000007128c3b30) 
thrown [t:\workspace\open\src\hotspot\share\interpreter\linkResolver.cpp, line 1357]
Event: 2.182 Thread 0x00000247ffbda770 Exception <a 'java/lang/NoSuchMethodError'{0x00000007126bd748}: 'int java.lang.invoke.DirectMethodHandle$Holder.invokeStatic(java.lang.Object)'> (0x00000007126bd748) 
thrown [t:\workspace\open\src\hotspot\share\interpreter\linkResolver.cpp, line 766]
Event: 9.557 Thread 0x00000247ffbda770 Exception <a 'java/lang/NullPointerException'{0x000000071221f800}> (0x000000071221f800) 
thrown [t:\workspace\open\src\hotspot\share\interpreter\linkResolver.cpp, line 1357]
Event: 9.576 Thread 0x00000247ffbda770 Exception <a 'java/lang/NullPointerException'{0x000000071224c460}> (0x000000071224c460) 
thrown [t:\workspace\open\src\hotspot\share\interpreter\linkResolver.cpp, line 1357]
Event: 9.578 Thread 0x00000247ffbda770 Exception <a 'java/lang/NullPointerException'{0x000000071224d3d8}> (0x000000071224d3d8) 
thrown [t:\workspace\open\src\hotspot\share\interpreter\linkResolver.cpp, line 1357]
Event: 9.581 Thread 0x00000247ffbda770 Exception <a 'java/lang/NullPointerException'{0x000000071224e6a8}> (0x000000071224e6a8) 
thrown [t:\workspace\open\src\hotspot\share\interpreter\linkResolver.cpp, line 1357]
Event: 9.585 Thread 0x00000247ffbda770 Exception <a 'java/lang/NullPointerException'{0x000000071224f620}> (0x000000071224f620) 
thrown [t:\workspace\open\src\hotspot\share\interpreter\linkResolver.cpp, line 1357]
Event: 9.590 Thread 0x00000247ffbda770 Exception <a 'java/lang/NullPointerException'{0x0000000712250598}> (0x0000000712250598) 
thrown [t:\workspace\open\src\hotspot\share\interpreter\linkResolver.cpp, line 1357]
Event: 9.593 Thread 0x00000247ffbda770 Exception <a 'java/lang/NullPointerException'{0x0000000712251510}> (0x0000000712251510) 
thrown [t:\workspace\open\src\hotspot\share\interpreter\linkResolver.cpp, line 1357]
Event: 9.597 Thread 0x00000247ffbda770 Exception <a 'java/lang/NullPointerException'{0x0000000712252488}> (0x0000000712252488) 
thrown [t:\workspace\open\src\hotspot\share\interpreter\linkResolver.cpp, line 1357]
Event: 9.601 Thread 0x00000247ffbda770 Exception <a 'java/lang/NullPointerException'{0x0000000712253400}> (0x0000000712253400) 
thrown [t:\workspace\open\src\hotspot\share\interpreter\linkResolver.cpp, line 1357]
Event: 9.605 Thread 0x00000247ffbda770 Exception <a 'java/lang/NullPointerException'{0x0000000712254378}> (0x0000000712254378) 
thrown [t:\workspace\open\src\hotspot\share\interpreter\linkResolver.cpp, line 1357]
Event: 9.615 Thread 0x00000247ffbda770 Exception <a 'java/lang/NullPointerException'{0x0000000713201390}> (0x0000000713201390) 
thrown [t:\workspace\open\src\hotspot\share\interpreter\linkResolver.cpp, line 1357]

VM Operations (20 events):
Event: 2.109 Executing VM operation: HandshakeAllThreads
Event: 2.109 Executing VM operation: HandshakeAllThreads done
Event: 2.111 Executing VM operation: HandshakeAllThreads
Event: 2.111 Executing VM operation: HandshakeAllThreads done
Event: 3.119 Executing VM operation: Cleanup
Event: 3.119 Executing VM operation: Cleanup done
Event: 4.124 Executing VM operation: Cleanup
Event: 4.124 Executing VM operation: Cleanup done
Event: 5.133 Executing VM operation: Cleanup
Event: 5.134 Executing VM operation: Cleanup done
Event: 6.135 Executing VM operation: Cleanup
Event: 6.135 Executing VM operation: Cleanup done
Event: 7.138 Executing VM operation: Cleanup
Event: 7.138 Executing VM operation: Cleanup done
Event: 8.152 Executing VM operation: Cleanup
Event: 8.152 Executing VM operation: Cleanup done
Event: 9.167 Executing VM operation: Cleanup
Event: 9.168 Executing VM operation: Cleanup done
Event: 9.608 Executing VM operation: G1CollectForAllocation
Event: 9.614 Executing VM operation: G1CollectForAllocation done

Events (20 events):
Event: 9.507 loading class java/io/SequenceInputStream done
Event: 9.507 loading class com/sun/imageio/plugins/common/SubImageInputStream
Event: 9.507 loading class com/sun/imageio/plugins/common/SubImageInputStream done
Event: 9.507 loading class com/sun/imageio/plugins/common/InputStreamAdapter
Event: 9.507 loading class com/sun/imageio/plugins/common/InputStreamAdapter done
Event: 9.507 loading class javax/imageio/ImageTypeSpecifier$Packed
Event: 9.507 loading class javax/imageio/ImageTypeSpecifier$Packed done
Event: 9.507 loading class com/sun/imageio/plugins/common/ReaderUtil
Event: 9.507 loading class com/sun/imageio/plugins/common/ReaderUtil done
Event: 9.539 Thread 0x00000247998782b0 Thread added: 0x00000247998782b0
Event: 9.539 loading class java/awt/Window$1DisposeAction
Event: 9.540 loading class java/awt/Window$1DisposeAction done
Event: 9.540 loading class java/awt/KeyboardFocusManager$2
Event: 9.540 loading class java/awt/KeyboardFocusManager$2 done
Event: 9.541 loading class sun/awt/SunToolkit$1
Event: 9.541 loading class sun/awt/SunToolkit$1 done
Event: 9.556 loading class sun/awt/image/BufImgSurfaceManager
Event: 9.557 loading class sun/awt/image/BufImgSurfaceManager done
Event: 9.582 Thread 0x00000247fee11830 Thread added: 0x00000247fee11830
Event: 9.583 Thread 0x00000247fee0f4c0 Thread added: 0x00000247fee0f4c0


Dynamic libraries:
0x00007ff6fb150000 - 0x00007ff6fb160000 	C:\Program Files\Java\jdk-17.0.2\bin\javaw.exe
0x00007ffafe400000 - 0x00007ffafe609000 	C:\WINDOWS\SYSTEM32\ntdll.dll
0x00007ffac1df0000 - 0x00007ffac1e06000 	C:\Program Files\AVG\Antivirus\aswhook.dll
0x00007ffafd950000 - 0x00007ffafda0d000 	C:\WINDOWS\System32\KERNEL32.DLL
0x00007ffafb8f0000 - 0x00007ffafbc69000 	C:\WINDOWS\System32\KERNELBASE.dll
0x00007ffafbf20000 - 0x00007ffafc031000 	C:\WINDOWS\System32\ucrtbase.dll
0x00007ffad9ae0000 - 0x00007ffad9afa000 	C:\Program Files\Java\jdk-17.0.2\bin\VCRUNTIME140.dll
0x00007ffad9b00000 - 0x00007ffad9b18000 	C:\Program Files\Java\jdk-17.0.2\bin\jli.dll
0x00007ffafddf0000 - 0x00007ffafde9e000 	C:\WINDOWS\System32\ADVAPI32.dll
0x00007ffafda10000 - 0x00007ffafdab3000 	C:\WINDOWS\System32\msvcrt.dll
0x00007ffafd4e0000 - 0x00007ffafd57e000 	C:\WINDOWS\System32\sechost.dll
0x00007ffafca50000 - 0x00007ffafcb70000 	C:\WINDOWS\System32\RPCRT4.dll
0x00007ffafdac0000 - 0x00007ffafdc6c000 	C:\WINDOWS\System32\USER32.dll
0x00007ffafc270000 - 0x00007ffafc296000 	C:\WINDOWS\System32\win32u.dll
0x00007ffadfd30000 - 0x00007ffadffd5000 	C:\WINDOWS\WinSxS\amd64_microsoft.windows.common-controls_6595b64144ccf1df_6.0.22000.120_none_9d947278b86cc467\COMCTL32.dll
0x00007ffafd920000 - 0x00007ffafd949000 	C:\WINDOWS\System32\GDI32.dll
0x00007ffafbe00000 - 0x00007ffafbf12000 	C:\WINDOWS\System32\gdi32full.dll
0x00007ffafbc70000 - 0x00007ffafbd0d000 	C:\WINDOWS\System32\msvcp_win.dll
0x00007ffaf10e0000 - 0x00007ffaf10ea000 	C:\WINDOWS\SYSTEM32\VERSION.dll
0x00007ffafc480000 - 0x00007ffafc4b1000 	C:\WINDOWS\System32\IMM32.DLL
0x00007ffaf7650000 - 0x00007ffaf765c000 	C:\Program Files\Java\jdk-17.0.2\bin\vcruntime140_1.dll
0x00007ffac5bd0000 - 0x00007ffac5c5d000 	C:\Program Files\Java\jdk-17.0.2\bin\msvcp140.dll
0x00007ffa499c0000 - 0x00007ffa4a581000 	C:\Program Files\Java\jdk-17.0.2\bin\server\jvm.dll
0x00007ffafca40000 - 0x00007ffafca48000 	C:\WINDOWS\System32\PSAPI.DLL
0x00007ffadb400000 - 0x00007ffadb409000 	C:\WINDOWS\SYSTEM32\WSOCK32.dll
0x00007ffaf1540000 - 0x00007ffaf1573000 	C:\WINDOWS\SYSTEM32\WINMM.dll
0x00007ffafdd20000 - 0x00007ffafdd8f000 	C:\WINDOWS\System32\WS2_32.dll
0x00007ffafaae0000 - 0x00007ffafaaf8000 	C:\WINDOWS\SYSTEM32\kernel.appcore.dll
0x00007ffaf1660000 - 0x00007ffaf166a000 	C:\Program Files\Java\jdk-17.0.2\bin\jimage.dll
0x00007ffaf9450000 - 0x00007ffaf9671000 	C:\WINDOWS\SYSTEM32\DBGHELP.DLL
0x00007ffae4af0000 - 0x00007ffae4b21000 	C:\WINDOWS\SYSTEM32\dbgcore.DLL
0x00007ffafbd10000 - 0x00007ffafbd8f000 	C:\WINDOWS\System32\bcryptPrimitives.dll
0x00007ffad98e0000 - 0x00007ffad9905000 	C:\Program Files\Java\jdk-17.0.2\bin\java.dll
0x00007ffa8f0c0000 - 0x00007ffa8f196000 	C:\Program Files\Java\jdk-17.0.2\bin\jsvml.dll
0x00007ffafcb70000 - 0x00007ffafd31f000 	C:\WINDOWS\System32\SHELL32.dll
0x00007ffaf9a60000 - 0x00007ffafa2c8000 	C:\WINDOWS\SYSTEM32\windows.storage.dll
0x00007ffafdf20000 - 0x00007ffafe298000 	C:\WINDOWS\System32\combase.dll
0x00007ffaf98f0000 - 0x00007ffaf9a56000 	C:\WINDOWS\SYSTEM32\wintypes.dll
0x00007ffafc2a0000 - 0x00007ffafc38a000 	C:\WINDOWS\System32\SHCORE.dll
0x00007ffafdec0000 - 0x00007ffafdf1d000 	C:\WINDOWS\System32\shlwapi.dll
0x00007ffafb820000 - 0x00007ffafb841000 	C:\WINDOWS\SYSTEM32\profapi.dll
0x00007ffaaecb0000 - 0x00007ffaaee3f000 	C:\Program Files\Java\jdk-17.0.2\bin\awt.dll
0x00007ffafd620000 - 0x00007ffafd6f6000 	C:\WINDOWS\System32\OLEAUT32.dll
0x00007ffaf8ac0000 - 0x00007ffaf8b51000 	C:\WINDOWS\SYSTEM32\apphelp.dll
0x00007ffaf9010000 - 0x00007ffaf903f000 	C:\WINDOWS\system32\DWMAPI.DLL
0x00007ffaf8c70000 - 0x00007ffaf8d1c000 	C:\WINDOWS\system32\uxtheme.dll
0x00007ffabb0a0000 - 0x00007ffabb1a1000 	C:\WINDOWS\system32\opengl32.dll
0x00007ffabb070000 - 0x00007ffabb09d000 	C:\WINDOWS\SYSTEM32\GLU32.dll
0x00007ffaf8d70000 - 0x00007ffaf8da8000 	C:\WINDOWS\SYSTEM32\dxcore.dll
0x00007ffafe2a0000 - 0x00007ffafe3be000 	C:\WINDOWS\System32\MSCTF.dll
0x00007ffafd700000 - 0x00007ffafd89a000 	C:\WINDOWS\System32\ole32.dll
0x00007ffad9a90000 - 0x00007ffad9abd000 	C:\Program Files\Java\jdk-17.0.2\bin\javajpeg.dll
0x00007ffaca7e0000 - 0x00007ffaca7f8000 	C:\Program Files\Java\jdk-17.0.2\bin\zip.dll
0x00007ffabcd10000 - 0x00007ffabcd99000 	C:\Program Files\Java\jdk-17.0.2\bin\freetype.dll
0x00007ffabcc60000 - 0x00007ffabcd08000 	C:\Program Files\Java\jdk-17.0.2\bin\fontmanager.dll
0x00007ffad98c0000 - 0x00007ffad98d9000 	C:\Program Files\Java\jdk-17.0.2\bin\net.dll
0x00007ffaf02c0000 - 0x00007ffaf03cc000 	C:\WINDOWS\SYSTEM32\WINHTTP.dll
0x00007ffafaf10000 - 0x00007ffafaf77000 	C:\WINDOWS\system32\mswsock.dll
0x00007ffacdfa0000 - 0x00007ffacdfb6000 	C:\Program Files\Java\jdk-17.0.2\bin\nio.dll
0x00007ffae12f0000 - 0x00007ffae141d000 	C:\WINDOWS\SYSTEM32\textinputframework.dll
0x00007ffaf87d0000 - 0x00007ffaf8902000 	C:\WINDOWS\SYSTEM32\CoreMessaging.dll
0x00007ffaf5d80000 - 0x00007ffaf60ed000 	C:\WINDOWS\SYSTEM32\CoreUIComponents.dll
0x00007ffafb170000 - 0x00007ffafb17c000 	C:\WINDOWS\SYSTEM32\CRYPTBASE.DLL
0x00007ffafdc70000 - 0x00007ffafdd1f000 	C:\WINDOWS\System32\clbcatq.dll
0x00007ffaf11e0000 - 0x00007ffaf138e000 	C:\WINDOWS\SYSTEM32\WindowsCodecs.dll
0x00007ffac2060000 - 0x00007ffac20bd000 	C:\WINDOWS\system32\dataexchange.dll
0x00007ffaeff20000 - 0x00007ffaf0186000 	C:\WINDOWS\system32\twinapi.appcore.dll

dbghelp: loaded successfully - version: 4.0.5 - missing functions: none
symbol engine: initialized successfully - sym options: 0x614 - pdb path: .;C:\Program Files\Java\jdk-17.0.2\bin;C:\WINDOWS\SYSTEM32;C:\Program Files\AVG\Antivirus;C:\WINDOWS\WinSxS\amd64_microsoft.windows.common-controls_6595b64144ccf1df_6.0.22000.120_none_9d947278b86cc467;C:\Program Files\Java\jdk-17.0.2\bin\server

VM Arguments:
jvm_args: -Dfile.encoding=Cp1255 -XX:+ShowCodeDetailsInExceptionMessages 
java_command: graphics.ZooFrame
java_class_path (initial): C:\Users\omerh\OneDrive\ \  \ \  \Home Work\HW1\HW1\bin
Launcher Type: SUN_STANDARD

[Global flags]
     intx CICompilerCount                          = 4                                         {product} {ergonomic}
     uint ConcGCThreads                            = 2                                         {product} {ergonomic}
     uint G1ConcRefinementThreads                  = 8                                         {product} {ergonomic}
   size_t G1HeapRegionSize                         = 2097152                                   {product} {ergonomic}
    uintx GCDrainStackTargetSize                   = 64                                        {product} {ergonomic}
   size_t InitialHeapSize                          = 266338304                                 {product} {ergonomic}
   size_t MarkStackSize                            = 4194304                                   {product} {ergonomic}
   size_t MaxHeapSize                              = 4238344192                                {product} {ergonomic}
   size_t MaxNewSize                               = 2541748224                                {product} {ergonomic}
   size_t MinHeapDeltaBytes                        = 2097152                                   {product} {ergonomic}
   size_t MinHeapSize                              = 8388608                                   {product} {ergonomic}
    uintx NonNMethodCodeHeapSize                   = 5839372                                {pd product} {ergonomic}
    uintx NonProfiledCodeHeapSize                  = 122909434                              {pd product} {ergonomic}
    uintx ProfiledCodeHeapSize                     = 122909434                              {pd product} {ergonomic}
    uintx ReservedCodeCacheSize                    = 251658240                              {pd product} {ergonomic}
     bool SegmentedCodeCache                       = true                                      {product} {ergonomic}
     bool ShowCodeDetailsInExceptionMessages       = true                                   {manageable} {command line}
   size_t SoftMaxHeapSize                          = 4238344192                             {manageable} {ergonomic}
     bool UseCompressedClassPointers               = true                           {product lp64_product} {ergonomic}
     bool UseCompressedOops                        = true                           {product lp64_product} {ergonomic}
     bool UseG1GC                                  = true                                      {product} {ergonomic}
     bool UseLargePagesIndividualAllocation        = false                                  {pd product} {ergonomic}

Logging:
Log output configuration:
 #0: stdout all=warning uptime,level,tags
 #1: stderr all=off uptime,level,tags

Environment Variables:
PATH=C:/Program Files/Java/jdk-17.0.2/bin/server;C:/Program Files/Java/jdk-17.0.2/bin;C:\Program Files\Common Files\Oracle\Java\javapath;C:\Program Files (x86)\Common Files\Oracle\Java\javapath;C:\windows\system32;C:\windows;C:\windows\System32\Wbem;C:\windows\System32\WindowsPowerShell\v1.0\;C:\windows\System32\OpenSSH\;C:\Program Files (x86)\NVIDIA Corporation\PhysX\Common;C:\Program Files\NVIDIA Corporation\NVIDIA NvDLISR;C:\WINDOWS\system32;C:\WINDOWS;C:\WINDOWS\System32\Wbem;C:\WINDOWS\System32\WindowsPowerShell\v1.0\;C:\WINDOWS\System32\OpenSSH\;C:\Program Files\Git\cmd;C:\Users\omerh\AppData\Local\Microsoft\WindowsApps;C:\Users\omerh\AppData\Local\GitHubDesktop\bin;C:\Users\omerh\AppData\Local\gitkraken\bin;C:\Users\omerh\OneDrive\ ;
USERNAME=omerh
OS=Windows_NT
PROCESSOR_IDENTIFIER=Intel64 Family 6 Model 126 Stepping 5, GenuineIntel



---------------  S Y S T E M  ---------------

OS:
 Windows 11 , 64 bit Build 22000 (10.0.22000.675)
OS uptime: 2 days 15:24 hours

CPU: total 8 (initial active 8) (4 cores per cpu, 2 threads per core) family 6 model 126 stepping 5 microcode 0xa0, cx8, cmov, fxsr, ht, mmx, 3dnowpref, sse, sse2, sse3, ssse3, sse4.1, sse4.2, popcnt, lzcnt, tsc, tscinvbit, avx, avx2, aes, erms, clmul, bmi1, bmi2, adx, avx512f, avx512dq, avx512cd, avx512bw, avx512vl, sha, fma, vzeroupper, avx512_vpopcntdq, avx512_vpclmulqdq, avx512_vaes, avx512_vnni, clflush, clflushopt, avx512_vbmi2, avx512_vbmi

Memory: 4k page, system-wide physical 16161M (7881M free)
TotalPageFile size 18593M (AvailPageFile size 7212M)
current process WorkingSet (physical memory assigned to process): 101M, peak: 101M
current process commit charge ("private bytes"): 371M, peak: 371M

vm_info: Java HotSpot(TM) 64-Bit Server VM (17.0.2+8-LTS-86) for windows-amd64 JRE (17.0.2+8-LTS-86), built on Dec  7 2021 21:51:03 by "mach5one" with MS VC++ 16.8 / 16.9 (VS2019)

END.
